$@MID@$: 47
Date: Sun, 26 Jun 2016 05:10:57 -0600
Author: Tye Mastre
Category: Night Shift
Plant Status: Steady
Amine Bag Filter changed: No
Glycol Regen Filter changed: No
Attachment: 
Encoding: HTML
========================================
<p>Slowly pumping down reclimation tank.</p>

<p>TR-101 front water cleared up abit more.</p>

<p>Went up to Braz to clean V-300 condy dump line Y-strainer as it was plugged and not dumping.</p>

<p>Plant ran steady.</p>
$@MID@$: 48
Date: Sun, 26 Jun 2016 10:44:21 -0600
Author: Nigel Renschler
Category: Day Shift
Plant Status: Steady
Amine Bag Filter changed: No
Glycol Regen Filter changed: No
Attachment: 
Encoding: HTML
========================================
<p>Sale - 387&nbsp; Inlet - 439&nbsp; Oil - 80&nbsp; LPG - 109</p>

<p>W.O. cyl 4 outboard discharge of C3 B. Has a bad propane leak.</p>

<p>slowed down K-201 due to heat</p>

<p>HVO hauled in a load of oil</p>

<p>added propane to C3 surge tank</p>

<p>adding glycol from reclaimation tank</p>

<p>pembina out pigging thier lines</p>
