$@MID@$: 17
Date: Tue, 14 Jun 2016 00:47:50 -0600
Author: Dayton Mohr
Category: Night Shift
Plant Status: Steady
Amine Bag Filter changed: No
Glycol Regen Filter changed: No
Attachment: 
Encoding: HTML
========================================
<p>Dayton M &amp; Justin E</p>

<p>Slowed down k102 @ braz, speed up when cooled down</p>

<p>recieved load of baccileau oil from hvo</p>

<p>added glycol from reclamition tank</p>

<p>blew down, glycol filters, chiller, &amp; skimmed amine charcoal filters</p>

<p>Water plant boosters still pumping in hand</p>

<p>Water level built up in treater (Front) with all the loads of oil in this afternoon. Dropped level from 10 to 5 bolts. waited for recycle pumps to catch up (low level shut down prevention)</p>

<p>Cleaned up at K-202</p>

<p>&nbsp;</p>
$@MID@$: 18
Date: Tue, 14 Jun 2016 07:34:19 -0600
Author: Ryan Bangle
Category: Day Shift
Plant Status: Steady
Amine Bag Filter changed: No
Glycol Regen Filter changed: No
Attachment: 
Encoding: HTML
========================================
<p>Lowered amine reflux accumulator back pressure to 45 from 60.</p>

<p>Raised level in V-200 5%.</p>

<p>Cleaned screen on recycle pump B.</p>

<p>Lowered level in TR-101 front site glass to 3.5 bolts.</p>

<p>Pinched in V-104 back pressure to get vessel to dump, blocked in dump valve and will manually dump, as it is slowly seeping pas the control valve and not registering flow.</p>

<p>Worked on loto boxed and organized locks and labeled them with key numbers.</p>

<p>Vermillion pigged into V-101.</p>

<p>Recieved two loads of Insch oil, three loads of Baccalieu oil.</p>

<p>Mike M worked on c3, process analyser, air dryer PM&#39;S.</p>

<p>Kevin T calibrated H2s heads.</p>

<p>Allan B fixed skid steer bucket and front gate fence posts.</p>

<p>Brandon G and Chris N worked on K-206 manifold install.</p>
$@MID@$: 19
Date: Tue, 14 Jun 2016 16:05:15 -0600
Author: Tye Mastre
Category: Day Shift
Plant Status: Steady
Amine Bag Filter changed: No
Glycol Regen Filter changed: No
Attachment: 
Encoding: HTML
========================================
<p>Volumes from June 13/2016 books&nbsp;</p>

<p>Inlet gas m3:313.686</p>

<p>total sales gas m3: 280.931</p>

<p>LPG volumes m3: 51.10</p>

<p>Oil m3:75.62</p>
$@MID@$: 20
Date: Tue, 14 Jun 2016 16:20:43 -0600
Author: Tye Mastre
Category: Day Shift
Plant Status: Lost Compressor(s)
Amine Bag Filter changed: No
Glycol Regen Filter changed: No
Attachment: 
Encoding: HTML
========================================
<p>Taylor called and wants Pem North and Braz North to run the facilities as cold as possible. We swung de-eth overheads back through the chiller and turned on the methanol injection.</p>

<p>Lost C3 compressor on power pump.</p>
