$@MID@$: 32
Date: Sun, 19 Jun 2016 16:01:52 -0600
Author: Justin Ewing
Category: Day Shift
Plant Status: Steady
Amine Bag Filter changed: No
Glycol Regen Filter changed: No
Attachment: 
Encoding: HTML
========================================
<p>Ryan G. / Justin E.</p>

<p><strong>Daily Numbers for Production Day June 17, 2016</strong></p>

<p>Inlet 408.60&nbsp; Sales 366.79</p>

<p>LPG 90.74&nbsp; Oil 82.49</p>

<p><!--EndFragment--></p>

<p>Weekend Checks</p>

<p>Moved sightglass on Scale Inhibitor tank down so it can be read when level is below 50%</p>

<p>Filled misplaced air pack and put it back in the main CR</p>

<p>Pennwest pigged PNA today, pulled pig and set up WPNA for pigging tomorrow</p>

<p>Looks like treater is holding water levels nicely now, good job Nigel</p>

<p>HVO hauled 2 loads of Baccalieu</p>

<p>Amine concentration at 41.5% left make up pump as is</p>

<p>Cleaned up around control room, Gary and Nigel got most of it done last night</p>

<p>One recycle pump on Production Tank and one on Overflow Tank</p>

<p>Slowed down K-201 to 780 RPM in manual due to high comp oil temp.</p>
$@MID@$: 33
Date: Sun, 19 Jun 2016 20:03:26 -0600
Author: Gary Wright
Category: Night Shift
Plant Status: Steady
Amine Bag Filter changed: 
Glycol Regen Filter changed: 
Attachment: 
Encoding: HTML
========================================
<p>Blew down the chiller de-oiler</p>

<p>Skimmed the amine charcoal filter</p>

<p>Added glycol from the reclamation tank</p>

<p>Checked the ESD&#39;s at the acid gas well</p>

<p>HVO hauled in a load of Baccalieu oil from 3-16</p>

<p>Glycol hanging up in the boot of the glycol sep</p>
