$@MID@$: 59
Date: Fri, 01 Jul 2016 04:24:27 -0600
Author: Ryan Gilgan
Category: Night Shift
Plant Status: Steady
Amine Bag Filter changed: No
Glycol Regen Filter changed: No
Attachment: 
Encoding: HTML
========================================
<p>June 30th Ryan G, Grant M</p>

<p>- Pumped out of glycol reclamation tank</p>

<p>- HVO hauled in 2 loads of Baccalieu emulsion</p>

<p>- Lost comms to Braz for 20 minutes, then came back.</p>

<p>- Grant closed all valves to the starters as per meeting request.</p>

<p>- Turned on water charge pumps.</p>

<p>- Sped up K-201</p>

<p>- Grant dumped the plant berms.</p>

<p>&nbsp;</p>
$@MID@$: 60
Date: Fri, 01 Jul 2016 16:14:02 -0600
Author: Tye Mastre
Category: Day Shift
Plant Status: Steady
Amine Bag Filter changed: No
Glycol Regen Filter changed: No
Attachment: 
Encoding: HTML
========================================
<p>June 30th production numbers:</p>

<p>Inlet gas-415.346m3 &nbsp; &nbsp;Sales gas-371.066m3 &nbsp; &nbsp;LPG-95m3 &nbsp; &nbsp;Oil-74.45m3</p>

<p>Turned off water plant booster pumps.</p>

<p>Pumped down reclimation tank.</p>

<p>Amine concentration at 40.6%. Left makeup pump at 6%.</p>

<p>Mike M worked on V-101 site glass and tubing in C3 pannel.</p>

<p>One pump in production one in overflow.</p>

<p>Skimmed amine charcoal filter. (clean).</p>

<p>Blew down chiller de-oiler.</p>

<p>Worked on weekend checks.</p>

<p>Slowed down K-201 due to high compressor oil temp.</p>
