$@MID@$: 135
Date: Sat, 06 Aug 2016 05:08:58 -0600
Author: Justin Ewing
Shift: Night Shift
Operators: Justin E | Nigel R
Plant Status: Steady
Equipment Outage: 
Filter Change: 
Pigging: 
Amine Concentration: 
Attachment: 
Encoding: HTML
========================================
<p>Recieved two loads of Baccilieau Oil</p>

<p>both recycle pumps are in production tank</p>

<p>gylcol was good all night</p>

<p>blew down chiller deoiler</p>
$@MID@$: 136
Date: Sat, 06 Aug 2016 05:12:02 -0600
Reply to: 137
Author: Justin Ewing
Shift: Night Shift
Operators: Justin E | Dayton M
Plant Status: Steady
Equipment Outage: 
Filter Change: 
Pigging: 
Amine Concentration: 
Attachment: 
Encoding: HTML
========================================
<p>Recieved two loads of Baccilieau Oil</p>

<p>both recycle pumps are in production tank</p>

<p>gylcol was good all night</p>

<p>blew down chiller deoiler</p>
$@MID@$: 137
Date: Sat, 06 Aug 2016 05:12:35 -0600
In reply to: 136
Author: Justin Ewing
Shift: Night Shift
Operators: Justin E | Dayton M
Plant Status: Steady
Equipment Outage: 
Filter Change: 
Pigging: 
Amine Concentration: 
Attachment: 
Encoding: HTML
========================================
<p>Sped up K-201</p>

<table align="center" cellspacing="1" style="border:1px solid #486090; width:98%">
	<tbody>
		<tr>
			<td style="background-color:#486090">Justin Ewing wrote:</td>
		</tr>
		<tr>
			<td style="background-color:#FFFFB0">
			<p>Recieved two loads of Baccilieau Oil</p>

			<p>both recycle pumps are in production tank</p>

			<p>gylcol was good all night</p>

			<p>blew down chiller deoiler</p>
			</td>
		</tr>
	</tbody>
</table>

<p>&nbsp;</p>
$@MID@$: 138
Date: Sat, 06 Aug 2016 10:18:58 -0600
Author: Gary Wright
Shift: Day Shift
Operators: Grant M | Gary W
Plant Status: Steady
Equipment Outage: 
Filter Change: 
Pigging: 14-03
Amine Concentration: 
Attachment: 
Encoding: HTML
========================================
<p>Skimmed the amine charcoal filter</p>

<p>Blew down the chiller de-oiler</p>

<p>Added a barrel of oil to the overheads in the acid gas compressor building</p>

<p>Added a barrel of oil to the overheads in the water plant building</p>

<p>RCO pigged the 14-3 line, pig came in clean</p>

<p>Slowed down K-201 due to high compressor oil temp (Night shift please speed up when temps are cooler)</p>

<p>Worked on monthly and weekend checks</p>

<p>Grant cutting grass around the plant</p>

<p>HVO hauled in a load of Baccalieu from 3-16</p>

<p>&nbsp;</p>

<p>&nbsp;</p>
