$@MID@$: 166
Date: Sat, 20 Aug 2016 04:51:40 -0600
Author: Tye Mastre
Shift: Night Shift
Operators: Ryan G | Tye M
Plant Status: Steady
Equipment Outage: 
Filter Change: 
Pigging: 
Amine Concentration: 
Attachment: 
Encoding: HTML
========================================
<p>Slowed down K-206 for awhile until it cooled down abit as it started to ring in of high JW temp.</p>

<p>Pumped up acid gas well ESD.</p>

<p>Recycled off the truck offload line and then equalized production and overflow tanks. Pembina started to ship at 23:00 PM.</p>

<p>Currently have 1 pump in the production tank and the other in the overflow.</p>

<p>Pumped level out of the reclimation tank.</p>

<p>H20 plant booster pumps still running in manual.</p>

<p>Taking the nightshift truck into town to get the ABS, Advancetrack ect issues fixed. Also needs a service.</p>
$@MID@$: 167
Date: Sat, 20 Aug 2016 17:16:43 -0600
Author: Ryan Bangle
Shift: Day Shift
Operators: Ryan B | Nigel R
Plant Status: Steady
Equipment Outage: 
Filter Change: 
Pigging: 
Amine Concentration: 
Attachment: 
Encoding: HTML
========================================
<p>Weekend and Monthly checks.</p>

<p>Skimmed amine charcoal filter.&nbsp; Little bit of oil.</p>

<p>Drained lube oils off bottom of chiller.</p>

<p>Rob T hauled in Braz water.</p>

<p>HVO hauled in Baccalieu oil.</p>

<p>Slowed down K-206 to 860 RPM due to high JW temp alarm.</p>

<p>&nbsp;</p>
