$@MID@$: 145
Date: Wed, 10 Aug 2016 05:13:27 -0600
Author: Nigel Renschler
Shift: Night Shift
Operators: Dayton M | Nigel R
Plant Status: Steady
Equipment Outage: 
Filter Change: 
Pigging: 
Amine Concentration: 
Attachment: 
Encoding: HTML
========================================
<p>- lowered level in amine skim tank</p>

<p>- blew down chiller deoiler</p>

<p>- blew vapours off of filter pots</p>

<p>- skimmed charcoal filters clean</p>

<p>- sped up k-201</p>
$@MID@$: 146
Date: Wed, 10 Aug 2016 15:49:15 -0600
Author: Blaine Harris
Shift: Day Shift
Operators: Howard Q
Plant Status: 
Equipment Outage: 
Filter Change: 
Pigging: 
Amine Concentration: 
Attachment: 
Encoding: HTML
========================================
<p>-Dan repaired the mechanical seal on the P2 water plant booster pump.</p>

<p>-Called LightStream to tell them we can start taking their water again.</p>

<p>-Slowed down K-102 compressor.</p>

<p>-Flint crew out doing the air/soil interface on the lpg lines.</p>

<p>-Added a little glycol from the reclaim tank.</p>

<p>-Dan repaired the suction bladder on the water plant charge pump.</p>

<p>-Dan found a bunch of oil in the suction bladder when repairing it, we are to start telling truck drivers hauling water to pump slower.</p>

<p>-Mike M change the high discharge pressure shutdown on the water plant charge pump to 10,000 kpa from 15,000</p>

<p>&nbsp;</p>
