$@MID@$: 131
Date: Thu, 04 Aug 2016 05:12:44 -0600
Author: Justin Ewing
Shift: Night Shift
Operators: Ryan B | Justin E
Plant Status: Steady
Equipment Outage: 
Filter Change: 
Pigging: 
Amine Concentration: 
Attachment: 
Encoding: HTML
========================================
<p>Bypassed fire eyes for rain storm, restored.</p>

<p>Plant ran steady.</p>
$@MID@$: 132
Date: Thu, 04 Aug 2016 16:24:04 -0600
Author: Nigel Renschler
Shift: Day Shift
Operators: Nigel R | Howard Q
Plant Status: Steady
Equipment Outage: 
Filter Change: 
Pigging: 
Amine Concentration: 
Attachment: 
Encoding: HTML
========================================
<p>- Swapped bigoray gas at 10am into K-204. back to bigoray at 2:30pm.</p>

<p>- did a new LOTO for K-204. to match K-205 numbers</p>

<p>- Flint out uncovering keyera pipelines</p>

<p>- measurement inc out finishing their meter proves</p>

<p>- Mike worked on instrument air PM&#39;s and fixed glycol accumulator sight glass. also said that K-208 chemical pump is broke. He is looking into a new one</p>

<p>- started to update mastercarseal list to match the P&amp;ID&#39;s</p>

<p>- HVO hauled in two loads of oil, one load of water</p>

<p>- Rob hauled in two loads of water</p>

<p>- Slowed down K-201 due to oil temp</p>
