$@MID@$: 194
Date: Fri, 02 Sep 2016 15:13:10 -0600
Author: Justin Ewing
Shift: Day Shift
Operators: Justin E | Dayton M
Plant Status: Steady
Equipment Outage: 
Filter Change: 
Pigging: 
Amine Concentration: 
Attachment: 
Encoding: HTML
========================================
<p>Mike M fixed Corrosion Inhib pump on MP line at the Inlet building</p>

<p>Dan K. replaced pump seal and tightened pump face on West Hot Oil pump today (built SVI / LOTO)</p>

<p>Dan K. changed packing on middle cyl on South LPG charge pump at the LPG building today (built SVI / LOTO)</p>

<p>Tested and emptied berms to the ditch today, rain all day</p>

<p>Trailblazer out to deliver TW today (6M3)</p>

<p>Rob delivered 2 loads of Zeta water</p>

<p>Pembina out to look at their pump today</p>

<p>Pumping out of the Production tank and the Overflow tank at the battery</p>
