$@MID@$: 213
Date: Sun, 11 Sep 2016 16:46:12 -0600
Author: Ryan Gilgan
Shift: Day Shift
Operators: Ryan G | Grant M
Plant Status: Steady
Equipment Outage: 
Filter Change: 
Pigging: 
Amine Concentration: 
Attachment: 
Encoding: HTML
========================================
<p>1 load of Insch oil, hauled in by Dalmac.</p>

<p>1 Load of Lightstream water hauld in by RLS.</p>

<p>Grant batched the treater with 1 pail of SCW, due to dirty water in the front.</p>

<p>V-103 high leveled and slugged in for a couple of hours due to dumping 10m3 of oil down the line.</p>

<p>Raised Glycol sep level to try and get a good level in the Glycol Accum.</p>

<p>Drained the glycol reconcentration tank level a little due to high level.</p>

<p>Pinched South trim cooler louvers, to maintain temps.</p>

<p>Checked water plant with Charge pump running, looked good.</p>

<p>&nbsp;</p>

<p>&nbsp;</p>

<p>&nbsp;</p>
$@MID@$: 214
Date: Sun, 11 Sep 2016 18:24:58 -0600
Author: Gary Wright
Shift: Night Shift
Operators: Nigel R | Gary W
Plant Status: Steady
Equipment Outage: 
Filter Change: 
Pigging: 
Amine Concentration: 
Attachment: 
Encoding: HTML
========================================
<p>Skimmed the amine charcoal filter</p>

<p>Blew down the chiller de-oiler</p>

<p>Checked the acid gas well ESD,s</p>

<p>Sucked off the truck off load line</p>

<p>Batched some more chemical to TR-101</p>

<p>&nbsp;</p>
