$@MID@$: 307
Date: Mon, 24 Oct 2016 12:01:08 -0600
Author: Ryan Bangle
Shift: Day Shift
Operators: Ryan B | Nigel R
Plant Status: Steady
Equipment Outage: 
Filter Change: 
Pigging: 
Amine Concentration: 
Attachment: 
Encoding: HTML
========================================
<p>Core Labs out for Monthly samples.</p>

<p>Equalized water plant tanks to pump down as much water as possible.&nbsp; Once pumps kick off, shut in water plant and haul water out. Shannon out tomorrow on the well.</p>

<p>Dan K repaired LPG packing and Amine diaphram pump at back of process.</p>

<p>LP - MP chemical pump in inlet header building was leaking. Tightened fittings all good.</p>

<p>HVO out hauling baccaleau oil.</p>

<p>Jeremy with Tarpon took 2 co-workers for a tour.</p>

<p>Pulled Scollard pig.</p>

<p>&nbsp;</p>
$@MID@$: 308
Date: Mon, 24 Oct 2016 18:42:41 -0600
Author: Gary Wright
Shift: Night Shift
Operators: Grant M | Gary W
Plant Status: Steady
Equipment Outage: 
Filter Change: 
Pigging: 
Amine Concentration: 
Attachment: 
Encoding: HTML
========================================
<p>HVO hauled in a load of Baccalieu oil from 16-13</p>

<p>Skimmed the amine charcoal filter</p>

<p>V-103 and V-107 on the Rat Creek line at Braz high levelled and ESD&#39;d (all good now)</p>

<p>V-200 at Braz ESD&#39;d (all good now)</p>

<p>&nbsp;</p>

<p>&nbsp;</p>
