$@MID@$: 288
Date: Sun, 16 Oct 2016 05:00:56 -0600
Author: Justin Ewing
Shift: Night Shift
Operators: Justin E | Ryan G
Plant Status: Steady
Equipment Outage: 
Filter Change: 
Pigging: 
Amine Concentration: 
Attachment: 
Encoding: HTML
========================================
<p>Pumped out of the glycol reclaimation tank</p>

<p>De-eth meth pump was vapour locked, got it pumping</p>

<p>One recycle pump on the Truck Offload Line and one on the Production Tank</p>

<p>Lost recycle pump B once last night, fired right up on restart</p>

<p>&nbsp;</p>
$@MID@$: 290
Date: Sun, 16 Oct 2016 16:25:40 -0600
Author: Tye Mastre
Shift: Day Shift
Operators: Tye M | Dayton M
Plant Status: Steady
Equipment Outage: 
Filter Change: 
Pigging: 
Amine Concentration: 
Attachment: 
Encoding: HTML
========================================
<p>Swung out of the offload line this morning. Then swung back into it at 16:00pm after we got a few loads of Baccalieu oil. Nightshift can swing out tonight sometime.</p>

<p>Finished weekend checks.</p>

<p>Rob T hauled braz water and did undergrounds and some containments here.</p>

<p>HVO offloaded 4 loads of Baccalieu today.</p>

<p>Pumped out C3-B lube oil tank, and cleaned up around.</p>

<p>Volcano is shutting down every now then, starting back up on its own</p>
