$@MID@$: 318
Date: Sun, 30 Oct 2016 04:59:54 -0600
Author: Nigel Renschler
Shift: Night Shift
Operators: Nigel R | Kevin N
Plant Status: Steady
Equipment Outage: 
Filter Change: 
Pigging: 
Amine Concentration: 
Attachment: 
Encoding: HTML
========================================
<p>One recycle in each tank.</p>

<p>reclaimed some glycol</p>

<p>no change on K-202</p>

<p>&nbsp;</p>
$@MID@$: 319
Date: Sun, 30 Oct 2016 17:09:11 -0600
Author: Ryan Gilgan
Shift: Day Shift
Operators: Ryan G | Howard Q
Plant Status: Lost Compressor(s)
Equipment Outage: K-202 | Battery
Filter Change: 
Pigging: 14-03
Amine Concentration: 
Attachment: 
Encoding: HTML
========================================
<p>Finished weekend checks.</p>

<p>Skimmed Amine Charcoal filters, skim of oil on top.</p>

<p>14-3 line pigged and came in HARD, high leveled and ESD V-3101 and High leveled Treater.&nbsp; Restarted all and leveled the plant out.</p>

<p>Lost K-202 2x on high 4th stage scrubber level.</p>

<p>Sped K-201 back up</p>

<p>Night shift is taking the Day shift truck in in the morning to GM for a recall.&nbsp; Taking the spare truck in tonight.</p>

<p>&nbsp;</p>
