$@MID@$: 269
Date: Fri, 07 Oct 2016 05:01:37 -0600
Author: Tye Mastre
Shift: Night Shift
Operators: Ryan B | Tye M
Plant Status: Steady
Equipment Outage: 
Filter Change: 
Pigging: 
Amine Concentration: 
Attachment: 
Encoding: HTML
========================================
<p>Volcano heater ran steady all night, no issues.</p>

<p>Lowered trim cooler tarps to get all the water out of them to prevent freezing.</p>

<p>Replaced rope on trim cooler north tarp.</p>

<p>Both pumps still in the production tank.</p>

<p>Skimmed amine charcoal filter.&nbsp; Little bit of oil.</p>

<p>&nbsp;</p>

<p>&nbsp;</p>
$@MID@$: 270
Date: Fri, 07 Oct 2016 15:20:48 -0600
Author: Blaine Harris
Shift: Day Shift
Operators: Grant M | Blaine H
Plant Status: Steady
Equipment Outage: 
Filter Change: 
Pigging: 
Amine Concentration: 
Attachment: 
Encoding: HTML
========================================
<p>-Pembina cut us wet on oil to sales, took samples off the treater and the recycle line back to the treater and found 0% cut off the treater to production and 2.5% cut on the sample off the recycle to the treater.</p>

<p>-Batched in a pail each of SRW 6990 and DMO 46X&nbsp; night shift will have to call Pembina Control tonigh to get them to try again.</p>

<p>-Maxxam was out to take quarterly samples</p>

<p>-Mike replaced some fitting fittings on the treater fuel gas, pm on the glycol seperator and flare meter.</p>

<p>-GGT hauled in a load of emulsion from Keyera 10-7</p>

<p>&nbsp;</p>

<p>&nbsp;</p>

<p>&nbsp;</p>
$@MID@$: 271
Date: Fri, 07 Oct 2016 20:07:09 -0600
Author: Nigel Renschler
Shift: Night Shift
Operators: Ryan B | Nigel R
Plant Status: 
Equipment Outage: 
Filter Change: 
Pigging: 
Amine Concentration: 
Attachment: 
Encoding: HTML
========================================
<p>Closed trucked in valve on production tank and opened trucked in valve on overflow tank.</p>

<p>Water flash tank meter not accumulating and showing no flow rate.&nbsp; Pulled meter and removed debris in turbine.&nbsp; Reinstalled.</p>

<p>Pinched louvers on amine trim cooler.</p>

<p>Pembina pumping and BS&amp;W dropped to 0%.</p>

<p>Tightened packing on North glycol pump.</p>

<p>&nbsp;</p>

<p>&nbsp;</p>

<p>&nbsp;</p>
