$@MID@$: 370
Date: Thu, 24 Nov 2016 05:01:13 -0700
Author: Ryan Gilgan
Shift: Night Shift
Operators: Chris P
Plant Status: Steady
Equipment Outage: 
Filter Change: 
Pigging: 
Amine Concentration: 
Attachment: 
Encoding: HTML
========================================
<p>Pinched inlets on V-3010 and V-103 due to noms.</p>

<p>Adjusted the Res gas coolers manually put it into &quot;winter mode&quot;.</p>

<p>Closed K-201 louvers due to ambient temp drop.</p>

<p>Bled gas off of the De-Eth reflux pump.&nbsp; Seems to have steadied out.</p>

<p>Tightened packing on Glycol pump again.</p>

<p>&nbsp;</p>
$@MID@$: 371
Date: Thu, 24 Nov 2016 11:18:09 -0700
Author: Justin Ewing
Shift: Day Shift
Operators: Justin E | Grant M
Plant Status: Steady
Equipment Outage: 
Filter Change: 
Pigging: 
Amine Concentration: 
Attachment: 
Encoding: HTML
========================================
<p>Raised Level in the Glycol Sep, pumped out of the glycol reclamation tank, pumped glycol drippings barrel to the accumulator</p>

<p>The check valve on the Volcano Pump (P-2 West) was verified not holding today. Got information to MRC Carl, ordering new check valves for both pumps.</p>

<p>Tightened packing on Glycol pump,</p>

<p>Skimmed amine charcoal filters, not much oil</p>

<p>Pulled 14-03 pig</p>

<p>Kody with E-mac out today to take readings off the rectifier</p>

<p>HVO brought out 3 loads of Baccalieu Oil (2x 06-12, 1x 04-19)</p>

<p>Grant spread gravel at icy spots around the plant today</p>

<p>Pinched back on V-3101 today to match TCPL restrictions (Braz still slowed down). Talked to producers and went through production numbers with Raymond to make sure production matched nominations</p>

<p>&nbsp;</p>
