$@MID@$: 429
Date: Thu, 22 Dec 2016 05:07:24 -0700
Author: Dayton Mohr
Shift: Night Shift
Operators: Dayton M | Chris P
Plant Status: Steady
Equipment Outage: 
Filter Change: 
Pigging: 
Amine Concentration: 
Attachment: 
Encoding: HTML
========================================
<p>GGT Glenn hauled in load of bigoray oil</p>

<p>One recycle pump in production &amp; one pump in overflow</p>

<p>skimmed amine charcoal filter, clean</p>

<p>lowered level in gylcol reclamitiion tank</p>
$@MID@$: 430
Date: Thu, 22 Dec 2016 16:57:10 -0700
Author: Kevin Nicol
Shift: Day Shift
Operators: Grant M | Kevin N
Plant Status: Steady
Equipment Outage: 
Filter Change: 
Pigging: 
Amine Concentration: 
Attachment: 
Encoding: HTML
========================================
<p>HVO delivered imch oil</p>

<p>GGT delivered 80/20 glycol</p>

<p>ERP tabletop drill</p>

<p>slowed down recycle and added DMO 46X as per Taggart</p>

<p>increased PAO-1001 to 14L/d</p>

<p>checked and adjusted Chem rates in inlet header building</p>
