$@MID@$: 393
Date: Mon, 05 Dec 2016 17:14:12 -0700
Author: Ryan Bangle
Shift: Day Shift
Operators: Ryan B | Grant M
Plant Status: Steady
Equipment Outage: 
Filter Change: 
Pigging: 
Amine Concentration: 
Attachment: 
Encoding: HTML
========================================
<p>Closed louvers all the way and lowered tarps last little bit on trim cooler.</p>

<p>Switch two speed fan off on res gas cooler.</p>

<p>Closed louvers on acid gas cooler and shut off 4th stage aftercooler.&nbsp; Also turned on heater in building and set temp to 25.</p>

<p>Skimmed charcoal filter.</p>

<p>Glycol bouncing around.&nbsp; Bleed off filter pots, Switched pumps due to PSV passing, added 20% to reboiler from overhead tank.&nbsp; Was at 10 inches in overhead.</p>

<p>Did thaw job on overhead u-tube exchanger for process glycol.&nbsp; Opened bypass for cold return line and blocked in the inlet.&nbsp; Let hot glycol pass through all day.&nbsp; Back to normal operation.</p>

<p>Mike M did PM&#39;s on process analyzer, Puelled and cleaned flare meters and did I/A dryer PM&#39;s.</p>

<p>Jeremy with Tarpon Did motor greasing for C3 and changed out hour meters on MCC.</p>

<p>Glenn Gunderson hauled in 10-07 oil.</p>

<p>&nbsp;</p>

<p>&nbsp;</p>
