$@MID@$: 1288
Date: Sun, 03 May 2020 10:41:35 -0600
Author: Kyle Shute
Inlet: 459
Sales: 0
LPG: .14
Oil: 131
Production Month: May
Production Day: 1
Production Year: 2020
Attachment: 
Encoding: HTML
========================================
<p>offloading to bigoray</p>
$@MID@$: 1289
Date: Sun, 03 May 2020 10:42:28 -0600
Author: Kyle Shute
Inlet: 465
Sales: 0
LPG: .20
Oil: 135
Production Month: May
Production Day: 2
Production Year: 2020
Attachment: 
Encoding: HTML
========================================
<p><!--StartFragment-->offloading to bigoray<!--EndFragment--></p>
