$@MID@$: 4448
Date: Fri, 12 Jan 2024 03:40:49 -0700
Author: Pat Brown
Flow: 204
Inlet Temp: 207
Outlet Temp: 209
Pump Press: 720
Surge Tank Press: 315
Surge Tank Level: 2
Fuel Gas Press: 810
Stack Temp: 184
Air Temp: 12
Flame Condition: Blue / Orange
Shift: Night
Month: Jan
Day: 11
Year: 2024
Attachment: 
Encoding: HTML
========================================

$@MID@$: 4449
Date: Fri, 12 Jan 2024 16:24:55 -0700
Author: Ryan Gilgan
Flow: 210
Inlet Temp: 206
Outlet Temp: 210
Pump Press: N/A
Surge Tank Press: N/A
Surge Tank Level: N/A
Fuel Gas Press: N/A
Stack Temp: N/A
Air Temp: N/A
Flame Condition: Blue / Orange
Shift: Day
Month: Jan
Day: 12
Year: 2024
Attachment: 
Encoding: HTML
========================================
<p>Heater down at the start of shift.</p>
