$@MID@$: 4487
Date: Wed, 31 Jan 2024 15:25:46 -0700
Author: Blaine Harris
Flow: 221
Inlet Temp: 206
Outlet Temp: 210
Pump Press: 740
Surge Tank Press: 310
Surge Tank Level: 2
Fuel Gas Press: 840
Stack Temp: 194
Air Temp: 21
Flame Condition: Blue / Orange
Shift: Day
Month: Jan
Day: 31
Year: 2024
Attachment: 
Encoding: HTML
========================================

$@MID@$: 4488
Date: Wed, 31 Jan 2024 21:50:30 -0700
Author: Pat Brown
Flow: 223
Inlet Temp: 206
Outlet Temp: 210
Pump Press: 740
Surge Tank Press: 315
Surge Tank Level: 2
Fuel Gas Press: 840
Stack Temp: 191
Air Temp: 20
Flame Condition: Blue / Orange
Shift: Night
Month: Jan
Day: 31
Year: 2024
Attachment: 
Encoding: HTML
========================================

