$@MID@$: 4428
Date: Tue, 02 Jan 2024 04:43:51 -0700
Author: Ryan Gilgan
Flow: 221
Inlet Temp: 2007
Outlet Temp: 210
Pump Press: 740
Surge Tank Press: 320
Surge Tank Level: 3
Fuel Gas Press: 810
Stack Temp: 193
Air Temp: 23
Flame Condition: Blue / Orange
Shift: Night
Month: Jan
Day: 1
Year: 2024
Attachment: 
Encoding: HTML
========================================

$@MID@$: 4429
Date: Tue, 02 Jan 2024 11:17:56 -0700
Author: Blaine Harris
Flow: 219
Inlet Temp: 205
Outlet Temp: 208
Pump Press: 740
Surge Tank Press: 320
Surge Tank Level: 3
Fuel Gas Press: 820
Stack Temp: 187
Air Temp: 21
Flame Condition: Blue / Orange
Shift: Day
Month: Jan
Day: 2
Year: 2024
Attachment: 
Encoding: HTML
========================================

