$@MID@$: 4520
Date: Sat, 17 Feb 2024 05:29:11 -0700
Author: Ryan Gilgan
Flow: 220
Inlet Temp: 207
Outlet Temp: 209
Pump Press: 740
Surge Tank Press: 320
Surge Tank Level: 2
Fuel Gas Press: 840
Stack Temp: 122
Air Temp: 25
Flame Condition: Blue / Orange
Shift: Night
Month: Feb
Day: 16
Year: 2024
Attachment: 
Encoding: HTML
========================================

$@MID@$: 4521
Date: Sat, 17 Feb 2024 16:15:24 -0700
Author: Pat Brown
Flow: 226
Inlet Temp: 207
Outlet Temp: 210
Pump Press: 740
Surge Tank Press: 315
Surge Tank Level: 2
Fuel Gas Press: 830
Stack Temp: 194
Air Temp: 21
Flame Condition: Blue / Orange
Shift: Day
Month: Feb
Day: 17
Year: 2024
Attachment: 
Encoding: HTML
========================================

