$@MID@$: 4526
Date: Tue, 20 Feb 2024 05:20:11 -0700
Author: Ryan Gilgan
Flow: 225
Inlet Temp: 208
Outlet Temp: 211
Pump Press: 740
Surge Tank Press: 320
Surge Tank Level: 2
Fuel Gas Press: 840
Stack Temp: 182
Air Temp: 20
Flame Condition: Blue / Orange
Shift: Night
Month: Feb
Day: 19
Year: 2024
Attachment: 
Encoding: HTML
========================================

$@MID@$: 4527
Date: Tue, 20 Feb 2024 09:05:21 -0700
Author: Kevin Nicol
Flow: 220
Inlet Temp: 206
Outlet Temp: 210
Pump Press: 740
Surge Tank Press: 320
Surge Tank Level: 2
Fuel Gas Press: 840
Stack Temp: 118
Air Temp: 20
Flame Condition: Blue / Orange
Shift: Day
Month: Feb
Day: 20
Year: 2024
Attachment: 
Encoding: HTML
========================================

