$@MID@$: 4490
Date: Fri, 02 Feb 2024 04:34:39 -0700
Author: Pat Brown
Flow: 223
Inlet Temp: 204
Outlet Temp: 209
Pump Press: 740
Surge Tank Press: 315
Surge Tank Level: 2
Fuel Gas Press: 850
Stack Temp: 191
Air Temp: 19
Flame Condition: Blue / Orange
Shift: Night
Month: Feb
Day: 1
Year: 2024
Attachment: 
Encoding: HTML
========================================

$@MID@$: 4491
Date: Fri, 02 Feb 2024 13:32:06 -0700
Author: Blaine Harris
Flow: 222
Inlet Temp: 207
Outlet Temp: 210
Pump Press: 740
Surge Tank Press: 300
Surge Tank Level: 2
Fuel Gas Press: 840
Stack Temp: 184
Air Temp: 20
Flame Condition: Blue / Orange
Shift: Day
Month: Feb
Day: 2
Year: 2024
Attachment: 
Encoding: HTML
========================================

