$@MID@$: 4511
Date: Mon, 12 Feb 2024 17:29:51 -0700
Author: Ryan Gilgan
Flow: 220
Inlet Temp: 206
Outlet Temp: 211
Pump Press: 740
Surge Tank Press: 312
Surge Tank Level: 2.5
Fuel Gas Press: 840
Stack Temp: 190
Air Temp: 22
Flame Condition: Blue / Orange
Shift: Day
Month: Feb
Day: 12
Year: 2024
Attachment: 
Encoding: HTML
========================================

$@MID@$: 4512
Date: Mon, 12 Feb 2024 19:39:49 -0700
Author: Kevin Nicol
Flow: 223
Inlet Temp: 207
Outlet Temp: 211
Pump Press: 740
Surge Tank Press: 310
Surge Tank Level: 2
Fuel Gas Press: 840
Stack Temp: 186
Air Temp: 18
Flame Condition: Blue / Orange
Shift: Night
Month: Feb
Day: 12
Year: 2024
Attachment: 
Encoding: HTML
========================================

