$@MID@$: 4522
Date: Sun, 18 Feb 2024 05:22:17 -0700
Author: Ryan Gilgan
Flow: 222
Inlet Temp: 207
Outlet Temp: 211
Pump Press: 740
Surge Tank Press: 320
Surge Tank Level: 2
Fuel Gas Press: 840
Stack Temp: 186
Air Temp: 22
Flame Condition: Blue / Orange
Shift: Night
Month: Feb
Day: 17
Year: 2024
Attachment: 
Encoding: HTML
========================================

$@MID@$: 4523
Date: Sun, 18 Feb 2024 15:26:49 -0700
Author: Pat Brown
Flow: 227
Inlet Temp: 207
Outlet Temp: 210
Pump Press: 740
Surge Tank Press: 315
Surge Tank Level: 2
Fuel Gas Press: 830
Stack Temp: 194
Air Temp: 22
Flame Condition: Blue / Orange
Shift: Day
Month: Feb
Day: 18
Year: 2024
Attachment: 
Encoding: HTML
========================================

