$@MID@$: 4508
Date: Sat, 10 Feb 2024 17:21:22 -0700
Author: Ryan Gilgan
Flow: 217
Inlet Temp: 207
Outlet Temp: 210
Pump Press: 740
Surge Tank Press: 325
Surge Tank Level: 2
Fuel Gas Press: 840
Stack Temp: 190
Air Temp: 18
Flame Condition: Blue / Orange
Shift: Day
Month: Feb
Day: 10
Year: 2024
Attachment: 
Encoding: HTML
========================================

$@MID@$: 4509
Date: Sat, 10 Feb 2024 19:45:03 -0700
Author: Kevin Nicol
Flow: 223
Inlet Temp: 206
Outlet Temp: 210
Pump Press: 740
Surge Tank Press: 320
Surge Tank Level: 2
Fuel Gas Press: 830
Stack Temp: 191
Air Temp: 23
Flame Condition: Blue / Orange
Shift: Night
Month: Feb
Day: 10
Year: 2024
Attachment: 
Encoding: HTML
========================================

