$@MID@$: 4597
Date: Wed, 27 Mar 2024 04:53:45 -0600
Author: Pat Brown
Flow: 223
Inlet Temp: 208
Outlet Temp: 211
Pump Press: 740
Surge Tank Press: 320
Surge Tank Level: 2
Fuel Gas Press: 840
Stack Temp: 190
Air Temp: 22
Flame Condition: Blue / Orange
Shift: Night
Month: Mar
Day: 26
Year: 2024
Attachment: 
Encoding: HTML
========================================

$@MID@$: 4598
Date: Wed, 27 Mar 2024 08:59:26 -0600
Author: Blaine Harris
Flow: 220
Inlet Temp: 208
Outlet Temp: 211
Pump Press: 740
Surge Tank Press: 310
Surge Tank Level: 2
Fuel Gas Press: 850
Stack Temp: 183
Air Temp: 19
Flame Condition: Blue / Orange
Shift: Day
Month: Mar
Day: 27
Year: 2024
Attachment: 
Encoding: HTML
========================================

