$@MID@$: 4559
Date: Thu, 07 Mar 2024 10:00:05 -0700
Author: Ryan Gilgan
Flow: 216
Inlet Temp: 203
Outlet Temp: 209
Pump Press: 740
Surge Tank Press: 340
Surge Tank Level: 2
Fuel Gas Press: 850
Stack Temp: 189
Air Temp: 25
Flame Condition: Blue / Orange
Shift: Day
Month: Mar
Day: 7
Year: 2024
Attachment: 
Encoding: HTML
========================================

$@MID@$: 4560
Date: Thu, 07 Mar 2024 20:06:29 -0700
Author: Kevin Nicol
Flow: 221
Inlet Temp: 205
Outlet Temp: 209
Pump Press: 740
Surge Tank Press: 315
Surge Tank Level: 2
Fuel Gas Press: 830
Stack Temp: 192
Air Temp: 23
Flame Condition: Blue / Orange
Shift: Night
Month: Mar
Day: 7
Year: 2024
Attachment: 
Encoding: HTML
========================================

