$@MID@$: 4601
Date: Fri, 29 Mar 2024 05:03:12 -0600
Author: Pat Brown
Flow: 219
Inlet Temp: 208
Outlet Temp: 210
Pump Press: 740
Surge Tank Press: 315
Surge Tank Level: 2
Fuel Gas Press: 850
Stack Temp: 184
Air Temp: 22
Flame Condition: Blue / Orange
Shift: Night
Month: Mar
Day: 28
Year: 2024
Attachment: 
Encoding: HTML
========================================

$@MID@$: 4602
Date: Fri, 29 Mar 2024 16:51:04 -0600
Author: Blaine Harris
Flow: 217
Inlet Temp: 206
Outlet Temp: 209
Pump Press: 740
Surge Tank Press: 325
Surge Tank Level: 2
Fuel Gas Press: 850
Stack Temp: 189
Air Temp: 21
Flame Condition: Blue / Orange
Shift: Day
Month: Mar
Day: 29
Year: 2024
Attachment: 
Encoding: HTML
========================================

