$@MID@$: 4591
Date: Sun, 24 Mar 2024 05:25:47 -0600
Author: Ryan Gilgan
Flow: 216
Inlet Temp: 205
Outlet Temp: 210
Pump Press: 740
Surge Tank Press: 340
Surge Tank Level: 2
Fuel Gas Press: 850
Stack Temp: 184
Air Temp: 23
Flame Condition: Blue / Orange
Shift: Night
Month: Mar
Day: 23
Year: 2024
Attachment: 
Encoding: HTML
========================================

$@MID@$: 4592
Date: Sun, 24 Mar 2024 10:06:59 -0600
Author: Kevin Nicol
Flow: 218
Inlet Temp: 207
Outlet Temp: 210
Pump Press: 740
Surge Tank Press: 320
Surge Tank Level: 2
Fuel Gas Press: 850
Stack Temp: 186
Air Temp: 24
Flame Condition: Blue / Orange
Shift: Day
Month: Mar
Day: 24
Year: 2024
Attachment: 
Encoding: HTML
========================================

