$@MID@$: 4576
Date: Sat, 16 Mar 2024 16:01:36 -0600
Author: Pat Brown
Flow: 225
Inlet Temp: 206
Outlet Temp: 209
Pump Press: 740
Surge Tank Press: 315
Surge Tank Level: 2
Fuel Gas Press: 840
Stack Temp: 198
Air Temp: 23
Flame Condition: Blue / Orange
Shift: Day
Month: Mar
Day: 16
Year: 2024
Attachment: 
Encoding: HTML
========================================

$@MID@$: 4577
Date: Sat, 16 Mar 2024 19:10:27 -0600
Author: Blaine Harris
Flow: 227
Inlet Temp: 205
Outlet Temp: 210
Pump Press: 740
Surge Tank Press: 305
Surge Tank Level: 2
Fuel Gas Press: 840
Stack Temp: 182
Air Temp: 22
Flame Condition: Blue / Orange
Shift: Night
Month: Mar
Day: 16
Year: 2024
Attachment: 
Encoding: HTML
========================================

