$@MID@$: 4566
Date: Mon, 11 Mar 2024 08:49:00 -0600
Author: Brad Towers
Flow: 219
Inlet Temp: 209
Outlet Temp: 211
Pump Press: 740
Surge Tank Press: 315
Surge Tank Level: 2
Fuel Gas Press: 840
Stack Temp: 186
Air Temp: 22
Flame Condition: Blue / Orange
Shift: Day
Month: Mar
Day: 11
Year: 2024
Attachment: 
Encoding: HTML
========================================

$@MID@$: 4567
Date: Mon, 11 Mar 2024 19:45:34 -0600
Author: Kevin Nicol
Flow: 225
Inlet Temp: 206
Outlet Temp: 210
Pump Press: 740
Surge Tank Press: 310
Surge Tank Level: 2
Fuel Gas Press: 830
Stack Temp: 185
Air Temp: 25
Flame Condition: Blue / Orange
Shift: Night
Month: Mar
Day: 11
Year: 2024
Attachment: 
Encoding: HTML
========================================

