$@MID@$: 4546
Date: Fri, 01 Mar 2024 04:50:04 -0700
Author: Pat Brown
Flow: 219
Inlet Temp: 205
Outlet Temp: 210
Pump Press: 740
Surge Tank Press: 325
Surge Tank Level: 2
Fuel Gas Press: 830
Stack Temp: 184
Air Temp: 22
Flame Condition: Blue / Orange
Shift: Night
Month: Feb
Day: 29
Year: 2024
Attachment: 
Encoding: HTML
========================================

$@MID@$: 4547
Date: Fri, 01 Mar 2024 17:36:20 -0700
Author: Ryan Gilgan
Flow: 216
Inlet Temp: 205
Outlet Temp: 210
Pump Press: 740
Surge Tank Press: 360
Surge Tank Level: 2
Fuel Gas Press: 850
Stack Temp: 195
Air Temp: 24
Flame Condition: Blue / Orange
Shift: Day
Month: Mar
Day: 1
Year: 2024
Attachment: 
Encoding: HTML
========================================

