$@MID@$: 4607
Date: Mon, 01 Apr 2024 04:46:31 -0600
Author: Pat Brown
Flow: 222
Inlet Temp: 209
Outlet Temp: 212
Pump Press: 740
Surge Tank Press: 315
Surge Tank Level: 2
Fuel Gas Press: 840
Stack Temp: 184
Air Temp: 19
Flame Condition: Blue / Orange
Shift: Night
Month: Mar
Day: 31
Year: 2024
Attachment: 
Encoding: HTML
========================================

$@MID@$: 4608
Date: Mon, 01 Apr 2024 11:39:36 -0600
Author: Blaine Harris
Flow: 221
Inlet Temp: 206
Outlet Temp: 211
Pump Press: 740
Surge Tank Press: 315
Surge Tank Level: 2
Fuel Gas Press: 840
Stack Temp: 182
Air Temp: 21
Flame Condition: Blue / Orange
Shift: Day
Month: Apr
Day: 1
Year: 2024
Attachment: 
Encoding: HTML
========================================

