$@MID@$: 4626
Date: Thu, 11 Apr 2024 09:14:20 -0600
Author: Brad Towers
Flow: 221
Inlet Temp: 210
Outlet Temp: 213
Pump Press: 680
Surge Tank Press: 320
Surge Tank Level: 2.5
Fuel Gas Press: 840
Stack Temp: 194
Air Temp: 26
Flame Condition: Blue / Orange
Shift: Day
Month: Apr
Day: 11
Year: 2024
Attachment: 
Encoding: HTML
========================================
<p>Swapped to pump A while doing readings. B seal leaking a bit after repair.</p>
$@MID@$: 4627
Date: Thu, 11 Apr 2024 20:23:23 -0600
Author: Blaine Harris
Flow: 210
Inlet Temp: 206
Outlet Temp: 209
Pump Press: 680
Surge Tank Press: 310
Surge Tank Level: 2.5
Fuel Gas Press: 840
Stack Temp: 186
Air Temp: 25
Flame Condition: Blue / Orange
Shift: Night
Month: Apr
Day: 11
Year: 2024
Attachment: 
Encoding: HTML
========================================

