$@MID@$: 4687
Date: Sun, 12 May 2024 00:05:52 -0600
Author: Blaine Harris
Flow: 229
Inlet Temp: 206
Outlet Temp: 210
Pump Press: 740
Surge Tank Press: 300
Surge Tank Level: 2
Fuel Gas Press: 820
Stack Temp: 193
Air Temp: 22
Flame Condition: Blue / Orange
Shift: Night
Month: May
Day: 11
Year: 2024
Attachment: 
Encoding: HTML
========================================

$@MID@$: 4688
Date: Sun, 12 May 2024 16:10:21 -0600
Author: Pat Brown
Flow: 227
Inlet Temp: 207
Outlet Temp: 211
Pump Press: 740
Surge Tank Press: 310
Surge Tank Level: 2
Fuel Gas Press: 820
Stack Temp: 193
Air Temp: 22
Flame Condition: Blue / Orange
Shift: Day
Month: May
Day: 12
Year: 2024
Attachment: 
Encoding: HTML
========================================

$@MID@$: 4689
Date: Sun, 12 May 2024 22:30:05 -0600
Author: Blaine Harris
Flow: 226
Inlet Temp: 206
Outlet Temp: 210
Pump Press: 740
Surge Tank Press: 295
Surge Tank Level: 2
Fuel Gas Press: 820
Stack Temp: 195
Air Temp: 26
Flame Condition: Blue / Orange
Shift: Night
Month: May
Day: 12
Year: 2024
Attachment: 
Encoding: HTML
========================================

