$@MID@$: 4666
Date: Wed, 01 May 2024 09:35:59 -0600
Author: Brad Towers
Flow: 221
Inlet Temp: 205
Outlet Temp: 209
Pump Press: 740
Surge Tank Press: 325
Surge Tank Level: 2.5
Fuel Gas Press: 820
Stack Temp: 195
Air Temp: 22
Flame Condition: Blue / Orange
Shift: Day
Month: May
Day: 1
Year: 2024
Attachment: 
Encoding: HTML
========================================

$@MID@$: 4667
Date: Wed, 01 May 2024 19:05:14 -0600
Author: Kevin Nicol
Flow: 222
Inlet Temp: 206
Outlet Temp: 210
Pump Press: 740
Surge Tank Press: 310
Surge Tank Level: 2
Fuel Gas Press: 830
Stack Temp: 192
Air Temp: 22
Flame Condition: Blue / Orange
Shift: Night
Month: May
Day: 1
Year: 2024
Attachment: 
Encoding: HTML
========================================

