$@MID@$: 4743
Date: Wed, 12 Jun 2024 05:29:39 -0600
Author: Ryan Gilgan
Flow: 224
Inlet Temp: 206
Outlet Temp: 210
Pump Press: 740
Surge Tank Press: 300
Surge Tank Level: 7
Fuel Gas Press: 860
Stack Temp: 190
Air Temp: 25
Flame Condition: Blue / Orange
Shift: Night
Month: Jun
Day: 11
Year: 2024
Attachment: 
Encoding: HTML
========================================

$@MID@$: 4744
Date: Wed, 12 Jun 2024 07:07:07 -0600
Author: Kevin Nicol
Flow: 224
Inlet Temp: 206
Outlet Temp: 209
Pump Press: 740
Surge Tank Press: 310
Surge Tank Level: 7
Fuel Gas Press: 860
Stack Temp: 189
Air Temp: 22
Flame Condition: Blue / Orange
Shift: Day
Month: Jun
Day: 12
Year: 2024
Attachment: 
Encoding: HTML
========================================

