$@MID@$: 4745
Date: Thu, 13 Jun 2024 05:22:03 -0600
Author: Ryan Gilgan
Flow: 225
Inlet Temp: 209
Outlet Temp: 211
Pump Press: 740
Surge Tank Press: 300
Surge Tank Level: 7
Fuel Gas Press: 850
Stack Temp: 184
Air Temp: 22
Flame Condition: Blue / Orange
Shift: Night
Month: Jun
Day: 12
Year: 2024
Attachment: 
Encoding: HTML
========================================

$@MID@$: 4746
Date: Thu, 13 Jun 2024 08:51:07 -0600
Author: Brad Towers
Flow: 224
Inlet Temp: 207
Outlet Temp: 210
Pump Press: 740
Surge Tank Press: 310
Surge Tank Level: 7
Fuel Gas Press: 840
Stack Temp: 186
Air Temp: 21
Flame Condition: Blue / Orange
Shift: Day
Month: Jun
Day: 13
Year: 2024
Attachment: 
Encoding: HTML
========================================

