$@MID@$: 4751
Date: Sun, 16 Jun 2024 05:34:24 -0600
Author: Ryan Gilgan
Flow: 227
Inlet Temp: 207
Outlet Temp: 211
Pump Press: 740
Surge Tank Press: 305
Surge Tank Level: 7
Fuel Gas Press: 840
Stack Temp: 196
Air Temp: 22
Flame Condition: Blue / Orange
Shift: Night
Month: Jun
Day: 15
Year: 2024
Attachment: 
Encoding: HTML
========================================

$@MID@$: 4752
Date: Sun, 16 Jun 2024 15:55:17 -0600
Author: Blaine Harris
Flow: 224
Inlet Temp: 206
Outlet Temp: 210
Pump Press: 720
Surge Tank Press: 315
Surge Tank Level: 7
Fuel Gas Press: 860
Stack Temp: 192
Air Temp: 21
Flame Condition: Blue / Orange
Shift: Day
Month: Jun
Day: 16
Year: 2024
Attachment: 
Encoding: HTML
========================================

