$@MID@$: 2484
Date: Sun, 31 Jan 2021 04:48:03 -0700
Author: Ryan Gilgan
Pressure: 226
Temperature: 63
Front Water Lvl: 1
Back Water Lvl: 3
Flame Condition: Blue / Orange
Shift: Night
Month: Jan
Day: 30
Year: 2021
Attachment: 
Encoding: HTML
========================================

$@MID@$: 2485
Date: Sun, 31 Jan 2021 09:36:30 -0700
Author: Chad Quinn
Pressure: 225
Temperature: 59
Front Water Lvl: 2
Back Water Lvl: 4
Flame Condition: Orange
Shift: Day
Month: Jan
Day: 31
Year: 2021
Attachment: 
Encoding: HTML
========================================

$@MID@$: 2486
Date: Sun, 31 Jan 2021 22:17:36 -0700
Author: Ryan Gilgan
Pressure: 257
Temperature: 66
Front Water Lvl: .5
Back Water Lvl: 2
Flame Condition: Blue / Orange
Shift: Night
Month: Jan
Day: 31
Year: 2021
Attachment: 
Encoding: HTML
========================================

