$@MID@$: 2444
Date: Sun, 10 Jan 2021 04:47:19 -0700
Author: Tye Mastre
Pressure: 228
Temperature: 65
Front Water Lvl: 1.5
Back Water Lvl: 3
Flame Condition: Blue / Orange
Shift: Night
Month: Jan
Day: 9
Year: 2021
Attachment: 
Encoding: HTML
========================================

$@MID@$: 2445
Date: Sun, 10 Jan 2021 11:03:07 -0700
Author: Jordan Wilson
Pressure: 258
Temperature: 66
Front Water Lvl: 1
Back Water Lvl: 3
Flame Condition: Blue / Orange
Shift: Day
Month: Jan
Day: 10
Year: 2021
Attachment: 
Encoding: HTML
========================================

