$@MID@$: 2529
Date: Wed, 24 Feb 2021 05:02:54 -0700
Author: Ryan Gilgan
Pressure: 226
Temperature: 66
Front Water Lvl: 1
Back Water Lvl: 2
Flame Condition: Blue / Orange
Shift: Night
Month: Feb
Day: 23
Year: 2021
Attachment: 
Encoding: HTML
========================================

$@MID@$: 2530
Date: Wed, 24 Feb 2021 09:30:54 -0700
Author: Kevin Nicol
Pressure: 247
Temperature: 69
Front Water Lvl: 1
Back Water Lvl: 2
Flame Condition: Blue / Orange
Shift: Day
Month: Feb
Day: 24
Year: 2021
Attachment: 
Encoding: HTML
========================================

