$@MID@$: 2526
Date: Mon, 22 Feb 2021 16:48:49 -0700
Author: Tye Mastre
Pressure: 224
Temperature: 69
Front Water Lvl: 1.5
Back Water Lvl: 1.5
Flame Condition: Blue / Orange
Shift: Day
Month: Feb
Day: 22
Year: 2021
Attachment: 
Encoding: HTML
========================================

$@MID@$: 2527
Date: Mon, 22 Feb 2021 22:14:44 -0700
Author: Jordan Wilson
Pressure: 255
Temperature: 69
Front Water Lvl: 1
Back Water Lvl: 2
Flame Condition: Blue / Orange
Shift: Night
Month: Feb
Day: 22
Year: 2021
Attachment: 
Encoding: HTML
========================================

