$@MID@$: 2550
Date: Sun, 07 Mar 2021 04:39:09 -0700
Author: Tye Mastre
Pressure: 265
Temperature: 68
Front Water Lvl: 2.5
Back Water Lvl: 2
Flame Condition: Blue / Orange
Shift: Night
Month: Mar
Day: 6
Year: 2021
Attachment: 
Encoding: HTML
========================================
<p>Blew down front and back water sight glass</p>
$@MID@$: 2551
Date: Sun, 07 Mar 2021 11:43:44 -0700
Author: Jordan Wilson
Pressure: 237
Temperature: 69
Front Water Lvl: 1
Back Water Lvl: 2
Flame Condition: Blue / Orange
Shift: Day
Month: Mar
Day: 7
Year: 2021
Attachment: 
Encoding: HTML
========================================

