$@MID@$: 2568
Date: Wed, 17 Mar 2021 01:35:27 -0600
Author: Jordan Wilson
Pressure: 250
Temperature: 68
Front Water Lvl: 1
Back Water Lvl: 2
Flame Condition: Blue / Orange
Shift: Night
Month: Mar
Day: 16
Year: 2021
Attachment: 
Encoding: HTML
========================================

$@MID@$: 2569
Date: Wed, 17 Mar 2021 07:40:10 -0600
Author: Tye Mastre
Pressure: 230
Temperature: 68
Front Water Lvl: 1.5
Back Water Lvl: 2
Flame Condition: Blue / Orange
Shift: Day
Month: Mar
Day: 17
Year: 2021
Attachment: 
Encoding: HTML
========================================

