$@MID@$: 2577
Date: Wed, 24 Mar 2021 04:41:46 -0600
Author: Ryan Gilgan
Pressure: 232
Temperature: 68
Front Water Lvl: 1
Back Water Lvl: 2
Flame Condition: Blue / Orange
Shift: Night
Month: Mar
Day: 23
Year: 2021
Attachment: 
Encoding: HTML
========================================

$@MID@$: 2578
Date: Wed, 24 Mar 2021 10:27:17 -0600
Author: Kevin Nicol
Pressure: 242
Temperature: 69
Front Water Lvl: 1
Back Water Lvl: 3
Flame Condition: Blue / Orange
Shift: Day
Month: Mar
Day: 24
Year: 2021
Attachment: 
Encoding: HTML
========================================

