$@MID@$: 2562
Date: Sat, 13 Mar 2021 09:30:24 -0700
Author: Ryan Gilgan
Pressure: 256
Temperature: 68
Front Water Lvl: 1
Back Water Lvl: 3
Flame Condition: Blue / Orange
Shift: Night
Month: Mar
Day: 13
Year: 2021
Attachment: 
Encoding: HTML
========================================

$@MID@$: 2563
Date: Sat, 13 Mar 2021 20:22:18 -0700
Author: Kevin Nicol
Pressure: 237
Temperature: 67
Front Water Lvl: 1
Back Water Lvl: 3
Flame Condition: Blue / Orange
Shift: Night
Month: Mar
Day: 13
Year: 2021
Attachment: 
Encoding: HTML
========================================

