$@MID@$: 2615
Date: Mon, 12 Apr 2021 12:01:52 -0600
Author: Kent Fuson
Pressure: 242
Temperature: 64
Front Water Lvl: 1
Back Water Lvl: 1.5
Flame Condition: Blue / Orange
Shift: Day
Month: Apr
Day: 12
Year: 2021
Attachment: 
Encoding: HTML
========================================

$@MID@$: 2616
Date: Mon, 12 Apr 2021 20:07:41 -0600
Author: Kevin Nicol
Pressure: 264
Temperature: 69
Front Water Lvl: 1
Back Water Lvl: 2
Flame Condition: Blue / Orange
Shift: Night
Month: Apr
Day: 12
Year: 2021
Attachment: 
Encoding: HTML
========================================

