$@MID@$: 2605
Date: Wed, 07 Apr 2021 17:03:21 -0600
Author: Kyle Shute
Pressure: 241
Temperature: 70
Front Water Lvl: 1.5
Back Water Lvl: 2
Flame Condition: Blue / Orange
Shift: Day
Month: Apr
Day: 7
Year: 2021
Attachment: 
Encoding: HTML
========================================

$@MID@$: 2606
Date: Wed, 07 Apr 2021 20:03:54 -0600
Author: Kevin Nicol
Pressure: 242
Temperature: 69
Front Water Lvl: 0
Back Water Lvl: 2
Flame Condition: Blue / Orange
Shift: Night
Month: Apr
Day: 7
Year: 2021
Attachment: 
Encoding: HTML
========================================

