$@MID@$: 2673
Date: Thu, 13 May 2021 15:30:57 -0600
Author: Kyle Shute
Pressure: 246
Temperature: 68
Front Water Lvl: 1
Back Water Lvl: 2.5
Flame Condition: Blue / Orange
Shift: Day
Month: May
Day: 13
Year: 2021
Attachment: 
Encoding: HTML
========================================

$@MID@$: 2674
Date: Thu, 13 May 2021 23:45:47 -0600
Author: Blaine Harris
Pressure: 236
Temperature: 65
Front Water Lvl: 1
Back Water Lvl: 2.5
Flame Condition: Blue / Orange
Shift: Night
Month: May
Day: 13
Year: 2021
Attachment: 
Encoding: HTML
========================================

