$@MID@$: 2759
Date: Sun, 27 Jun 2021 05:01:25 -0600
Author: Tye Mastre
Pressure: 248
Temperature: 50
Front Water Lvl: 1.5
Back Water Lvl: 2.5
Flame Condition: Blue / Orange
Shift: Night
Month: Jun
Day: 26
Year: 2021
Attachment: 
Encoding: HTML
========================================

$@MID@$: 2760
Date: Sun, 27 Jun 2021 17:08:51 -0600
Author: Kyle Shute
Pressure: 241
Temperature: 62
Front Water Lvl: 1
Back Water Lvl: 2
Flame Condition: Blue / Orange
Shift: Day
Month: Jun
Day: 27
Year: 2021
Attachment: 
Encoding: HTML
========================================

