$@MID@$: 2761
Date: Mon, 28 Jun 2021 03:26:37 -0600
Author: Tye Mastre
Pressure: 234
Temperature: 59
Front Water Lvl: 2
Back Water Lvl: 3
Flame Condition: Blue / Orange
Shift: Night
Month: Jun
Day: 27
Year: 2021
Attachment: 
Encoding: HTML
========================================

$@MID@$: 2762
Date: Mon, 28 Jun 2021 17:11:21 -0600
Author: Kyle Shute
Pressure: 261
Temperature: 70
Front Water Lvl: 1
Back Water Lvl: 2
Flame Condition: Blue / Orange
Shift: Day
Month: Jun
Day: 28
Year: 2021
Attachment: 
Encoding: HTML
========================================

