$@MID@$: 2722
Date: Wed, 09 Jun 2021 10:20:45 -0600
Author: Chad Quinn
Pressure: 236
Temperature: 62
Front Water Lvl: 2
Back Water Lvl: 3
Flame Condition: Blue / Orange
Shift: Day
Month: Jun
Day: 6
Year: 2021
Attachment: 
Encoding: HTML
========================================

$@MID@$: 2723
Date: Wed, 09 Jun 2021 10:21:26 -0600
Author: Chad Quinn
Pressure: 227
Temperature: 63
Front Water Lvl: 2
Back Water Lvl: 4
Flame Condition: Blue / Orange
Shift: Day
Month: Jun
Day: 7
Year: 2021
Attachment: 
Encoding: HTML
========================================

$@MID@$: 2724
Date: Wed, 09 Jun 2021 10:22:04 -0600
Author: Chad Quinn
Pressure: 228
Temperature: 62
Front Water Lvl: 1
Back Water Lvl: 4
Flame Condition: Blue / Orange
Shift: Day
Month: Jun
Day: 8
Year: 2021
Attachment: 
Encoding: HTML
========================================

$@MID@$: 2725
Date: Wed, 09 Jun 2021 10:22:39 -0600
Author: Chad Quinn
Pressure: 230
Temperature: 62
Front Water Lvl: 0
Back Water Lvl: 4
Flame Condition: Blue / Orange
Shift: Day
Month: Jun
Day: 9
Year: 2021
Attachment: 
Encoding: HTML
========================================

$@MID@$: 2726
Date: Wed, 09 Jun 2021 23:27:07 -0600
Author: Blaine Harris
Pressure: 294
Temperature: 68
Front Water Lvl: 1
Back Water Lvl: 2
Flame Condition: Blue / Orange
Shift: Night
Month: Jun
Day: 9
Year: 2021
Attachment: 
Encoding: HTML
========================================

