$@MID@$: 2753
Date: Thu, 24 Jun 2021 05:01:27 -0600
Author: Tye Mastre
Pressure: 256
Temperature: 68
Front Water Lvl: 1
Back Water Lvl: 2
Flame Condition: Blue / Orange
Shift: Night
Month: Jun
Day: 23
Year: 2021
Attachment: 
Encoding: HTML
========================================

$@MID@$: 2754
Date: Thu, 24 Jun 2021 16:51:31 -0600
Author: Kyle Shute
Pressure: 259
Temperature: 65
Front Water Lvl: 1
Back Water Lvl: 2
Flame Condition: Blue / Orange
Shift: Day
Month: Jun
Day: 24
Year: 2021
Attachment: 
Encoding: HTML
========================================

