$@MID@$: 2767
Date: Thu, 01 Jul 2021 12:49:23 -0600
Author: Tye Mastre
Pressure: 257
Temperature: 68
Front Water Lvl: 2
Back Water Lvl: 1
Flame Condition: Blue / Orange
Shift: Day
Month: Jul
Day: 1
Year: 2021
Attachment: 
Encoding: HTML
========================================

$@MID@$: 2768
Date: Thu, 01 Jul 2021 19:58:50 -0600
Author: Kevin Nicol
Pressure: 262
Temperature: 63
Front Water Lvl: 1.5
Back Water Lvl: 1
Flame Condition: Blue / Orange
Shift: Night
Month: Jul
Day: 1
Year: 2021
Attachment: 
Encoding: HTML
========================================

