$@MID@$: 2814
Date: Sun, 25 Jul 2021 16:12:57 -0600
Author: Chad Quinn
Pressure: 229
Temperature: 65
Front Water Lvl: 1
Back Water Lvl: 3
Flame Condition: Blue / Orange
Shift: Day
Month: Jul
Day: 24
Year: 2021
Attachment: 
Encoding: HTML
========================================

$@MID@$: 2815
Date: Sun, 25 Jul 2021 20:18:47 -0600
Author: Kevin Nicol
Pressure: 257
Temperature: 70
Front Water Lvl: 1
Back Water Lvl: 2
Flame Condition: Blue / Orange
Shift: Night
Month: Jul
Day: 25
Year: 2021
Attachment: 
Encoding: HTML
========================================

$@MID@$: 2816
Date: Sun, 25 Jul 2021 20:20:29 -0600
Author: Kevin Nicol
Pressure: 237
Temperature: 66
Front Water Lvl: 1
Back Water Lvl: 2
Flame Condition: Blue / Orange
Shift: Night
Month: Jul
Day: 24
Year: 2021
Attachment: 
Encoding: HTML
========================================

