$@MID@$: 2794
Date: Thu, 15 Jul 2021 04:47:08 -0600
Author: Ryan Gilgan
Pressure: 256
Temperature: 67
Front Water Lvl: 1
Back Water Lvl: 3
Flame Condition: Blue / Orange
Shift: Night
Month: Jul
Day: 14
Year: 2021
Attachment: 
Encoding: HTML
========================================

$@MID@$: 2795
Date: Thu, 15 Jul 2021 14:25:24 -0600
Author: Chad Quinn
Pressure: 232
Temperature: 68
Front Water Lvl: 2
Back Water Lvl: 4
Flame Condition: Blue / Orange
Shift: Day
Month: Jul
Day: 15
Year: 2021
Attachment: 
Encoding: HTML
========================================

