$@MID@$: 2874
Date: Wed, 25 Aug 2021 00:30:21 -0600
Author: Jordan Wilson
Pressure: 255
Temperature: 71
Front Water Lvl: 1
Back Water Lvl: 2
Flame Condition: Blue / Orange
Shift: Night
Month: Aug
Day: 24
Year: 2021
Attachment: 
Encoding: HTML
========================================

$@MID@$: 2875
Date: Wed, 25 Aug 2021 11:24:15 -0600
Author: Bryan Noble
Pressure: 240
Temperature: 71
Front Water Lvl: 1
Back Water Lvl: 2
Flame Condition: Blue / Orange
Shift: Day
Month: Aug
Day: 25
Year: 2021
Attachment: 
Encoding: HTML
========================================

