$@MID@$: 2923
Date: Mon, 20 Sep 2021 04:37:44 -0600
Author: Ryan Gilgan
Pressure: 264
Temperature: 70
Front Water Lvl: 1
Back Water Lvl: 3
Flame Condition: Blue / Orange
Shift: Night
Month: Sep
Day: 19
Year: 2021
Attachment: 
Encoding: HTML
========================================

$@MID@$: 2924
Date: Mon, 20 Sep 2021 10:23:39 -0600
Author: Jordan Wilson
Pressure: 238
Temperature: 67
Front Water Lvl: 1
Back Water Lvl: 2
Flame Condition: Blue / Orange
Shift: Day
Month: Sep
Day: 20
Year: 2021
Attachment: 
Encoding: HTML
========================================
<p>Blow down front water sight glass.&nbsp; Water was black.</p>
$@MID@$: 2925
Date: Mon, 20 Sep 2021 22:58:51 -0600
Author: Tye Mastre
Pressure: 268
Temperature: 69
Front Water Lvl: 1.5
Back Water Lvl: 3
Flame Condition: Blue / Orange
Shift: Night
Month: Sep
Day: 20
Year: 2021
Attachment: 
Encoding: HTML
========================================

