$@MID@$: 2933
Date: Sat, 25 Sep 2021 04:48:44 -0600
Author: Kevin Nicol
Pressure: 222
Temperature: 38
Front Water Lvl: 2
Back Water Lvl: 2
Flame Condition: Blue / Orange
Shift: Night
Month: Sep
Day: 24
Year: 2021
Attachment: 
Encoding: HTML
========================================

$@MID@$: 2934
Date: Sat, 25 Sep 2021 10:35:01 -0600
Author: Ryan Gilgan
Pressure: 274
Temperature: 67
Front Water Lvl: 1
Back Water Lvl: 1
Flame Condition: Blue / Orange
Shift: Day
Month: Sep
Day: 25
Year: 2021
Attachment: 
Encoding: HTML
========================================

$@MID@$: 2935
Date: Sat, 25 Sep 2021 21:11:43 -0600
Author: Kevin Nicol
Pressure: 227
Temperature: 71
Front Water Lvl: 1
Back Water Lvl: 1
Flame Condition: Blue / Orange
Shift: Night
Month: Sep
Day: 25
Year: 2021
Attachment: 
Encoding: HTML
========================================

