$@MID@$: 2964
Date: Sun, 10 Oct 2021 16:43:08 -0600
Author: Chad Quinn
Pressure: 235
Temperature: 71
Front Water Lvl: 2
Back Water Lvl: 3
Flame Condition: Blue / Orange
Shift: Day
Month: Oct
Day: 10
Year: 2021
Attachment: 
Encoding: HTML
========================================

$@MID@$: 2965
Date: Sun, 10 Oct 2021 21:11:53 -0600
Author: Ryan Gilgan
Pressure: 264
Temperature: 72
Front Water Lvl: 1.5
Back Water Lvl: 3
Flame Condition: Blue / Orange
Shift: Night
Month: Oct
Day: 10
Year: 2021
Attachment: 
Encoding: HTML
========================================

