$@MID@$: 2981
Date: Tue, 19 Oct 2021 04:54:13 -0600
Author: Tye Mastre
Pressure: 224
Temperature: 68
Front Water Lvl: 2
Back Water Lvl: 2
Flame Condition: Blue / Orange
Shift: Night
Month: Oct
Day: 18
Year: 2021
Attachment: 
Encoding: HTML
========================================

$@MID@$: 2982
Date: Tue, 19 Oct 2021 10:45:08 -0600
Author: Jordan Wilson
Pressure: 247
Temperature: 70
Front Water Lvl: 2
Back Water Lvl: 2
Flame Condition: Blue / Orange
Shift: Day
Month: Oct
Day: 19
Year: 2021
Attachment: 
Encoding: HTML
========================================

$@MID@$: 2983
Date: Tue, 19 Oct 2021 23:38:46 -0600
Author: Blaine Harris
Pressure: 225
Temperature: 69
Front Water Lvl: 1.5
Back Water Lvl: 2
Flame Condition: Blue / Orange
Shift: Night
Month: Oct
Day: 19
Year: 2021
Attachment: 
Encoding: HTML
========================================

