$@MID@$: 3064
Date: Mon, 29 Nov 2021 09:37:55 -0700
Author: Jordan Wilson
Pressure: 250
Temperature: 71
Front Water Lvl: 2
Back Water Lvl: 1
Flame Condition: Blue / Orange
Shift: Day
Month: Nov
Day: 29
Year: 2021
Attachment: 
Encoding: HTML
========================================
<p>-dump back water</p>
$@MID@$: 3065
Date: Mon, 29 Nov 2021 22:24:51 -0700
Author: Blaine Harris
Pressure: 220
Temperature: 64
Front Water Lvl: 2
Back Water Lvl: 1
Flame Condition: Blue / Orange
Shift: Night
Month: Nov
Day: 29
Year: 2021
Attachment: 
Encoding: HTML
========================================

