$@MID@$: 3010
Date: Tue, 02 Nov 2021 10:40:39 -0600
Author: Kevin Nicol
Pressure: 230
Temperature: 68
Front Water Lvl: 2
Back Water Lvl: 2
Flame Condition: Blue / Orange
Shift: Day
Month: Nov
Day: 2
Year: 2021
Attachment: 
Encoding: HTML
========================================

$@MID@$: 3011
Date: Tue, 02 Nov 2021 20:37:12 -0600
Author: Ryan Gilgan
Pressure: 235
Temperature: 68
Front Water Lvl: 2
Back Water Lvl: 2.5
Flame Condition: Blue / Orange
Shift: Night
Month: Nov
Day: 2
Year: 2021
Attachment: 
Encoding: HTML
========================================

