$@MID@$: 3050
Date: Mon, 22 Nov 2021 14:12:09 -0700
Author: Leo Nedelec
Pressure: 238
Temperature: 69
Front Water Lvl: 3.5
Back Water Lvl: 3
Flame Condition: Blue / Orange
Shift: Day
Month: Nov
Day: 21
Year: 2021
Attachment: 
Encoding: HTML
========================================

$@MID@$: 3051
Date: Mon, 22 Nov 2021 23:23:54 -0700
Author: Blaine Harris
Pressure: 247
Temperature: 65
Front Water Lvl: 2
Back Water Lvl: 2
Flame Condition: Blue / Orange
Shift: Night
Month: Nov
Day: 22
Year: 2021
Attachment: 
Encoding: HTML
========================================

