$@MID@$: 3100
Date: Fri, 17 Dec 2021 11:03:03 -0700
Author: Leo Nedelec
Pressure: 235
Temperature: 71
Front Water Lvl: 2.5
Back Water Lvl: 3
Flame Condition: Blue / Orange
Shift: Day
Month: Dec
Day: 17
Year: 2021
Attachment: 
Encoding: HTML
========================================

$@MID@$: 3101
Date: Fri, 17 Dec 2021 20:42:57 -0700
Author: Kevin Nicol
Pressure: 254
Temperature: 70
Front Water Lvl: 1.5
Back Water Lvl: 2
Flame Condition: Blue / Orange
Shift: Night
Month: Dec
Day: 17
Year: 2021
Attachment: 
Encoding: HTML
========================================

