$@MID@$: 3093
Date: Mon, 13 Dec 2021 03:55:06 -0700
Author: Jordan Wilson
Pressure: 233
Temperature: 65
Front Water Lvl: 2
Back Water Lvl: 2
Flame Condition: Blue / Orange
Shift: Night
Month: Dec
Day: 12
Year: 2021
Attachment: 
Encoding: HTML
========================================

$@MID@$: 3094
Date: Mon, 13 Dec 2021 12:26:47 -0700
Author: Kyle Shute
Pressure: 259
Temperature: 70
Front Water Lvl: 3
Back Water Lvl: 2
Flame Condition: Blue / Orange
Shift: Day
Month: Dec
Day: 13
Year: 2021
Attachment: 
Encoding: HTML
========================================

