$@MID@$: 3109
Date: Wed, 22 Dec 2021 01:18:38 -0700
Author: Blaine Harris
Pressure: 236
Temperature: 66
Front Water Lvl: 2.5
Back Water Lvl: 2
Flame Condition: Blue / Orange
Shift: Night
Month: Dec
Day: 21
Year: 2021
Attachment: 
Encoding: HTML
========================================

$@MID@$: 3110
Date: Wed, 22 Dec 2021 17:40:11 -0700
Author: Leo Nedelec
Pressure: 247
Temperature: 67
Front Water Lvl: 3
Back Water Lvl: 3.5
Flame Condition: Blue / Orange
Shift: Day
Month: Dec
Day: 22
Year: 2021
Attachment: 
Encoding: HTML
========================================

$@MID@$: 3111
Date: Wed, 22 Dec 2021 23:09:16 -0700
Author: Blaine Harris
Pressure: 274
Temperature: 67
Front Water Lvl: 2
Back Water Lvl: 2
Flame Condition: Blue / Orange
Shift: Night
Month: Dec
Day: 22
Year: 2021
Attachment: 
Encoding: HTML
========================================

