$@MID@$: 1034
Date: Mon, 21 Jan 2019 02:06:41 -0700
Author: Tye Mastre
Flow: 239
Inlet Temp: 207
Outlet Temp: 223
Pump Press: 720
Surge Tank Press: 355
Surge Tank Level: 3
Fuel Gas Press: 850
Stack Temp: 232
Flame Condition: Blue
Shift: Night
Month: Jan
Day: 20
Year: 2019
Attachment: 
Encoding: HTML
========================================

$@MID@$: 1035
Date: Mon, 21 Jan 2019 09:06:25 -0700
Author: Kevin Nicol
Flow: 240
Inlet Temp: 208
Outlet Temp: 224
Pump Press: 720
Surge Tank Press: 355
Surge Tank Level: 3
Fuel Gas Press: 860
Stack Temp: 230
Flame Condition: Blue
Shift: Day
Month: Jan
Day: 21
Year: 2019
Attachment: 
Encoding: HTML
========================================

