$@MID@$: 1027
Date: Thu, 17 Jan 2019 08:03:57 -0700
Author: Kevin Nicol
Flow: 240
Inlet Temp: 203
Outlet Temp: 223
Pump Press: 720
Surge Tank Press: 350
Surge Tank Level: 3
Fuel Gas Press: 840
Stack Temp: 245
Flame Condition: Blue
Shift: Day
Month: Jan
Day: 17
Year: 2019
Attachment: 
Encoding: HTML
========================================

$@MID@$: 1028
Date: Thu, 17 Jan 2019 22:16:48 -0700
Author: Tye Mastre
Flow: 240
Inlet Temp: 208
Outlet Temp: 222
Pump Press: 730
Surge Tank Press: 350
Surge Tank Level: 3
Fuel Gas Press: 850
Stack Temp: 227
Flame Condition: Blue
Shift: Night
Month: Jan
Day: 17
Year: 2019
Attachment: 
Encoding: HTML
========================================

