$@MID@$: 1072
Date: Sat, 09 Feb 2019 17:08:34 -0700
Author: Ryan Bangle
Flow: 240
Inlet Temp: 200
Outlet Temp: 214
Pump Press: 680
Surge Tank Press: 355
Surge Tank Level: 3
Fuel Gas Press: 820
Stack Temp: 244
Flame Condition: Blue
Shift: Day
Month: Feb
Day: 9
Year: 2019
Attachment: 
Encoding: HTML
========================================

$@MID@$: 1073
Date: Sat, 09 Feb 2019 21:27:18 -0700
Author: Gary Wright
Flow: 240
Inlet Temp: 201
Outlet Temp: 217
Pump Press: 670
Surge Tank Press: 355
Surge Tank Level: 3
Fuel Gas Press: 840
Stack Temp: 237
Flame Condition: Blue
Shift: Night
Month: Feb
Day: 9
Year: 2019
Attachment: 
Encoding: HTML
========================================

