$@MID@$: 1091
Date: Mon, 18 Feb 2019 17:02:35 -0700
Author: Ryan Gilgan
Flow: 238
Inlet Temp: 198
Outlet Temp: 218
Pump Press: 660
Surge Tank Press: 355
Surge Tank Level: 3
Fuel Gas Press: 860
Stack Temp: 243
Flame Condition: Blue
Shift: Day
Month: Feb
Day: 18
Year: 2019
Attachment: 
Encoding: HTML
========================================

$@MID@$: 1092
Date: Mon, 18 Feb 2019 20:22:19 -0700
Author: Kevin Nicol
Flow: 242
Inlet Temp: 198
Outlet Temp: 218
Pump Press: 660
Surge Tank Press: 355
Surge Tank Level: 3
Fuel Gas Press: 830
Stack Temp: 242
Flame Condition: Blue
Shift: Night
Month: Feb
Day: 18
Year: 2019
Attachment: 
Encoding: HTML
========================================

