$@MID@$: 1089
Date: Sun, 17 Feb 2019 16:44:11 -0700
Author: Ryan Gilgan
Flow: 243
Inlet Temp: 198
Outlet Temp: 218
Pump Press: 640
Surge Tank Press: 355
Surge Tank Level: 3
Fuel Gas Press: 820
Stack Temp: 244
Flame Condition: Blue
Shift: Day
Month: Feb
Day: 17
Year: 2019
Attachment: 
Encoding: HTML
========================================

$@MID@$: 1090
Date: Sun, 17 Feb 2019 19:41:12 -0700
Author: Kevin Nicol
Flow: 242
Inlet Temp: 198
Outlet Temp: 218
Pump Press: 660
Surge Tank Press: 355
Surge Tank Level: 3
Fuel Gas Press: 850
Stack Temp: 244
Flame Condition: Blue
Shift: Night
Month: Feb
Day: 17
Year: 2019
Attachment: 
Encoding: HTML
========================================

