$@MID@$: 1125
Date: Tue, 12 Mar 2019 05:13:10 -0600
Author: Ryan Bangle
Flow: 239
Inlet Temp: 198
Outlet Temp: 217
Pump Press: 660
Surge Tank Press: 355
Surge Tank Level: 3
Fuel Gas Press: 920
Stack Temp: 244
Flame Condition: Blue
Shift: Night
Month: Mar
Day: 11
Year: 2019
Attachment: 
Encoding: HTML
========================================

$@MID@$: 1126
Date: Tue, 12 Mar 2019 16:26:04 -0600
Author: Dayton Mohr
Flow: 241
Inlet Temp: 198
Outlet Temp: 218
Pump Press: 660
Surge Tank Press: 350
Surge Tank Level: 3
Fuel Gas Press: 940
Stack Temp: 249
Flame Condition: Blue
Shift: Day
Month: Mar
Day: 12
Year: 2019
Attachment: 
Encoding: HTML
========================================

