$@MID@$: 1109
Date: Mon, 04 Mar 2019 02:13:44 -0700
Author: Tye Mastre
Flow: 236
Inlet Temp: 196
Outlet Temp: 218
Pump Press: 660
Surge Tank Press: 355
Surge Tank Level: 3
Fuel Gas Press: 930
Stack Temp: 247
Flame Condition: Blue
Shift: Night
Month: Mar
Day: 3
Year: 2019
Attachment: 
Encoding: HTML
========================================

$@MID@$: 1110
Date: Mon, 04 Mar 2019 07:20:27 -0700
Author: Kevin Nicol
Flow: 238
Inlet Temp: 197
Outlet Temp: 218
Pump Press: 660
Surge Tank Press: 355
Surge Tank Level: 2
Fuel Gas Press: 940
Stack Temp: 246
Flame Condition: Blue
Shift: Day
Month: Mar
Day: 4
Year: 2019
Attachment: 
Encoding: HTML
========================================

