$@MID@$: 1132
Date: Sat, 16 Mar 2019 05:04:31 -0600
Author: Ryan Gilgan
Flow: 231
Inlet Temp: 196
Outlet Temp: 217
Pump Press: 660
Surge Tank Press: 347
Surge Tank Level: 3
Fuel Gas Press: 920
Stack Temp: 242
Flame Condition: Blue
Shift: Night
Month: Mar
Day: 15
Year: 2019
Attachment: 
Encoding: HTML
========================================

$@MID@$: 1133
Date: Sat, 16 Mar 2019 10:33:20 -0600
Author: Tye Mastre
Flow: 239
Inlet Temp: 198
Outlet Temp: 218
Pump Press: 660
Surge Tank Press: 350
Surge Tank Level: 3
Fuel Gas Press: 930
Stack Temp: 245
Flame Condition: Blue
Shift: Day
Month: Mar
Day: 16
Year: 2019
Attachment: 
Encoding: HTML
========================================

