$@MID@$: 1192
Date: Tue, 16 Apr 2019 04:30:10 -0600
Author: Tye Mastre
Flow: 236
Inlet Temp: 200
Outlet Temp: 218
Pump Press: 680
Surge Tank Press: 355
Surge Tank Level: 3
Fuel Gas Press: 940
Stack Temp: 240
Flame Condition: Blue
Shift: Night
Month: Apr
Day: 15
Year: 2019
Attachment: 
Encoding: HTML
========================================

$@MID@$: 1193
Date: Tue, 16 Apr 2019 17:04:41 -0600
Author: Blaine Harris
Flow: 234
Inlet Temp: 199
Outlet Temp: 217
Pump Press: 670
Surge Tank Press: 355
Surge Tank Level: 3
Fuel Gas Press: 940
Stack Temp: 241
Flame Condition: Blue
Shift: Day
Month: Apr
Day: 16
Year: 2019
Attachment: 
Encoding: HTML
========================================

