$@MID@$: 1180
Date: Wed, 10 Apr 2019 00:15:06 -0600
Author: Tye Mastre
Flow: 235
Inlet Temp: 198
Outlet Temp: 218
Pump Press: 680
Surge Tank Press: 355
Surge Tank Level: 3
Fuel Gas Press: 935
Stack Temp: 241
Flame Condition: Blue
Shift: Night
Month: Apr
Day: 9
Year: 2019
Attachment: 
Encoding: HTML
========================================

$@MID@$: 1181
Date: Wed, 10 Apr 2019 12:06:09 -0600
Author: Bryan Noble
Flow: 235
Inlet Temp: 199
Outlet Temp: 218
Pump Press: 680
Surge Tank Press: 355
Surge Tank Level: 3
Fuel Gas Press: 920
Stack Temp: 239
Flame Condition: Blue
Shift: Day
Month: Apr
Day: 10
Year: 2019
Attachment: 
Encoding: HTML
========================================

