$@MID@$: 1310
Date: Sun, 30 Jun 2019 05:14:46 -0600
Author: Blaine Harris
Flow: 238
Inlet Temp: 190
Outlet Temp: 210
Pump Press: 620
Surge Tank Press: 325
Surge Tank Level: 5
Fuel Gas Press: 730
Stack Temp: 237
Flame Condition: Blue
Shift: Night
Month: Jun
Day: 29
Year: 2019
Attachment: 
Encoding: HTML
========================================

$@MID@$: 1311
Date: Sun, 30 Jun 2019 13:51:02 -0600
Author: Dayton Mohr
Flow: 240
Inlet Temp: 189
Outlet Temp: 210
Pump Press: 620
Surge Tank Press: 325
Surge Tank Level: 5
Fuel Gas Press: 920
Stack Temp: 239
Flame Condition: Blue
Shift: Day
Month: Jun
Day: 30
Year: 2019
Attachment: 
Encoding: HTML
========================================

