$@MID@$: 1305
Date: Thu, 27 Jun 2019 01:18:34 -0600
Author: Blaine Harris
Flow: 235
Inlet Temp: 190
Outlet Temp: 210
Pump Press: 610
Surge Tank Press: 325
Surge Tank Level: 5
Fuel Gas Press: 730
Stack Temp: 237
Flame Condition: Blue
Shift: Night
Month: Jun
Day: 26
Year: 2019
Attachment: 
Encoding: HTML
========================================

$@MID@$: 1306
Date: Thu, 27 Jun 2019 17:16:02 -0600
Author: Romeo Tobias
Flow: 236
Inlet Temp: 191
Outlet Temp: 220
Pump Press: 610
Surge Tank Press: 325
Surge Tank Level: 5
Fuel Gas Press: 720
Stack Temp: 235
Flame Condition: Blue
Shift: Day
Month: Jun
Day: 27
Year: 2019
Attachment: 
Encoding: HTML
========================================

$@MID@$: 1307
Date: Thu, 27 Jun 2019 22:51:43 -0600
Author: Blaine Harris
Flow: 237
Inlet Temp: 190
Outlet Temp: 210
Pump Press: 620
Surge Tank Press: 325
Surge Tank Level: 5
Fuel Gas Press: 730
Stack Temp: 237
Flame Condition: Blue
Shift: Night
Month: Jun
Day: 27
Year: 2019
Attachment: 
Encoding: HTML
========================================

