$@MID@$: 1286
Date: Mon, 17 Jun 2019 00:36:04 -0600
Author: Romeo Tobias
Flow: 230
Inlet Temp: 192
Outlet Temp: 211
Pump Press: 610
Surge Tank Press: 320
Surge Tank Level: 5
Fuel Gas Press: 720
Stack Temp: 227
Flame Condition: Blue
Shift: Night
Month: Jun
Day: 16
Year: 2019
Attachment: 
Encoding: HTML
========================================

$@MID@$: 1287
Date: Mon, 17 Jun 2019 16:59:39 -0600
Author: Ryan Bangle
Flow: 231
Inlet Temp: 193
Outlet Temp: 211
Pump Press: 610
Surge Tank Press: 325
Surge Tank Level: 5
Fuel Gas Press: 720
Stack Temp: 230
Flame Condition: Blue
Shift: Day
Month: Jun
Day: 17
Year: 2019
Attachment: 
Encoding: HTML
========================================

