$@MID@$: 1264
Date: Thu, 06 Jun 2019 04:58:06 -0600
Author: Ryan Gilgan
Flow: 230
Inlet Temp: 194
Outlet Temp: 210
Pump Press: 610
Surge Tank Press: 325
Surge Tank Level: 5
Fuel Gas Press: 720
Stack Temp: 225
Flame Condition: Blue
Shift: Night
Month: Jun
Day: 5
Year: 2019
Attachment: 
Encoding: HTML
========================================

$@MID@$: 1265
Date: Thu, 06 Jun 2019 16:00:54 -0600
Author: Tye Mastre
Flow: 230
Inlet Temp: 194
Outlet Temp: 210
Pump Press: 610
Surge Tank Press: 325
Surge Tank Level: 5
Fuel Gas Press: 725
Stack Temp: 221
Flame Condition: Blue
Shift: Day
Month: Jun
Day: 6
Year: 2019
Attachment: 
Encoding: HTML
========================================

