$@MID@$: 1326
Date: Mon, 08 Jul 2019 05:14:49 -0600
Author: Dayton Mohr
Flow: 235
Inlet Temp: 191
Outlet Temp: 209
Pump Press: 620
Surge Tank Press: 325
Surge Tank Level: 5
Fuel Gas Press: 720
Stack Temp: 238
Flame Condition: Blue
Shift: Night
Month: Jul
Day: 7
Year: 2019
Attachment: 
Encoding: HTML
========================================

$@MID@$: 1327
Date: Mon, 08 Jul 2019 06:58:05 -0600
Author: Kevin Nicol
Flow: 237
Inlet Temp: 189
Outlet Temp: 210
Pump Press: 620
Surge Tank Press: 327
Surge Tank Level: 5
Fuel Gas Press: 720
Stack Temp: 239
Flame Condition: Blue
Shift: Day
Month: Jul
Day: 8
Year: 2019
Attachment: 
Encoding: HTML
========================================

