$@MID@$: 1361
Date: Fri, 26 Jul 2019 00:31:31 -0600
Author: Blaine Harris
Flow: 234
Inlet Temp: 191
Outlet Temp: 210
Pump Press: 620
Surge Tank Press: 325
Surge Tank Level: 4
Fuel Gas Press: 720
Stack Temp: 233
Flame Condition: Blue
Shift: Night
Month: Jul
Day: 25
Year: 2019
Attachment: 
Encoding: HTML
========================================

$@MID@$: 1362
Date: Fri, 26 Jul 2019 09:13:57 -0600
Author: Bryan Noble
Flow: 233
Inlet Temp: 193
Outlet Temp: 209
Pump Press: 620
Surge Tank Press: 325
Surge Tank Level: 5
Fuel Gas Press: 720
Stack Temp: 232
Flame Condition: Blue
Shift: Day
Month: Jul
Day: 26
Year: 2019
Attachment: 
Encoding: HTML
========================================

