$@MID@$: 1488
Date: Sun, 29 Sep 2019 10:58:57 -0600
Author: Romeo Tobias
Flow: 227
Inlet Temp: 188
Outlet Temp: 209
Pump Press: 620
Surge Tank Press: 335
Surge Tank Level: 7
Fuel Gas Press: 720
Stack Temp: 236
Flame Condition: Blue
Shift: Day
Month: Sep
Day: 29
Year: 2019
Attachment: 
Encoding: HTML
========================================

$@MID@$: 1489
Date: Sun, 29 Sep 2019 22:49:30 -0600
Author: Dayton Mohr
Flow: 288
Inlet Temp: 189
Outlet Temp: 210
Pump Press: 620
Surge Tank Press: 330
Surge Tank Level: 7
Fuel Gas Press: 720
Stack Temp: 238
Flame Condition: Blue
Shift: Night
Month: Sep
Day: 29
Year: 2019
Attachment: 
Encoding: HTML
========================================

