$@MID@$: 1462
Date: Mon, 16 Sep 2019 09:51:36 -0600
Author: Bryan Noble
Flow: 228
Inlet Temp: 189
Outlet Temp: 209
Pump Press: 600
Surge Tank Press: 325
Surge Tank Level: 9
Fuel Gas Press: 710
Stack Temp: 240
Flame Condition: Blue
Shift: Day
Month: Sep
Day: 16
Year: 2019
Attachment: 
Encoding: HTML
========================================

$@MID@$: 1463
Date: Mon, 16 Sep 2019 19:40:41 -0600
Author: Kevin Nicol
Flow: 230
Inlet Temp: 189
Outlet Temp: 209
Pump Press: 600
Surge Tank Press: 325
Surge Tank Level: 6
Fuel Gas Press: 700
Stack Temp: 243
Flame Condition: Blue
Shift: Night
Month: Sep
Day: 16
Year: 2019
Attachment: 
Encoding: HTML
========================================

