$@MID@$: 1443
Date: Sat, 07 Sep 2019 05:02:04 -0600
Author: Tye Mastre
Flow: 227
Inlet Temp: 190
Outlet Temp: 209
Pump Press: 605
Surge Tank Press: 325
Surge Tank Level: 8
Fuel Gas Press: 715
Stack Temp: 237
Flame Condition: Blue
Shift: Night
Month: Sep
Day: 6
Year: 2019
Attachment: 
Encoding: HTML
========================================

$@MID@$: 1444
Date: Sat, 07 Sep 2019 17:09:17 -0600
Author: Ryan Bangle
Flow: 225
Inlet Temp: 190
Outlet Temp: 208
Pump Press: 600
Surge Tank Press: 325
Surge Tank Level: 8
Fuel Gas Press: 710
Stack Temp: 239
Flame Condition: Blue
Shift: Day
Month: Sep
Day: 7
Year: 2019
Attachment: 
Encoding: HTML
========================================

