$@MID@$: 1521
Date: Thu, 17 Oct 2019 00:56:07 -0600
Author: Tye Mastre
Flow: 228
Inlet Temp: 188
Outlet Temp: 210
Pump Press: 610
Surge Tank Press: 325
Surge Tank Level: 8
Fuel Gas Press: 720
Stack Temp: 245
Flame Condition: Blue
Shift: Night
Month: Oct
Day: 16
Year: 2019
Attachment: 
Encoding: HTML
========================================

$@MID@$: 1522
Date: Thu, 17 Oct 2019 17:08:41 -0600
Author: Ryan Bangle
Flow: 228
Inlet Temp: 188
Outlet Temp: 211
Pump Press: 620
Surge Tank Press: 325
Surge Tank Level: 8
Fuel Gas Press: 710
Stack Temp: 238
Flame Condition: Blue
Shift: Day
Month: Oct
Day: 17
Year: 2019
Attachment: 
Encoding: HTML
========================================

