$@MID@$: 1505
Date: Tue, 08 Oct 2019 05:16:40 -0600
Author: Ryan Bangle
Flow: 224
Inlet Temp: 190
Outlet Temp: 209
Pump Press: 620
Surge Tank Press: 330
Surge Tank Level: 8
Fuel Gas Press: 720
Stack Temp: 232
Flame Condition: Blue
Shift: Night
Month: Oct
Day: 7
Year: 2019
Attachment: 
Encoding: HTML
========================================

$@MID@$: 1506
Date: Tue, 08 Oct 2019 16:26:51 -0600
Author: Dayton Mohr
Flow: 225
Inlet Temp: 191
Outlet Temp: 210
Pump Press: 620
Surge Tank Press: 330
Surge Tank Level: 7
Fuel Gas Press: 720
Stack Temp: 231
Flame Condition: Blue
Shift: Day
Month: Oct
Day: 8
Year: 2019
Attachment: 
Encoding: HTML
========================================

