$@MID@$: 1493
Date: Wed, 02 Oct 2019 01:29:08 -0600
Author: Ryan Bangle
Flow: 224
Inlet Temp: 193
Outlet Temp: 210
Pump Press: 620
Surge Tank Press: 330
Surge Tank Level: 7
Fuel Gas Press: 740
Stack Temp: 226
Flame Condition: Blue
Shift: Night
Month: Oct
Day: 1
Year: 2019
Attachment: 
Encoding: HTML
========================================

$@MID@$: 1494
Date: Wed, 02 Oct 2019 17:05:38 -0600
Author: Blaine Harris
Flow: 223
Inlet Temp: 194
Outlet Temp: 209
Pump Press: 620
Surge Tank Press: 330
Surge Tank Level: 7
Fuel Gas Press: 740
Stack Temp: 225
Flame Condition: Blue
Shift: Day
Month: Oct
Day: 2
Year: 2019
Attachment: 
Encoding: HTML
========================================

