$@MID@$: 1546
Date: Wed, 30 Oct 2019 01:02:51 -0600
Author: Blaine Harris
Flow: 245
Inlet Temp: 196
Outlet Temp: 210
Pump Press: 690
Surge Tank Press: 330
Surge Tank Level: 12
Fuel Gas Press: 750
Stack Temp: 222
Flame Condition: Blue
Shift: Night
Month: Oct
Day: 29
Year: 2019
Attachment: 
Encoding: HTML
========================================

$@MID@$: 1547
Date: Wed, 30 Oct 2019 16:56:21 -0600
Author: Tye Mastre
Flow: 245
Inlet Temp: 196
Outlet Temp: 211
Pump Press: 700
Surge Tank Press: 335
Surge Tank Level: 7
Fuel Gas Press: 740
Stack Temp: 221
Flame Condition: Blue
Shift: Day
Month: Oct
Day: 30
Year: 2019
Attachment: 
Encoding: HTML
========================================

