$@MID@$: 1495
Date: Thu, 03 Oct 2019 05:14:45 -0600
Author: Ryan Bangle
Flow: 222
Inlet Temp: 194
Outlet Temp: 208
Pump Press: 620
Surge Tank Press: 330
Surge Tank Level: 7
Fuel Gas Press: 720
Stack Temp: 226
Flame Condition: Blue
Shift: Night
Month: Oct
Day: 2
Year: 2019
Attachment: 
Encoding: HTML
========================================

$@MID@$: 1496
Date: Thu, 03 Oct 2019 16:34:07 -0600
Author: Blaine Harris
Flow: 221
Inlet Temp: 194
Outlet Temp: 210
Pump Press: 620
Surge Tank Press: 330
Surge Tank Level: 8
Fuel Gas Press: 740
Stack Temp: 223
Flame Condition: Blue
Shift: Day
Month: Oct
Day: 3
Year: 2019
Attachment: 
Encoding: HTML
========================================

