$@MID@$: 1603
Date: Thu, 28 Nov 2019 00:27:50 -0700
Author: Tye Mastre
Flow: 228
Inlet Temp: 193
Outlet Temp: 209
Pump Press: 620
Surge Tank Press: 335
Surge Tank Level: 6
Fuel Gas Press: 730
Stack Temp: 223
Flame Condition: Blue
Shift: Night
Month: Nov
Day: 27
Year: 2019
Attachment: 
Encoding: HTML
========================================

$@MID@$: 1604
Date: Thu, 28 Nov 2019 16:38:07 -0700
Author: ryan blair
Flow: 224
Inlet Temp: 194
Outlet Temp: 210
Pump Press: 640
Surge Tank Press: 340
Surge Tank Level: 7
Fuel Gas Press: 730
Stack Temp: 221
Flame Condition: Blue / Orange
Shift: Day
Month: Nov
Day: 28
Year: 2019
Attachment: 
Encoding: HTML
========================================

