$@MID@$: 1576
Date: Thu, 14 Nov 2019 05:00:11 -0700
Author: Ryan Bangle
Flow: 226
Inlet Temp: 195
Outlet Temp: 210
Pump Press: 630
Surge Tank Press: 325
Surge Tank Level: 7
Fuel Gas Press: 740
Stack Temp: 221
Flame Condition: Blue
Shift: Night
Month: Nov
Day: 13
Year: 2019
Attachment: 
Encoding: HTML
========================================

$@MID@$: 1577
Date: Thu, 14 Nov 2019 09:19:19 -0700
Author: Tye Mastre
Flow: 227
Inlet Temp: 195
Outlet Temp: 211
Pump Press: 640
Surge Tank Press: 330
Surge Tank Level: 6
Fuel Gas Press: 740
Stack Temp: 222
Flame Condition: Blue
Shift: Day
Month: Nov
Day: 14
Year: 2019
Attachment: 
Encoding: HTML
========================================

