$@MID@$: 1626
Date: Tue, 10 Dec 2019 08:28:42 -0700
Author: ryan blair
Flow: 224
Inlet Temp: 194
Outlet Temp: 211
Pump Press: 620
Surge Tank Press: 335
Surge Tank Level: 6
Fuel Gas Press: 730
Stack Temp: 224
Flame Condition: Blue
Shift: Day
Month: Dec
Day: 10
Year: 2019
Attachment: 
Encoding: HTML
========================================

$@MID@$: 1627
Date: Tue, 10 Dec 2019 23:04:43 -0700
Author: Blaine Harris
Flow: 225
Inlet Temp: 93
Outlet Temp: 210
Pump Press: 640
Surge Tank Press: 335
Surge Tank Level: 6
Fuel Gas Press: 740
Stack Temp: 221
Flame Condition: Blue
Shift: Night
Month: Dec
Day: 10
Year: 2019
Attachment: 
Encoding: HTML
========================================

