$@MID@$: 1645
Date: Fri, 20 Dec 2019 05:29:07 -0700
Author: Dayton Mohr
Flow: 224
Inlet Temp: 196
Outlet Temp: 209
Pump Press: 650
Surge Tank Press: 335
Surge Tank Level: 6
Fuel Gas Press: 740
Stack Temp: 220
Flame Condition: Blue / Orange
Shift: Night
Month: Dec
Day: 19
Year: 2019
Attachment: 
Encoding: HTML
========================================

$@MID@$: 1646
Date: Fri, 20 Dec 2019 08:44:25 -0700
Author: Kevin Nicol
Flow: 226
Inlet Temp: 193
Outlet Temp: 210
Pump Press: 640
Surge Tank Press: 340
Surge Tank Level: 6
Fuel Gas Press: 760
Stack Temp: 223
Flame Condition: Blue
Shift: Day
Month: Dec
Day: 20
Year: 2019
Attachment: 
Encoding: HTML
========================================

$@MID@$: 1647
Date: Fri, 20 Dec 2019 22:45:38 -0700
Author: Dayton Mohr
Flow: 227
Inlet Temp: 194
Outlet Temp: 209
Pump Press: 640
Surge Tank Press: 335
Surge Tank Level: 6
Fuel Gas Press: 760
Stack Temp: 222
Flame Condition: Blue
Shift: Night
Month: Dec
Day: 20
Year: 2019
Attachment: 
Encoding: HTML
========================================

