$@MID@$: 1730
Date: Sun, 12 Jan 2020 04:23:10 -0700
Author: Tye Mastre
Pressure: 262
Temperature: 62
Front Water Lvl: 1
Back Water Lvl: 2
Flame Condition: Blue / Orange
Shift: Night
Month: Jan
Day: 11
Year: 2020
Attachment: 
Encoding: HTML
========================================

$@MID@$: 1731
Date: Sun, 12 Jan 2020 14:09:25 -0700
Author: ryan blair
Pressure: 245
Temperature: 63
Front Water Lvl: 1
Back Water Lvl: 2
Flame Condition: Blue / Orange
Shift: Day
Month: Jan
Day: 12
Year: 2020
Attachment: 
Encoding: HTML
========================================

