$@MID@$: 1732
Date: Mon, 13 Jan 2020 04:26:57 -0700
Author: Tye Mastre
Pressure: 253
Temperature: 63
Front Water Lvl: 1
Back Water Lvl: 2
Flame Condition: Blue / Orange
Shift: Night
Month: Jan
Day: 12
Year: 2020
Attachment: 
Encoding: HTML
========================================

$@MID@$: 1733
Date: Mon, 13 Jan 2020 10:43:32 -0700
Author: ryan blair
Pressure: 245
Temperature: 61
Front Water Lvl: 1
Back Water Lvl: 2
Flame Condition: Blue / Orange
Shift: Day
Month: Jan
Day: 13
Year: 2020
Attachment: 
Encoding: HTML
========================================

