$@MID@$: 1737
Date: Wed, 15 Jan 2020 11:05:51 -0700
Author: ryan blair
Pressure: 257
Temperature: 62
Front Water Lvl: 1
Back Water Lvl: 3
Flame Condition: Blue / Orange
Shift: Day
Month: Jan
Day: 15
Year: 2020
Attachment: 
Encoding: HTML
========================================

$@MID@$: 1738
Date: Wed, 15 Jan 2020 19:47:27 -0700
Author: Kevin Nicol
Pressure: 239
Temperature: 60
Front Water Lvl: 1
Back Water Lvl: 3
Flame Condition: Blue / Orange
Shift: Night
Month: Jan
Day: 15
Year: 2020
Attachment: 
Encoding: HTML
========================================

