$@MID@$: 1782
Date: Fri, 07 Feb 2020 04:55:34 -0700
Author: ryan blair
Pressure: 241
Temperature: 57
Front Water Lvl: 3
Back Water Lvl: 2
Flame Condition: Blue / Orange
Shift: Night
Month: Feb
Day: 6
Year: 2020
Attachment: 
Encoding: HTML
========================================

$@MID@$: 1783
Date: Fri, 07 Feb 2020 10:40:51 -0700
Author: Jordan Wilson
Pressure: 239
Temperature: 60
Front Water Lvl: 2
Back Water Lvl: 1
Flame Condition: Blue / Orange
Shift: Day
Month: Feb
Day: 7
Year: 2020
Attachment: 
Encoding: HTML
========================================

