$@MID@$: 1823
Date: Thu, 27 Feb 2020 11:27:27 -0700
Author: dallas lawrence
Pressure: 230
Temperature: 61
Front Water Lvl: 3
Back Water Lvl: 2
Flame Condition: Blue / Orange
Shift: Day
Month: Feb
Day: 27
Year: 2020
Attachment: 
Encoding: HTML
========================================

$@MID@$: 1824
Date: Thu, 27 Feb 2020 22:23:10 -0700
Author: Kevin Nicol
Pressure: 248
Temperature: 65
Front Water Lvl: 2
Back Water Lvl: 1
Flame Condition: Blue / Orange
Shift: Night
Month: Feb
Day: 27
Year: 2020
Attachment: 
Encoding: HTML
========================================

