$@MID@$: 1784
Date: Sat, 08 Feb 2020 05:06:56 -0700
Author: ryan blair
Pressure: 236
Temperature: 59
Front Water Lvl: 3
Back Water Lvl: 2
Flame Condition: Blue / Orange
Shift: Night
Month: Feb
Day: 7
Year: 2020
Attachment: 
Encoding: HTML
========================================

$@MID@$: 1785
Date: Sat, 08 Feb 2020 10:55:35 -0700
Author: Jordan Wilson
Pressure: 268
Temperature: 63
Front Water Lvl: 2
Back Water Lvl: 1
Flame Condition: Blue / Orange
Shift: Day
Month: Feb
Day: 8
Year: 2020
Attachment: 
Encoding: HTML
========================================

