$@MID@$: 1772
Date: Sun, 02 Feb 2020 05:18:17 -0700
Author: Dayton Mohr
Pressure: 282
Temperature: 63
Front Water Lvl: 3
Back Water Lvl: 3
Flame Condition: Blue / Orange
Shift: Night
Month: Feb
Day: 1
Year: 2020
Attachment: 
Encoding: HTML
========================================

$@MID@$: 1773
Date: Sun, 02 Feb 2020 10:23:39 -0700
Author: dallas lawrence
Pressure: 250
Temperature: 63
Front Water Lvl: 3
Back Water Lvl: 3
Flame Condition: Blue / Orange
Shift: Day
Month: Feb
Day: 2
Year: 2020
Attachment: 
Encoding: HTML
========================================

