$@MID@$: 1888
Date: Tue, 31 Mar 2020 00:28:49 -0600
Author: Ryan Gilgan
Pressure: 231
Temperature: 63
Front Water Lvl: 3
Back Water Lvl: 1
Flame Condition: Blue / Orange
Shift: Night
Month: Mar
Day: 30
Year: 2020
Attachment: 
Encoding: HTML
========================================

$@MID@$: 1889
Date: Tue, 31 Mar 2020 16:24:45 -0600
Author: Jordan Wilson
Pressure: 267
Temperature: 60
Front Water Lvl: 2
Back Water Lvl: 1
Flame Condition: Blue / Orange
Shift: Day
Month: Mar
Day: 31
Year: 2020
Attachment: 
Encoding: HTML
========================================

