$@MID@$: 1870
Date: Sun, 22 Mar 2020 01:32:49 -0600
Author: ryan blair
Pressure: 233
Temperature: 61
Front Water Lvl: 2
Back Water Lvl: 2
Flame Condition: Blue / Orange
Shift: Night
Month: Mar
Day: 21
Year: 2020
Attachment: 
Encoding: HTML
========================================

$@MID@$: 1871
Date: Sun, 22 Mar 2020 09:37:42 -0600
Author: Kyle Shute
Pressure: 247
Temperature: 65
Front Water Lvl: 2
Back Water Lvl: 1
Flame Condition: Blue / Orange
Shift: Day
Month: Mar
Day: 22
Year: 2020
Attachment: 
Encoding: HTML
========================================

