$@MID@$: 1942
Date: Mon, 27 Apr 2020 09:15:19 -0600
Author: Jordan Wilson
Pressure: 173
Temperature: 63
Front Water Lvl: 3
Back Water Lvl: 1.5
Flame Condition: Blue / Orange
Shift: Day
Month: Apr
Day: 27
Year: 2020
Attachment: 
Encoding: HTML
========================================
<p>Manually dumped back water</p>
$@MID@$: 1943
Date: Mon, 27 Apr 2020 23:27:11 -0600
Author: Dayton Mohr
Pressure: 220
Temperature: 61
Front Water Lvl: 3
Back Water Lvl: 2
Flame Condition: Blue / Orange
Shift: Night
Month: Apr
Day: 27
Year: 2020
Attachment: 
Encoding: HTML
========================================

