$@MID@$: 1917
Date: Tue, 14 Apr 2020 11:42:00 -0600
Author: Jordan Wilson
Pressure: 243
Temperature: 65
Front Water Lvl: 2
Back Water Lvl: 1
Flame Condition: Blue / Orange
Shift: Day
Month: Apr
Day: 14
Year: 2020
Attachment: 
Encoding: HTML
========================================

$@MID@$: 1918
Date: Tue, 14 Apr 2020 20:19:35 -0600
Author: Kevin Nicol
Pressure: 230
Temperature: 64
Front Water Lvl: 2
Back Water Lvl: 1
Flame Condition: Blue / Orange
Shift: Night
Month: Apr
Day: 14
Year: 2020
Attachment: 
Encoding: HTML
========================================

