$@MID@$: 1909
Date: Fri, 10 Apr 2020 10:24:49 -0600
Author: Jordan Wilson
Pressure: 245
Temperature: 64
Front Water Lvl: 3
Back Water Lvl: 2
Flame Condition: Blue / Orange
Shift: Day
Month: Apr
Day: 10
Year: 2020
Attachment: 
Encoding: HTML
========================================

$@MID@$: 1910
Date: Fri, 10 Apr 2020 20:27:00 -0600
Author: Kevin Nicol
Pressure: 226
Temperature: 62
Front Water Lvl: 2
Back Water Lvl: 2
Flame Condition: Blue / Orange
Shift: Night
Month: Apr
Day: 10
Year: 2020
Attachment: 
Encoding: HTML
========================================

