$@MID@$: 1996
Date: Mon, 25 May 2020 10:59:12 -0600
Author: Jordan Wilson
Pressure: 224
Temperature: 62
Front Water Lvl: 2
Back Water Lvl: 1
Flame Condition: Blue / Orange
Shift: Day
Month: May
Day: 25
Year: 2020
Attachment: 
Encoding: HTML
========================================

$@MID@$: 1997
Date: Mon, 25 May 2020 20:32:58 -0600
Author: Kevin Nicol
Pressure: 217
Temperature: 63
Front Water Lvl: 2
Back Water Lvl: 1
Flame Condition: Blue / Orange
Shift: Night
Month: May
Day: 25
Year: 2020
Attachment: 
Encoding: HTML
========================================

