$@MID@$: 1951
Date: Sat, 02 May 2020 04:57:46 -0600
Author: ryan blair
Pressure: 221
Temperature: 59
Front Water Lvl: 2
Back Water Lvl: 1
Flame Condition: Blue / Orange
Shift: Night
Month: May
Day: 1
Year: 2020
Attachment: 
Encoding: HTML
========================================

$@MID@$: 1952
Date: Sat, 02 May 2020 17:00:26 -0600
Author: Blaine Harris
Pressure: 226
Temperature: 62
Front Water Lvl: 2
Back Water Lvl: 1
Flame Condition: Blue / Orange
Shift: Day
Month: May
Day: 2
Year: 2020
Attachment: 
Encoding: HTML
========================================

