$@MID@$: 2003
Date: Fri, 29 May 2020 01:49:59 -0600
Author: Blaine Harris
Pressure: 240
Temperature: 62
Front Water Lvl: 3
Back Water Lvl: 2
Flame Condition: Blue / Orange
Shift: Night
Month: May
Day: 28
Year: 2020
Attachment: 
Encoding: HTML
========================================

$@MID@$: 2004
Date: Fri, 29 May 2020 11:28:24 -0600
Author: Kyle Shute
Pressure: 227
Temperature: 61
Front Water Lvl: 2.5
Back Water Lvl: 1.5
Flame Condition: Blue / Orange
Shift: Day
Month: May
Day: 29
Year: 2020
Attachment: 
Encoding: HTML
========================================

