$@MID@$: 2045
Date: Sun, 21 Jun 2020 05:00:40 -0600
Author: Ryan Gilgan
Pressure: 227
Temperature: 60
Front Water Lvl: 2
Back Water Lvl: 3
Flame Condition: Blue / Orange
Shift: Night
Month: Jun
Day: 20
Year: 2020
Attachment: 
Encoding: HTML
========================================

$@MID@$: 2046
Date: Sun, 21 Jun 2020 10:14:15 -0600
Author: Jordan Wilson
Pressure: 216
Temperature: 62
Front Water Lvl: 2
Back Water Lvl: .5
Flame Condition: Blue / Orange
Shift: Day
Month: Jun
Day: 21
Year: 2020
Attachment: 
Encoding: HTML
========================================
<p>manually dumped back water</p>
