$@MID@$: 2037
Date: Wed, 17 Jun 2020 02:14:37 -0600
Author: ryan blair
Pressure: 226
Temperature: 61
Front Water Lvl: 2
Back Water Lvl: 1.5
Flame Condition: Blue / Orange
Shift: Night
Month: Jun
Day: 16
Year: 2020
Attachment: 
Encoding: HTML
========================================

$@MID@$: 2038
Date: Wed, 17 Jun 2020 17:16:17 -0600
Author: Kyle Shute
Pressure: 214
Temperature: 63
Front Water Lvl: 1.5
Back Water Lvl: 2
Flame Condition: Blue / Orange
Shift: Day
Month: Jun
Day: 17
Year: 2020
Attachment: 
Encoding: HTML
========================================

