$@MID@$: 2027
Date: Fri, 12 Jun 2020 04:47:12 -0600
Author: Bryan Noble
Pressure: 212
Temperature: 61
Front Water Lvl: 2
Back Water Lvl: 1
Flame Condition: Blue / Orange
Shift: Night
Month: Jun
Day: 11
Year: 2020
Attachment: 
Encoding: HTML
========================================

$@MID@$: 2028
Date: Fri, 12 Jun 2020 17:11:41 -0600
Author: Kyle Shute
Pressure: 235
Temperature: 62
Front Water Lvl: 1.5
Back Water Lvl: 1
Flame Condition: Blue / Orange
Shift: Day
Month: Jun
Day: 12
Year: 2020
Attachment: 
Encoding: HTML
========================================

$@MID@$: 2029
Date: Fri, 12 Jun 2020 20:48:01 -0600
Author: Bryan Noble
Pressure: 223
Temperature: 63
Front Water Lvl: 1.5
Back Water Lvl: 1
Flame Condition: Blue / Orange
Shift: Night
Month: Jun
Day: 12
Year: 2020
Attachment: 
Encoding: HTML
========================================

