$@MID@$: 2025
Date: Thu, 11 Jun 2020 00:37:49 -0600
Author: Dayton Mohr
Pressure: 229
Temperature: 62
Front Water Lvl: 2.5
Back Water Lvl: 1
Flame Condition: Blue / Orange
Shift: Night
Month: Jun
Day: 10
Year: 2020
Attachment: 
Encoding: HTML
========================================

$@MID@$: 2026
Date: Thu, 11 Jun 2020 10:22:14 -0600
Author: Kyle Shute
Pressure: 232
Temperature: 63
Front Water Lvl: 1.5
Back Water Lvl: .5
Flame Condition: Blue / Orange
Shift: Day
Month: Jun
Day: 11
Year: 2020
Attachment: 
Encoding: HTML
========================================

