$@MID@$: 2051
Date: Wed, 24 Jun 2020 04:59:02 -0600
Author: Tye Mastre
Pressure: 223
Temperature: 62
Front Water Lvl: 2
Back Water Lvl: 2
Flame Condition: Blue / Orange
Shift: Night
Month: Jun
Day: 23
Year: 2020
Attachment: 
Encoding: HTML
========================================

$@MID@$: 2052
Date: Wed, 24 Jun 2020 12:55:11 -0600
Author: Jordan Wilson
Pressure: 224
Temperature: 63
Front Water Lvl: 1.5
Back Water Lvl: 3
Flame Condition: Blue / Orange
Shift: Day
Month: Jun
Day: 24
Year: 2020
Attachment: 
Encoding: HTML
========================================
<p>manually dumped back water</p>
