$@MID@$: 2035
Date: Tue, 16 Jun 2020 02:47:04 -0600
Author: ryan blair
Pressure: 234
Temperature: 61
Front Water Lvl: 3
Back Water Lvl: 1.5
Flame Condition: Blue / Orange
Shift: Night
Month: Jun
Day: 15
Year: 2020
Attachment: 
Encoding: HTML
========================================

$@MID@$: 2036
Date: Tue, 16 Jun 2020 10:48:18 -0600
Author: Kyle Shute
Pressure: 223
Temperature: 62
Front Water Lvl: 1.5
Back Water Lvl: 1.5
Flame Condition: Blue / Orange
Shift: Day
Month: Jun
Day: 16
Year: 2020
Attachment: 
Encoding: HTML
========================================

