$@MID@$: 2095
Date: Thu, 16 Jul 2020 04:38:47 -0600
Author: Ryan Gilgan
Pressure: 250
Temperature: 62
Front Water Lvl: 1
Back Water Lvl: 2
Flame Condition: Blue / Orange
Shift: Night
Month: Jul
Day: 15
Year: 2020
Attachment: 
Encoding: HTML
========================================

$@MID@$: 2096
Date: Thu, 16 Jul 2020 09:51:18 -0600
Author: Jordan Wilson
Pressure: 267
Temperature: 62
Front Water Lvl: 2
Back Water Lvl: 3
Flame Condition: Blue / Orange
Shift: Day
Month: Jul
Day: 16
Year: 2020
Attachment: 
Encoding: HTML
========================================

