$@MID@$: 2089
Date: Mon, 13 Jul 2020 02:12:31 -0600
Author: Blaine Harris
Pressure: 249
Temperature: 61
Front Water Lvl: 1
Back Water Lvl: 1
Flame Condition: Blue / Orange
Shift: Night
Month: Jul
Day: 12
Year: 2020
Attachment: 
Encoding: HTML
========================================

$@MID@$: 2090
Date: Mon, 13 Jul 2020 09:51:38 -0600
Author: Kyle Shute
Pressure: 231
Temperature: 63
Front Water Lvl: 1
Back Water Lvl: 1
Flame Condition: Blue / Orange
Shift: Day
Month: Jul
Day: 13
Year: 2020
Attachment: 
Encoding: HTML
========================================

