$@MID@$: 2097
Date: Fri, 17 Jul 2020 04:48:59 -0600
Author: Ryan Gilgan
Pressure: 252
Temperature: 63
Front Water Lvl: 2
Back Water Lvl: 1
Flame Condition: Blue / Orange
Shift: Night
Month: Jul
Day: 16
Year: 2020
Attachment: 
Encoding: HTML
========================================

$@MID@$: 2098
Date: Fri, 17 Jul 2020 13:46:20 -0600
Author: Jordan Wilson
Pressure: 225
Temperature: 57
Front Water Lvl: 2
Back Water Lvl: 2
Flame Condition: Blue / Orange
Shift: Day
Month: Jul
Day: 17
Year: 2020
Attachment: 
Encoding: HTML
========================================

