$@MID@$: 2101
Date: Sun, 19 Jul 2020 04:42:22 -0600
Author: Ryan Gilgan
Pressure: 240
Temperature: 62
Front Water Lvl: 2
Back Water Lvl: 3
Flame Condition: Blue / Orange
Shift: Night
Month: Jul
Day: 18
Year: 2020
Attachment: 
Encoding: HTML
========================================

$@MID@$: 2102
Date: Sun, 19 Jul 2020 11:22:58 -0600
Author: Jordan Wilson
Pressure: 225
Temperature: 57
Front Water Lvl: 1
Back Water Lvl: 2
Flame Condition: Blue / Orange
Shift: Day
Month: Jul
Day: 19
Year: 2020
Attachment: 
Encoding: HTML
========================================

