$@MID@$: 2144
Date: Mon, 10 Aug 2020 00:21:07 -0600
Author: Blaine Harris
Pressure: 242
Temperature: 62
Front Water Lvl: 1
Back Water Lvl: 1
Flame Condition: Blue / Orange
Shift: Night
Month: Aug
Day: 9
Year: 2020
Attachment: 
Encoding: HTML
========================================

$@MID@$: 2145
Date: Mon, 10 Aug 2020 10:24:52 -0600
Author: Dayton Mohr
Pressure: 237
Temperature: 59
Front Water Lvl: 2
Back Water Lvl: 1
Flame Condition: Blue / Orange
Shift: Day
Month: Aug
Day: 10
Year: 2020
Attachment: 
Encoding: HTML
========================================

