$@MID@$: 2168
Date: Sun, 23 Aug 2020 05:14:45 -0600
Author: ryan blair
Pressure: 258
Temperature: 60
Front Water Lvl: 2.5
Back Water Lvl: 1.5
Flame Condition: Blue / Orange
Shift: Night
Month: Aug
Day: 22
Year: 2020
Attachment: 
Encoding: HTML
========================================

$@MID@$: 2169
Date: Sun, 23 Aug 2020 11:06:31 -0600
Author: Kyle Shute
Pressure: 256
Temperature: 62
Front Water Lvl: 2
Back Water Lvl: 1
Flame Condition: Blue / Orange
Shift: Day
Month: Aug
Day: 23
Year: 2020
Attachment: 
Encoding: HTML
========================================

