$@MID@$: 2176
Date: Thu, 27 Aug 2020 05:09:53 -0600
Author: Dayton Mohr
Pressure: 249
Temperature: 54
Front Water Lvl: 3
Back Water Lvl: 2
Flame Condition: Blue / Orange
Shift: Night
Month: Aug
Day: 26
Year: 2020
Attachment: 
Encoding: HTML
========================================

$@MID@$: 2177
Date: Thu, 27 Aug 2020 11:42:25 -0600
Author: Kyle Shute
Pressure: 265
Temperature: 57
Front Water Lvl: 1.5
Back Water Lvl: 1
Flame Condition: Blue / Orange
Shift: Day
Month: Aug
Day: 27
Year: 2020
Attachment: 
Encoding: HTML
========================================

