$@MID@$: 2137
Date: Thu, 06 Aug 2020 00:29:15 -0600
Author: Blaine Harris
Pressure: 243
Temperature: 58
Front Water Lvl: 2
Back Water Lvl: 2
Flame Condition: Blue / Orange
Shift: Night
Month: Aug
Day: 5
Year: 2020
Attachment: 
Encoding: HTML
========================================

$@MID@$: 2138
Date: Thu, 06 Aug 2020 13:41:12 -0600
Author: Jordan Wilson
Pressure: 235
Temperature: 59
Front Water Lvl: 2
Back Water Lvl: 2
Flame Condition: Blue / Orange
Shift: Day
Month: May
Day: 6
Year: 2020
Attachment: 
Encoding: HTML
========================================

