$@MID@$: 2148
Date: Wed, 12 Aug 2020 04:58:59 -0600
Author: Ryan Gilgan
Pressure: 252
Temperature: 62
Front Water Lvl: 1
Back Water Lvl: 1
Flame Condition: Blue / Orange
Shift: Night
Month: Aug
Day: 11
Year: 2020
Attachment: 
Encoding: HTML
========================================

$@MID@$: 2149
Date: Wed, 12 Aug 2020 09:58:27 -0600
Author: Jordan Wilson
Pressure: 223
Temperature: 62
Front Water Lvl: .5
Back Water Lvl: .5
Flame Condition: Blue / Orange
Shift: Day
Month: Aug
Day: 12
Year: 2020
Attachment: 
Encoding: HTML
========================================

