$@MID@$: 2206
Date: Fri, 11 Sep 2020 05:03:28 -0600
Author: Ryan Gilgan
Pressure: 254
Temperature: 61
Front Water Lvl: 3
Back Water Lvl: 2
Flame Condition: Blue / Orange
Shift: Night
Month: Sep
Day: 10
Year: 2020
Attachment: 
Encoding: HTML
========================================

$@MID@$: 2207
Date: Fri, 11 Sep 2020 09:33:58 -0600
Author: Dayton Mohr
Pressure: 284
Temperature: 55
Front Water Lvl: 3
Back Water Lvl: 3
Flame Condition: Blue / Orange
Shift: Day
Month: Sep
Day: 11
Year: 2020
Attachment: 
Encoding: HTML
========================================

