$@MID@$: 2204
Date: Thu, 10 Sep 2020 04:56:39 -0600
Author: Ryan Gilgan
Pressure: 255
Temperature: 60
Front Water Lvl: 3
Back Water Lvl: 2
Flame Condition: Blue / Orange
Shift: Night
Month: Sep
Day: 9
Year: 2020
Attachment: 
Encoding: HTML
========================================

$@MID@$: 2205
Date: Thu, 10 Sep 2020 14:32:33 -0600
Author: Jordan Wilson
Pressure: 260
Temperature: 58
Front Water Lvl: 2
Back Water Lvl: 2
Flame Condition: Blue / Orange
Shift: Day
Month: Sep
Day: 10
Year: 2020
Attachment: 
Encoding: HTML
========================================

