$@MID@$: 2208
Date: Sat, 12 Sep 2020 04:56:06 -0600
Author: Ryan Gilgan
Pressure: 250
Temperature: 61
Front Water Lvl: 3
Back Water Lvl: 1
Flame Condition: Blue / Orange
Shift: Night
Month: Sep
Day: 11
Year: 2020
Attachment: 
Encoding: HTML
========================================

$@MID@$: 2209
Date: Sat, 12 Sep 2020 11:40:15 -0600
Author: Jordan Wilson
Pressure: 227
Temperature: 64
Front Water Lvl: 2
Back Water Lvl: 1
Flame Condition: Blue / Orange
Shift: Day
Month: Sep
Day: 12
Year: 2020
Attachment: 
Encoding: HTML
========================================

