$@MID@$: 2202
Date: Wed, 09 Sep 2020 05:10:19 -0600
Author: Ryan Gilgan
Pressure: 228
Temperature: 62
Front Water Lvl: 2
Back Water Lvl: 2
Flame Condition: Blue / Orange
Shift: Night
Month: Sep
Day: 8
Year: 2020
Attachment: 
Encoding: HTML
========================================

$@MID@$: 2203
Date: Wed, 09 Sep 2020 10:33:25 -0600
Author: Kyle Shute
Pressure: 253
Temperature: 62
Front Water Lvl: 2
Back Water Lvl: 2
Flame Condition: Blue / Orange
Shift: Day
Month: Sep
Day: 9
Year: 2020
Attachment: 
Encoding: HTML
========================================

