$@MID@$: 2264
Date: Mon, 12 Oct 2020 04:32:59 -0600
Author: Ryan Gilgan
Pressure: 245
Temperature: 61
Front Water Lvl: 1
Back Water Lvl: 2
Flame Condition: Blue / Orange
Shift: Night
Month: Oct
Day: 11
Year: 2020
Attachment: 
Encoding: HTML
========================================

$@MID@$: 2265
Date: Mon, 12 Oct 2020 14:23:58 -0600
Author: Howard Quiring
Pressure: 228
Temperature: 58
Front Water Lvl: 1
Back Water Lvl: 2.5
Flame Condition: Blue / Orange
Shift: Day
Month: Oct
Day: 12
Year: 2020
Attachment: 
Encoding: HTML
========================================

