$@MID@$: 2289
Date: Sat, 24 Oct 2020 10:38:26 -0600
Author: Howard Quiring
Pressure: 249
Temperature: 62
Front Water Lvl: 1.5
Back Water Lvl: 1
Flame Condition: Blue / Orange
Shift: Day
Month: Oct
Day: 24
Year: 2020
Attachment: 
Encoding: HTML
========================================

$@MID@$: 2290
Date: Sat, 24 Oct 2020 21:33:33 -0600
Author: Jordan Wilson
Pressure: 252
Temperature: 63
Front Water Lvl: 1
Back Water Lvl: 1
Flame Condition: Blue / Orange
Shift: Night
Month: Oct
Day: 24
Year: 2020
Attachment: 
Encoding: HTML
========================================

