$@MID@$: 2268
Date: Wed, 14 Oct 2020 04:28:36 -0600
Author: Tye Mastre
Pressure: 240
Temperature: 57
Front Water Lvl: 1
Back Water Lvl: 2.5
Flame Condition: Blue / Orange
Shift: Night
Month: Oct
Day: 13
Year: 2020
Attachment: 
Encoding: HTML
========================================

$@MID@$: 2269
Date: Wed, 14 Oct 2020 10:57:11 -0600
Author: Howard Quiring
Pressure: 233
Temperature: 58
Front Water Lvl: 1.5
Back Water Lvl: 4.5 down to 2.5
Flame Condition: Blue / Orange
Shift: Day
Month: Oct
Day: 14
Year: 2020
Attachment: 
Encoding: HTML
========================================

