$@MID@$: 2254
Date: Wed, 07 Oct 2020 05:08:28 -0600
Author: Ryan Gilgan
Pressure: 255
Temperature: 63
Front Water Lvl: 2
Back Water Lvl: 1
Flame Condition: Blue / Orange
Shift: Night
Month: Oct
Day: 6
Year: 2020
Attachment: 
Encoding: HTML
========================================

$@MID@$: 2255
Date: Wed, 07 Oct 2020 11:08:38 -0600
Author: Kyle Shute
Pressure: 263
Temperature: 63
Front Water Lvl: 1
Back Water Lvl: 1
Flame Condition: Blue / Orange
Shift: Day
Month: Oct
Day: 7
Year: 2020
Attachment: 
Encoding: HTML
========================================

