$@MID@$: 2292
Date: Mon, 26 Oct 2020 00:05:31 -0600
Author: Jordan Wilson
Pressure: 225
Temperature: 62
Front Water Lvl: 1
Back Water Lvl: 1
Flame Condition: Blue / Orange
Shift: Night
Month: Oct
Day: 25
Year: 2020
Attachment: 
Encoding: HTML
========================================

$@MID@$: 2293
Date: Mon, 26 Oct 2020 23:38:03 -0600
Author: Jordan Wilson
Pressure: 245
Temperature: 63
Front Water Lvl: 1
Back Water Lvl: 1
Flame Condition: Blue / Orange
Shift: Night
Month: Oct
Day: 26
Year: 2020
Attachment: 
Encoding: HTML
========================================

