$@MID@$: 2258
Date: Fri, 09 Oct 2020 04:51:42 -0600
Author: Ryan Gilgan
Pressure: 253
Temperature: 60
Front Water Lvl: 1
Back Water Lvl: 2
Flame Condition: Blue / Orange
Shift: Night
Month: Oct
Day: 8
Year: 2020
Attachment: 
Encoding: HTML
========================================

$@MID@$: 2259
Date: Fri, 09 Oct 2020 12:35:08 -0600
Author: Howard Quiring
Pressure: 248
Temperature: 60
Front Water Lvl: 1
Back Water Lvl: 2.5
Flame Condition: Blue / Orange
Shift: Day
Month: Oct
Day: 9
Year: 2020
Attachment: 
Encoding: HTML
========================================

