$@MID@$: 2260
Date: Sat, 10 Oct 2020 04:38:17 -0600
Author: Ryan Gilgan
Pressure: 256
Temperature: 63
Front Water Lvl: 1
Back Water Lvl: 2
Flame Condition: Blue / Orange
Shift: Night
Month: Oct
Day: 9
Year: 2020
Attachment: 
Encoding: HTML
========================================

$@MID@$: 2261
Date: Sat, 10 Oct 2020 10:21:00 -0600
Author: Howard Quiring
Pressure: 238
Temperature: 58
Front Water Lvl: 1
Back Water Lvl: 2.5
Flame Condition: Blue / Orange
Shift: Day
Month: Oct
Day: 10
Year: 2020
Attachment: 
Encoding: HTML
========================================
<p>Front water dirty</p>
