$@MID@$: 2311
Date: Thu, 05 Nov 2020 04:49:29 -0700
Author: Ryan Gilgan
Pressure: 256
Temperature: 62
Front Water Lvl: 2
Back Water Lvl: 2
Flame Condition: Blue / Orange
Shift: Night
Month: Nov
Day: 4
Year: 2020
Attachment: 
Encoding: HTML
========================================

$@MID@$: 2312
Date: Thu, 05 Nov 2020 09:02:42 -0700
Author: Romeo Tobias
Pressure: 253
Temperature: 64
Front Water Lvl: 2
Back Water Lvl: 2
Flame Condition: Blue / Orange
Shift: Day
Month: Nov
Day: 5
Year: 2020
Attachment: 
Encoding: HTML
========================================

