$@MID@$: 2315
Date: Sat, 07 Nov 2020 05:04:54 -0700
Author: Ryan Gilgan
Pressure: 244
Temperature: 63
Front Water Lvl: 1
Back Water Lvl: 2
Flame Condition: Blue / Orange
Shift: Night
Month: Nov
Day: 6
Year: 2020
Attachment: 
Encoding: HTML
========================================

$@MID@$: 2316
Date: Sat, 07 Nov 2020 09:28:40 -0700
Author: Romeo Tobias
Pressure: 228
Temperature: 65
Front Water Lvl: 1
Back Water Lvl: 2
Flame Condition: Blue / Orange
Shift: Day
Month: Nov
Day: 7
Year: 2020
Attachment: 
Encoding: HTML
========================================

