$@MID@$: 2333
Date: Sun, 15 Nov 2020 03:41:18 -0700
Author: Tye Mastre
Pressure: 229
Temperature: 64
Front Water Lvl: 1
Back Water Lvl: 4 ->2
Flame Condition: Blue / Orange
Shift: Night
Month: Nov
Day: 14
Year: 2020
Attachment: 
Encoding: HTML
========================================

$@MID@$: 2334
Date: Sun, 15 Nov 2020 10:57:08 -0700
Author: Kyle Shute
Pressure: 224
Temperature: 63
Front Water Lvl: 1.5
Back Water Lvl: 2
Flame Condition: Blue / Orange
Shift: Day
Month: Nov
Day: 15
Year: 2020
Attachment: 
Encoding: HTML
========================================

