$@MID@$: 2295
Date: Wed, 11 Jan 2023 10:24:58 -0700
Author: Brad Towers
Surge Tank Temp: 56
Surge Tank Press: 255
Surge Tank Level: 4.5
Outlet Temp: 75
Stack Temp: 114
Pump Press: 420
Flame Condition: Orange
Shift: Day
Month: Jan
Day: 11
Year: 2023
Attachment: 
Encoding: HTML
========================================

$@MID@$: 2296
Date: Wed, 11 Jan 2023 18:54:07 -0700
Author: Kevin Nicol
Surge Tank Temp: 57
Surge Tank Press: 255
Surge Tank Level: 4
Outlet Temp: 75
Stack Temp: 113
Pump Press: 420
Flame Condition: Orange
Shift: Night
Month: Jan
Day: 11
Year: 2023
Attachment: 
Encoding: HTML
========================================

