$@MID@$: 2325
Date: Fri, 27 Jan 2023 04:23:44 -0700
Author: Ryan Gilgan
Surge Tank Temp: 58
Surge Tank Press: 250
Surge Tank Level: 4.5
Outlet Temp: 75
Stack Temp: 113
Pump Press: 420
Flame Condition: Orange
Shift: Night
Month: Jan
Day: 26
Year: 2023
Attachment: 
Encoding: HTML
========================================

$@MID@$: 2326
Date: Fri, 27 Jan 2023 16:03:30 -0700
Author: chris platt
Surge Tank Temp: 57
Surge Tank Press: 249
Surge Tank Level: 4.5
Outlet Temp: 75
Stack Temp: 110
Pump Press: 415
Flame Condition: Orange
Shift: Day
Month: Jan
Day: 26
Year: 2023
Attachment: 
Encoding: HTML
========================================

$@MID@$: 2327
Date: Fri, 27 Jan 2023 16:04:15 -0700
Author: chris platt
Surge Tank Temp: 55
Surge Tank Press: 251
Surge Tank Level: 4.5
Outlet Temp: 75
Stack Temp: 115
Pump Press: 415
Flame Condition: Orange
Shift: Day
Month: Jan
Day: 27
Year: 2023
Attachment: 
Encoding: HTML
========================================

