$@MID@$: 2308
Date: Wed, 18 Jan 2023 01:12:40 -0700
Author: Blaine Harris
Surge Tank Temp: 53
Surge Tank Press: 255
Surge Tank Level: 4.5
Outlet Temp: 75
Stack Temp: 113
Pump Press: 420
Flame Condition: Orange
Shift: Night
Month: Jan
Day: 17
Year: 2023
Attachment: 
Encoding: HTML
========================================

$@MID@$: 2309
Date: Wed, 18 Jan 2023 12:46:12 -0700
Author: Pat Brown
Surge Tank Temp: 57
Surge Tank Press: 251
Surge Tank Level: 4.5
Outlet Temp: 75
Stack Temp: 115
Pump Press: 420
Flame Condition: Orange
Shift: Day
Month: Jan
Day: 18
Year: 2023
Attachment: 
Encoding: HTML
========================================

$@MID@$: 2310
Date: Wed, 18 Jan 2023 19:17:34 -0700
Author: Blaine Harris
Surge Tank Temp: 57
Surge Tank Press: 255
Surge Tank Level: 4.5
Outlet Temp: 75
Stack Temp: 112
Pump Press: 415
Flame Condition: Orange
Shift: Night
Month: Jan
Day: 18
Year: 2023
Attachment: 
Encoding: HTML
========================================

