$@MID@$: 2322
Date: Wed, 25 Jan 2023 04:42:00 -0700
Author: Ryan Gilgan
Surge Tank Temp: 58
Surge Tank Press: 250
Surge Tank Level: 4
Outlet Temp: 75
Stack Temp: 111
Pump Press: 420
Flame Condition: Orange
Shift: Night
Month: Jan
Day: 24
Year: 2023
Attachment: 
Encoding: HTML
========================================

$@MID@$: 2323
Date: Wed, 25 Jan 2023 10:24:02 -0700
Author: Brad Towers
Surge Tank Temp: 57
Surge Tank Press: 255
Surge Tank Level: 4.5
Outlet Temp: 75
Stack Temp: 111
Pump Press: 415
Flame Condition: Orange
Shift: Day
Month: Jan
Day: 25
Year: 2023
Attachment: 
Encoding: HTML
========================================

