$@MID@$: 2349
Date: Tue, 07 Feb 2023 10:56:37 -0700
Author: Brad Towers
Surge Tank Temp: 57
Surge Tank Press: 255
Surge Tank Level: 4.5
Outlet Temp: 75
Stack Temp: 108
Pump Press: 415
Flame Condition: Orange
Shift: Day
Month: Feb
Day: 7
Year: 2023
Attachment: 
Encoding: HTML
========================================

$@MID@$: 2350
Date: Tue, 07 Feb 2023 19:37:23 -0700
Author: Kevin Nicol
Surge Tank Temp: 58
Surge Tank Press: 250
Surge Tank Level: 4
Outlet Temp: 75
Stack Temp: 110
Pump Press: 415
Flame Condition: Orange
Shift: Night
Month: Feb
Day: 7
Year: 2023
Attachment: 
Encoding: HTML
========================================

