$@MID@$: 2370
Date: Sat, 18 Feb 2023 10:59:11 -0700
Author: Brad Towers
Surge Tank Temp: 57
Surge Tank Press: 252
Surge Tank Level: 4.5
Outlet Temp: 75
Stack Temp: 108
Pump Press: 415
Flame Condition: Orange
Shift: Day
Month: Feb
Day: 18
Year: 2023
Attachment: 
Encoding: HTML
========================================

$@MID@$: 2371
Date: Sat, 18 Feb 2023 22:50:13 -0700
Author: Bryan Noble
Surge Tank Temp: 57
Surge Tank Press: 255
Surge Tank Level: 4
Outlet Temp: 75
Stack Temp: 107
Pump Press: 415
Flame Condition: Blue / Orange
Shift: Night
Month: Feb
Day: 18
Year: 2023
Attachment: 
Encoding: HTML
========================================

