$@MID@$: 2447
Date: Wed, 29 Mar 2023 10:26:57 -0600
Author: Travis Beuker
Surge Tank Temp: 58
Surge Tank Press: 256
Surge Tank Level: 4
Outlet Temp: 75
Stack Temp: 109
Pump Press: 415
Flame Condition: Blue / Orange
Shift: Day
Month: Mar
Day: 29
Year: 2023
Attachment: 
Encoding: HTML
========================================

$@MID@$: 2448
Date: Wed, 29 Mar 2023 21:43:34 -0600
Author: Pat Brown
Surge Tank Temp: 58
Surge Tank Press: 255
Surge Tank Level: 4
Outlet Temp: 75
Stack Temp: 112
Pump Press: 420
Flame Condition: Blue / Orange
Shift: Night
Month: Mar
Day: 29
Year: 2023
Attachment: 
Encoding: HTML
========================================

