$@MID@$: 2429
Date: Mon, 20 Mar 2023 11:50:46 -0600
Author: Brad Towers
Surge Tank Temp: 58
Surge Tank Press: 255
Surge Tank Level: 4
Outlet Temp: 75
Stack Temp: 114
Pump Press: 415
Flame Condition: Orange
Shift: Day
Month: Mar
Day: 20
Year: 2023
Attachment: 
Encoding: HTML
========================================

$@MID@$: 2430
Date: Mon, 20 Mar 2023 20:35:23 -0600
Author: Blaine Harris
Surge Tank Temp: 59
Surge Tank Press: 245
Surge Tank Level: 4
Outlet Temp: 75
Stack Temp: 106
Pump Press: 405
Flame Condition: Orange
Shift: Night
Month: Mar
Day: 20
Year: 2023
Attachment: 
Encoding: HTML
========================================

