$@MID@$: 2451
Date: Fri, 31 Mar 2023 10:10:24 -0600
Author: Brad Towers
Surge Tank Temp: 58
Surge Tank Press: 252
Surge Tank Level: 4
Outlet Temp: 75
Stack Temp: 104
Pump Press: 415
Flame Condition: Blue / Orange
Shift: Day
Month: Mar
Day: 31
Year: 2023
Attachment: 
Encoding: HTML
========================================

$@MID@$: 2452
Date: Fri, 31 Mar 2023 23:01:27 -0600
Author: Pat Brown
Surge Tank Temp: 57
Surge Tank Press: 256
Surge Tank Level: 4
Outlet Temp: 75
Stack Temp: 110
Pump Press: 420
Flame Condition: Blue / Orange
Shift: Night
Month: Mar
Day: 31
Year: 2023
Attachment: 
Encoding: HTML
========================================

