$@MID@$: 2440
Date: Sun, 26 Mar 2023 04:48:58 -0600
Author: Ryan Gilgan
Surge Tank Temp: 58
Surge Tank Press: 250
Surge Tank Level: 4
Outlet Temp: 75
Stack Temp: 111
Pump Press: 420
Flame Condition: Orange
Shift: Night
Month: Mar
Day: 25
Year: 2023
Attachment: 
Encoding: HTML
========================================

$@MID@$: 2441
Date: Sun, 26 Mar 2023 08:48:33 -0600
Author: Travis Beuker
Surge Tank Temp: 58
Surge Tank Press: 251
Surge Tank Level: 4
Outlet Temp: 75
Stack Temp: 106
Pump Press: 410
Flame Condition: Blue / Orange
Shift: Day
Month: Mar
Day: 26
Year: 2023
Attachment: 
Encoding: HTML
========================================

$@MID@$: 2442
Date: Sun, 26 Mar 2023 21:57:10 -0600
Author: Pat Brown
Surge Tank Temp: 58
Surge Tank Press: 250
Surge Tank Level: 4
Outlet Temp: 75
Stack Temp: 109
Pump Press: 420
Flame Condition: Blue / Orange
Shift: Night
Month: Mar
Day: 26
Year: 2023
Attachment: 
Encoding: HTML
========================================

