$@MID@$: 2443
Date: Mon, 27 Mar 2023 08:04:20 -0600
Author: Travis Beuker
Surge Tank Temp: 58
Surge Tank Press: 251
Surge Tank Level: 4
Outlet Temp: 75
Stack Temp: 109
Pump Press: 410
Flame Condition: Blue / Orange
Shift: Day
Month: Mar
Day: 27
Year: 2023
Attachment: 
Encoding: HTML
========================================

$@MID@$: 2444
Date: Mon, 27 Mar 2023 23:21:02 -0600
Author: Pat Brown
Surge Tank Temp: 59
Surge Tank Press: 251
Surge Tank Level: 4
Outlet Temp: 75
Stack Temp: 108
Pump Press: 420
Flame Condition: Blue / Orange
Shift: Night
Month: Mar
Day: 27
Year: 2023
Attachment: 
Encoding: HTML
========================================

