$@MID@$: 2463
Date: Thu, 06 Apr 2023 12:03:17 -0600
Author: Travis Beuker
Surge Tank Temp: 58
Surge Tank Press: 287
Surge Tank Level: 4
Outlet Temp: 75
Stack Temp: 106
Pump Press: 410
Flame Condition: Blue / Orange
Shift: Day
Month: Apr
Day: 6
Year: 2023
Attachment: 
Encoding: HTML
========================================

$@MID@$: 2464
Date: Thu, 06 Apr 2023 23:36:24 -0600
Author: Pat Brown
Surge Tank Temp: 57
Surge Tank Press: 268
Surge Tank Level: 4
Outlet Temp: 75
Stack Temp: 110
Pump Press: 415
Flame Condition: Blue / Orange
Shift: Night
Month: Apr
Day: 6
Year: 2023
Attachment: 
Encoding: HTML
========================================

