$@MID@$: 2524
Date: Mon, 02 Oct 2023 11:20:26 -0600
Author: Brad Towers
Surge Tank Temp: 54
Surge Tank Press: 248
Surge Tank Level: 3.5
Outlet Temp: 75
Stack Temp: 103
Pump Press: 408
Flame Condition: Blue / Orange
Shift: Day
Month: Oct
Day: 2
Year: 2023
Attachment: 
Encoding: HTML
========================================

$@MID@$: 2525
Date: Mon, 02 Oct 2023 22:35:21 -0600
Author: Blaine Harris
Surge Tank Temp: 55
Surge Tank Press: 245
Surge Tank Level: 3.5
Outlet Temp: 75
Stack Temp: 102
Pump Press: 400
Flame Condition: Blue / Orange
Shift: Night
Month: Oct
Day: 2
Year: 2023
Attachment: 
Encoding: HTML
========================================

