$@MID@$: 2559
Date: Fri, 20 Oct 2023 09:43:05 -0600
Author: Travis Beuker
Surge Tank Temp: 58
Surge Tank Press: 250
Surge Tank Level: 3
Outlet Temp: 75
Stack Temp: 98
Pump Press: 403
Flame Condition: Blue / Orange
Shift: Day
Month: Oct
Day: 20
Year: 2023
Attachment: 
Encoding: HTML
========================================

$@MID@$: 2560
Date: Fri, 20 Oct 2023 19:15:50 -0600
Author: Kevin Nicol
Surge Tank Temp: 57
Surge Tank Press: 240
Surge Tank Level: 3
Outlet Temp: 75
Stack Temp: 96
Pump Press: 400
Flame Condition: Blue / Orange
Shift: Night
Month: Oct
Day: 20
Year: 2023
Attachment: 
Encoding: HTML
========================================

