$@MID@$: 2561
Date: Sat, 21 Oct 2023 10:02:23 -0600
Author: Travis Beuker
Surge Tank Temp: 58
Surge Tank Press: 264
Surge Tank Level: 3
Outlet Temp: 75
Stack Temp: 98
Pump Press: 405
Flame Condition: Blue / Orange
Shift: Day
Month: Oct
Day: 21
Year: 2023
Attachment: 
Encoding: HTML
========================================

$@MID@$: 2562
Date: Sat, 21 Oct 2023 18:38:17 -0600
Author: Kevin Nicol
Surge Tank Temp: 56
Surge Tank Press: 245
Surge Tank Level: 3
Outlet Temp: 75
Stack Temp: 96
Pump Press: 405
Flame Condition: Blue / Orange
Shift: Night
Month: Oct
Day: 21
Year: 2023
Attachment: 
Encoding: HTML
========================================

