$@MID@$: 2638
Date: Thu, 30 Nov 2023 04:36:10 -0700
Author: Ryan Gilgan
Surge Tank Temp: 55
Surge Tank Press: 248
Surge Tank Level: 3
Outlet Temp: 75
Stack Temp: 107
Pump Press: 410
Flame Condition: Orange
Shift: Night
Month: Nov
Day: 29
Year: 2023
Attachment: 
Encoding: HTML
========================================

$@MID@$: 2639
Date: Thu, 30 Nov 2023 10:36:46 -0700
Author: Travis Beuker
Surge Tank Temp: 58
Surge Tank Press: 250
Surge Tank Level: 3
Outlet Temp: 75
Stack Temp: 112
Pump Press: 411
Flame Condition: Blue / Orange
Shift: Day
Month: Nov
Day: 30
Year: 2023
Attachment: 
Encoding: HTML
========================================

