$@MID@$: 2671
Date: Sat, 16 Dec 2023 12:26:32 -0700
Author: Brad Towers
Surge Tank Temp: 57
Surge Tank Press: 248
Surge Tank Level: 3
Outlet Temp: 75
Stack Temp: 108
Pump Press: 420
Flame Condition: Blue / Orange
Shift: Day
Month: Dec
Day: 16
Year: 2023
Attachment: 
Encoding: HTML
========================================

$@MID@$: 2672
Date: Sat, 16 Dec 2023 19:04:44 -0700
Author: Kevin Nicol
Surge Tank Temp: 57
Surge Tank Press: 245
Surge Tank Level: 3
Outlet Temp: 75
Stack Temp: 108
Pump Press: 415
Flame Condition: Blue / Orange
Shift: Night
Month: Dec
Day: 16
Year: 2023
Attachment: 
Encoding: HTML
========================================

