$@MID@$: 2640
Date: Fri, 01 Dec 2023 04:42:31 -0700
Author: Ryan Gilgan
Surge Tank Temp: 56
Surge Tank Press: 250
Surge Tank Level: 3
Outlet Temp: 76
Stack Temp: 110
Pump Press: 410
Flame Condition: Orange
Shift: Night
Month: Nov
Day: 30
Year: 2023
Attachment: 
Encoding: HTML
========================================

$@MID@$: 2641
Date: Fri, 01 Dec 2023 10:15:14 -0700
Author: Travis Beuker
Surge Tank Temp: 57
Surge Tank Press: 249
Surge Tank Level: 3
Outlet Temp: 75
Stack Temp: 113
Pump Press: 408
Flame Condition: Blue / Orange
Shift: Day
Month: Dec
Day: 1
Year: 2023
Attachment: 
Encoding: HTML
========================================

