$@MID@$: 5
Date: Wed, 16 Aug 2017 01:16:33 -0600
Author: Tye Mastre
Pressure: 230
Temperature: 61
Front Water Lvl: 3
Back Water Lvl: 1
Flame Condition: Blue / Orange
Shift: Night
Month: Aug
Day: 15
Year: 2017
Attachment: 
Encoding: HTML
========================================

$@MID@$: 6
Date: Wed, 16 Aug 2017 15:07:35 -0600
Author: Justin Ewing
Pressure: 238
Temperature: 62
Front Water Lvl: 3.0
Back Water Lvl: 2.0
Flame Condition: Blue / Orange
Shift: Day
Month: Aug
Day: 16
Year: 2017
Attachment: 
Encoding: HTML
========================================

$@MID@$: 7
Date: Wed, 16 Aug 2017 19:37:22 -0600
Author: Tye Mastre
Pressure: 233
Temperature: 61
Front Water Lvl: 3
Back Water Lvl: 1.5
Flame Condition: Blue / Orange
Shift: Night
Month: Aug
Day: 16
Year: 2017
Attachment: 
Encoding: HTML
========================================

