$@MID@$: 19
Date: Wed, 23 Aug 2017 05:10:10 -0600
Author: Blaine Harris
Pressure: 239
Temperature: 61
Front Water Lvl: 3
Back Water Lvl: 2
Flame Condition: Blue / Orange
Shift: Night
Month: Aug
Day: 22
Year: 2017
Attachment: 
Encoding: HTML
========================================

$@MID@$: 20
Date: Wed, 23 Aug 2017 16:14:06 -0600
Author: Howard Quiring
Pressure: 248
Temperature: 62
Front Water Lvl: 2
Back Water Lvl: 2
Flame Condition: Blue / Orange
Shift: Day
Month: Aug
Day: 23
Year: 2017
Attachment: 
Encoding: HTML
========================================

