$@MID@$: 93
Date: Fri, 29 Sep 2017 00:00:27 -0600
Author: Kevin Nicol
Pressure: 195
Temperature: 60
Front Water Lvl: 2
Back Water Lvl: 3.5
Flame Condition: Blue / Orange
Shift: Night
Month: Sep
Day: 28
Year: 2017
Attachment: 
Encoding: HTML
========================================

$@MID@$: 94
Date: Fri, 29 Sep 2017 10:06:53 -0600
Author: Nigel Renschler
Pressure: 204
Temperature: 63
Front Water Lvl: 2
Back Water Lvl: 2
Flame Condition: Blue / Orange
Shift: Day
Month: Sep
Day: 29
Year: 2017
Attachment: 
Encoding: HTML
========================================

$@MID@$: 95
Date: Fri, 29 Sep 2017 19:40:21 -0600
Author: Kevin Nicol
Pressure: 222
Temperature: 56
Front Water Lvl: 3
Back Water Lvl: 3.5
Flame Condition: Blue / Orange
Shift: Night
Month: Sep
Day: 29
Year: 2017
Attachment: 
Encoding: HTML
========================================

