$@MID@$: 69
Date: Sun, 17 Sep 2017 01:37:36 -0600
Author: Ryan Gilgan
Pressure: 268
Temperature: 62
Front Water Lvl: 2.5
Back Water Lvl: 3
Flame Condition: Blue / Orange
Shift: Night
Month: Sep
Day: 16
Year: 2017
Attachment: 
Encoding: HTML
========================================

$@MID@$: 70
Date: Sun, 17 Sep 2017 16:59:05 -0600
Author: Nigel Renschler
Pressure: 239
Temperature: 66
Front Water Lvl: 2.5
Back Water Lvl: 2
Flame Condition: Blue / Orange
Shift: Day
Month: Sep
Day: 17
Year: 2017
Attachment: 
Encoding: HTML
========================================

