$@MID@$: 48
Date: Thu, 07 Sep 2017 05:15:58 -0600
Author: Ryan Bangle
Pressure: 244
Temperature: 64
Front Water Lvl: 2
Back Water Lvl: 1
Flame Condition: Blue / Orange
Shift: Night
Month: Sep
Day: 6
Year: 2017
Attachment: 
Encoding: HTML
========================================
<p>&nbsp;Manually drained back water from 4 to 1.</p>
$@MID@$: 49
Date: Thu, 07 Sep 2017 16:40:58 -0600
Author: Justin Ewing
Pressure: 254
Temperature: 66
Front Water Lvl: 3.0
Back Water Lvl: 0.5
Flame Condition: Blue / Orange
Shift: Day
Month: Sep
Day: 7
Year: 2017
Attachment: 
Encoding: HTML
========================================

