$@MID@$: 80
Date: Fri, 22 Sep 2017 15:55:46 -0600
Author: Justin Ewing
Pressure: 209
Temperature: 63
Front Water Lvl: 0.0
Back Water Lvl: 4.0
Flame Condition: Blue / Orange
Shift: Day
Month: Sep
Day: 22
Year: 2017
Attachment: 
Encoding: HTML
========================================
<p>Drained back water</p>

<p>Brought set point on front water up a bit to build a level</p>
$@MID@$: 81
Date: Fri, 22 Sep 2017 20:10:05 -0600
Author: Gary Wright
Pressure: 192
Temperature: 60
Front Water Lvl: 0
Back Water Lvl: 6
Flame Condition: Blue / Orange
Shift: Night
Month: Sep
Day: 22
Year: 2017
Attachment: 
Encoding: HTML
========================================

