$@MID@$: 61
Date: Wed, 13 Sep 2017 05:24:41 -0600
Author: Ryan Gilgan
Pressure: 261
Temperature: 65
Front Water Lvl: 1
Back Water Lvl: 1
Flame Condition: Blue / Orange
Shift: Night
Month: Sep
Day: 12
Year: 2017
Attachment: 
Encoding: HTML
========================================

$@MID@$: 62
Date: Wed, 13 Sep 2017 16:12:25 -0600
Author: Justin Ewing
Pressure: 271
Temperature: 61
Front Water Lvl: 1.5
Back Water Lvl: 1.5
Flame Condition: Blue / Orange
Shift: Day
Month: Sep
Day: 13
Year: 2017
Attachment: 
Encoding: HTML
========================================

