$@MID@$: 126
Date: Sat, 14 Oct 2017 05:13:26 -0600
Author: Ryan Bangle
Pressure: 246
Temperature: 63
Front Water Lvl: 3 Bolts
Back Water Lvl: 4 Bolts
Flame Condition: Blue / Orange
Shift: Night
Month: Oct
Day: 13
Year: 2017
Attachment: 
Encoding: HTML
========================================
<p>&nbsp;Drained back water from 4 bolts to 2 bolts.</p>
$@MID@$: 127
Date: Sat, 14 Oct 2017 05:13:34 -0600
Author: Ryan Bangle
Pressure: 246
Temperature: 63
Front Water Lvl: 3 Bolts
Back Water Lvl: 4 Bolts
Flame Condition: Blue / Orange
Shift: Night
Month: Oct
Day: 13
Year: 2017
Attachment: 
Encoding: HTML
========================================
<p>&nbsp;Drained back water from 4 bolts to 2 bolts.</p>
$@MID@$: 128
Date: Sat, 14 Oct 2017 10:57:57 -0600
Author: Nigel Renschler
Pressure: 225
Temperature: 64
Front Water Lvl: 0
Back Water Lvl: 2
Flame Condition: Blue / Orange
Shift: Day
Month: Oct
Day: 14
Year: 2017
Attachment: 
Encoding: HTML
========================================
<p>Batched with SRW6990</p>
