$@MID@$: 135
Date: Wed, 18 Oct 2017 00:15:48 -0600
Author: Ryan Bangle
Pressure: 247
Temperature: 58
Front Water Lvl: 3
Back Water Lvl: 3
Flame Condition: Blue / Orange
Shift: Night
Month: Oct
Day: 17
Year: 2017
Attachment: 
Encoding: HTML
========================================

$@MID@$: 136
Date: Wed, 18 Oct 2017 11:01:29 -0600
Author: Tye Mastre
Pressure: 217
Temperature: 62
Front Water Lvl: 2
Back Water Lvl: 3
Flame Condition: Blue / Orange
Shift: Day
Month: Oct
Day: 18
Year: 2017
Attachment: 
Encoding: HTML
========================================

