$@MID@$: 172
Date: Sun, 05 Nov 2017 16:04:18 -0700
Author: Tye Mastre
Pressure: 237
Temperature: 59
Front Water Lvl: 2.5
Back Water Lvl: 3.5
Flame Condition: Blue / Orange
Shift: Day
Month: Nov
Day: 5
Year: 2017
Attachment: 
Encoding: HTML
========================================

$@MID@$: 173
Date: Sun, 05 Nov 2017 20:49:55 -0700
Author: Gary Wright
Pressure: 231
Temperature: 61
Front Water Lvl: Good 2
Back Water Lvl: Good 2
Flame Condition: Blue / Orange
Shift: Night
Month: Nov
Day: 5
Year: 2017
Attachment: 
Encoding: HTML
========================================
<p>&nbsp;Manually dumped back water from 4.5 bolts down to 2 bolts</p>
