$@MID@$: 211
Date: Sun, 26 Nov 2017 05:22:36 -0700
Author: Dayton Mohr
Pressure: 217
Temperature: 61
Front Water Lvl: 4
Back Water Lvl: 4.5
Flame Condition: Orange
Shift: Night
Month: Nov
Day: 25
Year: 2017
Attachment: 
Encoding: HTML
========================================

$@MID@$: 212
Date: Sun, 26 Nov 2017 09:40:34 -0700
Author: Tye Mastre
Pressure: 243
Temperature: 55
Front Water Lvl: 3.5
Back Water Lvl: 3
Flame Condition: Blue / Orange
Shift: Day
Month: Nov
Day: 26
Year: 2017
Attachment: 
Encoding: HTML
========================================
<p>Dumped back water from 5.5 to 3.</p>
