$@MID@$: 168
Date: Fri, 03 Nov 2017 10:27:53 -0600
Author: Tye Mastre
Pressure: 268
Temperature: 59
Front Water Lvl: 2.5
Back Water Lvl: 3
Flame Condition: Blue / Orange
Shift: Day
Month: Nov
Day: 3
Year: 2017
Attachment: 
Encoding: HTML
========================================

$@MID@$: 169
Date: Fri, 03 Nov 2017 20:42:50 -0600
Author: Gary Wright
Pressure: 218
Temperature: 63
Front Water Lvl: Good 3
Back Water Lvl: Good 3
Flame Condition: Blue / Orange
Shift: Night
Month: Nov
Day: 3
Year: 2017
Attachment: 
Encoding: HTML
========================================

