$@MID@$: 255
Date: Mon, 18 Dec 2017 14:35:15 -0700
Author: Justin Ewing
Pressure: 227
Temperature: 58
Front Water Lvl: 3.0
Back Water Lvl: 0
Flame Condition: Blue / Orange
Shift: Day
Month: Dec
Day: 18
Year: 2017
Attachment: 
Encoding: HTML
========================================

$@MID@$: 256
Date: Mon, 18 Dec 2017 20:29:39 -0700
Author: Gary Wright
Pressure: 219
Temperature: 63
Front Water Lvl: Good 2.5
Back Water Lvl: Good 0
Flame Condition: Blue / Orange
Shift: Night
Month: Dec
Day: 18
Year: 2017
Attachment: 
Encoding: HTML
========================================

