$@MID@$: 246
Date: Wed, 13 Dec 2017 09:41:39 -0700
Author: Nigel Renschler
Pressure: 235
Temperature: 64
Front Water Lvl: 2
Back Water Lvl: 2
Flame Condition: Blue / Orange
Shift: Day
Month: Dec
Day: 13
Year: 2017
Attachment: 
Encoding: HTML
========================================

$@MID@$: 247
Date: Wed, 13 Dec 2017 19:46:40 -0700
Author: Gary Wright
Pressure: 246
Temperature: 63
Front Water Lvl: Good 2.5
Back Water Lvl: Good 2
Flame Condition: Blue / Orange
Shift: Night
Month: Dec
Day: 13
Year: 2017
Attachment: 
Encoding: HTML
========================================

