$@MID@$: 261
Date: Thu, 21 Dec 2017 10:16:14 -0700
Author: Nigel Renschler
Pressure: 229
Temperature: 56
Front Water Lvl: 3
Back Water Lvl: 2
Flame Condition: Blue / Orange
Shift: Day
Month: Dec
Day: 21
Year: 2017
Attachment: 
Encoding: HTML
========================================

$@MID@$: 262
Date: Thu, 21 Dec 2017 20:37:59 -0700
Author: Kevin Nicol
Pressure: 238
Temperature: 64
Front Water Lvl: 3
Back Water Lvl: 2
Flame Condition: Blue / Orange
Shift: Night
Month: Dec
Day: 21
Year: 2017
Attachment: 
Encoding: HTML
========================================

