$@MID@$: 265
Date: Sat, 23 Dec 2017 09:48:55 -0700
Author: Nigel Renschler
Pressure: 224
Temperature: 60
Front Water Lvl: 3
Back Water Lvl: 2
Flame Condition: Blue / Orange
Shift: Day
Month: Dec
Day: 23
Year: 2017
Attachment: 
Encoding: HTML
========================================

$@MID@$: 266
Date: Sat, 23 Dec 2017 20:50:05 -0700
Author: Kevin Nicol
Pressure: 238
Temperature: 65
Front Water Lvl: 2
Back Water Lvl: 2
Flame Condition: Blue / Orange
Shift: Night
Month: Dec
Day: 23
Year: 2017
Attachment: 
Encoding: HTML
========================================

