$@MID@$: 1880
Date: Sat, 22 Jan 2022 16:04:52 -0700
Author: Pat Brown
Surge Tank Temp: 64
Surge Tank Press: 248
Surge Tank Level: 4
Outlet Temp: 84
Stack Temp: 115
Pump Press: 480
Flame Condition: Orange
Shift: Day
Month: Jan
Day: 22
Year: 2022
Attachment: 
Encoding: HTML
========================================

$@MID@$: 1881
Date: Sat, 22 Jan 2022 23:02:51 -0700
Author: Blaine Harris
Surge Tank Temp: 66
Surge Tank Press: 245
Surge Tank Level: 4
Outlet Temp: 84
Stack Temp: 116
Pump Press: 470
Flame Condition: Orange
Shift: Night
Month: Jan
Day: 22
Year: 2022
Attachment: 
Encoding: HTML
========================================

