$@MID@$: 1841
Date: Mon, 03 Jan 2022 03:38:32 -0700
Author: Ryan Gilgan
Surge Tank Temp: 62
Surge Tank Press: 525
Surge Tank Level: 4
Outlet Temp: 84
Stack Temp: 122
Pump Press: 480
Flame Condition: Orange
Shift: Night
Month: Jan
Day: 2
Year: 2021
Attachment: 
Encoding: HTML
========================================

$@MID@$: 1842
Date: Mon, 03 Jan 2022 10:31:22 -0700
Author: Jordan Wilson
Surge Tank Temp: 62
Surge Tank Press: 255
Surge Tank Level: 4
Outlet Temp: 84
Stack Temp: 134
Pump Press: 490
Flame Condition: Orange
Shift: Day
Month: Jan
Day: 3
Year: 2021
Attachment: 
Encoding: HTML
========================================

