$@MID@$: 1877
Date: Fri, 21 Jan 2022 00:28:07 -0700
Author: Blaine Harris
Surge Tank Temp: 64
Surge Tank Press: 250
Surge Tank Level: 4
Outlet Temp: 84
Stack Temp: 118
Pump Press: 470
Flame Condition: Orange
Shift: Night
Month: Jan
Day: 20
Year: 2022
Attachment: 
Encoding: HTML
========================================

$@MID@$: 1878
Date: Fri, 21 Jan 2022 12:38:37 -0700
Author: Pat Brown
Surge Tank Temp: 64
Surge Tank Press: 248
Surge Tank Level: 4
Outlet Temp: 84
Stack Temp: 113
Pump Press: 480
Flame Condition: Orange
Shift: Day
Month: Jan
Day: 21
Year: 2022
Attachment: 
Encoding: HTML
========================================

$@MID@$: 1879
Date: Fri, 21 Jan 2022 23:34:04 -0700
Author: Blaine Harris
Surge Tank Temp: 65
Surge Tank Press: 250
Surge Tank Level: 4
Outlet Temp: 84
Stack Temp: 118
Pump Press: 470
Flame Condition: Orange
Shift: Night
Month: Jan
Day: 21
Year: 2022
Attachment: 
Encoding: HTML
========================================

