$@MID@$: 1872
Date: Tue, 18 Jan 2022 12:43:19 -0700
Author: Jordan Wilson
Surge Tank Temp: 65
Surge Tank Press: 255
Surge Tank Level: 4
Outlet Temp: 89
Stack Temp: 121
Pump Press: 480
Flame Condition: Orange
Shift: Day
Month: Jan
Day: 18
Year: 2022
Attachment: 
Encoding: HTML
========================================

$@MID@$: 1873
Date: Tue, 18 Jan 2022 22:50:58 -0700
Author: Blaine Harris
Surge Tank Temp: 62
Surge Tank Press: 265
Surge Tank Level: 4
Outlet Temp: 84
Stack Temp: 133
Pump Press: 490
Flame Condition: Blue / Orange
Shift: Night
Month: Jan
Day: 18
Year: 2022
Attachment: 
Encoding: HTML
========================================

