$@MID@$: 1851
Date: Sat, 08 Jan 2022 01:56:10 -0700
Author: Jordan Wilson
Surge Tank Temp: 62
Surge Tank Press: 255
Surge Tank Level: 4
Outlet Temp: 84
Stack Temp: 133
Pump Press: 490
Flame Condition: Orange
Shift: Night
Month: Jan
Day: 7
Year: 2022
Attachment: 
Encoding: HTML
========================================

$@MID@$: 1852
Date: Sat, 08 Jan 2022 15:22:33 -0700
Author: Pat Brown
Surge Tank Temp: 62
Surge Tank Press: 254
Surge Tank Level: 4
Outlet Temp: 84
Stack Temp: 133
Pump Press: 490
Flame Condition: Orange
Shift: Day
Month: Jan
Day: 8
Year: 2022
Attachment: 
Encoding: HTML
========================================

