$@MID@$: 1916
Date: Wed, 09 Feb 2022 10:46:47 -0700
Author: Pat Brown
Surge Tank Temp: 65
Surge Tank Press: 253
Surge Tank Level: 4
Outlet Temp: 84
Stack Temp: 118
Pump Press: 480
Flame Condition: Orange
Shift: Day
Month: Feb
Day: 9
Year: 2022
Attachment: 
Encoding: HTML
========================================

$@MID@$: 1917
Date: Wed, 09 Feb 2022 19:20:42 -0700
Author: Kevin Nicol
Surge Tank Temp: 66
Surge Tank Press: 250
Surge Tank Level: 4
Outlet Temp: 84
Stack Temp: 116
Pump Press: 475
Flame Condition: Blue / Orange
Shift: Night
Month: Feb
Day: 9
Year: 2022
Attachment: 
Encoding: HTML
========================================

