$@MID@$: 2003
Date: Fri, 25 Mar 2022 04:17:47 -0600
Author: Ryan Gilgan
Surge Tank Temp: 61
Surge Tank Press: 260
Surge Tank Level: 3
Outlet Temp: 75
Stack Temp: 101
Pump Press: 490
Flame Condition: Orange
Shift: Night
Month: Mar
Day: 24
Year: 2022
Attachment: 
Encoding: HTML
========================================

$@MID@$: 2004
Date: Fri, 25 Mar 2022 05:32:24 -0600
Author: chris platt
Surge Tank Temp: 57
Surge Tank Press: 266
Surge Tank Level: 3
Outlet Temp: 75
Stack Temp: 107
Pump Press: 500
Flame Condition: Blue / Orange
Shift: Day
Month: Mar
Day: 24
Year: 2022
Attachment: 
Encoding: HTML
========================================

$@MID@$: 2005
Date: Fri, 25 Mar 2022 18:03:03 -0600
Author: Ryan Gilgan
Surge Tank Temp: 59
Surge Tank Press: 263
Surge Tank Level: 3
Outlet Temp: 75
Stack Temp: 103
Pump Press: 490
Flame Condition: Orange
Shift: Night
Month: Mar
Day: 25
Year: 2022
Attachment: 
Encoding: HTML
========================================

