$@MID@$: 1983
Date: Mon, 14 Mar 2022 16:57:19 -0600
Author: chris platt
Surge Tank Temp: 65
Surge Tank Press: 250
Surge Tank Level: 3.5
Outlet Temp: 84
Stack Temp: 123
Pump Press: 480
Flame Condition: Orange
Shift: Day
Month: Mar
Day: 14
Year: 2022
Attachment: 
Encoding: HTML
========================================

$@MID@$: 1984
Date: Mon, 14 Mar 2022 22:37:35 -0600
Author: Kevin Nicol
Surge Tank Temp: 66
Surge Tank Press: 250
Surge Tank Level: 4
Outlet Temp: 84
Stack Temp: 117
Pump Press: 475
Flame Condition: Orange
Shift: Night
Month: Mar
Day: 14
Year: 2022
Attachment: 
Encoding: HTML
========================================

