$@MID@$: 2006
Date: Sat, 26 Mar 2022 08:33:00 -0600
Author: chris platt
Surge Tank Temp: 58
Surge Tank Press: 266
Surge Tank Level: 3
Outlet Temp: 75
Stack Temp: 107
Pump Press: 500
Flame Condition: Blue / Orange
Shift: Day
Month: Mar
Day: 25
Year: 2022
Attachment: 
Encoding: HTML
========================================

$@MID@$: 2007
Date: Sat, 26 Mar 2022 09:42:04 -0600
Author: chris platt
Surge Tank Temp: 57
Surge Tank Press: 265
Surge Tank Level: 3
Outlet Temp: 75
Stack Temp: 108
Pump Press: 505
Flame Condition: Blue / Orange
Shift: Day
Month: Mar
Day: 26
Year: 2022
Attachment: 
Encoding: HTML
========================================

