$@MID@$: 2000
Date: Wed, 23 Mar 2022 02:09:48 -0600
Author: Ryan Gilgan
Surge Tank Temp: 63
Surge Tank Press: 268
Surge Tank Level: 3
Outlet Temp: 75
Stack Temp: 101
Pump Press: 430
Flame Condition: Orange
Shift: Night
Month: Mar
Day: 22
Year: 2022
Attachment: 
Encoding: HTML
========================================

$@MID@$: 2001
Date: Wed, 23 Mar 2022 08:45:38 -0600
Author: Pat Brown
Surge Tank Temp: 60
Surge Tank Press: 267
Surge Tank Level: 3
Outlet Temp: 75
Stack Temp: 104
Pump Press: 495
Flame Condition: Blue / Orange
Shift: Day
Month: Mar
Day: 23
Year: 2022
Attachment: 
Encoding: HTML
========================================

