$@MID@$: 2047
Date: Sat, 16 Apr 2022 10:44:05 -0600
Author: Pat Brown
Surge Tank Temp: 58
Surge Tank Press: 264
Surge Tank Level: 3
Outlet Temp: 75
Stack Temp: 107
Pump Press: 500
Flame Condition: Blue / Orange
Shift: Day
Month: Apr
Day: 16
Year: 2022
Attachment: 
Encoding: HTML
========================================

$@MID@$: 2048
Date: Sat, 16 Apr 2022 22:50:00 -0600
Author: Blaine Harris
Surge Tank Temp: 58
Surge Tank Press: 265
Surge Tank Level: 3
Outlet Temp: 75
Stack Temp: 104
Pump Press: 500
Flame Condition: Blue / Orange
Shift: Night
Month: Apr
Day: 16
Year: 2022
Attachment: 
Encoding: HTML
========================================

