$@MID@$: 2051
Date: Mon, 18 Apr 2022 11:38:09 -0600
Author: Pat Brown
Surge Tank Temp: 59
Surge Tank Press: 264
Surge Tank Level: 3
Outlet Temp: 75
Stack Temp: 104
Pump Press: 500
Flame Condition: Blue / Orange
Shift: Day
Month: Apr
Day: 18
Year: 2022
Attachment: 
Encoding: HTML
========================================

$@MID@$: 2052
Date: Mon, 18 Apr 2022 23:52:51 -0600
Author: Blaine Harris
Surge Tank Temp: 60
Surge Tank Press: 260
Surge Tank Level: 3
Outlet Temp: 75
Stack Temp: 99
Pump Press: 495
Flame Condition: Blue / Orange
Shift: Night
Month: Apr
Day: 18
Year: 2022
Attachment: 
Encoding: HTML
========================================

