$@MID@$: 2026
Date: Tue, 05 Apr 2022 14:50:12 -0600
Author: Pat Brown
Surge Tank Temp: 57
Surge Tank Press: 264
Surge Tank Level: 3
Outlet Temp: 75
Stack Temp: 103
Pump Press: 495
Flame Condition: Blue / Orange
Shift: Day
Month: Apr
Day: 5
Year: 2022
Attachment: 
Encoding: HTML
========================================

$@MID@$: 2027
Date: Tue, 05 Apr 2022 19:31:01 -0600
Author: Kevin Nicol
Surge Tank Temp: 59
Surge Tank Press: 260
Surge Tank Level: 3
Outlet Temp: 74
Stack Temp: 99
Pump Press: 490
Flame Condition: Blue / Orange
Shift: Night
Month: Apr
Day: 5
Year: 2022
Attachment: 
Encoding: HTML
========================================

