$@MID@$: 2056
Date: Thu, 21 Apr 2022 04:02:29 -0600
Author: Ryan Gilgan
Surge Tank Temp: 58
Surge Tank Press: 264
Surge Tank Level: 3
Outlet Temp: 75
Stack Temp: 105
Pump Press: 500
Flame Condition: Blue / Orange
Shift: Night
Month: Apr
Day: 20
Year: 2022
Attachment: 
Encoding: HTML
========================================

$@MID@$: 2057
Date: Thu, 21 Apr 2022 16:47:27 -0600
Author: chris platt
Surge Tank Temp: 57
Surge Tank Press: 267
Surge Tank Level: 3
Outlet Temp: 75
Stack Temp: 104
Pump Press: 500
Flame Condition: Blue / Orange
Shift: Day
Month: Apr
Day: 21
Year: 2022
Attachment: 
Encoding: HTML
========================================

