$@MID@$: 2122
Date: Wed, 25 May 2022 04:45:12 -0600
Author: Jordan Wilson
Surge Tank Temp: 58
Surge Tank Press: 269
Surge Tank Level: 3
Outlet Temp: 75
Stack Temp: 96
Pump Press: 500
Flame Condition: Blue / Orange
Shift: Night
Month: May
Day: 24
Year: 2022
Attachment: 
Encoding: HTML
========================================

$@MID@$: 2123
Date: Wed, 25 May 2022 09:22:11 -0600
Author: Travis Beuker
Surge Tank Temp: 60
Surge Tank Press: 261
Surge Tank Level: 3
Outlet Temp: 75
Stack Temp: 97
Pump Press: 500
Flame Condition: Blue
Shift: Day
Month: May
Day: 25
Year: 2022
Attachment: 
Encoding: HTML
========================================

