$@MID@$: 2164
Date: Fri, 28 Oct 2022 09:45:55 -0600
Author: Brad Towers
Surge Tank Temp: 50
Surge Tank Press: 258
Surge Tank Level: 4.5
Outlet Temp: 70
Stack Temp: 102.6
Pump Press: 415
Flame Condition: Blue / Orange
Shift: Day
Month: Oct
Day: 28
Year: 2022
Attachment: 
Encoding: HTML
========================================

$@MID@$: 2165
Date: Fri, 28 Oct 2022 20:57:42 -0600
Author: Blaine Harris
Surge Tank Temp: 52
Surge Tank Press: 255
Surge Tank Level: 45
Outlet Temp: 70
Stack Temp: 100
Pump Press: 420
Flame Condition: Blue / Orange
Shift: Night
Month: Oct
Day: 28
Year: 2022
Attachment: 
Encoding: HTML
========================================

