$@MID@$: 2150
Date: Fri, 21 Oct 2022 12:23:58 -0600
Author: Travis Beuker
Surge Tank Temp: 59
Surge Tank Press: 280
Surge Tank Level: 4
Outlet Temp: 59
Stack Temp: 85
Pump Press: 410
Flame Condition: Blue / Orange
Shift: Day
Month: Oct
Day: 21
Year: 2022
Attachment: 
Encoding: HTML
========================================

$@MID@$: 2151
Date: Fri, 21 Oct 2022 19:26:37 -0600
Author: Kevin Nicol
Surge Tank Temp: 41
Surge Tank Press: 255
Surge Tank Level: 4.5
Outlet Temp: 60
Stack Temp: 85
Pump Press: 420
Flame Condition: Blue
Shift: Night
Month: Oct
Day: 21
Year: 2022
Attachment: 
Encoding: HTML
========================================

