$@MID@$: 2160
Date: Wed, 26 Oct 2022 14:42:59 -0600
Author: Travis Beuker
Surge Tank Temp: 45
Surge Tank Press: 251
Surge Tank Level: 4.5
Outlet Temp: 70
Stack Temp: 103
Pump Press: 415
Flame Condition: Blue / Orange
Shift: Day
Month: Oct
Day: 26
Year: 2022
Attachment: 
Encoding: HTML
========================================

$@MID@$: 2161
Date: Wed, 26 Oct 2022 22:53:39 -0600
Author: Blaine Harris
Surge Tank Temp: 51
Surge Tank Press: 255
Surge Tank Level: 4.5
Outlet Temp: 70
Stack Temp: 102
Pump Press: 415
Flame Condition: Blue
Shift: Night
Month: Oct
Day: 26
Year: 2022
Attachment: 
Encoding: HTML
========================================

