$@MID@$: 2144
Date: Tue, 18 Oct 2022 10:56:51 -0600
Author: Brad Towers
Surge Tank Temp: 43
Surge Tank Press: 240
Surge Tank Level: 4.5
Outlet Temp: 60
Stack Temp: 85.6
Pump Press: 420
Flame Condition: Blue / Orange
Shift: Day
Month: Oct
Day: 18
Year: 2022
Attachment: 
Encoding: HTML
========================================

$@MID@$: 2145
Date: Tue, 18 Oct 2022 19:14:16 -0600
Author: Kevin Nicol
Surge Tank Temp: 47
Surge Tank Press: 250
Surge Tank Level: 4.5
Outlet Temp: 59
Stack Temp: 78
Pump Press: 410
Flame Condition: Blue
Shift: Night
Month: Oct
Day: 18
Year: 2022
Attachment: 
Encoding: HTML
========================================

