$@MID@$: 2216
Date: Wed, 23 Nov 2022 14:05:15 -0700
Author: Travis Beuker
Surge Tank Temp: 57
Surge Tank Press: 251
Surge Tank Level: 4.5
Outlet Temp: 75
Stack Temp: 110
Pump Press: 420
Flame Condition: Blue / Orange
Shift: Day
Month: Nov
Day: 23
Year: 2022
Attachment: 
Encoding: HTML
========================================

$@MID@$: 2217
Date: Wed, 23 Nov 2022 23:23:49 -0700
Author: Blaine Harris
Surge Tank Temp: 57
Surge Tank Press: 250
Surge Tank Level: 4
Outlet Temp: 75
Stack Temp: 108
Pump Press: 415
Flame Condition: Blue / Orange
Shift: Night
Month: Nov
Day: 23
Year: 2022
Attachment: 
Encoding: HTML
========================================

