$@MID@$: 2189
Date: Thu, 10 Nov 2022 00:29:33 -0700
Author: Pat Brown
Surge Tank Temp: 65
Surge Tank Press: 246
Surge Tank Level: 4
Outlet Temp: 75
Stack Temp: 115
Pump Press: 425
Flame Condition: Blue / Orange
Shift: Night
Month: Nov
Day: 9
Year: 2022
Attachment: 
Encoding: HTML
========================================

$@MID@$: 2190
Date: Thu, 10 Nov 2022 09:46:13 -0700
Author: Brad Towers
Surge Tank Temp: 52
Surge Tank Press: 260
Surge Tank Level: 4.5
Outlet Temp: 70
Stack Temp: 121.7
Pump Press: 425
Flame Condition: Blue / Orange
Shift: Day
Month: Nov
Day: 10
Year: 2022
Attachment: 
Encoding: HTML
========================================

