$@MID@$: 2218
Date: Thu, 24 Nov 2022 09:55:53 -0700
Author: Brad Towers
Surge Tank Temp: 56
Surge Tank Press: 250
Surge Tank Level: 4.5
Outlet Temp: 75
Stack Temp: 108
Pump Press: 415
Flame Condition: Blue / Orange
Shift: Day
Month: Nov
Day: 24
Year: 2022
Attachment: 
Encoding: HTML
========================================

$@MID@$: 2219
Date: Thu, 24 Nov 2022 23:57:55 -0700
Author: Blaine Harris
Surge Tank Temp: 57
Surge Tank Press: 245
Surge Tank Level: 4
Outlet Temp: 75
Stack Temp: 108
Pump Press: 415
Flame Condition: Blue / Orange
Shift: Night
Month: Nov
Day: 24
Year: 2022
Attachment: 
Encoding: HTML
========================================

