$@MID@$: 2276
Date: Thu, 29 Dec 2022 04:23:31 -0700
Author: Ryan Gilgan
Surge Tank Temp: 57
Surge Tank Press: 250
Surge Tank Level: 4
Outlet Temp: 75
Stack Temp: 117
Pump Press: 420
Flame Condition: Blue / Orange
Shift: Night
Month: Dec
Day: 28
Year: 2022
Attachment: 
Encoding: HTML
========================================

$@MID@$: 2277
Date: Thu, 29 Dec 2022 08:03:59 -0700
Author: Travis Beuker
Surge Tank Temp: 58
Surge Tank Press: 253
Surge Tank Level: 4.5
Outlet Temp: 75
Stack Temp: 115
Pump Press: 420
Flame Condition: Blue / Orange
Shift: Day
Month: Dec
Day: 29
Year: 2022
Attachment: 
Encoding: HTML
========================================

