$@MID@$: 2259
Date: Tue, 20 Dec 2022 12:46:22 -0700
Author: Travis Beuker
Surge Tank Temp: 55
Surge Tank Press: 253
Surge Tank Level: 4.5
Outlet Temp: 75
Stack Temp: 129
Pump Press: 420
Flame Condition: Blue / Orange
Shift: Day
Month: Dec
Day: 20
Year: 2022
Attachment: 
Encoding: HTML
========================================

$@MID@$: 2260
Date: Tue, 20 Dec 2022 21:42:00 -0700
Author: Romeo Tobias
Surge Tank Temp: 53
Surge Tank Press: 255
Surge Tank Level: 4
Outlet Temp: 75
Stack Temp: 128
Pump Press: 430
Flame Condition: Orange
Shift: Night
Month: Dec
Day: 20
Year: 2022
Attachment: 
Encoding: HTML
========================================

