$@MID@$: 1992
Date: Sun, 06 Jan 2019 05:04:22 -0700
Author: Kevin Nicol
Shift: Night Shift
Operators: Kevin N | Dallas L
Shift Handover Meeting: Ryan G | Kyle S
Start of Shift Meeting: 
Plant Status: Steady | Lost Compressor(s)
Equipment Outage: K-208
Filter Change: 
Pigging: 
Recycle Pumps: Production | Truck Offload
Amine Concentration: 
Roustabout Utilization: 
Attachment: 
Encoding: HTML
========================================
<p>&nbsp;sales analyzer low tap, bypassed</p>

<p>K208 down on cooler vibration, WO in to repair cooler motor</p>

<p>&nbsp;</p>
$@MID@$: 1993
Date: Sun, 06 Jan 2019 16:29:29 -0700
Author: Kyle Shute
Shift: Day Shift
Operators: Ryan G | Kyle S
Shift Handover Meeting: Kevin N | Dallas L
Start of Shift Meeting: 
Plant Status: Steady
Equipment Outage: 
Filter Change: 
Pigging: 05-14
Recycle Pumps: Production | Truck Offload
Amine Concentration: 34%
Roustabout Utilization: 
Attachment: 
Encoding: HTML
========================================
<p>Topped up LPG lubricators.</p>

<p>Added governor oil to K-205.</p>

<p>Finished weekend checks.</p>

<p>Amine concentration is 34%.</p>

<p>Kenny pigged 5-14 WPNE pipeline.</p>

<p>Did Kyle&#39;s CMDS validations.</p>

<p>Recycled from the boot.</p>

<p>Plant steady.</p>

<p>&nbsp;</p>

<p>&nbsp;</p>

<p>&nbsp;</p>

<p>&nbsp;</p>
