$@MID@$: 1982
Date: Tue, 01 Jan 2019 16:15:30 -0700
Author: Ryan Gilgan
Shift: Day Shift
Operators: Ryan G | Romeo T
Shift Handover Meeting: Kevin N | Jeff B
Start of Shift Meeting: 
Plant Status: Steady
Equipment Outage: 
Filter Change: 
Pigging: 
Recycle Pumps: Production | Overflow
Amine Concentration: 
Roustabout Utilization: 
Attachment: 
Encoding: HTML
========================================
<p>Glycol bouncing around all day, methanolled inlet 2x and added a couple of times from the overhead.</p>

<p>swapped glycol filter pots</p>

<p>Opened up louvers on K-202, and K-203</p>

<p>Raised tarps on north side of trim cooler.</p>

<p>Rob hauled in 4 loads of Zeta water, and was orientated.</p>

<p>Al with HVO hauled in 1 load of Baccalieu and was orientated.</p>

<p>Romeo added oil on the LPG lubricator.</p>

<p>Romeo worked on 2019 folder.</p>

<p>WO in for light in the treater building</p>

<p>&nbsp;</p>
