$@MID@$: 2065
Date: Fri, 08 Feb 2019 16:58:10 -0700
Author: Romeo Tobias
Shift: Day Shift
Operators: Ryan Ba | Romeo T
Shift Handover Meeting: Gary W | Ryan Bl
Start of Shift Meeting: Kristina C | Kevin T | Brandon G
Plant Status: Steady
Equipment Outage: 
Filter Change: 
Pigging: 
Recycle Pumps: Production | Overflow
Amine Concentration: 
Roustabout Utilization: 
Attachment: 
Encoding: HTML
========================================
<p>APECS continue overhaul of K205 engine. Keabray pulled out blinds for K205.</p>

<p>Kevin Tonne working on K205 ignition system with Mike&#39;s Ignition.</p>

<p>Trent/ HVO hauling 4 loads of emulsion from Baccaleau.</p>

<p>Lower amine water from 17 to 10.</p>

<p>Rob/GGT hauled in Braz and Zeta water.</p>

<p>&nbsp;</p>

<p>&nbsp;</p>
$@MID@$: 2066
Date: Fri, 08 Feb 2019 20:40:49 -0700
Author: Gary Wright
Shift: Night Shift
Operators: Gary W | Ryan Bl
Shift Handover Meeting: Ryan Ba | Romeo T
Start of Shift Meeting: Brandon G
Plant Status: Steady
Equipment Outage: Battery
Filter Change: 
Pigging: 
Recycle Pumps: Production | Overflow | Truck Offload
Amine Concentration: 
Roustabout Utilization: N/A
Attachment: 
Encoding: HTML
========================================
<p>&nbsp;Skimmed the Amine charcoal filter.</p>

<p>Added oil to the lube oil tank in the lean oil building.</p>

<p>Swung recycle pump &quot;B&quot; into the truck offload line. Pump went down shortly afterwards, bled off air and restart.</p>

<p>Added oil to the LPG lubricator.</p>

<p>Apecs here working on K-205 overhaul until 22:00hrs.</p>

<p>HVO (Trent) hauled in a load of oil from Tangle Creek 13-16-49-11W5m.</p>

<p>Recycle pump &quot;B&quot; went down 6X.</p>

<p>Had to add fuel gas blanket to the Braz LPG bullet.</p>

<p>Lowered tarp for the overhead condenser on the trim cooler.</p>

<p>Raised the set points on K-203 and K-204 top and bottom coolers from 25 to 40.</p>

<p>Pinched in louvers on K-202.</p>

<p>Lost hot oil heater.</p>
