$@MID@$: 2156
Date: Wed, 20 Mar 2019 03:21:02 -0600
Author: Romeo Tobias
Shift: Night Shift
Operators: Romeo T | Chris P
Shift Handover Meeting: Ryan Ba | Kyle S
Start of Shift Meeting: 
Plant Status: Steady
Equipment Outage: 
Filter Change: 
Pigging: 
Recycle Pumps: Production | Overflow
Amine Concentration: 37
Roustabout Utilization: 
Attachment: 
Encoding: HTML
========================================
<p>Glycol concentration - lean- 73%, rich - 64.3%, tank-42.7%.</p>

<p>Topped up LPG lubricator.</p>

<p>Skimmed amine charcoal filter.</p>

<p>Lean oil lubricator not working on 2nd and 3rd from the south. Sent work order.</p>

<p>Closed a little bit louvers of K201,202,203 and 208. Slowed down AC 3104B from fast to slow.</p>

<p>Eric/HVO hauled in 2 loads from Baccalieu ( 6-16-49-11 and 16-18-48-12).</p>

<p>Set TIC-3111 (stab cooler temp control) from 100% to 60% to control condensation to V-3106.</p>

<p>&nbsp;</p>
$@MID@$: 2157
Date: Wed, 20 Mar 2019 10:23:40 -0600
Author: Kyle Shute
Shift: Day Shift
Operators: Ryan Ba | Kyle S
Shift Handover Meeting: Romeo T | Chris P
Start of Shift Meeting: Daren F | Kristina C | Tyson T | Devin N | Kevin T
Plant Status: Steady
Equipment Outage: 
Filter Change: 
Pigging: Mancal
Recycle Pumps: Production | Overflow
Amine Concentration: 
Roustabout Utilization: 
Attachment: 
Encoding: HTML
========================================
<p>-Topped up LPG packing lubricators.</p>

<p>-Mancal pigged V-103, lots of liquids from 10:40AM to 12:30.</p>

<p>-Took Amine/ Glycol/ Hot Oil/ Battery boiler glycol samples to be sent in tomorrow.</p>

<p>-Lowered the De-eth bottoms temp from 100 to 97.</p>

<p>-Put the C3 2 speed fan on fast.</p>

<p>-Opened louvers on K-201, 202, 203, 208.</p>

<p>-Set the Debut overheads cooler VFD to 100% from 60% to decrease pressure on the debut.</p>

<p>-Pulled and cleaned V-207 dump flow meter.</p>

<p>-Worked on master action item list.</p>

<p>-Ryan built a blind list for K-203 compressor overhaul.</p>

<p>-Tyson T. worked on the Lean oil packing lubricators, they seem to be working now, they plan to install a new lubricator pump during Turnaround.</p>

<p>-GGT (Rob) hauled in braz and zeta produced water, also sucked out the floor drains in process, sucked out tank 124, 128, and 129, sucked out the secondary containment for the corrosion inhibitor pump by the Acid gas.</p>

<p>-Drained lube oils off the bottom of the chiller.</p>

<p>-Skimmed amine charcol filter.</p>

<p>&nbsp;</p>
