$@MID@$: 2171
Date: Tue, 26 Mar 2019 04:50:54 -0600
Author: Romeo Tobias
Shift: Night Shift
Operators: Romeo T | Jeff B
Shift Handover Meeting: Ryan G | Bryan N
Start of Shift Meeting: 
Plant Status: Steady
Equipment Outage: 
Filter Change: Cleaned Recycle Pump Basket
Pigging: 
Recycle Pumps: Production | Overflow
Amine Concentration: 
Roustabout Utilization: 
Attachment: 
Encoding: HTML
Draft: KShute
========================================
<p>K208 1st stage suction scrubber has been gaining level, pump won&#39;t catch prime. Need to manually prime it every 3 hours.</p>

<p>HVO hauling emulsion from Baccalieu 6-12-49-11&nbsp;W5.</p>

<p>Cleaned up recycle B basket and meter, found some chunks of rubber and foam.</p>

<p>&nbsp;</p>
$@MID@$: 2172
Date: Tue, 26 Mar 2019 05:16:12 -0600
Author: Romeo Tobias
Shift: Night Shift
Operators: Romeo T | Jeff B
Shift Handover Meeting: Ryan G | Bryan N
Start of Shift Meeting: 
Plant Status: Steady
Equipment Outage: 
Filter Change: Cleaned Recycle Pump Basket
Pigging: 
Recycle Pumps: Production | Overflow
Amine Concentration: 
Roustabout Utilization: 
Attachment: 
Encoding: HTML
========================================
<p>K208 1st stage suction scrubber has been gaining level, pump won&#39;t catch prime. Need to manually prime it every 3 hours.</p>

<p>HVO hauling emulsion from Baccalieu 6-12-49-11&nbsp;W5.</p>

<p>Cleaned up recycle B basket and meter, found some chunks of leaves, rubber and foam.</p>

<p>&nbsp;</p>
$@MID@$: 2173
Date: Tue, 26 Mar 2019 17:04:14 -0600
Author: Ryan Gilgan
Shift: Day Shift
Operators: Ryan G | Bryan N
Shift Handover Meeting: Kevin N | Jeff B
Start of Shift Meeting: Daren F | Kevin T
Plant Status: Lost Compressor(s)
Equipment Outage: K-208
Filter Change: 
Pigging: 
Recycle Pumps: Production | Truck Offload
Amine Concentration: 
Roustabout Utilization: 
Attachment: 
Encoding: HTML
========================================
<p>Swapped recycle to truck offload</p>

<p>Lost K-208 on high 1st stage scrubber level.&nbsp;&nbsp; Manually drained it every 3 hours.&nbsp;&nbsp; Pump not getting suction, open to flare and the pump takes off.</p>

<p>Tri Energy out to start erecting scaffolding.</p>

<p>Wpemops login is working again.</p>

<p>Chris Page delivered oil drums and took back empties.</p>

<p>HVO hauled in 2 loads of Baccalieu emulsion.</p>

<p>Elite out doing gas meter proving.</p>

<p>Maxxam took LPG sample.</p>

<p>Rob with GGT hauling Zeta water.</p>

<p>LPG pumps down for a few hours for Keylink work.&nbsp; Back up and running.</p>

<p>worked with dayton on steaming process and amine procedure for T/A.</p>

<p>&nbsp;</p>
