$@MID@$: 2141
Date: Wed, 13 Mar 2019 05:04:31 -0600
Author: Ryan Gilgan
Shift: Night Shift
Operators: Ryan G | Ryan Bl
Shift Handover Meeting: Tye M | Kyle S
Start of Shift Meeting: 
Plant Status: Steady
Equipment Outage: 
Filter Change: Amine Bag
Pigging: 
Recycle Pumps: Production | Truck Offload
Amine Concentration: 
Roustabout Utilization: 
Attachment: 
Encoding: HTML
========================================
<p>Increased glycol flow rate to 7.0 roots from 6.4, due to chiller diff.</p>

<p>Rob hauled a load of Zeta water.</p>

<p>Recycle in truck offload</p>

<p>Changed rich Amine bag filter</p>

<p>Skimmed charcoal filter and got half a liter of oil.</p>

<p>Lowered Amine trim cooler tarps</p>

<p>increased res gas temp from 30 to 32.</p>

<p>K-206 dump valve passing on scrubber.</p>
$@MID@$: 2142
Date: Wed, 13 Mar 2019 17:16:59 -0600
Author: Tye Mastre
Shift: Day Shift
Operators: Kyle S
Shift Handover Meeting: Ryan G
Start of Shift Meeting: Kristina C | Devin N | Kevin T
Plant Status: Steady
Equipment Outage: 
Filter Change: 
Pigging: 
Recycle Pumps: Production | Truck Offload
Amine Concentration: 38%
Roustabout Utilization: 
Attachment: 
Encoding: HTML
========================================
<p>Added oil to the amine charge pump crankcase.</p>

<p>Took glycol samples. Lean is 67% and rich is 74%.</p>

<p>Amine concentration is at 38%.</p>

<p>Tri Energy out doing a walk through.</p>

<p>Pembina out proving their meter.</p>

<p>HVO hauled in 2 loads of Baccalieu emulsion.</p>

<p>Kevin and Devin got the fuel gas pilot line flowing.</p>

<p>Cleaned the treater inlet to exchanger screen three times due to hi differential pressure.</p>

<p>Glycol bouncing around, but never had to add. Seems to be hanging up in the still column.</p>

<p>Lost recycle pump &#39;&#39;B&#39;&#39; once due to vapour locking.</p>

<p>Sped up the de bute overhead fans to 100%.</p>

<p>Lowered the res gas cooler temp setpoint to 30 degrees from 32 to lower the contactor inlet gas temp.</p>

<p>Wednesday morning meeting.</p>

<p>Worked on the PSV list for turnaround.</p>

<p>Topped up LPG lubricators</p>

<p>&nbsp;</p>
