$@MID@$: 2112
Date: Fri, 01 Mar 2019 05:30:26 -0700
Author: Tye Mastre
Shift: Night Shift
Operators: Tye M | Jeff B
Shift Handover Meeting: Kevin N | Kyle S
Start of Shift Meeting: 
Plant Status: Steady
Equipment Outage: 
Filter Change: Amine Bag
Pigging: 
Recycle Pumps: Production
Amine Concentration: 43%
Roustabout Utilization: 
Attachment: 
Encoding: HTML
========================================
<p>Sped up K-206, 203 and 202 compressors abit.</p>

<p>Put V-101 auto and set inlet pressure to 1500 kpa and control valve to K-206 to 1375 kpa.</p>

<p>Opened up the amine regen tops temp control valve abit.</p>

<p>Changed amine bag filter.</p>

<p>Turned on the acid gas after cooler to well.</p>

<p>Took an amine concentration. Amine is at 43%. Increased makeup pump from 8 to 13% output.</p>

<p>Pembina called due to Hi BS&amp;W. They tried running the pumps a few times but it wouldnt come down. Swung both recycle pumps into the shipping tank. They said to call in the AM if we want to try again.</p>

<p>Added oil to amine charge pump crank case.</p>

<p>Pinched louvers on K-202, 208 and 203 compressor to warm up inlet gas temp to contactor.</p>

<p>V-107 ESD on hi level.</p>

<p>&nbsp;</p>

<p>&nbsp;</p>

<p>&nbsp;</p>

<p>&nbsp;</p>
$@MID@$: 2113
Date: Fri, 01 Mar 2019 17:35:39 -0700
Author: Kevin Nicol
Shift: Day Shift
Operators: Kevin N | Kyle S
Shift Handover Meeting: Tye M
Start of Shift Meeting: Tyson T | Devin N | Kevin T
Plant Status: Steady
Equipment Outage: 
Filter Change: 
Pigging: WPNA
Recycle Pumps: Production | Overflow
Amine Concentration: 
Roustabout Utilization: 
Attachment: 
Encoding: HTML
========================================
<p>&nbsp;production tank high level, called pembina they stared the pump, BS&amp;W bouncing around, Pembina cut use at .5%. increased recycle off production.</p>

<p>K203 off to repair leaking tubing on the volume pocket</p>

<p>V-101 high level, blew down the level trans and k204/206 suction scrubber</p>

<p>Obsidian and GGT on site bleeding down/ piggong WPNA flow line, back on line at 17:00</p>

<p>Tyson repaired flare KO pumps</p>

<p>started H2O plant</p>

<p>swung k204 to HP mode</p>

<p>V-101 level issues. called Terrance to cut back wells and inject metanol</p>

<p>HVO hauled in 3 loads of oil</p>

<p>&nbsp;</p>

<p>&nbsp;</p>
