$@MID@$: 2148
Date: Sat, 16 Mar 2019 05:05:51 -0600
Author: Ryan Gilgan
Shift: Night Shift
Operators: Ryan G | Chris P
Shift Handover Meeting: Tye M | Kyle S
Start of Shift Meeting: 
Plant Status: Steady
Equipment Outage: 
Filter Change: 
Pigging: 
Recycle Pumps: Production | Truck Offload
Amine Concentration: 
Roustabout Utilization: 
Attachment: 
Encoding: HTML
========================================
<p>swapped recycle to truck offload.</p>

<p>Increased Glycol reboiler temp up to 120 degrees.</p>

<p>Lean glycol concentration was 75.7%</p>

<p>Drained some oil out chiller</p>

<p>Pinched K-201 louvers, set temp on louvers back to 30.</p>

<p>Pinched North amine trim cooler louvers.</p>

<p>Increased res gas temp to 32 from 30 degrees.</p>

<p>Adjusted De Bute fan speed</p>

<p>Glycol bouncing around a bit, added out of the reconcentration tank.&nbsp; Lined out after midnight.</p>
$@MID@$: 2149
Date: Sat, 16 Mar 2019 17:21:56 -0600
Author: Tye Mastre
Shift: Day Shift
Operators: Tye M | Kyle S
Shift Handover Meeting: Ryan G
Start of Shift Meeting: 
Plant Status: Steady
Equipment Outage: 
Filter Change: 
Pigging: Vermilion | PNA
Recycle Pumps: Production | Truck Offload
Amine Concentration: 
Roustabout Utilization: 
Attachment: 
Encoding: HTML
========================================
<p>Vermilion pigged V-101 inlet.</p>

<p>Obsidian pigged PNA inlet.</p>

<p>Pulled 14-03, 1-21 and PNA pig.</p>

<p>Worked on&nbsp;weekend checks.</p>

<p>Increased the de bute&nbsp;overheads fan speed.</p>

<p>Turned the two speed condencer fan on fast.</p>

<p>Opened up K-201 compressor louvers.</p>

<p>Increased the de eth bottoms temp&nbsp;from 94 to 95 degrees.</p>

<p>Lowered the res gas discharge temp from 32 to 30 degrees.</p>

<p>Topped up LPG pump lubricators.</p>

<p>Worked on measurments on TR-101 for engineering.</p>

<p>Chemical pump to TR-101 wasnt pumping. Worked on it for abit and got it going.</p>

<p>Added a little glycol from the emission tank to the accumulator.</p>

<p>Glycol level has been slowly trending up through out the day.</p>

<p>Manually dumped TR-101 back water.</p>

<p>Nightshift, can you call Chris Winters with Vermilion and let him know the status with Braz K-104 so he can kick some of hi wells back on. 780-514-4682.</p>
