$@MID@$: 2178
Date: Fri, 29 Mar 2019 05:02:49 -0600
Author: Kevin Nicol
Shift: Night Shift
Operators: Kevin N | Dallas L
Shift Handover Meeting: Ryan G | Kyle S
Start of Shift Meeting: 
Plant Status: Steady
Equipment Outage: 
Filter Change: 
Pigging: 
Recycle Pumps: Production | Overflow
Amine Concentration: 
Roustabout Utilization: 
Attachment: 
Encoding: HTML
========================================
<p>&nbsp;recived 2 loads of oil from HVO</p>

<p>swung recycle to the overflow</p>

<p>steady</p>
$@MID@$: 2179
Date: Fri, 29 Mar 2019 17:21:33 -0600
Author: Kyle Shute
Shift: Day Shift
Operators: Ryan G | Kyle S
Shift Handover Meeting: Kevin N | Dallas L
Start of Shift Meeting: Daren F | Devin N | Chris N
Plant Status: Lost Compressor(s)
Equipment Outage: K-208
Filter Change: 
Pigging: 
Recycle Pumps: Production | Truck Offload
Amine Concentration: 
Roustabout Utilization: 
Attachment: 
Encoding: HTML
========================================
<p>-Tri-Energy out setting up scaffold for T/A.</p>

<p>-C3 delivered this morning.</p>

<p>-Rainbow Riggers out with drone for pre job inspection on flare stack for T/A.</p>

<p>-1 load of Baccalieu emulsion hauled in.</p>

<p>-C3 2 speed fan on Fast.</p>

<p>-Prep for K-202 shutdown on sunday, booked crew (Keabray).</p>

<p>-Manually dumped K-208 1st stage suction scrubber a few times, went down once on high scrubber level, dump for the scrubber is now swung to &quot;Flare&quot;.</p>

<p>-Recycle pump &quot;B&quot; in the &quot;Truck offload&quot;.</p>

<p>-Added oil to the LPG packing lubricators.</p>

<p>-Recycled from the boot.</p>

<p>-Dumped treater back water.</p>

<p>-Devin N. changed out a tubing check valve on the 1st stage scrubber of K-208, pump discharge tubing return line.</p>
