$@MID@$: 2186
Date: Tue, 02 Apr 2019 05:14:09 -0600
Author: Kevin Nicol
Shift: Night Shift
Operators: Kevin N | Dallas L
Shift Handover Meeting: Romeo T | Kyle S
Start of Shift Meeting: 
Plant Status: Steady
Equipment Outage: 
Filter Change: 
Pigging: 
Recycle Pumps: Production
Amine Concentration: 
Roustabout Utilization: 
Attachment: 
Encoding: HTML
========================================
<p>&nbsp;HVO hauling oil from Cynthia and Baccalieu</p>

<p>K202 overhaul ongoing</p>

<p>dumped H2O out of the treater front and back</p>

<p>topped up LPG lubricator</p>

<p>production tank high level, got Pembina to start the pump early</p>

<p>phone system not always letting incoming calls ring in</p>

<p>&nbsp;</p>
$@MID@$: 2187
Date: Tue, 02 Apr 2019 17:09:07 -0600
Author: Romeo Tobias
Shift: Day Shift
Operators: Romeo T | Kyle S
Shift Handover Meeting: Kevin N | Dallas L
Start of Shift Meeting: Daren F | Kristina C | Tyson T | Devin N | Kevin T
Plant Status: Process Upset | Lost Compressor(s) | ESD | Flaring Event
Equipment Outage: K-206 | K-208 | C3-A | Glycol | Battery
Filter Change: Treater Exchanger Basket
Pigging: 14-03
Recycle Pumps: Overflow
Amine Concentration: 33.5 %
Roustabout Utilization: 
Attachment: 
Encoding: HTML
========================================
<p>Skimmed chiller de-oiler and amine charcoal filter.</p>

<p>Nelson brothers deliver RO water. Restarted pump.</p>

<p>Chris Page delivered some oil to fill-up overhead tanks.</p>

<p>APECS continue with overhauling K202.</p>

<p>Tri-energy continue installing scaffolding.</p>

<p>Kenny pigged Wolf Creek line and slugging us for a couple of hours.</p>

<p>Devin checked H2S calibration for amine and sales analyzer.</p>

<p>Adjust de-eth bottom temperature from 96.5 to 98.</p>

<p>Topped up amine charge pump oil.</p>

<p>Kyle dumped treater back water.</p>

<p>Recycle pump both on overflow tank, BS&amp;W is holding around 0.4%.</p>

<p>HVO will be hauling 60 M3 from Baccaliue. Will check later if they can haul more once Pembina pump us down.</p>

<p>Set amine reboiler TIC4300 from 39 to 40.</p>

<p>Set V200 BPC-200 from 270 to 340, inlet controller from 320 to 360 kPa to help minimize LP flaring.</p>

<p>Glycol concentration - tank- 7%, rich - 69.6%, lean- 78.9%.</p>

<p>Kyle checked/cleaned treater exchanger basket once.</p>

<p>Rob/GGT hauling water from Zeta and Braz. Did lube oils and underground tanks.</p>

<p>&nbsp;</p>

<p>&nbsp;</p>

<p>&nbsp;</p>

<p>&nbsp;</p>
