$@MID@$: 2240
Date: Sun, 28 Apr 2019 05:10:11 -0600
Author: Ryan Gilgan
Shift: Night Shift
Operators: Ryan G | Dallas L
Shift Handover Meeting: Tye M | Kyle S
Start of Shift Meeting: 
Plant Status: Steady
Equipment Outage: 
Filter Change: 
Pigging: 
Recycle Pumps: Overflow
Amine Concentration: 
Roustabout Utilization: 
Attachment: 
Encoding: HTML
========================================
<p>Pinched Amine trim cooler</p>

<p>Pinched louvers on K-201, K-202,K-203, K-208</p>

<p>Routines and paper work.</p>

<p>Hvo brought in a load of Cynthia Emulsion at shift change.</p>
$@MID@$: 2241
Date: Sun, 28 Apr 2019 17:16:39 -0600
Author: Tye Mastre
Shift: Day Shift
Operators: Tye M | Kyle S
Shift Handover Meeting: Ryan G
Start of Shift Meeting: 
Plant Status: Steady
Equipment Outage: 
Filter Change: Cleaned Recycle Pump Basket
Pigging: Splitter
Recycle Pumps: Production | Overflow
Amine Concentration: 39.5%
Roustabout Utilization: 
Attachment: 
Encoding: HTML
========================================
<p>Increased amine makeup pump from 9 to 13% to lower concentration.</p>

<p>Finished weekend checks.</p>

<p>HVO hauled in three loads of Baccalieu and one load of Velvet emulsion.</p>

<p>Cleaned recycle pump &#39;&#39;A&#39;&#39; screen and pulled and cleaned meter.</p>

<p>Swung recycle pumps into each tank.</p>

<p>Adjusted de bute overhead cooler fan.</p>

<p>Opened up gathering and K-203 louvers to lower inlet temp to contactor.</p>

<p>Worked on blind list for c3 &#39;&#39;A&#39;&#39;.</p>

<p>Kenny and Mark pigged splitter line again.</p>

<p>Manually dumped K-204 suction scrubber.</p>

<p>Dumped the treater back water.</p>
