$@MID@$: 2296
Date: Tue, 04 Jun 2019 05:15:37 -0600
Author: Ryan Bangle
Shift: Night Shift
Operators: Ryan Ba | Bryan N
Shift Handover Meeting: Tye M | Kyle S
Start of Shift Meeting: 
Plant Status: Steady
Equipment Outage: 
Filter Change: 
Pigging: 
Recycle Pumps: Production | Overflow
Amine Concentration: 
Roustabout Utilization: 
Attachment: 
Encoding: HTML
========================================
<p>&nbsp;Changed amine bag filter.</p>

<p>Skimmed amine charcoal filter.&nbsp; Clean.</p>

<p>Incresed de-eth bottoms temp to 82 from 80.</p>

<p>Desicate beads on moisture indicator turning red for instrument air dryers.&nbsp; Work Ordered.</p>

<p>Lowered amine make-up water to 15 from 20.</p>

<p>Removed old glycol flow controller and post by pumps.</p>

<p>6-19 ESD tripped.&nbsp; Called Mark Spelrum out.</p>

<p>&nbsp;</p>
$@MID@$: 2297
Date: Tue, 04 Jun 2019 17:28:23 -0600
Author: Tye Mastre
Shift: Day Shift
Operators: Tye M | Kyle S
Shift Handover Meeting: Ryan G
Start of Shift Meeting: Kristina C | Devin N
Plant Status: Steady
Equipment Outage: K-208
Filter Change: Cleaned Recycle Pump Basket
Pigging: 05-14
Recycle Pumps: Production | Overflow
Amine Concentration: 45%
Roustabout Utilization: 
Attachment: 
Encoding: HTML
========================================
<p>Added oil to amine charge pump crank case.</p>

<p>Added c3 to accumulator.</p>

<p>Blew down the chiller de-oiler.</p>

<p>Summer students painting.</p>

<p>HVO hauled in a load of Cynthia, Velvet and Baccalieu emulsion.</p>

<p>Cleaned recycle pump&nbsp;&#39;&#39;A&#39;&#39; basket.</p>

<p>Rob hauled in Braz and Zeta water.</p>

<p>Lost K-208 on mystery alarm.</p>

<p>Manually dumped K-208 first stage suction scrubber.</p>

<p>Amine concentration is at 45%. Pump is at 15% output.</p>

<p>Tri Energy scaffolders finished up today.</p>

<p>Hayduk hauled Tri energy shacks away.</p>

<p>&nbsp;</p>

<p>&nbsp;</p>
