$@MID@$: 2292
Date: Sun, 02 Jun 2019 05:19:17 -0600
Author: Ryan Bangle
Shift: Night Shift
Operators: Ryan Ba | Ryan Bl
Shift Handover Meeting: Blaine H
Start of Shift Meeting: 
Plant Status: Steady
Equipment Outage: 
Filter Change: 
Pigging: 
Recycle Pumps: Overflow
Amine Concentration: 
Roustabout Utilization: 
Attachment: 
Encoding: HTML
========================================
<p>Tightened packing for water make-up pump.&nbsp; Packing needs replacing.</p>

<p>HVO hauled in a load of Baccalieu.</p>

<p>Cleaned intake screens for Sullair compressor.</p>

<p>Recycling out of the overflow with both pumps.</p>
$@MID@$: 2293
Date: Sun, 02 Jun 2019 17:07:33 -0600
Author: Blaine Harris
Shift: Day Shift
Operators: Blaine H | Romeo T
Shift Handover Meeting: Ryan Ba | Ryan Bl
Start of Shift Meeting: 
Plant Status: Steady
Equipment Outage: 
Filter Change: 
Pigging: 
Recycle Pumps: Overflow
Amine Concentration: 46
Roustabout Utilization: 
Attachment: 
Encoding: HTML
========================================
<p>&nbsp;-Amine concentration is 46%</p>

<p>-Hvo hauled in loads of oil from Velvet 5-35,Baccaleau 3-28 and Baccaleau 6-12</p>

<p>-Tightened the packing on the amine regen pressure control valve.</p>

<p>-Removed tags from all the scaffolding that remains standing and flagged off the ladders for no use.</p>

<p>-Recycled out of the production tank and boot for 4 hours and now both pumps are back into the overflow tank.</p>

<p>-Finished up the weekly checks.</p>
