$@MID@$: 2330
Date: Thu, 20 Jun 2019 05:00:06 -0600
Author: Kevin Nicol
Shift: Night Shift
Operators: Kevin N
Shift Handover Meeting: Ryan G | Kyle S
Start of Shift Meeting: 
Plant Status: Lost Compressor(s)
Equipment Outage: K-206 | K-208 | C3-A
Filter Change: 
Pigging: 
Recycle Pumps: Overflow
Amine Concentration: 
Roustabout Utilization: 
Attachment: 
Encoding: HTML
========================================
<p>&nbsp;K206 down on low lube flow left, restarted seams good, AC3 and K208 down at the same time</p>

<p>opened up the hot gas make up on the chiller</p>

<p>C3 fan to slow</p>

<p>raised the bulk cooler VFD set point to 25 from 20</p>

<p>&nbsp;</p>
$@MID@$: 2331
Date: Thu, 20 Jun 2019 12:16:51 -0600
Author: Kyle Shute
Shift: Day Shift
Operators: Ryan G | Kyle S
Shift Handover Meeting: Kevin N | Dallas L
Start of Shift Meeting: Devin N | Kevin T
Plant Status: Steady
Equipment Outage: 
Filter Change: Water Plant
Pigging: 
Recycle Pumps: Production | Overflow
Amine Concentration: 34%
Roustabout Utilization: 
Attachment: 
Encoding: HTML
========================================
<p>Pinched louvers on K-208, 202, 201.</p>

<p>Changed water plant filters (West Pot) East Pot is now in service.</p>

<p>Rob (GGT), Landen (Hi-Flo), out to prove the battery truck-in meter.</p>

<p>Manually dumped K-201/203/204 suction scrubbers.</p>

<p>Septic tank rang in &quot;Hi-Level&quot; called A.C.R and ordered a truck to come and suck it out, should be in tomorrow.</p>

<p>Recycle pump &quot;B&quot; in the &quot;Production&quot; tank due to high BS&amp;W ringing in.</p>

<p>Dave (Boss Hog) brought us a load of Cynthia 3-28 emulsion.</p>

<p>Brandon out to look at K-206 lubricators, found them both working correctly, Kevin and Devin also took a look and Devin will replace left DNFT tomorrow.</p>

<p>Amine concentration is at 34%.</p>

<p>Water samples came back, all ditches passed except #3 and #4, re-sampled and sent in.</p>

<p>Added propane to the C3 surge tank.</p>

<p>&nbsp;</p>

<p>&nbsp;</p>

<p>&nbsp;</p>

<p>&nbsp;</p>
