$@MID@$: 2318
Date: Fri, 14 Jun 2019 04:45:31 -0600
Author: Romeo Tobias
Shift: Night Shift
Operators: Romeo T | Jeff B
Shift Handover Meeting: Ryan Ba | Tye M
Start of Shift Meeting: 
Plant Status: Steady
Equipment Outage: 
Filter Change: 
Pigging: 
Recycle Pumps: Overflow
Amine Concentration: 
Roustabout Utilization: 
Attachment: 
Encoding: HTML
========================================
<p>Pumped flare knockout down to 1.44 ft into boot.</p>

<p>Recycled production tank and boot for 3 hours.</p>

<p>Topped up LPG lubricator.</p>

<p>Skimmed amine charcoal filter, clean.</p>

<p>&nbsp;</p>

<p>&nbsp;</p>
$@MID@$: 2319
Date: Fri, 14 Jun 2019 17:20:35 -0600
Author: Ryan Bangle
Shift: Day Shift
Operators: Ryan Ba | Tye M | Jordan W
Shift Handover Meeting: Romeo T
Start of Shift Meeting: Kristina C | Kevin T
Plant Status: Steady
Equipment Outage: 
Filter Change: 
Pigging: 05-14
Recycle Pumps: Overflow
Amine Concentration: 
Roustabout Utilization: 
Attachment: 
Encoding: HTML
========================================
<p>Pulled WPNE pigs(3) for mark.</p>

<p>Recycle pump A down.&nbsp; Restarted with no issues.</p>

<p>Water well meter reading low.&nbsp; Pulled meter and was clean.&nbsp; Checked polymere vent, all good.&nbsp; Will monitor for the weekend.</p>

<p>Nelson Bros hauled in a load of amine make-up water.</p>

<p>Lowered amine make-up to 10 from 15.</p>

<p>Vermillion should be swinging gas volumes to us through V-101 due to Cynthia issues.&nbsp; Approx 100 e3m3.&nbsp; Not here yet as of shift change.</p>

<p>Jordan training in the Battery and on production books.</p>
