$@MID@$: 2298
Date: Wed, 05 Jun 2019 05:08:23 -0600
Author: Ryan Gilgan
Shift: Night Shift
Operators: Ryan G | Bryan N
Shift Handover Meeting: Tye M | Romeo T
Start of Shift Meeting: 
Plant Status: Steady
Equipment Outage: 
Filter Change: 
Pigging: 
Recycle Pumps: Overflow
Amine Concentration: 
Roustabout Utilization: 
Attachment: 
Encoding: HTML
========================================
<p>Turned bulk cooler fan to manual 0, and the 2 speed fan on slow</p>

<p>Pinched Louvers onK-201, K-202, K-208</p>

<p>Increased res gas tem p to 30 from 28 degrees.</p>
$@MID@$: 2299
Date: Wed, 05 Jun 2019 14:27:28 -0600
Author: Tye Mastre
Shift: Day Shift
Operators: Tye M | Romeo T
Shift Handover Meeting: Ryan G
Start of Shift Meeting: Daren F | Kristina C | Tyson T | Devin N
Plant Status: Steady
Equipment Outage: 
Filter Change: 
Pigging: 
Recycle Pumps: Production | Overflow
Amine Concentration: 
Roustabout Utilization: 
Attachment: 
Encoding: HTML
========================================
<p>Packing has been replaced on the amine makeup pump.</p>

<p>Fan shroud nose cone on K-204 has been repaired.</p>

<p>Tyson lowered the pressure on the surge bottle on LPG Keyling pumps to eliminate the vibration.</p>

<p>Recieved a load of Cynthia oil from HVO.</p>

<p>Rob hauling Braz and Zeta water. Also sucked out underground tanks, sullair drum and secondaries.</p>

<p>Put bulk cooler fans on auto. Left the 2 speed fan on slow for nightshift. Didnt get warm enough today.</p>

<p>Opened up louvers on K-202, 201, 208 compressors half way.</p>

<p>Worked on carseal list.</p>

<p>Chris page delivered drums of oil and offloaded into warehouse.</p>

<p>Put the filter screens back in for the air intake of the hot oil heater. Blew them out with compressed air prior to install.</p>

<p>Wednesday maintenace meeting.</p>

<p>Tri Energy scaffolders out hauling stuff away.</p>

<p>Recycled out of the boot for most of the day. One pump currently in each tank.</p>

<p>LOTO of the GC and took the PSV&#39;s off and sent to DV meter.</p>

<p>&nbsp;</p>
