$@MID@$: 2290
Date: Sat, 01 Jun 2019 05:20:06 -0600
Author: Ryan Bangle
Shift: Night Shift
Operators: Ryan Ba | Ryan Bl
Shift Handover Meeting: Blaine H
Start of Shift Meeting: 
Plant Status: Steady
Equipment Outage: 
Filter Change: 
Pigging: 
Recycle Pumps: Overflow
Amine Concentration: 
Roustabout Utilization: 
Attachment: 
Encoding: HTML
========================================
<p>HVO hauled in one load of Baccalieu.</p>

<p>Blew down level indication and topped up liquid leg on HP cold sep.&nbsp; Can&#39;t get a level in sightglass.&nbsp; Still not showing.&nbsp; Suspect bottom leg for sightglass plugged.&nbsp; Tried blowing down sightglass, still no level.</p>

<p>Recycle Pump A down. Restarted, all good.</p>

<p>Process glycol rang in on low level.&nbsp; Verified levels and added a little from overhead tank.</p>

<p>&nbsp;</p>
$@MID@$: 2291
Date: Sat, 01 Jun 2019 17:19:49 -0600
Author: Blaine Harris
Shift: Day Shift
Operators: Blaine H | Romeo T
Shift Handover Meeting: Ryan Ba | Ryan Bl
Start of Shift Meeting: 
Plant Status: Steady
Equipment Outage: 
Filter Change: 
Pigging: 
Recycle Pumps: Overflow
Amine Concentration: 
Roustabout Utilization: 
Attachment: 
Encoding: HTML
========================================
<p>-Rob Thirsk hauled in Zeta water.</p>

<p>-Amine concentration is 49%</p>

<p>-Increased the amine make up water to 20% from 10</p>

<p>-Hvo hauled in 4 loads of Baccaleau emulsion.</p>

<p>-Worked on weekly checks</p>

<p>-The cleaners were out to clean the control rooms</p>

<p>&nbsp;</p>
