$@MID@$: 2412
Date: Mon, 29 Jul 2019 05:13:44 -0600
Author: Blaine Harris
Shift: Night Shift
Operators: Blaine H | Ryan Bl
Shift Handover Meeting: Bryan N | Kyle S
Start of Shift Meeting: 
Plant Status: Steady
Equipment Outage: 
Filter Change: 
Pigging: 
Recycle Pumps: Production
Amine Concentration: 
Roustabout Utilization: 
Attachment: 
Encoding: HTML
========================================
<p>&nbsp;-Changed the sales analyzer tape.</p>

<p>-Swung recycle b pump into the production tank.</p>

<p>-Steady shift</p>
$@MID@$: 2413
Date: Mon, 29 Jul 2019 16:51:05 -0600
Author: Kyle Shute
Shift: Day Shift
Operators: Ryan G | Kyle S
Shift Handover Meeting: Blaine H | Ryan Bl
Start of Shift Meeting: Daren F | Kristina C | Tyson T
Plant Status: Steady
Equipment Outage: 
Filter Change: Cleaned Recycle Pump Basket
Pigging: Mancal
Recycle Pumps: Production | Overflow
Amine Concentration: 
Roustabout Utilization: 
Attachment: 
Encoding: HTML
========================================
<p>Topped up lpg packing lubricators.</p>

<p>Mancal pigged V-103.</p>

<p>Blew down V-101 level transmitter, starting dumping gas to the treater.</p>

<p>Eric (HVO) hauled in 2 loads of 6-12 baccalieu emulsion and 2 loads of 6-16 baccalieu emulsion.</p>

<p>Al (HVO) hauled in a load of 4-34 Velvet emulsion.</p>

<p>Recycle pump &quot;B&quot; went down, cleaned the basket strainer.</p>

<p>Blew down glycol flash tank level controller.</p>

<p>Added amine from overhead tank.</p>

<p>Ordered 2m<sup>3 </sup>of Jeffcool 50/50 coolant and Amine 40% mix from Quadra, Rob will be heading to the city to pick it up on wednesday or thursday.</p>

<p>Swung recycle pump &quot;B&quot; into the overflow tank.</p>

<p>&nbsp;</p>
