$@MID@$: 2395
Date: Mon, 22 Jul 2019 05:03:32 -0600
Author: Ryan Gilgan
Shift: Night Shift
Operators: Ryan G | Ryan Bl
Shift Handover Meeting: Dayton M | Kyle S
Start of Shift Meeting: 
Plant Status: Steady
Equipment Outage: 
Filter Change: 
Pigging: 
Recycle Pumps: Production
Amine Concentration: 
Roustabout Utilization: 
Attachment: 
Encoding: HTML
========================================
<p>Skimmed Amine skim tank.</p>
$@MID@$: 2396
Date: Mon, 22 Jul 2019 17:14:07 -0600
Author: Dayton Mohr
Shift: Day Shift
Operators: Dayton M | Kyle S
Shift Handover Meeting: Ryan G | Ryan Bl
Start of Shift Meeting: Devin N
Plant Status: Steady | Lost Compressor(s) | Flaring Event
Equipment Outage: K-204 | K-205
Filter Change: 
Pigging: 14-03
Recycle Pumps: Production
Amine Concentration: 32%
Roustabout Utilization: 
Attachment: 
Encoding: HTML
========================================
<p>Tightened packing on the glycol pump</p>

<p>HIFLOW-Landen / GGT-Rob proving the truck in meter</p>

<p>HIFLOW-Jason Proving keylink meter, lost pump, had to switch pumps &amp; start over.</p>

<p>V3101- Devin pumped up the upper barrel liquid leg</p>

<p>Field Perry pigged Wolf Creek line, pig pulled clean</p>

<p>Amine concentration @ 32% today</p>

<p>K205 down several times, had K204 in sales mode- Branden / Mike M / Devin all working on it</p>

<p>K204 down on high JW temp when in sales mode</p>

<p>Inlet temps high today due to hot weather, increased trim cooler VFD &amp; Louver set points from 35 up to 45 to stay higher then the inlet gas temp, helped keep the sales ppm down. Nighshift can lower back when it cools down. </p>

<p>Slowed down K206 K203 k204 &amp; k205 due to temps. Nighshift can speed back up.</p>

<p>V3101- closed the inlet to the debute exchanger opened directly to the vessel, temps went from 35 down to 12 *c</p>

<p>Amine concentration @ 32% today</p>

<p>Lean oil packing drain tank needs emptied, let Rob know, he will empty tomorrow</p>

<p>Summer students finished painting the air reciever building, then went to Zeta</p>

<p>HVO- Trent hauled in 6-12 baccilieau oil</p>

<p>HVO-Ryan hauled in 6-16 baccilieau oil</p>

<p>Bakerhughs-Taggart stopped to check on chem levels, will be sending out barrel tomorrow for the battery, Aug 08/19 will have bulk delivery for the corrision inhib for LP comp&#39;s by the annex.</p>

<p>&nbsp;</p>
