$@MID@$: 2363
Date: Sat, 06 Jul 2019 05:14:17 -0600
Author: Dayton Mohr
Shift: Night Shift
Operators: Dayton M | Bryan N
Shift Handover Meeting: Kevin N | Kyle S
Start of Shift Meeting: 
Plant Status: Steady
Equipment Outage: 
Filter Change: 
Pigging: 
Recycle Pumps: Production | Overflow
Amine Concentration: 
Roustabout Utilization: 
Attachment: 
Encoding: HTML
========================================
<p>&nbsp;HVO Trent hauled in oil from Baccileau</p>

<p>Added oil to LPG lubicator pot</p>

<p>Production tk highlevel alarm, called Pembina to pump us down.</p>

<p>Plant steady</p>
$@MID@$: 2364
Date: Sat, 06 Jul 2019 16:23:17 -0600
Author: Kyle Shute
Shift: Day Shift
Operators: Kevin N | Kyle S
Shift Handover Meeting: Dayton M | Bryan N
Start of Shift Meeting: 
Plant Status: Steady
Equipment Outage: 
Filter Change: 
Pigging: 
Recycle Pumps: Overflow
Amine Concentration: 31%
Roustabout Utilization: 
Attachment: 
Encoding: HTML
========================================
<p>Added meropa 220 to the amine charge pump crank case.</p>

<p>Added propane to the C3 surge tank.</p>

<p>Lean oil flow rate bouncing around, pumped up the level transmitter, seemed to have been vapor locked, blew it down a couple times to flare, flow rate started lining out.</p>

<p>Lowered the amine make-up pump rate from 15 to 10.</p>

<p>HVO hauled in baccalieu emulsion.</p>

<p>Boss Hog hauled in a load of Cynthia emulsion.</p>

<p>Manually dumped the De-eth overheads scrubber.</p>

<p>Weekend checks.</p>

<p>&nbsp;</p>
