$@MID@$: 2427
Date: Mon, 05 Aug 2019 05:01:37 -0600
Author: Kevin Nicol
Shift: Night Shift
Operators: Kevin N | Bryan N
Shift Handover Meeting: Ryan G | Kyle S
Start of Shift Meeting: 
Plant Status: Steady
Equipment Outage: 
Filter Change: 
Pigging: 
Recycle Pumps: Production | Overflow
Amine Concentration: 
Roustabout Utilization: 
Attachment: 
Encoding: HTML
========================================
<p>&nbsp;HVO hauled in a load off oil</p>

<p>cleaned up some staining under the hot oil surge tank</p>

<p>&nbsp;</p>
$@MID@$: 2428
Date: Mon, 05 Aug 2019 17:14:47 -0600
Author: Ryan Gilgan
Shift: Day Shift
Operators: Ryan G | Kyle S
Shift Handover Meeting: Kevin N | Chris P
Start of Shift Meeting: 
Plant Status: Steady
Equipment Outage: 
Filter Change: 
Pigging: 
Recycle Pumps: Production | Overflow
Amine Concentration: 
Roustabout Utilization: 
Attachment: 
Encoding: HTML
========================================
<p>Amine concentration at 37%, makeup pump left at 14%.</p>

<p>Added coolant to K-206 compressor.</p>

<p>Vermillion (Terrence) notified us they will be doing some valve changes in the field on wednesday, V-101 will be cut back.</p>

<p>Cleaned up oil stains at the battery recycle pumps, acid gas compressor and east side of process.</p>

<p>Added barrier fluid to V-200.</p>

<p>Finished weekend checks.</p>
