$@MID@$: 2470
Date: Sat, 24 Aug 2019 05:13:38 -0600
Author: Ryan Bangle
Shift: Night Shift
Operators: Ryan Ba | Bryan N
Shift Handover Meeting: Blaine H | Kyle S
Start of Shift Meeting: 
Plant Status: Steady
Equipment Outage: 
Filter Change: 
Pigging: 
Recycle Pumps: Production
Amine Concentration: 
Roustabout Utilization: 
Attachment: 
Encoding: HTML
========================================
<p>Overflow tank down to 0.4m.&nbsp; Swung both recycles to production.</p>

<p>Drained lube oils off the bottom of the chiller.</p>

<p>&nbsp;</p>
$@MID@$: 2471
Date: Sat, 24 Aug 2019 17:21:10 -0600
Author: Blaine Harris
Shift: Day Shift
Operators: Blaine H | Kyle S
Shift Handover Meeting: Ryan Ba | Bryan N
Start of Shift Meeting: 
Plant Status: Steady
Equipment Outage: 
Filter Change: Water Plant
Pigging: 
Recycle Pumps: Production
Amine Concentration: 
Roustabout Utilization: 
Attachment: 
Encoding: HTML
========================================
<p>-Changed water plant filters.</p>

<p>-Hvo hauled in 2 loads of Baccaleau emulsion</p>

<p>-Rob T hauled in Braz water.</p>

<p>-Started the weekend checks</p>

<p>Recycled from the boot.</p>

<p>Worksite inspections</p>

<p>Dumped treater back water</p>

<p>&nbsp;</p>
