$@MID@$: 2467
Date: Fri, 23 Aug 2019 05:23:26 -0600
Author: Ryan Bangle
Shift: Night Shift
Operators: Ryan Ba | Bryan N
Shift Handover Meeting: Blaine H | Kyle S
Start of Shift Meeting: 
Plant Status: Steady
Equipment Outage: 
Filter Change: 
Pigging: 
Recycle Pumps: Production | Overflow
Amine Concentration: 
Roustabout Utilization: 
Attachment: 
Encoding: HTML
========================================
<p>&nbsp;Spartan controls finished Installing&nbsp;and tuning up new hardware on Volcano.</p>

<p>Spartan walked me through Shutdowns and Operation of new controls&nbsp;for Volcano.</p>

<p>Put treater water dumps back in service.</p>

<p>GPS and Keyera Field ops out till 7:00 working on post install for new gate.</p>

<p>Recycling out of both tanks all night.</p>
$@MID@$: 2468
Date: Fri, 23 Aug 2019 16:58:51 -0600
Author: Blaine Harris
Shift: Day Shift
Operators: Blaine H
Shift Handover Meeting: Ryan Ba | Bryan N
Start of Shift Meeting: Kristina C | Kevin T
Plant Status: Steady
Equipment Outage: 
Filter Change: Water Plant
Pigging: 
Recycle Pumps: Production | Overflow
Amine Concentration: 
Roustabout Utilization: 
Attachment: 
Encoding: HTML
Draft: BHarris
========================================
<p>-Hvo hauled in&nbsp;2&nbsp;loads of Baccaleau emulsion.</p>

<p>-CanVac vac unit out to wash out the containment under the process glycol and amine tanks. They also cleaned up some stained gravel around the plant and washed floors in the process and water plant buildings.</p>

<p>-Keybray crew out working on the soil to air interface list.</p>

<p>-Ryan Jordan and GPS hydrovac exposed the electric box out at the septic tank for Kevin Tonne, raised the box so it was no longer in the water.</p>

<p>-Manually dumped k-203 suction scrubber.</p>

<p>-Changed water plant filters.</p>

<p>&nbsp;</p>
$@MID@$: 2469
Date: Fri, 23 Aug 2019 17:16:23 -0600
Author: Blaine Harris
Shift: Day Shift
Operators: Blaine H
Shift Handover Meeting: Ryan Ba | Bryan N
Start of Shift Meeting: Kristina C | Kevin T
Plant Status: Steady
Equipment Outage: 
Filter Change: Water Plant
Pigging: 
Recycle Pumps: Production | Overflow
Amine Concentration: 
Roustabout Utilization: 
Attachment: 
Encoding: HTML
========================================
<p>-Hvo hauled in&nbsp;2&nbsp;loads of Baccaleau emulsion.</p>

<p>-CanVac vac unit out to wash out the containment under the process glycol and amine tanks. They also cleaned up some stained gravel around the plant and washed floors in the process and water plant buildings, ckeaned around battery recycle pumps.</p>

<p>-Keybray crew out working on the soil to air interface list.</p>

<p>-Ryan Jordan and GPS hydrovac exposed the electric box out at the septic tank for Kevin Tonne, raised the box so it was no longer in the water.</p>

<p>-Manually dumped k-203 suction scrubber.</p>

<p>-Changed water plant filters.</p>

<p>&nbsp;</p>
