$@MID@$: 2490
Date: Tue, 03 Sep 2019 05:19:28 -0600
Author: Tye Mastre
Shift: Night Shift
Operators: Tye M | Chris P
Shift Handover Meeting: Ryan Ba | Jordan W
Start of Shift Meeting: 
Plant Status: Steady
Equipment Outage: 
Filter Change: 
Pigging: 
Recycle Pumps: Production | Overflow
Amine Concentration: 
Roustabout Utilization: 
Attachment: 
Encoding: HTML
========================================
<p>Put K-206 speed controller in auto from manual.</p>

<p>Manually dumped the de-eth suction scrubber.</p>

<p>Added nitrogen to V-200 pump.</p>

<p>Added oil to amine charge pump crankcase.</p>

<p>Security cameras were down at the start of shift. Called IT and notified them of the issue. Havent recieved a call back. Will more than likely be fixing during buisness hours today.</p>
$@MID@$: 2491
Date: Tue, 03 Sep 2019 17:27:31 -0600
Author: Ryan Bangle
Shift: Day Shift
Operators: Ryan Ba | Jordan W
Shift Handover Meeting: Tye M | Chris P
Start of Shift Meeting: Daren F | Kristina C | Tyson T | Devin N | Kevin T
Plant Status: Steady
Equipment Outage: 
Filter Change: 
Pigging: 
Recycle Pumps: Production | Overflow
Amine Concentration: 
Roustabout Utilization: 
Attachment: 
Encoding: HTML
========================================
<p>Devin&nbsp;N. trouble shooting&nbsp;HP to MP control valve with Daren.&nbsp; Ongoing.</p>

<p>HVO hauled in 3 loads of oil.</p>

<p>Kevin T. worked with Quatum to pull cables for V-103 and V-107 upgrades.</p>

<p>Changed water plant filters.</p>

<p>Took samples of prime tank and production tank at water plant.&nbsp; Both samples very black.</p>

<p>Keabray out installing mesh screens for all bay doors.</p>

<p>Rob T hauled in 3 loads of Zeta water, and also sucked out the water barrel in the instrument air building.</p>

<p>Brandon out with Elite calibrating gas meters.</p>

<p>Chad with Keabray out to double check stuff for tomorrows project and walked through job scope with operators.</p>

<p>Worked on LOTO for V-107 upgrades tomorrow.</p>

<p>Lambs trucking out to pick up 400bbl tanks for Cynthia.</p>

<p>&nbsp;</p>
