$@MID@$: 2511
Date: Fri, 13 Sep 2019 05:11:00 -0600
Author: Kevin Nicol
Shift: Night Shift
Operators: Kevin N | Dallas L
Shift Handover Meeting: Ryan G | Bryan N
Start of Shift Meeting: 
Plant Status: Steady
Equipment Outage: 
Filter Change: Cleaned Recycle Pump Basket
Pigging: 
Recycle Pumps: Production | Overflow
Amine Concentration: 
Roustabout Utilization: 
Attachment: 
Encoding: HTML
========================================
<p>&nbsp;HVO hauled in 3 loads of oil</p>

<p>recycle B down, cleaned the basket</p>

<p>lowered lean oil flow to 100</p>

<p>lowered the lean amine temp tp 38</p>

<p>amine charge pump went down on low oil level, started P-4700. WO in to repair the oil seal on the east plunger on P-4750</p>

<p>lowered zeta&#39;s blending back press at 7-11 from 6400 to 5500kpa</p>

<p>&nbsp;</p>
$@MID@$: 2512
Date: Fri, 13 Sep 2019 17:20:48 -0600
Author: Ryan Gilgan
Shift: Day Shift
Operators: Ryan G | Bryan N
Shift Handover Meeting: Kevin N | Dallas L
Start of Shift Meeting: 
Plant Status: Steady
Equipment Outage: 
Filter Change: Water Plant
Pigging: 
Recycle Pumps: Production | Truck Offload
Amine Concentration: 
Roustabout Utilization: 
Attachment: 
Encoding: HTML
========================================
<p>Rob brought in 2 loads of water 1 from Zeta and 1 from Braz.</p>

<p>Blew down V-101 level conrtroller.</p>

<p>Added C3 to surge tank.</p>

<p>Had to run charge pump in hand as it wouldn&#39;t run in auto.&nbsp; Turned off before shift change.</p>

<p>Water well pressuring up to 4000kpa.</p>

<p>Started working on Green Path questions.</p>

<p>&nbsp;</p>
