$@MID@$: 2564
Date: Wed, 09 Oct 2019 05:19:36 -0600
Author: Ryan Gilgan
Shift: Night Shift
Operators: Ryan G | Jeff B
Shift Handover Meeting: Dayton M | Romeo T
Start of Shift Meeting: 
Plant Status: Steady
Equipment Outage: 
Filter Change: Water Plant
Pigging: 
Recycle Pumps: Production | Truck Offload
Amine Concentration: 
Roustabout Utilization: 
Attachment: 
Encoding: HTML
========================================
<p>&nbsp;Changed East water plant filters, put back in service.</p>

<p>pinched K-202 louvers</p>

<p>Checked treater gasket several times through out the night.</p>

<p>Added oil to Amine charge pump crank case.</p>

<p>Increased res gas temp from 28 to 33 degrees.</p>
$@MID@$: 2565
Date: Wed, 09 Oct 2019 16:41:20 -0600
Author: Romeo Tobias
Shift: Day Shift
Operators: Dayton M | Romeo T
Shift Handover Meeting: Ryan G | Jeff B
Start of Shift Meeting: Daren F | Kristina C | Tyson T | Devin N
Plant Status: 
Equipment Outage: 
Filter Change: 
Pigging: 
Recycle Pumps: Production | Overflow
Amine Concentration: 
Roustabout Utilization: 
Attachment: 
Encoding: HTML
========================================
<p>Iconic working on GC for Rimbey.</p>

<p>Carl/MRC delivered soaker pads, rags and some materials ordered.</p>

<p>Wednesday meeting today and Canadian energy presentation.</p>

<p>John/Keabray continue painting.</p>

<p>Mechanic verified sump underneath K204 and see where the oil iscoming from underneath cooler bank.</p>

<p>Mechanic found K206 PSV vibrating and loosen the cap, thread were stripped. Did a hazard id assessment and risk controls for running K206.</p>

<p>Tyson brought skid steer to JD in Warburg.</p>

<p>Pembina proved their meter today.</p>

<p>Superior delivered propane to 3-27-49-12 water well.</p>

<p>&nbsp;</p>
