$@MID@$: 2566
Date: Thu, 10 Oct 2019 05:10:22 -0600
Author: Ryan Gilgan
Shift: Night Shift
Operators: Ryan G | Jeff B
Shift Handover Meeting: Dayton M | Romeo T
Start of Shift Meeting: 
Plant Status: Steady
Equipment Outage: 
Filter Change: 
Pigging: 
Recycle Pumps: Production
Amine Concentration: 
Roustabout Utilization: 
Attachment: 
Encoding: HTML
========================================
<p>&nbsp;Carsealed out the 2 discharge valves on K-206 as per hazard ID for the pop valve.</p>

<p>Blew down V-101 level control 2x.</p>

<p>Put &quot;B&quot; recycle&nbsp;in production tank.</p>

<p>V-107&nbsp;ESD rang in and out a couple times.</p>
