$@MID@$: 2553
Date: Fri, 04 Oct 2019 05:17:30 -0600
Author: Ryan Bangle
Shift: Night Shift
Operators: Ryan Ba | Bryan N
Shift Handover Meeting: Blaine H
Start of Shift Meeting: 
Plant Status: Steady
Equipment Outage: 
Filter Change: Water Plant
Pigging: 
Recycle Pumps: Production | Overflow
Amine Concentration: 
Roustabout Utilization: 
Attachment: 
Encoding: HTML
========================================
<p>&nbsp;Tightened packing on middle and left plungers on P-4750&nbsp;west amine charge pump.</p>

<p>Lowered amine make-up water to 20% from 25%.</p>

<p>Changed water plant filters on east filter pot.&nbsp; Put back in service.</p>

<p>&nbsp;</p>
$@MID@$: 2554
Date: Fri, 04 Oct 2019 17:08:05 -0600
Author: Blaine Harris
Shift: Day Shift
Operators: Blaine H | Kyle S
Shift Handover Meeting: Ryan Ba | Bryan N
Start of Shift Meeting: 
Plant Status: Steady
Equipment Outage: 
Filter Change: 
Pigging: 
Recycle Pumps: Production | Overflow
Amine Concentration: 
Roustabout Utilization: 
Attachment: 
Encoding: HTML
========================================
<p>&nbsp;-Chris Nagy and Jason with Apec finished up repairing Ac3 compressor</p>

<p>-Shut down Bc3 compressor and started Ac3 compressor.</p>

<p>-Started the lean oil skid</p>

<p>-Increased temp on the de-eth bottoms from 77 to 89 to keep on spec</p>

<p>-Did some trouble shooting on the acid gas to flare and we figure it is coming from the 1st stage psv on the K5000</p>

<p>-Dumped k204 suction scrubber.</p>

<p>-Checked the treater tube bundle several times for leaks.</p>

<p>-Increase the debute fan speed to 50%</p>

<p>-Skimmed the amine charcoal filter, clean</p>

<p>-Snugged the packing on the amine charge pump.</p>

<p>&nbsp;</p>
