$@MID@$: 2639
Date: Fri, 15 Nov 2019 05:44:23 -0700
Author: Ryan Bangle
Shift: Night Shift
Operators: Ryan Ba | Jordan W
Shift Handover Meeting: Blaine H | Ryan Bl
Start of Shift Meeting: 
Plant Status: 
Equipment Outage: Volcano Heater
Filter Change: 
Pigging: 
Recycle Pumps: Production
Amine Concentration: 
Roustabout Utilization: 
Attachment: 
Encoding: HTML
========================================

$@MID@$: 2640
Date: Fri, 15 Nov 2019 05:52:59 -0700
Author: Ryan Bangle
Shift: Night Shift
Operators: Ryan Ba | Jordan W
Shift Handover Meeting: Blaine H | Ryan Bl
Start of Shift Meeting: 
Plant Status: 
Equipment Outage: Volcano Heater
Filter Change: 
Pigging: 
Recycle Pumps: Production
Amine Concentration: 
Roustabout Utilization: 
Attachment: 
Encoding: HTML
========================================
<p>Volcano shutdown twice on high fuel gas pressure.</p>

<p>Skimmed charcoal filter.&nbsp; Clean.</p>

<p>Power Bump at 5:15am.&nbsp; Lost hot oil heater, K-3301B compressor (C3B), glycol pump VFD and de-but overhead fan VFD.&nbsp; Everything back online by 5:35.</p>

<p>Worked on procedures.</p>

<p>&nbsp;</p>
$@MID@$: 2641
Date: Fri, 15 Nov 2019 17:22:30 -0700
Author: Blaine Harris
Shift: Day Shift
Operators: Blaine H | Ryan Bl
Shift Handover Meeting: Ryan Ba | Jordan W
Start of Shift Meeting: 
Plant Status: Steady
Equipment Outage: 
Filter Change: 
Pigging: 
Recycle Pumps: Production | Overflow
Amine Concentration: 
Roustabout Utilization: 
Attachment: 
Encoding: HTML
========================================
<p>&nbsp;-Hvo hauled in 7 loads of Baccaleau emulsion.</p>

<p>-Lost the Volcano boiler 2 times on high fuel gas pressure.</p>

<p>-Swung reycle b pump into the overflow tank.</p>

<p>-Rob T hauled in Zeta Creek water.</p>

<p>-Filled lpg lubricator</p>

<p>-Worked on ADR&#39;S</p>

<p>&nbsp;</p>
