$@MID@$: 2633
Date: Tue, 12 Nov 2019 05:20:17 -0700
Author: Ryan Bangle
Shift: Night Shift
Operators: Ryan Ba | Dallas L
Shift Handover Meeting: Blaine H | Kyle S
Start of Shift Meeting: 
Plant Status: Steady
Equipment Outage: 
Filter Change: 
Pigging: 
Recycle Pumps: Production | Overflow
Amine Concentration: 
Roustabout Utilization: 
Attachment: 
Encoding: HTML
========================================
<p>Lowered De-eth&nbsp;reboiler temp controller (TIC-3603) to 76 from 78.&nbsp; Ethane spec reading nil on Chromatograph.</p>

<p>Opened valve for heating coil inside the amine drip tank.</p>

<p>Completed worksite inspections on the Volcano and Maintenance shop.</p>

<p>Turned 2 speed fan to fast for the C3/Res cooler.</p>

<p>Switched booster pumps back to auto at the water plant.</p>

<p>Lost Volcano a couple times on high fuel gas pressure.</p>

<p>Took sample for analysis from amine skim tank.&nbsp; Looks like water.&nbsp; Drained empty to flare.</p>

<p>FQI-14 (V-200) ringing in on differential pressure.&nbsp; Notified Kristina.</p>

<p>Swung Recycle into the overflow.</p>

<p>HVO hauled in one load of Mancal oil.</p>
$@MID@$: 2634
Date: Tue, 12 Nov 2019 17:31:10 -0700
Author: Blaine Harris
Shift: Day Shift
Operators: Blaine H | Kyle S
Shift Handover Meeting: Ryan Ba | Dallas L
Start of Shift Meeting: 
Plant Status: Steady
Equipment Outage: 
Filter Change: 
Pigging: 
Recycle Pumps: Production | Overflow
Amine Concentration: 
Roustabout Utilization: 
Attachment: 
Encoding: HTML
========================================
<p>&nbsp;-Hvo hauled in 3 loads of Baccaleau emulsion</p>

<p>-Core Labs out to take weekly gas samples.</p>

<p>-Kristina changed the orfice size in V-200</p>

<p>-Brandon replaced the pulsation bladder on the suction side of the&nbsp;water plant disposal pump.</p>

<p>-Brandon pulled the doors on K-5000, found cylinder 4 wipers spraying lube oils, put on some lapping compound and was able to get it to stop.</p>

<p>-Vermillian called to say they were pressured up in the field on the wpne line, pressures at the plant are normal. Called Kenny to let him know there is a possible hydrate in the line.</p>

<p>-Tri-Energy did a hot torque on the treater tube bundle.</p>
