$@MID@$: 2722
Date: Wed, 25 Dec 2019 05:20:38 -0700
Author: Ryan Bangle
Shift: Night Shift
Operators: Ryan Ba | Bryan N
Shift Handover Meeting: Blaine H
Start of Shift Meeting: 
Plant Status: Steady
Equipment Outage: 
Filter Change: Cleaned Recycle Pump Basket
Pigging: 
Recycle Pumps: Production | Overflow
Amine Concentration: 
Roustabout Utilization: 
Attachment: 
Encoding: HTML
========================================
<p>&nbsp;Plant Steady.</p>

<p>Recycle Pump B down.&nbsp; Cleaned recycle pump basket.</p>
$@MID@$: 2723
Date: Wed, 25 Dec 2019 17:20:17 -0700
Author: Blaine Harris
Shift: Day Shift
Operators: Blaine H | Kyle S
Shift Handover Meeting: Ryan Ba | Bryan N
Start of Shift Meeting: 
Plant Status: Steady
Equipment Outage: 
Filter Change: 
Pigging: 
Recycle Pumps: Production | Overflow
Amine Concentration: 38%
Roustabout Utilization: 
Attachment: 
Encoding: HTML
========================================
<p>&nbsp;-Amine concentration is at 38% left the water make up at 25%</p>

<p>-Pulled and cleaned recycle b meter.</p>

<p>-Dumped k204 suction scrubber.</p>
