$@MID@$: 2678
Date: Tue, 03 Dec 2019 05:13:21 -0700
Author: Tye Mastre
Shift: Night Shift
Operators: Tye M | Jeff B
Shift Handover Meeting: Ryan Ba | Ryan G
Start of Shift Meeting: 
Plant Status: Steady
Equipment Outage: 
Filter Change: 
Pigging: 
Recycle Pumps: Production | Overflow
Amine Concentration: 
Roustabout Utilization: 
Attachment: 
Encoding: HTML
========================================
<p>Blew down inlet coalescer, cyclone seperator, horizontal coalescer and fuel gas scrubbers.</p>

<p>Methanol storage tank at approx 50%.</p>

<p>Checked over methanol pumps and verified they are pumping.</p>

<p>Put the amine regen tops temp controller in auto as the tops temps was getting up to 107 degrees+.</p>

<p>Worked on the flare knockout pump and got it pumping for about 10 minutes then it seized up again.</p>

<p>Plant steady.</p>
$@MID@$: 2679
Date: Tue, 03 Dec 2019 15:09:37 -0700
Author: Ryan Gilgan
Shift: Day Shift
Operators: Ryan Ba | Ryan G
Shift Handover Meeting: Tye M | Jeff B
Start of Shift Meeting: Daren F | Kristina C | Tyson T | Devin N | Kevin T | Brandon G
Plant Status: Steady
Equipment Outage: 
Filter Change: 
Pigging: 
Recycle Pumps: Production | Overflow
Amine Concentration: 
Roustabout Utilization: 
Attachment: 
Encoding: HTML
========================================
<p>Apecs and Mechanics working on &quot;B&quot; C3 compressor.</p>

<p>Tyson repaired Flare knock out pump, found paint pen cap in valve.&nbsp;&nbsp; Back in service and pumped down.</p>

<p>Diesel delivered today by UFA.</p>

<p>Ryan G did his ADR with Kelly and Mike.</p>

<p>3 loads of Baccalieu hauled in by HVO.</p>

<p>Added pressure to the Amine process, via K-203 discharge.&nbsp;&nbsp; Amine pump rang in on high vibration the when the pressure got down to 2000kpa.&nbsp; Night shift please monitor</p>

<p>Devin replaced trim on Acid gas compressor manual flare valve.</p>

<p>Al did some welding on the front gate.</p>

<p>Worked on procedures</p>

<p>Called KPA and ordered 450L of inhib. methanol for the tank by the Annex.</p>

<p>Vermilion bought on another 70e3m3 into V3101.</p>

<p>&nbsp;</p>

<p>&nbsp;</p>

<p>&nbsp;</p>
