$@MID@$: 2724
Date: Thu, 26 Dec 2019 05:15:24 -0700
Author: Ryan Bangle
Shift: Night Shift
Operators: Ryan Ba | Bryan N
Shift Handover Meeting: Blaine H
Start of Shift Meeting: 
Plant Status: Steady
Equipment Outage: 
Filter Change: 
Pigging: 
Recycle Pumps: Production | Overflow
Amine Concentration: 
Roustabout Utilization: 
Attachment: 
Encoding: HTML
========================================
<p>&nbsp;Lowered amine tops temp control to 34% from 36%.</p>

<p>Skimmed charcoal filter.&nbsp; Clean.</p>

<p>Lowered de-but overhead condenser fan speed to 0% from 20%.</p>
$@MID@$: 2725
Date: Thu, 26 Dec 2019 17:21:49 -0700
Author: Blaine Harris
Shift: Day Shift
Operators: Blaine H | Ryan Bl
Shift Handover Meeting: Ryan Ba | Bryan N
Start of Shift Meeting: 
Plant Status: Steady
Equipment Outage: 
Filter Change: 
Pigging: 
Recycle Pumps: 
Amine Concentration: 36%
Roustabout Utilization: 
Attachment: 
Encoding: HTML
========================================
<p>&nbsp;-Changed the process analyzer tape.</p>

<p>-amine concentration at 36%</p>

<p>-Cut back amine makeup water to 20% from 25%</p>

<p>-Topped up the lpg lubricator oil.</p>

<p>-Hvo delivered 1 load of Baccaleau emulsion.</p>
