$@MID@$: 1086
Date: Fri, 11 Oct 2019 05:55:59 -0600
Author: Romeo Tobias
Inlet: 475
Sales: 411
LPG: 130
Oil: 133
Production Month: Oct
Production Day: 8
Production Year: 2019
Attachment: 
Encoding: HTML
========================================

$@MID@$: 1087
Date: Fri, 11 Oct 2019 05:57:38 -0600
Author: Romeo Tobias
Inlet: 503
Sales: 436
LPG: 135
Oil: 137
Production Month: Oct
Production Day: 9
Production Year: 2019
Attachment: 
Encoding: HTML
========================================

$@MID@$: 1088
Date: Fri, 11 Oct 2019 17:04:43 -0600
Author: Romeo Tobias
Inlet: 413
Sales: 364
LPG: 104
Oil: 116
Production Month: Oct
Production Day: 10
Production Year: 2019
Attachment: 
Encoding: HTML
========================================
<p>Plant was down for 3 hours to pull K206 PSV.</p>
