$@MID@$: 1257
Date: Wed, 17 Jan 2018 05:19:46 -0700
Author: Ryan Gilgan
Shift: Night Shift
Operators: Ryan G | Ryan Bl
Plant Status: Steady
Equipment Outage: 
Filter Change: 
Pigging: 
Recycle Pumps: Production | Truck Offload
Amine Concentration: 
Roustabout Utilization: 
Attachment: 
Encoding: HTML
========================================
<p>Put 2 speed c3 fan on high</p>

<p>Increased the Lean oil rate to 180m3 a day.</p>

<p>Increased the De-Eth bottom temp to 102 degrees.</p>

<p>Added coolant to K-204. Seems to be holding level about 60%.</p>

<p>2 loads of Cynthia emulsion.&nbsp; Hauled in by GGT.&nbsp; Cynthia is selling again apparently....</p>

<p>K-202 rang in a couple of times on low suction pressure.&nbsp; Adjusted the bypass slightly, seems to be better.</p>

<p>Recycle in truck offload and production.</p>

<p>turned on Acid Gas comp after cooler.&nbsp;&nbsp; Temps were getting a bit high on the sales line.</p>

<p>&nbsp;</p>
$@MID@$: 1258
Date: Wed, 17 Jan 2018 17:08:05 -0700
Author: Dayton Mohr
Shift: Day Shift
Operators: Justin E | Tye M | Dayton M
Plant Status: Steady
Equipment Outage: 
Filter Change: 
Pigging: 
Recycle Pumps: Production | Overflow
Amine Concentration: 40%
Roustabout Utilization: 
Attachment: 
Encoding: HTML
========================================
<p>Morning maintence meeting</p>

<p>MOC start of roll out for excel program, more in the next couple weeks</p>

<p>Bigoray had to shut down do to a poor condition on NGL line, Vermillion gas from V101 is back coming to Pem North thru K-204, east gas gathering (6-19) is coming into V-107, k205 is back in sales mode</p>

<p>Iconic continued on with panel install in process, will be back to finish tomorrow</p>

<p>GGT&nbsp; Rob hauled in water from Zeta, while he was here he sucked out chiller de-oiler, barrel of water from welding shop, containments under the pumps</p>

<p>HVO-two loads of Baccilieau oil</p>

<p>Orion- one load of Tangle creek</p>

<p>Amine concentration is at 40%,&nbsp; make up pump at 15</p>

<p>Bigoray borrowed our high pressure grease gun, sent two grease sticks with it.</p>

<p>&nbsp;</p>

<p>&nbsp;</p>

<p>&nbsp;</p>
