$@MID@$: 1301
Date: Tue, 06 Feb 2018 05:00:46 -0700
Author: Kevin Nicol
Shift: Night Shift
Operators: Kevin N | Dallas L
Plant Status: Steady
Equipment Outage: 
Filter Change: 
Pigging: 
Recycle Pumps: Production | Truck Offload
Amine Concentration: 
Roustabout Utilization: 
Attachment: 
Encoding: HTML
========================================
<p>HVO hauled in oil from Baccalieu</p>

<p>recycle B to truck offload</p>

<p>V101 slugged in , blew down level transmitter</p>

<p>truck checklist</p>
$@MID@$: 1302
Date: Tue, 06 Feb 2018 16:40:09 -0700
Author: Nigel Renschler
Shift: Day Shift
Operators: Tye M | Nigel R | Jayson N
Plant Status: Steady
Equipment Outage: 
Filter Change: 
Pigging: 
Recycle Pumps: Production | Truck Offload
Amine Concentration: 
Roustabout Utilization: 
Attachment: 
Encoding: HTML
========================================
<p>- Gary at Zeta training.</p>

<p>- Wade having problems with his north run. Lowered MP to LP make up from 260kPa to 220kPa to pull down his line.</p>

<p>- Clean y strainer and flow meter on recycle pump b. Also thawed out batch tank.</p>

<p>- Univar out. Grabbed a sample of glycol from the Volcano and Hot Oil</p>

<p>- Vermillion called and said thier WPNE wells were pressureing up. Inlet Pig trap was good. Kenny phone and notified. Hydrated off on our side of the expansion loops. Methanol truck coming out. Will phone plant when starting to pump.</p>

<p>- Raised level override on V-101 to 50 from 40. Help to stop swinging.</p>

<p>- Level in Acid Gas comp staying at 80%</p>

<p>- Had to pump up ESD&#39;s at the Acid Gas well</p>

<p>- Orion hauled in two loads of Tangle Creek</p>
