$@MID@$: 1390
Date: Wed, 21 Mar 2018 01:58:27 -0600
Author: Blaine Harris
Shift: Night Shift
Operators: Blaine H | Chris P
Shift Handover Meeting: Gary W | Jayson N
Start of Shift Meeting: 
Plant Status: Steady
Equipment Outage: 
Filter Change: Amine Bag
Pigging: 
Recycle Pumps: Production
Amine Concentration: 
Roustabout Utilization: 
Attachment: 
Encoding: HTML
========================================
<p>-Drained oil from the c3 chiller de-oiler.</p>

<p>-Inlet gas increased to 730 e3m3, amine plant started to swing. Had to increase the amine reflux pressure control to 80 kpa from 40 to help it dump.</p>

<p>-Changed 2 sets of amine bag filters.</p>

<p>-Skimmed the amine charcoal filter.</p>

<p>-Swung recycle pump b into the production tank.</p>

<p>-HP cold sep high leveled, pumped methanol to the level valve.</p>

<p>-HVO trucked in 1 load of Baccaleau emulsion</p>

<p>&nbsp;</p>
$@MID@$: 1391
Date: Wed, 21 Mar 2018 06:48:13 -0600
Author: Gary Wright
Shift: Day Shift
Operators: Gary W | Jayson N
Shift Handover Meeting: Blaine H | Chris P
Start of Shift Meeting: 
Plant Status: Steady
Equipment Outage: 
Filter Change: 
Pigging: 
Recycle Pumps: Production
Amine Concentration: 
Roustabout Utilization: N/A
Attachment: 
Encoding: HTML
========================================
<p>Tye covering at Braz</p>

<p>GGT (Rob) hauling Obsidian water from 6-22</p>

<p>Skimmed the amine charcoal filter</p>

<p>Tightened the packing on the glycol pump</p>

<p>Orion (Ken) hauled in a load of Tangle Creek oil from 13-16--49-11W5m</p>

<p>Keyera (Grant &amp; Colin) here with Lazer Energy Services to pre-fab some piping for the Key-Link project</p>

<p>Lowered the amine re-flux pressure from 80 to 60kpa</p>

<p>Lowered the amine re-gen tops temperature controller&nbsp;from 45 down to 44</p>

<p>Pure Pressure (Quentin) here for Obsidian to pump 5m3 of oil into the WPNA line from the inlet header building</p>

<p>Spectra Solutions (Matthew) here to work with Tarpon (Kevin T) to troubleshoot vibration issues associated with K-3301A</p>

<p>Pembina pipe (Perry) and KPA (Rick) here to pump in 40 litres of biocide into the shipping tank</p>

<p>Tarpon (Mike) worked on K-206 south suction scrubber, and adjusted the level controller</p>

<p>K-203 was re-cycling, adjusted re-cycle valve. Added oil to K-205 govenor.</p>

<p>Found the equalizing valve on the black middle tank at the water plant slightly open (Closed it)</p>

<p>True North Towers (Brent) making some wiring inspections and changes in the Key-Link panel box</p>

<p>Tarpon (Kevin T) working on the LPG pump status at the LPG MCC</p>

<p>Bringing WPNA back online as per Obsidian (Wades) request. Getting lots of liquids to start as per expected</p>

<p>V-200 WPNA inlet controller is in manual</p>

<p>&nbsp;</p>

<p>&nbsp;</p>

<p>&nbsp;</p>

<p>&nbsp;</p>
