$@MID@$: 1348
Date: Thu, 01 Mar 2018 05:13:24 -0700
Author: Ryan Gilgan
Shift: Night Shift
Operators: Ryan G | Dallas L
Shift Handover Meeting: Tye M | Nigel R
Start of Shift Meeting: 
Plant Status: Steady
Equipment Outage: 
Filter Change: 
Pigging: 
Recycle Pumps: Production | Overflow | Truck Offload
Amine Concentration: 
Roustabout Utilization: 
Attachment: 
Encoding: HTML
========================================
<p>Put K-203 louvers back in Auto.</p>

<p>Recycle in the truck offload.&nbsp;&nbsp; Cleaned the basket on &quot;B&quot; pump once.&nbsp;&nbsp; Pump went down shortly after, opened up the offload to get flow for the pump to run.</p>

<p>Adjusted Debute fan speed.</p>

<p>K-203 and K-204 oil levels are low in the sight glass.&nbsp;&nbsp; K203 dip stick reads full, K-204 is half way up stick.</p>

<p>&nbsp;</p>
$@MID@$: 1349
Date: Thu, 01 Mar 2018 16:48:05 -0700
Author: Nigel Renschler
Shift: Day Shift
Operators: Tye M | Nigel R
Shift Handover Meeting: Ryan G
Start of Shift Meeting: Kristina C | Dan K | Mike M
Plant Status: Steady
Equipment Outage: 
Filter Change: 
Pigging: 
Recycle Pumps: Production | Truck Offload
Amine Concentration: 
Roustabout Utilization: 
Attachment: 
Encoding: HTML
========================================
<p>- HAZOP for LPG offload at pemb north</p>

<p>- Blew down V-101 level transmitter and sight glass a couple times. Lots of wax</p>

<p>- Took a sample of V-101 wax and sent off to Baker Hughes</p>

<p>- Wade kicking on well on WPNA</p>

<p>- C3 fan on slow</p>

<p>- Dan replaced stator and rotor on recycle pump B</p>

<p>- Ordered Lewcam crew for monday afternoon and spec blinds for K-203</p>

<p>- GGT hauled in oil and water</p>

<p>- Orion hauled in one load of Tangle Creek</p>

<p>- HVO hauled in one load of Baccaleiu</p>

<p>- TNT Towers setting radio tower for Keylink</p>

<p>&nbsp;</p>
