$@MID@$: 1403
Date: Tue, 27 Mar 2018 17:06:38 -0600
Author: Justin Ewing
Shift: Day Shift
Operators: Justin E | Kevin N | Jayson N
Shift Handover Meeting: Nigel R
Start of Shift Meeting: Mike M
Plant Status: Steady
Equipment Outage: 
Filter Change: 
Pigging: 
Recycle Pumps: Production | Overflow
Amine Concentration: 
Roustabout Utilization: 
Attachment: 
Encoding: HTML
========================================
<p>Mike M PM&#39;s on C3-A, serviced and filled hydraulic ESD at Acid Gas Well and did flare meter PMs and H2S analyser PMs</p>

<p>Measurement Inc out to prove V-101 condy meter</p>

<p>Orion halued Tangle creek Oil</p>

<p>HVO hauled Baccalieu Oil x3</p>

<p>GGT hauled in 2 loads of Zeta H2O</p>

<p>WSIs and Haz IDs completed at Zeta today</p>

<p>Created E-Log for Cynthia and Bigoray today and trained Mo on the system.</p>

<p>Started scoping out Keylink LOTO points through the plant with Dayton today</p>

<p>Found water plant main charge pump thumping pretty hard this afternoon, shut down the main pump <span style="color:#0000CD"><strong>(left switch off for now)</strong></span> and left the boosters running to finish pumping the level down. Will do some more trouble shooting.</p>
