$@MID@$: 1425
Date: Sat, 07 Apr 2018 01:18:38 -0600
Author: Ryan Bangle
Shift: Night Shift
Operators: Ryan Ba | Ryan Bl
Shift Handover Meeting: Blaine H
Start of Shift Meeting: 
Plant Status: Steady
Equipment Outage: 
Filter Change: 
Pigging: 
Recycle Pumps: Production | Overflow
Amine Concentration: 
Roustabout Utilization: 
Attachment: 
Encoding: HTML
========================================
<p>Skimmed amine charcoal filter.&nbsp; Little Oil.</p>

<p>V-101 level transmitter bouncing around, blew down.</p>

<p>Lowered amine reboiler tops temp controller to 40 from 42%.</p>

<p>Orion and HVO hauled in Oil.</p>
$@MID@$: 1426
Date: Sat, 07 Apr 2018 16:56:51 -0600
Author: Blaine Harris
Shift: Day Shift
Operators: Justin E | Blaine H
Shift Handover Meeting: Ryan Ba | Ryan Bl
Start of Shift Meeting: 
Plant Status: Steady
Equipment Outage: 
Filter Change: 
Pigging: 
Recycle Pumps: Production | Overflow
Amine Concentration: 
Roustabout Utilization: 
Attachment: 
Encoding: HTML
========================================
<p>-Iconic out to work on the keylink tie in</p>

<p>-True North out to work on the keylink tower.</p>

<p>-Did some prep work for the keylink tie in on Monday</p>

<p>-Blue River hauled in water from Braz and Zeta.</p>

<p>-Cleaning crew out</p>
