$@MID@$: 1503
Date: Wed, 16 May 2018 01:19:15 -0600
Author: Ryan Bangle
Shift: Night Shift
Operators: Ryan Ba | Chris P
Shift Handover Meeting: Tye M | Blaine H
Start of Shift Meeting: 
Plant Status: Steady
Equipment Outage: 
Filter Change: 
Pigging: 
Recycle Pumps: Production | Overflow
Amine Concentration: 
Roustabout Utilization: 
Attachment: 
Encoding: HTML
========================================
<p>Lowered levels in amine contactor and flash tank to help increase level in amine reboiler.&nbsp; Down to 30%, and almost out of make-up water.&nbsp; Getting delivered tommorow.</p>

<p>Skimmed amine charcoal filter.&nbsp; Clean.</p>

<p>Drained lube oils off the bottom of the chiller.</p>

<p>Opened manual louvers on acid gas compressor.&nbsp; They were all mostly blocked in.</p>

<p>Sped up K-203 to 800 RPM.</p>

<p>&nbsp;</p>
$@MID@$: 1504
Date: Wed, 16 May 2018 17:01:44 -0600
Author: Blaine Harris
Shift: Day Shift
Operators: Tye M | Blaine H | Jayson N
Shift Handover Meeting: Ryan Ba | Chris P
Start of Shift Meeting: Daren F | Kristina C | Devin N
Plant Status: Steady
Equipment Outage: K-205 | K-208 | C3-A
Filter Change: 
Pigging: 
Recycle Pumps: Production
Amine Concentration: 
Roustabout Utilization: 
Attachment: 
Encoding: HTML
========================================
<p>-K-103 down on compressor oil temp shutdown, restarted and slowed down.</p>

<p>-Nelson Bros delivered 6m3 of amine makeup water.</p>

<p>-Added a little amine from the underground tank</p>

<p>-HVO delivered 2 loads of Baccaleau emulsion.</p>

<p>-Orion hauled in 1 load of tangle creek oil</p>

<p>-Tarpon crew worked on pulling cable for the new fire eye upgrade.</p>

<p>-Marty delivered Zeta and Braz produced water.</p>

<p>-K-205 down on high compressor oil temp. Restarted.</p>

<p>-A grass fire started inside the plant on the east side of the metal bin, the fire spread outside of the fence forcing us to call 310 fire. Hellicopters and fire fighters were dispatched to put out</p>

<p>the fire outside the fence. The grass fire inside was distinguished by plant staff. Currently the fire is under control, water trucks on site and ready if needed.</p>

<p>-Shut in all the inlets to 3101, lost the c3 compressor and k-208</p>

<p>-Everything back up and running at shift changel</p>
