$@MID@$: 1522
Date: Fri, 25 May 2018 05:11:19 -0600
Author: Ryan Gilgan
Shift: Night Shift
Operators: Ryan G | Dallas L
Shift Handover Meeting: Tye M
Start of Shift Meeting: 
Plant Status: Steady
Equipment Outage: 
Filter Change: 
Pigging: 
Recycle Pumps: Production | Truck Offload
Amine Concentration: 
Roustabout Utilization: 
Attachment: 
Encoding: HTML
========================================
<p>Put recycle in the truck offload.</p>

<p>Rob dropped off a load of Zeta water.</p>

<p>LPG pumps shut down around 11:30 due to low level, will turn back on around 50%.</p>

<p>Wade had issues with the ESD @ 6-19.&nbsp;&nbsp; Amot was satisfied but the ESD was closed&nbsp;&nbsp; Sent in WO#29537.</p>

<p>LEL rang in a couple times over the shift, went down twice to check for LELs found none.</p>

<p>&nbsp;</p>
$@MID@$: 1523
Date: Fri, 25 May 2018 11:26:37 -0600
Author: Tye Mastre
Shift: Day Shift
Operators: Tye M | Jayson N
Shift Handover Meeting: Ryan G | Dallas L
Start of Shift Meeting: Daren F | Dan K | Kevin T
Plant Status: Steady
Equipment Outage: 
Filter Change: 
Pigging: 
Recycle Pumps: Truck Offload
Amine Concentration: 
Roustabout Utilization: 
Attachment: 
Encoding: HTML
========================================
<p>Pembina batched biocide into shipping tank.</p>

<p>5200 litres of propane delivered.</p>

<p>Pulled pump on septic tank. Replacment pump does not work. Will have to wait for new pump.</p>

<p>RCO discing around the flare stack.</p>

<p>Kevin T calibrated LEL heads and help wth disconecting old septic pump.</p>

<p>GGT hauled Zeta water and sucked out underground tanks at pem ect.</p>

<p>Mancal pigged V-103. Lots of hydrate. Plugged off dump line y screen. Cleaned out hydrate material and started flowing again. Pulled pig with Mancal ops. Trap was full of hydrate. Will be batching 1m3 of methanol down line around 17:30 pm.</p>

<p>Blew down chiller de-oiler. Lots of lube oil.</p>

<p>Skimmed amine charcoal filter. Clean.</p>

<p>HVO hauled Baccalieu oil.</p>

<p>Orion hauled in Tangle Creek.</p>

<p>Filled up LPG pump lubricators.</p>

<p>Filled up K-205 governor oil.</p>

<p>Darren went to have a look at 6-19 ESD issues on his way home.</p>

<p>&nbsp;</p>

<p>&nbsp;</p>
