$@MID@$: 1487
Date: Tue, 08 May 2018 00:28:01 -0600
Author: Blaine Harris
Shift: Night Shift
Operators: Blaine H | Ryan Bl
Shift Handover Meeting: Justin E | Gary W
Start of Shift Meeting: 
Plant Status: Steady
Equipment Outage: 
Filter Change: 
Pigging: 
Recycle Pumps: Production | Overflow
Amine Concentration: 
Roustabout Utilization: 
Attachment: 
Encoding: HTML
========================================
<p>-Filled the lean oil lube tank.</p>

<p>-Drained oil from the chiller deoiler.</p>

<p>-Glen delivered oil from the rat creek smart pig at braz&nbsp;</p>

<p>-Filled the lpg pump lubricater with oil.</p>
$@MID@$: 1488
Date: Tue, 08 May 2018 16:47:40 -0600
Author: Kevin Nicol
Shift: Day Shift
Operators: Justin E | Kevin N
Shift Handover Meeting: Nigel R | Ryan Bl
Start of Shift Meeting: Daren F | Dan K | Mike M | Brandon G
Plant Status: Steady
Equipment Outage: 
Filter Change: 
Pigging: 
Recycle Pumps: Production | Overflow
Amine Concentration: 
Roustabout Utilization: 
Attachment: 
Encoding: HTML
========================================
<p>Baker delivered POA 1001</p>

<p>Iconic working on the GC</p>

<p>Tervita delivered rags and absorbents</p>

<p>HVO delivered Baccalieu oil X3</p>

<p>Summer student orientations, Shayle Herle and Morgan Herle, Gator signoffs</p>

<p>K205 off for 5 min so Dan could take measurements off the fan</p>

<p>Brandon and Sentinal checking vibration on K203 and K204</p>

<p>Allan B working on pipe supports for K203</p>

<p>Pembina will be batching their line tomorrow, they will be building up level tonight, if we need to ship some call control</p>

<p>5-21 esd rang in, called Ryan Jordan</p>
