$@MID@$: 1581
Date: Fri, 22 Jun 2018 02:34:12 -0600
Author: Tye Mastre
Shift: Night Shift
Operators: Tye M | Dallas L
Shift Handover Meeting: Kyle S | Kevin N
Start of Shift Meeting: 
Plant Status: Steady
Equipment Outage: 
Filter Change: 
Pigging: 
Recycle Pumps: Production | Truck Offload
Amine Concentration: 
Roustabout Utilization: 
Attachment: 
Encoding: HTML
========================================
<p>Sales gas got close to 7 ppm&#39;s. After speeding up the rest of compression ppm&#39;s settled to around 0.8.</p>

<p>Sped up compression.</p>

<p>Swapped K-203 back to HP mode and shut down K-201.</p>

<p>Equalized the tanks at the H20 plant. They are now closed.</p>

<p>Fired K-201 up around 02:00 AM due to K-203 compressor and engine oil temps not dropping from earlier today.</p>

<p>Recycling out of the truck offload line.</p>

<p>Cleaned fuzz off of the sullair compressor air intake filter screen.</p>

<p>Glycol flash tank seemed to be dumping fine throughout the night.</p>
$@MID@$: 1582
Date: Fri, 22 Jun 2018 16:59:01 -0600
Author: Kevin Nicol
Shift: Day Shift
Operators: Kyle S | Kevin N
Shift Handover Meeting: Tye M | Dallas L
Start of Shift Meeting: Dan K | Kevin T | Mike M | Devin N
Plant Status: Steady
Equipment Outage: K-201
Filter Change: 
Pigging: 
Recycle Pumps: Production | Overflow
Amine Concentration: 
Roustabout Utilization: 
Attachment: 
Encoding: HTML
========================================
<p>received a load of 80/20 glycol</p>

<p>GGT hauling H2O</p>

<p>Alan B working on pipe supports</p>

<p>Maxim will be out Monday to take Keylink samples</p>

<p>V-101 &lt;10PPM</p>

<p>orian hauled in 2 loads from Tangle creek</p>

<p>found a gas leak on the top of the lubricator for K201 starter, parts on order, valve is closed to the starter</p>

<p>Rob T emptying bbls in sales building</p>

<p>Shayla and Morgan cleaning around plant</p>

<p>HVO hauled in Baccallieu oil</p>

<p>K203 down high JW temp</p>

<p>&nbsp;</p>

<p>&nbsp;</p>
