$@MID@$: 1647
Date: Mon, 23 Jul 2018 05:10:24 -0600
Author: Tye Mastre
Shift: Night Shift
Operators: Tye M | Dallas L
Shift Handover Meeting: Ryan G | Kyle S
Start of Shift Meeting: 
Plant Status: Steady
Equipment Outage: 
Filter Change: 
Pigging: 
Recycle Pumps: Production
Amine Concentration: 
Roustabout Utilization: 
Attachment: 
Encoding: HTML
========================================
<p>Added oil to acid gas compressor.</p>

<p>Added oil to LPG pump packing lubricator.</p>

<p>Recieved one load of Baccalieu oil from HVO.</p>

<p>Equalized reclimation tank for abit.</p>

<p>Swung into truck offload line at start of shit. Pumped overflow tank level down. Turned off recycle pump &#39;&#39;B&#39;&#39;.</p>

<p>&nbsp;</p>
$@MID@$: 1648
Date: Mon, 23 Jul 2018 16:58:34 -0600
Author: Ryan Gilgan
Shift: Day Shift
Operators: Ryan G | Kyle S
Shift Handover Meeting: Tye M | Dallas L
Start of Shift Meeting: 
Plant Status: Lost Compressor(s)
Equipment Outage: K-5000 | C3-A | H-400
Filter Change: 
Pigging: 
Recycle Pumps: Production
Amine Concentration: 
Roustabout Utilization: 
Attachment: 
Encoding: HTML
========================================
<p>Added oil to Acid Gas compressor, and filled day tank.</p>

<p>Added oil to governor on K-205.</p>

<p>Measurement inc out to prove more meters.</p>

<p>Core labs out to do monthly samples.</p>

<p>Corproco came to pull corrosion coupons.</p>

<p>Jason with GGT hauling water from Zeta and Braz.&nbsp;&nbsp; Jason will do sumps tomorrow.</p>

<p>Power bump knocked down the hot oil heater, Acid gas compressor, C3 compressor, water plant, and recycle pumps.</p>

<p>Devin got the LPG, GC running.&nbsp; On spec at 98 degree bottom temp.</p>

<p>Lost K-205 again.... Nothing on panel.</p>

<p>HVO hauled in a load of Baccalieu emulsion.</p>

<p>&nbsp;</p>
