$@MID@$: 1664
Date: Tue, 31 Jul 2018 16:40:29 -0600
Author: Kevin Nicol
Shift: Day Shift
Operators: Justin E | Kevin N
Shift Handover Meeting: Ryan Bl | Howard Q
Start of Shift Meeting: Kristina C | Devin N
Plant Status: Steady
Equipment Outage: 
Filter Change: 
Pigging: Vermilion
Recycle Pumps: Production | Truck Offload
Amine Concentration: 
Roustabout Utilization: 
Attachment: 
Encoding: HTML
========================================
<p>Vermilion pigged to V-101</p>

<p>cut back deeth bottoms temp to 84</p>

<p>shut down lean oil due to high temps</p>

<p>Orion hauled in 2 loads of oil</p>

<p>GGT hauled Zeta and Braz water</p>

<p>Tyson PM&#39;d the LPG pumps and changed the oil in them today, running the big pump for now (North)</p>

<p>Kristina checked some Oriphice plates today</p>

<p>Recycling off the Truck Offload line for month end</p>
$@MID@$: 1665
Date: Tue, 31 Jul 2018 23:51:41 -0600
Author: Howard Quiring
Shift: Night Shift
Operators: Howard Q
Shift Handover Meeting: Kevin N
Start of Shift Meeting: 
Plant Status: Steady
Equipment Outage: K-205
Filter Change: 
Pigging: 
Recycle Pumps: Overflow
Amine Concentration: 
Roustabout Utilization: 
Attachment: 
Encoding: HTML
========================================
<p>Lost K-205 no flags.Hi jacket water temperature on startup.One set of louvers had closed. Openned.</p>

<p>Sped up compression when it cooled off.</p>

<p>Fired up lean oil.</p>

<p>Glycol accumulator low level.Glycol separator dump not keeping up.Glycol very foamy. Openned bypass a bit to catch up.</p>

<p>HVO brought in a load of Baccalieu oil.</p>

<p>Swung recycle B to recycle line from truck offload.</p>

<p>Added propane to accumulator.</p>
