$@MID@$: 1635
Date: Tue, 17 Jul 2018 09:48:33 -0600
Author: Ryan Gilgan
Shift: Day Shift
Operators: Ryan G | Kyle S
Shift Handover Meeting: Gary W | Jeff B
Start of Shift Meeting: Daren F | Kristina C | Kevin T | Devin N
Plant Status: Steady
Equipment Outage: 
Filter Change: 
Pigging: 
Recycle Pumps: Production
Amine Concentration: 
Roustabout Utilization: 
Attachment: 
Encoding: HTML
========================================
<p>Slowed down lean oil to 100m3 a day.</p>

<p>Pinched de Eth bottom temps back from 97 to 93 degrees.</p>

<p>Started K-201 to decrease inlet temps.</p>

<p>Slowed down K-203 due to K-201 online.</p>

<p>Rob T hauling in Braz and Zeta water.</p>

<p>Devin working on gas chromatograph&#39;s in process.</p>

<p>Shut the oil make up off on the Kenco on K-204 engine.&nbsp; Devin to look at again.</p>

<p>Purged out water filter pot to put back into service.</p>

<p>Darren changed out the monitor for the cameras, seemed to help with cutting in and out.</p>

<p>Water samples sent in.</p>

<p>Slowed down K-205.</p>

<p>Slowed down K-204.</p>

<p>Kristina took the water well meter out for calibration.</p>

<p>Too hot, shut down lean oil. Please try and bring on tonight.</p>

<p>Running the suction on the C3 in manual.</p>

<p>3 Loads of HVO hauling Baccalieu.</p>

<p>1 Load of Tangle Creek.</p>

<p>Switched valves at tank farm.</p>

<p>&nbsp;</p>
