$@MID@$: 1631
Date: Sun, 15 Jul 2018 15:51:51 -0600
Author: Tye Mastre
Shift: Day Shift
Operators: Ryan Ba | Tye M
Shift Handover Meeting: Gary W
Start of Shift Meeting: 
Plant Status: Steady | Lost Compressor(s)
Equipment Outage: K-203 | K-205
Filter Change: 
Pigging: 
Recycle Pumps: Production | Overflow
Amine Concentration: 
Roustabout Utilization: 
Attachment: 
Encoding: HTML
========================================
<p>Lost K-205 and K-203 both on mystery alarms. Fired back up and ran steady all day. Temps were good ect.</p>

<p>Rob T hauled in Braz and Zeta water and sucked out secondaries.</p>

<p>HVO hauled in Baccalieu oil.</p>

<p>Added oil to acid gas compressor.</p>

<p>K-204 engine oil level on sight glass at 90%.</p>

<p>Blocked in V-104 liquid dump line upstream of flow meter. Level hasnt increased on seperator and meter hasnt populated. Wanted to block in to verify if the control valve is passing.</p>

<p>Finished weekend checks.</p>

<p>Added oil to LPG pump lubricators.</p>

<p>Skimmed the amine charcoal filter. A little oil.</p>

<p>&nbsp;</p>
$@MID@$: 1632
Date: Sun, 15 Jul 2018 22:36:43 -0600
Author: Gary Wright
Shift: Night Shift
Operators: Gary W | Jeff B
Shift Handover Meeting: Ryan Ba | Tye M
Start of Shift Meeting: 
Plant Status: Steady
Equipment Outage: 
Filter Change: 
Pigging: 
Recycle Pumps: Production | Overflow
Amine Concentration: 
Roustabout Utilization: N/A
Attachment: 
Encoding: HTML
========================================
<p>Skimmed the Amine charcoal filter</p>

<p>Blew down the chiller de-oiler</p>

<p>Orion (Ryan) hauled in a load of Tangle Creek oil from 13-16-49-11W5m</p>

<p>Topped up LPG lubricator</p>

<p>Sped up K-205, and topped up oil governor</p>

<p>K-204 oil level at 90% sightglass and 50% Kenco</p>

<p>Checked acid gas compressor oil level a few times, still showing full</p>

<p>Increased the Lean oil flow rate to 140m3/day</p>
