$@MID@$: 1715
Date: Sat, 25 Aug 2018 17:13:58 -0600
Author: Ryan Bangle
Shift: Day Shift
Operators: Ryan Ba | Kyle S
Shift Handover Meeting: Gary W
Start of Shift Meeting: 
Plant Status: Steady
Equipment Outage: 
Filter Change: 
Pigging: 
Recycle Pumps: Production
Amine Concentration: 
Roustabout Utilization: 
Attachment: 
Encoding: HTML
========================================
<p>Weekend and monthly checks complete.</p>

<p>HVO hauled in baccalieu.</p>

<p>Orion hauled in Orion.</p>

<p>Emptied drip trays around compressors.</p>
$@MID@$: 1716
Date: Sat, 25 Aug 2018 21:47:08 -0600
Author: Gary Wright
Shift: Night Shift
Operators: Gary W | Ryan Bl
Shift Handover Meeting: Ryan Ba | Kyle S
Start of Shift Meeting: 
Plant Status: Steady
Equipment Outage: 
Filter Change: 
Pigging: 
Recycle Pumps: Production | Overflow
Amine Concentration: 
Roustabout Utilization: N/A
Attachment: 
Encoding: HTML
========================================
<p>Skimmed the Amine charcoal filter</p>

<p>Blew down the chiller de-oiler</p>

<p>LPG lubricators good</p>

<p>Plant ran steady</p>
