$@MID@$: 1691
Date: Tue, 14 Aug 2018 05:12:28 -0600
Author: Ryan Bangle
Shift: Night Shift
Operators: Ryan Ba | Ryan Bl
Shift Handover Meeting: Dayton M | Kyle S
Start of Shift Meeting: 
Plant Status: Steady
Equipment Outage: 
Filter Change: 
Pigging: 
Recycle Pumps: Production | Overflow
Amine Concentration: 
Roustabout Utilization: 
Attachment: 
Encoding: HTML
========================================
<p>Skimmed amine charcoal filter.&nbsp; Clean.</p>

<p>Drained a lot of lube oils off the bottom of the chiller.</p>

<p>Swung recycle pump into the overflow tank.</p>

<p>Topped up the LPG pump lubricator.</p>

<p>Increased lean oil flow to 120m3/day.</p>
$@MID@$: 1692
Date: Tue, 14 Aug 2018 16:44:33 -0600
Author: Dayton Mohr
Shift: Day Shift
Operators: Dayton M | Kyle S
Shift Handover Meeting: Ryan G | Ryan Bl
Start of Shift Meeting: Kristina C | Devin N | Kevin T
Plant Status: Steady
Equipment Outage: 
Filter Change: 
Pigging: 
Recycle Pumps: Production | Overflow
Amine Concentration: 
Roustabout Utilization: 
Attachment: 
Encoding: HTML
========================================
<ul>
	<li>Core Labs out for weekly&#39;s</li>
	<li>Advisin Enviromental &amp; Elite line locating, Advisin out taking ground samples for Bob K, &amp; testing water drill points around plant, Elite line locating where they were taking grouind samples.</li>
	<li>Kevin&nbsp; T &amp; Tarpon crew started installing new fire eye systems, will be pulling cable &amp; installing fire eyes for a few days</li>
	<li>Blue River -Rob hauling in braz &amp; Zeta water, as well emptied out secondary&#39;s</li>
	<li>Orion trucked in load of tangle creek oil</li>
	<li>HVO trucked in load of Baccilieau oil</li>
	<li>Obsidian Kim pigged 1-21 &amp; 6-22 to V200</li>
	<li>Shut down Lean oil due to ambient temp</li>
	<li>De-eth bottom&#39;s temp dropped from 90 to 82</li>
	<li>Slowed down Comps K203/k204/205 (<span style="color:#FF0000">NIGHT SHIFT PLEASE SPEED UP).</span></li>
	<li>Jim Garrison stopped by to check on keylink</li>
</ul>
