$@MID@$: 1737
Date: Wed, 05 Sep 2018 00:40:05 -0600
Author: Blaine Harris
Shift: Night Shift
Operators: Blaine H | Chris P
Shift Handover Meeting: Romeo T | Tye M | Gary W
Start of Shift Meeting: 
Plant Status: Steady
Equipment Outage: 
Filter Change: 
Pigging: 
Recycle Pumps: Production | Truck Offload
Amine Concentration: 
Roustabout Utilization: 
Attachment: 
Encoding: HTML
========================================
<p>-Swung recycle b into the truck offload line.</p>

<p>-Reclaimed chiller oil</p>

<p>-Filled the lpg lubricator</p>

<p>-Pulled and cleaned the screen on recycle b pump</p>
$@MID@$: 1738
Date: Wed, 05 Sep 2018 07:30:07 -0600
Author: Gary Wright
Shift: Day Shift
Operators: Romeo T | Tye M | Gary W
Shift Handover Meeting: Blaine H | Chris P
Start of Shift Meeting: Daren F | Kristina C | Devin N
Plant Status: Steady
Equipment Outage: 
Filter Change: 
Pigging: 
Recycle Pumps: Production | Truck Offload
Amine Concentration: 
Roustabout Utilization: Romeo (Training)
Attachment: 
Encoding: HTML
========================================
<p>Skimmed the Amine charcoal filter</p>

<p>Blew down the chiller de-oiler</p>

<p>GGT (Rob) hauling in Obsidian, Braz, and Zeta water</p>

<p>HVO (Dallas) hauling in two loads of Baccalieu oil from 3-16 and 6-12</p>

<p>MRC (Carl) out delivering supplies</p>

<p>Tye added propane to the C3 surge tank, should be getting a delivery tomorrow</p>

<p>Mass meter ticket printout jammed, Tye rectified the problem</p>
