$@MID@$: 1728
Date: Sat, 01 Sep 2018 05:05:39 -0600
Author: Kevin Nicol
Shift: Night Shift
Operators: Kevin N
Shift Handover Meeting: Ryan G | Kyle S
Start of Shift Meeting: 
Plant Status: Steady
Equipment Outage: 
Filter Change: 
Pigging: 
Recycle Pumps: Production | Truck Offload
Amine Concentration: 
Roustabout Utilization: 
Attachment: 
Encoding: HTML
========================================
<p>pumped out H2O plant floor drain</p>

<p>recycle into truck offload</p>

<p>cleaned screen and meter on recycle B</p>

<p>&nbsp;</p>
$@MID@$: 1729
Date: Sat, 01 Sep 2018 17:09:28 -0600
Author: Ryan Gilgan
Shift: Day Shift
Operators: Ryan G | Kyle S
Shift Handover Meeting: Kevin N | Chris P
Start of Shift Meeting: 
Plant Status: Steady
Equipment Outage: 
Filter Change: 
Pigging: 
Recycle Pumps: Production | Overflow
Amine Concentration: 
Roustabout Utilization: 
Attachment: 
Encoding: HTML
========================================
<p>Finished weekend checks</p>

<p>HVO hauled in some Baccalieu emulsion</p>

<p>GGT hauled in Braz and Zeta water.</p>
