$@MID@$: 1789
Date: Sun, 30 Sep 2018 05:09:29 -0600
Author: Ryan Gilgan
Shift: Night Shift
Operators: Ryan G | Chris P
Shift Handover Meeting: Dayton M | Tye M
Start of Shift Meeting: 
Plant Status: Lost Compressor(s)
Equipment Outage: K-205
Filter Change: 
Pigging: 
Recycle Pumps: Production
Trucked in Oil: 
Oil/Water Recieved: 
Amine Concentration: 
Roustabout Utilization: 
Attachment: 
Encoding: HTML
========================================
<p>lost K-205, no shutdowns on panel.&nbsp;&nbsp; Restarted and BOL.</p>

<p>Glycol rate bouncing around.&nbsp; Put in manual for a couple minutes then back in auto.</p>

<p>Dropped tarp a little on the Amine trim cooler south side.</p>

<p>Shut down the C3 condenser 2 speed fan.</p>

<p>&nbsp;</p>

<p>&nbsp;</p>
$@MID@$: 1790
Date: Sun, 30 Sep 2018 14:49:53 -0600
Author: Tye Mastre
Shift: Day Shift
Operators: Dayton M | Tye M
Shift Handover Meeting: Ryan G
Start of Shift Meeting: 
Plant Status: Steady
Equipment Outage: 
Filter Change: 
Pigging: 
Recycle Pumps: Production | Overflow
Trucked in Oil: HVO
Oil/Water Recieved: Baccalieu
Amine Concentration: 
Roustabout Utilization: 
Attachment: 
Encoding: HTML
========================================

$@MID@$: 1791
Date: Sun, 30 Sep 2018 17:33:50 -0600
Author: Tye Mastre
Shift: Day Shift
Operators: Dayton M | Tye M
Shift Handover Meeting: Ryan G
Start of Shift Meeting: 
Plant Status: Steady
Equipment Outage: 
Filter Change: 
Pigging: 
Recycle Pumps: Production | Overflow
Trucked in Oil: HVO
Oil/Water Recieved: Baccalieu
Amine Concentration: 
Roustabout Utilization: 
Attachment: 
Encoding: HTML
========================================
<p>Pulled PNA pig.</p>

<p>Finished weekend checks.</p>

<p>Fortis out doing power pole inspections and chemicals wraps.</p>

<p>Plant ran steady.</p>
