$@MID@$: 1787
Date: Sat, 29 Sep 2018 05:02:16 -0600
Author: Ryan Gilgan
Shift: Night Shift
Operators: Ryan G | Chris P
Shift Handover Meeting: Dayton M | Tye M
Start of Shift Meeting: 
Plant Status: Steady
Equipment Outage: 
Filter Change: 
Pigging: 
Recycle Pumps: Production | Truck Offload
Trucked in Oil: HVO
Oil/Water Recieved: 
Amine Concentration: 
Roustabout Utilization: 
Attachment: 
Encoding: HTML
========================================
<p>HVO hauled in 1 load of Baccalieu emulsion.</p>

<p>Added propane to the surge tank.&nbsp;&nbsp; South tank empty.</p>

<p>Pinched louvers on the Amine trim cooler on the south side.</p>

<p>Pinched bottom louver on K-203.</p>

<p>Increased the temp on the Amine condensor from 25 to 27.</p>
$@MID@$: 1788
Date: Sat, 29 Sep 2018 17:25:28 -0600
Author: Dayton Mohr
Shift: Day Shift
Operators: Dayton M | Tye M
Shift Handover Meeting: Ryan G | Chris P
Start of Shift Meeting: 
Plant Status: Steady
Equipment Outage: K-203
Filter Change: 
Pigging: 
Recycle Pumps: Production
Trucked in Oil: GGT (Jason)
Oil/Water Recieved: BN Water | ZC Water
Amine Concentration: 
Roustabout Utilization: 
Attachment: 
Encoding: HTML
========================================
<p>&nbsp;K203 volume pocket packing leaking on 4 th throw, started K201, shut down, purged, loto k203, called Tyson to come out changed packing, restarted, shut down K201.</p>

<p>blew down chiller deoiler</p>

<p>started weekend checks</p>

<p>GGT-Jason&nbsp;emptied process floor drains, &amp; some containments around the plant.</p>

<p>Recycle pumps both in Production tank.</p>
