$@MID@$: 1800
Date: Thu, 04 Oct 2018 17:29:28 -0600
Author: Ryan Bangle
Shift: Day Shift
Operators: Ryan Ba | Romeo T | Kyle S
Shift Handover Meeting: Gary W
Start of Shift Meeting: Daren F | Kristina C | Tyson T | Devin N | Kevin T
Plant Status: Steady
Equipment Outage: 
Filter Change: 
Pigging: Vermilion
Recycle Pumps: Production | Overflow
Trucked in Oil: HVO
Oil/Water Recieved: 
Amine Concentration: 
Roustabout Utilization: 
Attachment: 
Encoding: HTML
========================================
<p>&nbsp;GGT hauled in a load of methanol for process.</p>

<p>Fired up K-208 to help with flaring off the LP header.&nbsp; Lowered the flare relief to 280 and the LP header pressure control on V-200 to 270.</p>

<p>HVO hauled in a load of Baccalieu. X3.</p>

<p>Skimmed charcoal filter.&nbsp; Clean.</p>

<p>Sucked out the gutters in the compressor buildings.</p>

<p>Vermillion pigged line into V-101.</p>

<p>Bong Alba swung 2-24 into V-104.</p>

<p>&nbsp;</p>

<p>&nbsp;</p>

<p>&nbsp;</p>
