$@MID@$: 1811
Date: Wed, 10 Oct 2018 05:08:58 -0600
Author: Kevin Nicol
Shift: Night Shift
Operators: Kevin N
Shift Handover Meeting: Ryan G | Romeo T | Kyle S
Start of Shift Meeting: 
Plant Status: Lost Compressor(s)
Equipment Outage: K-206 | K-208
Filter Change: 
Pigging: 
Recycle Pumps: Production | Truck Offload
Trucked in Oil: 
Oil/Water Recieved: 
Amine Concentration: 
Roustabout Utilization: 
Attachment: 
Encoding: HTML
========================================
<p>&nbsp;cut lean oil back to 180 due to deeth temp control was 100% open</p>

<p>swung recycle to the truck offload</p>

<p>K206 down on high discharge press 2nd stage, 2nd stage cooler froze off, disconected 2nd stage louvers to get them closed, got the cooler cleared and restarted K206, Daren F out to get louver controls working</p>

<p>K208 down on low 4th suction press when k206 went down</p>
$@MID@$: 1812
Date: Wed, 10 Oct 2018 16:30:53 -0600
Author: Kyle Shute
Shift: Day Shift
Operators: Ryan G | Romeo T | Kyle S
Shift Handover Meeting: Kevin N | Jeff B
Start of Shift Meeting: Daren F | Kristina C | Devin N
Plant Status: Lost Compressor(s)
Equipment Outage: K-208
Filter Change: 
Pigging: 
Recycle Pumps: Production | Overflow
Trucked in Oil: 
Oil/Water Recieved: 
Amine Concentration: 
Roustabout Utilization: 
Attachment: 
Encoding: HTML
========================================
<p>Wednesday morning meeting.</p>

<p>Rob with GGT haulled in 3 loads of Braz water.</p>

<p>Eric with HVO haulled in 5 loads of Baccalieu emulsion.</p>

<p>Jayme with HVO haulled in a load of Baccalieu emulsion.</p>

<p>Swung recycle pump &quot;B&quot; into &quot;Overflow&quot;.</p>

<p>Carl with MRC out delivering supplies.</p>

<p>Chris Page filled up compressor day tanks.</p>

<p>K-208 went down on 1st stage suction scrubber level.</p>

<p>Devin N testing shutdowns on K-208, verified temps and gas control on K-206.</p>

<p>Pressure transmitter flange started leaking in the H&#8322;O plant off the booster pump discharge, tightened flange, all good.</p>

<p>Nelson Bros delivered some RO water.</p>

<p>Dropped the lean oil rate to 160 to 180.</p>

<p>Decreased the de-eth tower bottoms temp from 108 to 104.</p>

<p>Taggart with Baker Hughes delivered 2 pails of Biocide, put it in the skidsteer shed.</p>

<p>&nbsp;</p>

<p>&nbsp;</p>
