$@MID@$: 1852
Date: Wed, 31 Oct 2018 05:14:18 -0600
Author: Ryan Bangle
Shift: Night Shift
Operators: Ryan Ba | Chris P
Shift Handover Meeting: Blaine H
Start of Shift Meeting: 
Plant Status: Steady
Equipment Outage: 
Filter Change: 
Pigging: 
Recycle Pumps: Production
Amine Concentration: 
Roustabout Utilization: 
Attachment: 
Encoding: HTML
========================================
<p>&nbsp;Amine reboiler level down to 40%.&nbsp; Increased amine make-up water to 14 from 10.</p>

<p>Skimmed charcoal filter.&nbsp; Little oil.</p>

<p>&nbsp;</p>
$@MID@$: 1853
Date: Wed, 31 Oct 2018 17:23:51 -0600
Author: Blaine Harris
Shift: Day Shift
Operators: Blaine H | Tye M
Shift Handover Meeting: Ryan Ba | Chris P
Start of Shift Meeting: 
Plant Status: Steady
Equipment Outage: K-206 | K-208
Filter Change: 
Pigging: 
Recycle Pumps: Production
Amine Concentration: 
Roustabout Utilization: 
Attachment: 
Encoding: HTML
========================================
<p>&nbsp;-K206 down first thing on low engine oil, tried to start and it kept going down on engine overspeed.Tyson found the one throttle body seized and not moving. Changed it out and restarted.</p>

<p>-HVO hauled in multiple loads of Baccaleau oil.</p>

<p>-Western Engineering and Containment out to repair the liners in the containment under the amine skid</p>

<p>-John Grand with the AER was out to do inspections on the acid gas and water disposal wells.</p>

<p>-Tyson and Tye did a servive on K-202</p>

<p>-Changed the water plant filter.</p>

<p>-Lost k208 twice, once when k-206 went down and when 202 went down for service.</p>

<p>-Chris page delivered barrels of oil.</p>
