$@MID@$: 1821
Date: Mon, 15 Oct 2018 05:15:12 -0600
Author: Kevin Nicol
Shift: Night Shift
Operators: Kevin N
Shift Handover Meeting: Ryan G | Tye M
Start of Shift Meeting: 
Plant Status: Steady | Lost Compressor(s)
Equipment Outage: K-202
Filter Change: 
Pigging: 
Recycle Pumps: Production | Overflow
Amine Concentration: 
Roustabout Utilization: 
Attachment: 
Encoding: HTML
========================================
<p>&nbsp;lowered Deeth temp to 99 deg</p>

<p>HVO hauled in 5 loads of oil</p>

<p>swung recycle to truck offload line</p>

<p>pumped in glycol slop bbl</p>

<p>K202 down on high discharge temp 1st stage, slowed comp down and adjusted the make up</p>

<p>V-3101 high level</p>
$@MID@$: 1822
Date: Mon, 15 Oct 2018 09:28:53 -0600
Author: Ryan Gilgan
Shift: Day Shift
Operators: Ryan G | Tye M | Kyle S
Shift Handover Meeting: Kevin N | Dallas L
Start of Shift Meeting: Daren F | Kristina C | Devin N | Kevin T
Plant Status: 
Equipment Outage: K-201 | K-203 | K-206 | K-208
Filter Change: 
Pigging: 
Recycle Pumps: Production | Overflow
Amine Concentration: 35%
Roustabout Utilization: 
Attachment: 
Encoding: HTML
========================================
<p>Added oil to the Lean oil pump day tank.</p>

<p>Tye went to Braz to give Dayton a hand.</p>

<p>Hi flo out to prove key link meter.</p>

<p>Oil change done on K-206 due to bad oil samples.</p>

<p>Maxxam out to take fluid samples.</p>

<p>Core labs out and took weekly samples.</p>

<p>Rob hauled in Zeta water.</p>

<p>HVO hauled in Baccalieu emulsion.</p>

<p>Shut down K-208 due to lack of gas. shut down chemical pump.</p>

<p>&nbsp;</p>

<p>&nbsp;</p>
