$@MID@$: 1856
Date: Fri, 02 Nov 2018 05:23:05 -0600
Author: Ryan Bangle
Shift: Night Shift
Operators: Ryan Ba | Jeff B
Shift Handover Meeting: Blaine H
Start of Shift Meeting: 
Plant Status: Steady
Equipment Outage: 
Filter Change: 
Pigging: 
Recycle Pumps: Production
Amine Concentration: 
Roustabout Utilization: 
Attachment: 
Encoding: HTML
========================================
<p>Skimmed amine charcoal filter.&nbsp; Clean.</p>

<p>Plant Steady.</p>
$@MID@$: 1857
Date: Fri, 02 Nov 2018 17:07:54 -0600
Author: Blaine Harris
Shift: Day Shift
Operators: Blaine H | Romeo T
Shift Handover Meeting: Ryan Ba | Jeff B
Start of Shift Meeting: 
Plant Status: Steady
Equipment Outage: 
Filter Change: 
Pigging: 
Recycle Pumps: Production
Amine Concentration: 
Roustabout Utilization: 
Attachment: 
Encoding: HTML
========================================
<p>&nbsp;-Baccaleau gas from 6-19 is now coming to Pem North because Bigoray cant take it.</p>

<p>-Keabray, Can Vac and Al Barney working on cleaning&nbsp;the scrap metal in the bone yard and putting it in Metal Bins.</p>

<p>-Keabray worker hurt his finger and needed medical aid, Keaybray rep dropped off another worker and took injured worker to get checked out. Kits report has been filed</p>

<p>-Rob Thirsk hauled in Braz and Zeta water.</p>

<p>-Hvo hauled in 3 loads of Baccaleau emulsion.</p>

<p>-The lpg hoses are at Bigoray from them to truck lpg.</p>

<p>&nbsp;</p>
