$@MID@$: 1869
Date: Thu, 08 Nov 2018 05:20:50 -0700
Author: Ryan Gilgan
Shift: Night Shift
Operators: Ryan G | Jeff B
Shift Handover Meeting: Dayton M | Tye M | Kyle S
Start of Shift Meeting: 
Plant Status: Steady
Equipment Outage: 
Filter Change: 
Pigging: 
Recycle Pumps: Production | Truck Offload
Amine Concentration: 
Roustabout Utilization: 
Attachment: 
Encoding: HTML
========================================
<p>1 load of Baccalieu hauled in by HVO.</p>

<p>East water filter tripped on high diff, swapped pots and put BOL.</p>

<p>14-3 ESD&#39;d called Mark S to get the operator out to look into.</p>

<p>Pinched louvers on K-202, K-203, and K-208.</p>

<p>&nbsp;</p>

<p>&nbsp;</p>
$@MID@$: 1870
Date: Thu, 08 Nov 2018 13:54:32 -0700
Author: Kyle Shute
Shift: Day Shift
Operators: Dayton M | Tye M | Kyle S
Shift Handover Meeting: Ryan G | Dallas L
Start of Shift Meeting: Daren F | Kristina C | Devin N
Plant Status: Steady
Equipment Outage: 
Filter Change: Water Plant
Pigging: 
Recycle Pumps: Production | Overflow
Amine Concentration: 
Roustabout Utilization: 
Attachment: 
Encoding: HTML
========================================
<p>-Changed east pot filters in the water plant.</p>

<p>-GGT (Rob) hauled in Braz &amp; Zeta water.</p>

<p>-Pulled the V-3101 water meter out to clean it, found it was put in backwards, also cleaned the Y-Strainer.</p>

<p>-Pumped up ESD&#39;s at the acid gas well.</p>

<p>-Auto-pro (Don) out to do some programming changes for Keylink.</p>

<p>-Added propane to the C3 surge tank, North storage now empty</p>

<p>-Increased the De-Eth bottoms temp to 103 from 101 to help lower ethane percentage.</p>

<p>-Tervita rep out to check on bins around the plant, ordered new ones.</p>

<p>-Blew down the chiller de-oiler.</p>

<p>-Lowered glycol regen water side 80% to 50%</p>

<p>-Keylink lost Coms on 16-10 ESD, Daren and Devin went out to reset radio.</p>

<p>-Devin working on PM&#39;s for h2s analyzers, sales &amp; process</p>

<p>-HVO (Trent) hauled in 2 loads of Baccalieu emulsion.</p>

<p>-Cynthia plant sending us oil, GGT hauling, Glen on site with first load at end of shift. Marty to come later.</p>

<p>-Relocated Water Well LSD Sign (Master Action Item List)</p>

<p>-Opened louvers on K-202/203/208, pinched 202/208 louvers back towards the end of the day, K-203 louvers still open.</p>

<p>&nbsp;</p>
