$@MID@$: 1902
Date: Sat, 24 Nov 2018 16:55:49 -0700
Author: Kyle Shute
Shift: Day Shift
Operators: Ryan G | Kyle S
Shift Handover Meeting: Tye M | Chris P
Start of Shift Meeting: 
Plant Status: Steady
Equipment Outage: 
Filter Change: 
Pigging: 05-14
Recycle Pumps: Production
Amine Concentration: 
Roustabout Utilization: 
Attachment: 
Encoding: HTML
========================================
<p>-Topped up LPG lubricators.</p>

<p>-HVO (Shane) hauled in a load of Baccalieu emulsion (6-16-49-11W5).</p>

<p>-Worked on weekend checks.</p>

<p>-Added propane to the C3 surge tank.</p>

<p>-Dropped amine reboiler temp down from 35% down to 34%.</p>

<p>-Called Kenny regarding the 5-21 ESD.</p>

<p>-Kenny pigged 5-14 WPNE, will be pigging 14-3 tomorrow.</p>

<p>-Left louvers pinched on K202/203/208.</p>

<p>-Plant steady.</p>

<p>&nbsp;</p>
