$@MID@$: 1911
Date: Thu, 29 Nov 2018 05:09:52 -0700
Author: Blaine Harris
Shift: Night Shift
Operators: Blaine H | Chris P
Shift Handover Meeting: Dayton M | Kyle S
Start of Shift Meeting: 
Plant Status: Steady
Equipment Outage: 
Filter Change: 
Pigging: 
Recycle Pumps: Production | Overflow
Amine Concentration: 
Roustabout Utilization: 
Attachment: 
Encoding: HTML
========================================
<p>&nbsp;-The amine skim tank in process high leveled, had to add fuel gas to help it to dump.</p>

<p>-Steady shift.</p>
$@MID@$: 1912
Date: Thu, 29 Nov 2018 17:50:03 -0700
Author: Dayton Mohr
Shift: Day Shift
Operators: Dayton M | Romeo T
Shift Handover Meeting: Blaine H
Start of Shift Meeting: Daren F | Kristina C | Tyson T | Devin N | Kevin T | Chris N
Plant Status: Process Upset | Lost Compressor(s) | ESD | Flaring Event
Equipment Outage: K-202 | K-204 | K-205 | K-206 | K-208 | K-5000 | C3-A
Filter Change: 
Pigging: 
Recycle Pumps: Production | Overflow
Amine Concentration: 
Roustabout Utilization: 
Attachment: 
Encoding: HTML
========================================
<p>&nbsp;K-204-Fan upgrade, Tyson, Chris N, Brandon &amp; Al, completed &amp; ready to run</p>

<p>HVO- Hauled in one load of Baccilieau</p>

<p>Kevin T- checking into glycol pump issues, changed C3A motor air filters</p>

<p>Kristina reset V107 &amp; FQI-99 flow bosses</p>

<p>Pizza Day presintation</p>

<p>Lowered glycol reclaim tank from 80-50 %</p>

<p>ordered process water, will be here tomorrow</p>

<p>Plant down due to Braz going sour @ 17:00 hrs, shut inlets &amp; prep for startup after TCPL reopens their esd.</p>

<p>Stayed to help Nightshift restart plant.</p>
