$@MID@$: 1863
Date: Mon, 05 Nov 2018 05:12:43 -0700
Author: Ryan Bangle
Shift: Night Shift
Operators: Ryan Ba | Jeff B
Shift Handover Meeting: Blaine H
Start of Shift Meeting: 
Plant Status: Steady
Equipment Outage: 
Filter Change: 
Pigging: 
Recycle Pumps: Production | Overflow
Amine Concentration: 
Roustabout Utilization: 
Attachment: 
Encoding: HTML
========================================
<p>Started up lean oil system.&nbsp; Flowing at 160m3/day.&nbsp; Set De-eth and De-but reboiler temps to 98 and 100 respectively.</p>

<p>Lowered amine trim cooler tarps and pinched louvers.</p>

<p>Pinched louvers on K-203 and turned two speed fan off on res gas cooler to help with contactor inlet temp.</p>

<p>Recycle pump B down.&nbsp; Left down.&nbsp; Level below 0.4m.</p>
$@MID@$: 1864
Date: Mon, 05 Nov 2018 17:02:48 -0700
Author: Blaine Harris
Shift: Day Shift
Operators: Blaine H | Romeo T
Shift Handover Meeting: Ryan Ba | Jeff B
Start of Shift Meeting: 
Plant Status: Steady
Equipment Outage: 
Filter Change: Water Plant
Pigging: 
Recycle Pumps: Production
Amine Concentration: 
Roustabout Utilization: 
Attachment: 
Encoding: HTML
========================================
<p>&nbsp;-Vermillian called to tell us they wanted to send us 80 decs of extra gas to V101, apperently they were having compression issues and they were supposed to shiped it to us on Tuesday but its a day earlier.</p>

<p>-Fought liquids in V-101 for most of the morning</p>

<p>-Started recycle b pump into the production tank.</p>

<p>-Changed 2 sets of water plant filters.</p>

<p>-Rob Thirsk hauled in produced water.</p>

<p>-Devin adjusted compressor louvers.</p>

<p>&nbsp;</p>
