$@MID@$: 1884
Date: Thu, 15 Nov 2018 17:22:28 -0700
Author: Ryan Bangle
Shift: Day Shift
Operators: Ryan Ba | Romeo T | Kyle S
Shift Handover Meeting: Gary W
Start of Shift Meeting: 
Plant Status: Steady | Lost Compressor(s)
Equipment Outage: K-205
Filter Change: Water Plant
Pigging: 
Recycle Pumps: Production
Amine Concentration: 
Roustabout Utilization: 
Attachment: 
Encoding: HTML
========================================
<p>Avalanche Integrity out doing UT scans on vessels around plant.</p>

<p>Rob Thirsk hauled in Zeta and Braz water.</p>

<p>Polard Insulators out building shack for acid gas well.&nbsp; 2/3rds complete.</p>

<p>K-205 2nd cyl valves gone.&nbsp; Shut down and fire up K-204 in sales mode.&nbsp; Tyson changed out valves and restarted.&nbsp; All good.</p>

<p>Pulled amine antifoam pump out for Tyson to repair.&nbsp; Needs to order parts.</p>

<p>V-101 slugging in liquid.&nbsp; Suspect Vermillion pigging lines to main pipeline.</p>

<p>Changed water plant filters.&nbsp; Only a couple sets left.&nbsp; Midfield will have more at their shop tommorow.&nbsp; Will get Nightshift to pick them up.</p>

<p>&nbsp;</p>
$@MID@$: 1885
Date: Thu, 15 Nov 2018 22:48:31 -0700
Author: Gary Wright
Shift: Night Shift
Operators: Gary W | Dallas L
Shift Handover Meeting: Ryan Ba | Kyle S
Start of Shift Meeting: 
Plant Status: Steady
Equipment Outage: 
Filter Change: 
Pigging: 
Recycle Pumps: Production
Amine Concentration: 
Roustabout Utilization: N/A
Attachment: 
Encoding: HTML
========================================
<p>Tyson here at start of shift finishing up paper work on K-205 valve change</p>

<p>Glycol flow painting on trends, run in manual for awhile then back to&nbsp;auto</p>

<p>Lowered tarps on the trim cooler</p>

<p>Shot valves on K-205, all good</p>

<p>Pinched the louvers on K-208, and K-202</p>

<p>Equalized between sales and the overflow tank for a couple minutes, to keep the overflow from ringing in</p>
