$@MID@$: 1952
Date: Tue, 18 Dec 2018 02:50:24 -0700
Author: Ryan Bangle
Shift: Night Shift
Operators: Ryan Ba | Ryan Bl
Shift Handover Meeting: Dayton M
Start of Shift Meeting: 
Plant Status: Steady | Lost Compressor(s)
Equipment Outage: K-202 | K-208
Filter Change: 
Pigging: 
Recycle Pumps: Production
Amine Concentration: 
Roustabout Utilization: 
Attachment: 
Encoding: HTML
========================================
<p>&nbsp;Lost K-202 on mystery alarm.&nbsp; K-208 went down shortly after.&nbsp; Restarted with no issues.</p>

<p>Skimmed amine charcoal filter.&nbsp; Clean.</p>
$@MID@$: 1953
Date: Tue, 18 Dec 2018 17:23:43 -0700
Author: Dayton Mohr
Shift: Day Shift
Operators: Dayton M | Romeo T
Shift Handover Meeting: Ryan G | Ryan Bl
Start of Shift Meeting: Daren F | Kristina C | Tyson T | Devin N | Kevin T | Brandon G
Plant Status: Steady
Equipment Outage: K-202
Filter Change: 
Pigging: 
Recycle Pumps: Production
Amine Concentration: 
Roustabout Utilization: 
Attachment: 
Encoding: HTML
========================================
<p>&nbsp;K202 Fan upgrades completed today, Tyson, Brandon, &amp; Al B worked on that.</p>

<p>V-200 while K202 was down decreased inlet control pressure, to minimize flaring on LP header, &nbsp;back to normal operation now.</p>

<p>Kevin T-Replaced Fire eyes in acid gas comp, worked on LEL detection Cals pm&#39;s in the plant.</p>

<p>Added C3 to propance accumilator from 0 to 12 bolts.</p>

<p>Duvera-Mark here working on plant drawing&#39;s</p>

<p>Exergy-Working on plant drawing&#39;s as well</p>

<p>GGT-Rob hauling Zeta water to water plant</p>

<p>&nbsp;</p>

<p>&nbsp;</p>
