$@MID@$: 1923
Date: Wed, 05 Dec 2018 05:14:35 -0700
Author: Dayton Mohr
Shift: Night Shift
Operators: Dayton M | Jeff B
Shift Handover Meeting: Kevin N | Romeo T
Start of Shift Meeting: 
Plant Status: Steady
Equipment Outage: 
Filter Change: 
Pigging: 
Recycle Pumps: Production | Truck Offload
Amine Concentration: 
Roustabout Utilization: 
Attachment: 
Encoding: HTML
========================================
<p>&nbsp;Plant steady</p>

<p>Braz&nbsp; LP ppm&#39;s&nbsp;avg at 5 to 7 parts</p>

<p>Braz C3&nbsp;alarming&nbsp; on oil diff most of the night</p>

<p>Strong winds &amp; snow</p>

<p>&nbsp;</p>

<p>&nbsp;</p>
$@MID@$: 1924
Date: Wed, 05 Dec 2018 17:12:22 -0700
Author: Kevin Nicol
Shift: Day Shift
Operators: Kevin N | Romeo T
Shift Handover Meeting: Dayton M | Jeff B
Start of Shift Meeting: Daren F | Kristina C | Kevin T | Chris N | Brandon G
Plant Status: Steady
Equipment Outage: 
Filter Change: 
Pigging: 14-03
Recycle Pumps: Production | Truck Offload
Amine Concentration: 
Roustabout Utilization: 
Attachment: 
Encoding: HTML
========================================
<p>&nbsp;swung recycle to production then back to truck offload at the end of the day</p>

<p>blew down V-101 level transmitter a few times</p>

<p>HVO hauled in oil from Baccaliue</p>

<p>Devin did PM on flare meters</p>

<p>GGT hauled in Zeta H2O</p>

<p>cleaned the basket on the treater exchanger and cleaned out the wax bin</p>

<p>pigged 14-3. pulled pig clean</p>

<p>Elete calibrating fuel gas meters</p>

<p>&nbsp;</p>

<p>&nbsp;</p>
