$@MID@$: 1933
Date: Sun, 09 Dec 2018 00:48:04 -0700
Author: Dayton Mohr
Shift: Night Shift
Operators: Dayton M | Dallas L
Shift Handover Meeting: Tye M | Kyle S
Start of Shift Meeting: 
Plant Status: Steady
Equipment Outage: 
Filter Change: 
Pigging: 
Recycle Pumps: Production
Amine Concentration: 
Roustabout Utilization: 
Attachment: 
Encoding: HTML
========================================
<p>&nbsp;HVO-Trent hauled in load of Baccilieau oil from 06-16</p>

<p>HVO-Shane hauled in load of Baccilieau oil from 06-12</p>

<p>skimmed amine charcoal filter - little skim</p>

<p>plant steady</p>
$@MID@$: 1934
Date: Sun, 09 Dec 2018 17:23:35 -0700
Author: Tye Mastre
Shift: Day Shift
Operators: Tye M | Kyle S
Shift Handover Meeting: Dayton M | Dallas L
Start of Shift Meeting: 
Plant Status: Steady
Equipment Outage: 
Filter Change: 
Pigging: 06-19 Bigoray
Recycle Pumps: Production
Amine Concentration: 
Roustabout Utilization: 
Attachment: 
Encoding: HTML
Draft: TMastre
========================================
<p>Lowered the bottoms temp on the de-eth to 94 degrees as the tops temp and reflux started to climb up again.</p>

<p>Finished weekend checks.</p>

<p>Inlet coalescer dump stuck open breifly this AM. Kept going out to check on it throughought the day. Will get Devin to look at tomorrow. WO#31360.</p>

<p>Kenny pigged the 6-19 line to V-107.</p>

<p>Lowered the level in the glycol seperator slightly as the glycol accumulator seemed to be slowly trending down.</p>

<p>Rob with GGT hauled in Zeta water.</p>

<p>Topped up LPG pump packing lubricator.</p>

<p>Filled up lean oil pump packing lubricator tank.</p>

<p>&nbsp;</p>

<p>&nbsp;</p>

<p>&nbsp;</p>
$@MID@$: 1935
Date: Sun, 09 Dec 2018 17:24:14 -0700
Author: Tye Mastre
Shift: Day Shift
Operators: Tye M | Kyle S
Shift Handover Meeting: Dayton M | Dallas L
Start of Shift Meeting: 
Plant Status: Steady
Equipment Outage: 
Filter Change: 
Pigging: 06-19 Bigoray
Recycle Pumps: Production
Amine Concentration: 
Roustabout Utilization: 
Attachment: 
Encoding: HTML
========================================
<p>Lowered the bottoms temp on the de-eth to 94 degrees as the tops temp and reflux started to climb up again.</p>

<p>Finished weekend checks.</p>

<p>Inlet coalescer dump stuck open breifly this AM. Kept going out to check on it throughought the day. Will get Devin to look at tomorrow. WO#31360.</p>

<p>Kenny pigged the 6-19 line to V-107.</p>

<p>Lowered the level in the glycol seperator slightly as the glycol accumulator seemed to be slowly trending down.</p>

<p>Rob with GGT hauled in Zeta water.</p>

<p>Topped up LPG pump packing lubricator.</p>

<p>Filled up lean oil pump packing lubricator tank.</p>

<p>&nbsp;</p>

<p>&nbsp;</p>

<p>&nbsp;</p>
$@MID@$: 1936
Date: Sun, 09 Dec 2018 23:06:00 -0700
Author: Dayton Mohr
Shift: Night Shift
Operators: Dayton M | Dallas L
Shift Handover Meeting: Kevin N | Tye M | Kyle S
Start of Shift Meeting: 
Plant Status: Steady
Equipment Outage: 
Filter Change: 
Pigging: 
Recycle Pumps: Production | Truck Offload
Amine Concentration: 
Roustabout Utilization: 
Attachment: 
Encoding: HTML
========================================
<p>&nbsp;Glycol reclaim tank water side, lowered level from 75 to 50%</p>

<p>Recycle pump B in truck offload</p>

<p>Kristina called requested to have a good level in the bullets at Pem &amp; Braz for meter prove today, called Rimbey @ 24:00hrs, had pumps shut down. HI Flow wants to have as much flow as he can&nbsp;for prove, may want both pumps running if possible.</p>

<p>Manully dumped the coalescer once. checked couple times thru the night.</p>
