$@MID@$: 1937
Date: Mon, 10 Dec 2018 09:15:36 -0700
Author: Kyle Shute
Shift: Day Shift
Operators: Kevin N | Kyle S
Shift Handover Meeting: Dayton M | Ryan Bl
Start of Shift Meeting: Daren F | Kristina C | Devin N | Kevin T
Plant Status: Steady
Equipment Outage: 
Filter Change: 
Pigging: 05-14
Recycle Pumps: Production | Truck Offload
Amine Concentration: 
Roustabout Utilization: 
Attachment: 
Encoding: HTML
========================================
<p>-Topped up LPG lubricators.</p>

<p>-Hi-Flo (Jason) out to prove the Keylink meter.</p>

<p>-Core-Labs (Alex) out to take weekly acid gas and inlet samples.</p>

<p>-Kenny pigged the 5-14 WPNE pipeline, said he would send it around 9:00AM, checked for pig at 3:00PM, nothing in the catcher, will look again tomorrow morning.</p>

<p>-HVO (Trent) hauled in 2 loads of Baccalieu emulsion. (6-16-49-11W5 and 4-28-49-11W5)</p>

<p>-Increased the lean oil flow rate to 150m<sup>3</sup>/day.</p>

<p>-Plant Steady.</p>

<p>&nbsp;</p>
