$@MID@$: 640
Date: Sun, 20 Jan 2019 04:33:37 -0700
Author: Tye Mastre
Surge Tank Temp: 77
Surge Tank Press: 246
Surge Tank Level: 13
Pump Press: 515
Outlet Temp: 75
Stack Temp: 138
Flame Condition: Orange
Shift: Night
Month: Jan
Day: 19
Year: 2019
Attachment: 
Encoding: HTML
========================================

$@MID@$: 641
Date: Sun, 20 Jan 2019 10:14:13 -0700
Author: Kyle Shute
Surge Tank Temp: 79
Surge Tank Press: 250
Surge Tank Level: 13
Pump Press: 510
Outlet Temp: 76
Stack Temp: 134
Flame Condition: Orange
Shift: Day
Month: Jan
Day: 20
Year: 2019
Attachment: 
Encoding: HTML
========================================

