$@MID@$: 635
Date: Thu, 17 Jan 2019 11:06:03 -0700
Author: Kyle Shute
Surge Tank Temp: 78
Surge Tank Press: 247
Surge Tank Level: 13
Pump Press: 510
Outlet Temp: 77
Stack Temp: 144
Flame Condition: Orange
Shift: Day
Month: Jan
Day: 17
Year: 2019
Attachment: 
Encoding: HTML
========================================

$@MID@$: 636
Date: Thu, 17 Jan 2019 22:16:12 -0700
Author: Tye Mastre
Surge Tank Temp: 78
Surge Tank Press: 241
Surge Tank Level: 13
Pump Press: 520
Outlet Temp: 75
Stack Temp: 138
Flame Condition: Orange
Shift: Night
Month: Jan
Day: 17
Year: 2019
Attachment: 
Encoding: HTML
========================================

