$@MID@$: 644
Date: Tue, 22 Jan 2019 03:49:18 -0700
Author: Tye Mastre
Surge Tank Temp: 78
Surge Tank Press: 251
Surge Tank Level: 13
Pump Press: 515
Outlet Temp: 77
Stack Temp: 132
Flame Condition: Orange
Shift: Night
Month: Jan
Day: 21
Year: 2019
Attachment: 
Encoding: HTML
========================================

$@MID@$: 645
Date: Tue, 22 Jan 2019 10:02:25 -0700
Author: Kyle Shute
Surge Tank Temp: 80
Surge Tank Press: 247
Surge Tank Level: 13
Pump Press: 505
Outlet Temp: 76
Stack Temp: 130
Flame Condition: Orange
Shift: Day
Month: Jan
Day: 22
Year: 2019
Attachment: 
Encoding: HTML
========================================

