$@MID@$: 627
Date: Sun, 13 Jan 2019 09:06:46 -0700
Author: Romeo Tobias
Surge Tank Temp: 80
Surge Tank Press: 249
Surge Tank Level: 13
Pump Press: 510
Outlet Temp: 76
Stack Temp: 132
Flame Condition: Orange
Shift: Day
Month: Jan
Day: 13
Year: 2019
Attachment: 
Encoding: HTML
========================================

$@MID@$: 628
Date: Sun, 13 Jan 2019 22:57:19 -0700
Author: Blaine Harris
Surge Tank Temp: 80
Surge Tank Press: 255
Surge Tank Level: 13
Pump Press: 510
Outlet Temp: 77
Stack Temp: 128
Flame Condition: Orange
Shift: Night
Month: Jan
Day: 13
Year: 2019
Attachment: 
Encoding: HTML
========================================

