$@MID@$: 716
Date: Thu, 28 Feb 2019 05:08:32 -0700
Author: Tye Mastre
Surge Tank Temp: 78
Surge Tank Press: 245
Surge Tank Level: 13
Pump Press: 515
Outlet Temp: 77
Stack Temp: 137
Flame Condition: Orange
Shift: Night
Month: Feb
Day: 27
Year: 2019
Attachment: 
Encoding: HTML
========================================

$@MID@$: 717
Date: Thu, 28 Feb 2019 15:03:58 -0700
Author: Kyle Shute
Surge Tank Temp: 79
Surge Tank Press: 251
Surge Tank Level: 13
Pump Press: 510
Outlet Temp: 77
Stack Temp: 136
Flame Condition: Orange
Shift: Day
Month: Feb
Day: 28
Year: 2019
Attachment: 
Encoding: HTML
========================================

$@MID@$: 718
Date: Thu, 28 Feb 2019 20:58:18 -0700
Author: Tye Mastre
Surge Tank Temp: 78
Surge Tank Press: 248
Surge Tank Level: 13
Pump Press: 515
Outlet Temp: 77
Stack Temp: 131
Flame Condition: Orange
Shift: Night
Month: Feb
Day: 28
Year: 2019
Attachment: 
Encoding: HTML
========================================

