$@MID@$: 667
Date: Sat, 02 Feb 2019 17:10:51 -0700
Author: Kyle Shute
Surge Tank Temp: 76
Surge Tank Press: 238
Surge Tank Level: 13
Pump Press: 505
Outlet Temp: 74
Stack Temp: 142
Flame Condition: Orange
Shift: Day
Month: Feb
Day: 2
Year: 2019
Attachment: 
Encoding: HTML
========================================

$@MID@$: 668
Date: Sat, 02 Feb 2019 23:01:37 -0700
Author: Ryan Gilgan
Surge Tank Temp: 80
Surge Tank Press: 202
Surge Tank Level: 12
Pump Press: 470
Outlet Temp: 74
Stack Temp: 135
Flame Condition: Orange
Shift: Night
Month: Feb
Day: 2
Year: 2019
Attachment: 
Encoding: HTML
========================================

