$@MID@$: 705
Date: Thu, 21 Feb 2019 13:16:23 -0700
Author: Kyle Shute
Surge Tank Temp: 77
Surge Tank Press: 231
Surge Tank Level: 13
Pump Press: 495
Outlet Temp: 74
Stack Temp: 142
Flame Condition: Orange
Shift: Day
Month: Feb
Day: 21
Year: 2019
Attachment: 
Encoding: HTML
========================================

$@MID@$: 706
Date: Thu, 21 Feb 2019 20:55:24 -0700
Author: Romeo Tobias
Surge Tank Temp: 80
Surge Tank Press: 253
Surge Tank Level: 13
Pump Press: 510
Outlet Temp: 76
Stack Temp: 135
Flame Condition: Orange
Shift: Night
Month: Feb
Day: 21
Year: 2019
Attachment: 
Encoding: HTML
========================================

