$@MID@$: 681
Date: Sat, 09 Feb 2019 11:04:15 -0700
Author: Romeo Tobias
Surge Tank Temp: 60
Surge Tank Press: 163
Surge Tank Level: 11
Pump Press: 435
Outlet Temp: 56
Stack Temp: 136
Flame Condition: Orange
Shift: Day
Month: Feb
Day: 9
Year: 2019
Attachment: 
Encoding: HTML
========================================

$@MID@$: 682
Date: Sat, 09 Feb 2019 21:26:17 -0700
Author: Gary Wright
Surge Tank Temp: 70
Surge Tank Press: 210
Surge Tank Level: 12
Pump Press: 490
Outlet Temp: 68
Stack Temp: 140
Flame Condition: Orange
Shift: Night
Month: Feb
Day: 9
Year: 2019
Attachment: 
Encoding: HTML
========================================

