$@MID@$: 672
Date: Tue, 05 Feb 2019 02:21:43 -0700
Author: Ryan Gilgan
Surge Tank Temp: 63
Surge Tank Press: 180
Surge Tank Level: 12
Pump Press: 550
Outlet Temp: 60
Stack Temp: 135
Flame Condition: Orange
Shift: Night
Month: Feb
Day: 4
Year: 2019
Attachment: 
Encoding: HTML
========================================

$@MID@$: 673
Date: Tue, 05 Feb 2019 13:59:48 -0700
Author: Bryan Noble
Surge Tank Temp: 56
Surge Tank Press: 161
Surge Tank Level: 11
Pump Press: 435
Outlet Temp: 54
Stack Temp: 130
Flame Condition: Orange
Shift: Day
Month: Feb
Day: 5
Year: 2019
Attachment: 
Encoding: HTML
========================================

$@MID@$: 674
Date: Tue, 05 Feb 2019 21:23:05 -0700
Author: Gary Wright
Surge Tank Temp: 70
Surge Tank Press: 222
Surge Tank Level: 12
Pump Press: 480
Outlet Temp: 69
Stack Temp: 138
Flame Condition: Orange
Shift: Night
Month: Feb
Day: 5
Year: 2019
Attachment: 
Encoding: HTML
========================================

