$@MID@$: 711
Date: Mon, 25 Feb 2019 00:24:38 -0700
Author: Romeo Tobias
Surge Tank Temp: 78
Surge Tank Press: 248
Surge Tank Level: 13
Pump Press: 505
Outlet Temp: 76
Stack Temp: 138
Flame Condition: Orange
Shift: Night
Month: Feb
Day: 24
Year: 2019
Attachment: 
Encoding: HTML
========================================

$@MID@$: 712
Date: Mon, 25 Feb 2019 06:12:16 -0700
Author: Bryan Noble
Surge Tank Temp: 77
Surge Tank Press: 232
Surge Tank Level: 12
Pump Press: 500
Outlet Temp: 74
Stack Temp: 144
Flame Condition: Orange
Shift: Day
Month: Feb
Day: 24
Year: 2019
Attachment: 
Encoding: HTML
========================================

$@MID@$: 713
Date: Mon, 25 Feb 2019 19:45:01 -0700
Author: Bryan Noble
Surge Tank Temp: 74
Surge Tank Press: 206
Surge Tank Level: 12
Pump Press: 475
Outlet Temp: 69
Stack Temp: 140
Flame Condition: Orange
Shift: Day
Month: Feb
Day: 25
Year: 2019
Attachment: 
Encoding: HTML
========================================

