$@MID@$: 677
Date: Thu, 07 Feb 2019 09:30:22 -0700
Author: Romeo Tobias
Surge Tank Temp: 68
Surge Tank Press: 205
Surge Tank Level: 12
Pump Press: 470
Outlet Temp: 66
Stack Temp: 137
Flame Condition: Orange
Shift: Day
Month: Feb
Day: 7
Year: 2019
Attachment: 
Encoding: HTML
========================================

$@MID@$: 678
Date: Thu, 07 Feb 2019 22:28:18 -0700
Author: Gary Wright
Surge Tank Temp: 77
Surge Tank Press: 251
Surge Tank Level: 13
Pump Press: 515
Outlet Temp: 75
Stack Temp: 135
Flame Condition: Orange
Shift: Night
Month: Feb
Day: 7
Year: 2019
Attachment: 
Encoding: HTML
========================================

