$@MID@$: 670
Date: Mon, 04 Feb 2019 05:13:06 -0700
Author: Ryan Gilgan
Surge Tank Temp: 63
Surge Tank Press: 175
Surge Tank Level: 12
Pump Press: 570
Outlet Temp: 60
Stack Temp: 135
Flame Condition: Orange
Shift: Night
Month: Feb
Day: 3
Year: 2019
Attachment: 
Encoding: HTML
========================================

$@MID@$: 671
Date: Mon, 04 Feb 2019 09:37:32 -0700
Author: Bryan Noble
Surge Tank Temp: 63
Surge Tank Press: 184
Surge Tank Level: 12
Pump Press: 450
Outlet Temp: 61
Stack Temp: 140
Flame Condition: Orange
Shift: Day
Month: Feb
Day: 4
Year: 2019
Attachment: 
Encoding: HTML
========================================

