$@MID@$: 699
Date: Mon, 18 Feb 2019 11:53:32 -0700
Author: Kyle Shute
Surge Tank Temp: 72
Surge Tank Press: 208
Surge Tank Level: 12
Pump Press: 480
Outlet Temp: 69
Stack Temp: 140
Flame Condition: Orange
Shift: Day
Month: Feb
Day: 18
Year: 2019
Attachment: 
Encoding: HTML
========================================

$@MID@$: 700
Date: Mon, 18 Feb 2019 20:23:25 -0700
Author: Kevin Nicol
Surge Tank Temp: 78
Surge Tank Press: 265
Surge Tank Level: 13
Pump Press: 510
Outlet Temp: 75
Stack Temp: 130
Flame Condition: Orange
Shift: Night
Month: Feb
Day: 13
Year: 2019
Attachment: 
Encoding: HTML
========================================

