$@MID@$: 689
Date: Wed, 13 Feb 2019 07:45:12 -0700
Author: Bryan Noble
Surge Tank Temp: 72
Surge Tank Press: 216
Surge Tank Level: 12
Pump Press: 485
Outlet Temp: 69
Stack Temp: 139
Flame Condition: Orange
Shift: Day
Month: Feb
Day: 13
Year: 2019
Attachment: 
Encoding: HTML
========================================

$@MID@$: 690
Date: Wed, 13 Feb 2019 21:06:57 -0700
Author: Kevin Nicol
Surge Tank Temp: 78
Surge Tank Press: 260
Surge Tank Level: 13
Pump Press: 510
Outlet Temp: 74
Stack Temp: 140
Flame Condition: Orange
Shift: Night
Month: Feb
Day: 13
Year: 2019
Attachment: 
Encoding: HTML
========================================

