$@MID@$: 825
Date: Tue, 30 Apr 2019 01:29:22 -0600
Author: Ryan Gilgan
Surge Tank Temp: 81
Surge Tank Press: 275
Surge Tank Level: 14
Pump Press: 530
Outlet Temp: 78
Stack Temp: 120
Flame Condition: Orange
Shift: Night
Month: Apr
Day: 29
Year: 2019
Attachment: 
Encoding: HTML
========================================

$@MID@$: 826
Date: Tue, 30 Apr 2019 10:05:51 -0600
Author: Kyle Shute
Surge Tank Temp: 81
Surge Tank Press: 277
Surge Tank Level: 14
Pump Press: 540
Outlet Temp: 79
Stack Temp: 122
Flame Condition: Orange
Shift: Day
Month: Apr
Day: 30
Year: 2019
Attachment: 
Encoding: HTML
========================================

