$@MID@$: 804
Date: Sun, 14 Apr 2019 05:06:03 -0600
Author: Tye Mastre
Surge Tank Temp: 82
Surge Tank Press: 246
Surge Tank Level: 13
Pump Press: 505
Outlet Temp: 130
Stack Temp: 78
Flame Condition: Orange
Shift: Night
Month: Apr
Day: 13
Year: 2019
Attachment: 
Encoding: HTML
========================================

$@MID@$: 805
Date: Sun, 14 Apr 2019 15:55:13 -0600
Author: Kyle Shute
Surge Tank Temp: 81
Surge Tank Press: 244
Surge Tank Level: 13
Pump Press: 505
Outlet Temp: 78
Stack Temp: 130
Flame Condition: Orange
Shift: Day
Month: Apr
Day: 14
Year: 2019
Attachment: 
Encoding: HTML
========================================

