$@MID@$: 850
Date: Wed, 09 Oct 2019 05:08:47 -0600
Author: Ryan Gilgan
Surge Tank Temp: 45
Surge Tank Press: 275
Surge Tank Level: 2
Pump Press: 525
Outlet Temp: 70
Stack Temp: 110
Flame Condition: Orange
Shift: Night
Month: Sep
Day: 8
Year: 2019
Attachment: 
Encoding: HTML
========================================

$@MID@$: 851
Date: Wed, 09 Oct 2019 07:38:07 -0600
Author: Romeo Tobias
Surge Tank Temp: 46
Surge Tank Press: 274
Surge Tank Level: 2
Pump Press: 525
Outlet Temp: 70
Stack Temp: 106
Flame Condition: Orange
Shift: Day
Month: Oct
Day: 9
Year: 2019
Attachment: 
Encoding: HTML
========================================

