$@MID@$: 858
Date: Mon, 14 Oct 2019 05:05:45 -0600
Author: Ryan Gilgan
Surge Tank Temp: 50
Surge Tank Press: 230
Surge Tank Level: 5
Pump Press: 505
Outlet Temp: 70
Stack Temp: 100
Flame Condition: Orange
Shift: Night
Month: Oct
Day: 13
Year: 2019
Attachment: 
Encoding: HTML
========================================

$@MID@$: 859
Date: Mon, 14 Oct 2019 09:51:21 -0600
Author: Romeo Tobias
Surge Tank Temp: 51
Surge Tank Press: 249
Surge Tank Level: 5
Pump Press: 510
Outlet Temp: 70
Stack Temp: 99
Flame Condition: Orange
Shift: Day
Month: Oct
Day: 14
Year: 2019
Attachment: 
Encoding: HTML
========================================

