$@MID@$: 932
Date: Thu, 21 Nov 2019 05:02:25 -0700
Author: Ryan Gilgan
Surge Tank Temp: 50
Surge Tank Press: 300
Surge Tank Level: 4
Pump Press: 535
Outlet Temp: 70
Stack Temp: 105
Flame Condition: Orange
Shift: Night
Month: Nov
Day: 20
Year: 2019
Attachment: 
Encoding: HTML
========================================

$@MID@$: 933
Date: Thu, 21 Nov 2019 07:37:38 -0700
Author: Romeo Tobias
Surge Tank Temp: 51
Surge Tank Press: 289
Surge Tank Level: 4
Pump Press: 540
Outlet Temp: 70
Stack Temp: 123
Flame Condition: Orange
Shift: Day
Month: Nov
Day: 21
Year: 2019
Attachment: 
Encoding: HTML
========================================

