$@MID@$: 923
Date: Sat, 16 Nov 2019 05:05:21 -0700
Author: Ryan Bangle
Surge Tank Temp: 50
Surge Tank Press: 301
Surge Tank Level: 4
Pump Press: 560
Outlet Temp: 70
Stack Temp: 118
Flame Condition: Orange
Shift: Night
Month: Nov
Day: 15
Year: 2019
Attachment: 
Encoding: HTML
========================================

$@MID@$: 924
Date: Sat, 16 Nov 2019 12:07:27 -0700
Author: ryan blair
Surge Tank Temp: 51
Surge Tank Press: 310
Surge Tank Level: 4
Pump Press: 560
Outlet Temp: 70.4
Stack Temp: 114.9
Flame Condition: Orange
Shift: Day
Month: Nov
Day: 16
Year: 2019
Attachment: 
Encoding: HTML
========================================

