$@MID@$: 940
Date: Mon, 25 Nov 2019 05:05:19 -0700
Author: Ryan Gilgan
Surge Tank Temp: 52
Surge Tank Press: 290
Surge Tank Level: 4
Pump Press: 525
Outlet Temp: 70
Stack Temp: 108
Flame Condition: Orange
Shift: Night
Month: Nov
Day: 24
Year: 2019
Attachment: 
Encoding: HTML
========================================

$@MID@$: 941
Date: Mon, 25 Nov 2019 07:49:42 -0700
Author: Kyle Shute
Surge Tank Temp: 52
Surge Tank Press: 276
Surge Tank Level: 4
Pump Press: 540
Outlet Temp: 69
Stack Temp: 110
Flame Condition: Orange
Shift: Day
Month: Nov
Day: 25
Year: 2019
Attachment: 
Encoding: HTML
========================================

