$@MID@$: 1005
Date: Sat, 28 Dec 2019 05:10:10 -0700
Author: Ryan Bangle
Surge Tank Temp: 50
Surge Tank Press: 246
Surge Tank Level: 4
Pump Press: 500
Outlet Temp: 64
Stack Temp: 109
Flame Condition: Orange
Shift: Night
Month: Dec
Day: 27
Year: 2019
Attachment: 
Encoding: HTML
========================================

$@MID@$: 1006
Date: Sat, 28 Dec 2019 13:06:44 -0700
Author: ryan blair
Surge Tank Temp: 58
Surge Tank Press: 255
Surge Tank Level: 4
Pump Press: 505
Outlet Temp: 62
Stack Temp: 121
Flame Condition: Orange
Shift: Day
Month: Dec
Day: 28
Year: 2019
Attachment: 
Encoding: HTML
========================================

