$@MID@$: 997
Date: Tue, 24 Dec 2019 04:58:05 -0700
Author: Dayton Mohr
Surge Tank Temp: 56
Surge Tank Press: 255
Surge Tank Level: 5
Pump Press: 490
Outlet Temp: 75
Stack Temp: 131
Flame Condition: Orange
Shift: Night
Month: Dec
Day: 23
Year: 2019
Attachment: 
Encoding: HTML
========================================

$@MID@$: 998
Date: Tue, 24 Dec 2019 10:13:14 -0700
Author: dallas lawrence
Surge Tank Temp: 48
Surge Tank Press: 218
Surge Tank Level: 4
Pump Press: 480
Outlet Temp: 69
Stack Temp: 127
Flame Condition: Orange
Shift: Day
Month: Dec
Day: 24
Year: 2019
Attachment: 
Encoding: HTML
========================================

