$@MID@$: 983
Date: Tue, 17 Dec 2019 01:04:59 -0700
Author: Blaine Harris
Surge Tank Temp: 58
Surge Tank Press: 265
Surge Tank Level: 5
Pump Press: 505
Outlet Temp: 79
Stack Temp: 134
Flame Condition: Orange
Shift: Night
Month: Dec
Day: 16
Year: 2019
Attachment: 
Encoding: HTML
========================================

$@MID@$: 984
Date: Tue, 17 Dec 2019 10:21:25 -0700
Author: Romeo Tobias
Surge Tank Temp: 61
Surge Tank Press: 258
Surge Tank Level: 5
Pump Press: 505
Outlet Temp: 80
Stack Temp: 135
Flame Condition: Orange
Shift: Day
Month: Dec
Day: 17
Year: 2019
Attachment: 
Encoding: HTML
========================================

