$@MID@$: 964
Date: Sat, 07 Dec 2019 16:02:28 -0700
Author: Ryan Gilgan
Surge Tank Temp: 58
Surge Tank Press: 241
Surge Tank Level: 5
Pump Press: 490
Outlet Temp: 79
Stack Temp: 133
Flame Condition: Orange
Shift: Day
Month: Dec
Day: 7
Year: 2019
Attachment: 
Encoding: HTML
========================================

$@MID@$: 965
Date: Sat, 07 Dec 2019 19:47:15 -0700
Author: Kevin Nicol
Surge Tank Temp: 54
Surge Tank Press: 245
Surge Tank Level: 5
Pump Press: 490
Outlet Temp: 75
Stack Temp: 130
Flame Condition: Orange
Shift: Night
Month: Dec
Day: 7
Year: 2019
Attachment: 
Encoding: HTML
========================================

