$@MID@$: 953
Date: Mon, 02 Dec 2019 05:23:33 -0700
Author: Tye Mastre
Surge Tank Temp: 48
Surge Tank Press: 360
Surge Tank Level: 4
Pump Press: 615
Outlet Temp: 66
Stack Temp: 117
Flame Condition: Orange
Shift: Night
Month: Dec
Day: 1
Year: 2019
Attachment: 
Encoding: HTML
========================================

$@MID@$: 954
Date: Mon, 02 Dec 2019 12:24:51 -0700
Author: ryan blair
Surge Tank Temp: 47
Surge Tank Press: 364
Surge Tank Level: 4
Pump Press: 610
Outlet Temp: 66.6
Stack Temp: 118
Flame Condition: Orange
Shift: Day
Month: Dec
Day: 2
Year: 2019
Attachment: 
Encoding: HTML
========================================

$@MID@$: 955
Date: Mon, 02 Dec 2019 21:18:55 -0700
Author: Tye Mastre
Surge Tank Temp: 55
Surge Tank Press: 307
Surge Tank Level: 5
Pump Press: 550
Outlet Temp: 73
Stack Temp: 123
Flame Condition: Orange
Shift: Night
Month: Dec
Day: 2
Year: 2019
Attachment: 
Encoding: HTML
========================================

