$@MID@$: 977
Date: Sat, 14 Dec 2019 04:40:48 -0700
Author: Blaine Harris
Surge Tank Temp: 53
Surge Tank Press: 255
Surge Tank Level: 5
Pump Press: 500
Outlet Temp: 74
Stack Temp: 131
Flame Condition: Orange
Shift: Night
Month: Dec
Day: 13
Year: 2019
Attachment: 
Encoding: HTML
========================================

$@MID@$: 978
Date: Sat, 14 Dec 2019 11:54:27 -0700
Author: ryan blair
Surge Tank Temp: 56
Surge Tank Press: 257
Surge Tank Level: 4
Pump Press: 505
Outlet Temp: 75
Stack Temp: 131
Flame Condition: Orange
Shift: Day
Month: Dec
Day: 14
Year: 2019
Attachment: 
Encoding: HTML
========================================

