$@MID@$: 981
Date: Mon, 16 Dec 2019 04:51:43 -0700
Author: Blaine Harris
Surge Tank Temp: 55
Surge Tank Press: 255
Surge Tank Level: 5
Pump Press: 495
Outlet Temp: 75
Stack Temp: 132
Flame Condition: Orange
Shift: Night
Month: Dec
Day: 15
Year: 2019
Attachment: 
Encoding: HTML
========================================

$@MID@$: 982
Date: Mon, 16 Dec 2019 09:41:51 -0700
Author: ryan blair
Surge Tank Temp: 53
Surge Tank Press: 260
Surge Tank Level: 4
Pump Press: 505
Outlet Temp: 72
Stack Temp: 129
Flame Condition: Orange
Shift: Day
Month: Dec
Day: 16
Year: 2019
Attachment: 
Encoding: HTML
========================================

