$@MID@$: 1947
Date: Sat, 19 Feb 2022 11:39:01 -0700
Author: Pat Brown
Inlet: 439.09
Sales: 381.96
LPG: 99.23
Oil: 216.09
Production Month: Feb
Production Day: 18
Production Year: 2022
Attachment: 
Encoding: HTML
========================================

$@MID@$: 1948
Date: Sat, 19 Feb 2022 11:46:19 -0700
Author: Pat Brown
Inlet: 439.08
Sales: 381.98
LPG: 99.23
Oil: 112.85
Production Month: Feb
Production Day: 18
Production Year: 2022
Attachment: 
Encoding: HTML
========================================

