$@MID@$: 2229
Date: Tue, 29 Nov 2022 06:41:38 -0700
Author: Brad Towers
Inlet: 431.98
Sales: 371.74
LPG: 113.14
Oil: 118.41
Production Month: Nov
Production Day: 27
Production Year: 2022
Attachment: 
Encoding: HTML
========================================
<p>Forgot to E-log Nov 28/22</p>
$@MID@$: 2230
Date: Tue, 29 Nov 2022 10:05:20 -0700
Author: Brad Towers
Inlet: 403.58
Sales: 345.92
LPG: 106.51
Oil: 115.79
Production Month: Nov
Production Day: 28
Production Year: 2022
Attachment: 
Encoding: HTML
========================================

