$@MID@$: 91
Date: Fri, 29 Sep 2017 17:15:30 -0600
Author: Nigel Renschler
Flow: 234
Inlet Temp: 199
Outlet Temp: 218
Pump Press: 660
Surge Tank Press: 345
Surge Tank Level: 2
Fuel Gas Press: 930
Stack Temp: 234
Flame Condition: Blue / Orange
Shift: Day
Month: Sep
Day: 29
Year: 2017
Attachment: 
Encoding: HTML
========================================

$@MID@$: 92
Date: Fri, 29 Sep 2017 19:38:57 -0600
Author: Kevin Nicol
Flow: 235
Inlet Temp: 199
Outlet Temp: 217
Pump Press: 660
Surge Tank Press: 345
Surge Tank Level: 2
Fuel Gas Press: 920
Stack Temp: 243
Flame Condition: Blue
Shift: Night
Month: Sep
Day: 29
Year: 2017
Attachment: 
Encoding: HTML
========================================

