$@MID@$: 73
Date: Wed, 20 Sep 2017 16:21:58 -0600
Author: Ryan Bangle
Flow: 234
Inlet Temp: 199
Outlet Temp: 218
Pump Press: 660
Surge Tank Press: 350
Surge Tank Level: 2
Fuel Gas Press: 950
Stack Temp: 234
Flame Condition: Blue
Shift: Day
Month: Sep
Day: 20
Year: 2017
Attachment: 
Encoding: HTML
========================================

$@MID@$: 74
Date: Wed, 20 Sep 2017 19:58:04 -0600
Author: Gary Wright
Flow: 233
Inlet Temp: 198
Outlet Temp: 218
Pump Press: 660
Surge Tank Press: 346
Surge Tank Level: 2
Fuel Gas Press: 960
Stack Temp: 233
Flame Condition: Blue
Shift: Night
Month: Sep
Day: 20
Year: 2017
Attachment: 
Encoding: HTML
========================================

