$@MID@$: 86
Date: Wed, 27 Sep 2017 05:05:34 -0600
Author: Ryan Bangle
Flow: 234
Inlet Temp: 199
Outlet Temp: 217
Pump Press: 660
Surge Tank Press: 345
Surge Tank Level: 2
Fuel Gas Press: 940
Stack Temp: 241
Flame Condition: Blue
Shift: Night
Month: Sep
Day: 26
Year: 2017
Attachment: 
Encoding: HTML
========================================

$@MID@$: 87
Date: Wed, 27 Sep 2017 11:52:48 -0600
Author: Ryan Gilgan
Flow: 235
Inlet Temp: 198
Outlet Temp: 217
Pump Press: 670
Surge Tank Press: 345
Surge Tank Level: 2
Fuel Gas Press: 940
Stack Temp: 241
Flame Condition: Blue
Shift: Day
Month: Sep
Day: 27
Year: 2017
Attachment: 
Encoding: HTML
========================================

$@MID@$: 88
Date: Wed, 27 Sep 2017 11:52:53 -0600
Author: Ryan Gilgan
Flow: 235
Inlet Temp: 198
Outlet Temp: 217
Pump Press: 670
Surge Tank Press: 345
Surge Tank Level: 2
Fuel Gas Press: 940
Stack Temp: 241
Flame Condition: Blue
Shift: Day
Month: Sep
Day: 27
Year: 2017
Attachment: 
Encoding: HTML
========================================

$@MID@$: 89
Date: Wed, 27 Sep 2017 20:19:22 -0600
Author: Kevin Nicol
Flow: 236
Inlet Temp: 200
Outlet Temp: 219
Pump Press: 660
Surge Tank Press: 345
Surge Tank Level: 2
Fuel Gas Press: 940
Stack Temp: 241
Flame Condition: Blue
Shift: Night
Month: Sep
Day: 27
Year: 2017
Attachment: 
Encoding: HTML
========================================

