$@MID@$: 46
Date: Thu, 07 Sep 2017 05:16:57 -0600
Author: Ryan Bangle
Flow: 233
Inlet Temp: 200
Outlet Temp: 216
Pump Press: 670
Surge Tank Press: 350
Surge Tank Level: 2
Fuel Gas Press: 950
Stack Temp: 237
Flame Condition: Blue
Shift: Night
Month: Sep
Day: 6
Year: 2017
Attachment: 
Encoding: HTML
========================================

$@MID@$: 47
Date: Thu, 07 Sep 2017 16:41:47 -0600
Author: Justin Ewing
Flow: 233
Inlet Temp: 202
Outlet Temp: 218
Pump Press: 680
Surge Tank Press: 350
Surge Tank Level: 2
Fuel Gas Press: 950
Stack Temp: 237
Flame Condition: Blue / Orange
Shift: Day
Month: Sep
Day: 7
Year: 2017
Attachment: 
Encoding: HTML
========================================

