$@MID@$: 64
Date: Fri, 15 Sep 2017 05:11:30 -0600
Author: Ryan Gilgan
Flow: 234
Inlet Temp: 199
Outlet Temp: 218
Pump Press: 670
Surge Tank Press: 345
Surge Tank Level: 3
Fuel Gas Press: 960
Stack Temp: 236
Flame Condition: Blue / Orange
Shift: Night
Month: Sep
Day: 14
Year: 2017
Attachment: 
Encoding: HTML
========================================

$@MID@$: 65
Date: Fri, 15 Sep 2017 14:45:53 -0600
Author: Dayton Mohr
Flow: 231
Inlet Temp: 202
Outlet Temp: 217
Pump Press: 660
Surge Tank Press: 350
Surge Tank Level: 3
Fuel Gas Press: 960
Stack Temp: 235
Flame Condition: Blue / Orange
Shift: Day
Month: Aug
Day: 15
Year: 2017
Attachment: 
Encoding: HTML
========================================

