$@MID@$: 130
Date: Thu, 19 Oct 2017 01:02:50 -0600
Author: Ryan Bangle
Flow: 238
Inlet Temp: 199
Outlet Temp: 217
Pump Press: 650
Surge Tank Press: 345
Surge Tank Level: 2
Fuel Gas Press: 950
Stack Temp: 243
Flame Condition: Blue
Shift: Night
Month: Oct
Day: 18
Year: 2017
Attachment: 
Encoding: HTML
========================================

$@MID@$: 131
Date: Thu, 19 Oct 2017 16:18:38 -0600
Author: Blaine Harris
Flow: 237
Inlet Temp: 199
Outlet Temp: 217
Pump Press: 670
Surge Tank Press: 345
Surge Tank Level: 2
Fuel Gas Press: 930
Stack Temp: 242
Flame Condition: Blue
Shift: Day
Month: Oct
Day: 19
Year: 2017
Attachment: 
Encoding: HTML
========================================

$@MID@$: 132
Date: Thu, 19 Oct 2017 22:29:49 -0600
Author: Ryan Bangle
Flow: 239
Inlet Temp: 197
Outlet Temp: 217
Pump Press: 650
Surge Tank Press: 345
Surge Tank Level: 2
Fuel Gas Press: 940
Stack Temp: 244
Flame Condition: Blue
Shift: Night
Month: Oct
Day: 19
Year: 2017
Attachment: 
Encoding: HTML
========================================

