$@MID@$: 209
Date: Tue, 28 Nov 2017 05:22:05 -0700
Author: Dayton Mohr
Flow: 240
Inlet Temp: 197
Outlet Temp: 217
Pump Press: 660
Surge Tank Press: 350
Surge Tank Level: 2
Fuel Gas Press: 920
Stack Temp: 245
Flame Condition: Blue
Shift: Night
Month: Nov
Day: 28
Year: 2017
Attachment: 
Encoding: HTML
========================================

$@MID@$: 210
Date: Tue, 28 Nov 2017 07:45:27 -0700
Author: Nigel Renschler
Flow: 242
Inlet Temp: 198
Outlet Temp: 219
Pump Press: 660
Surge Tank Press: 350
Surge Tank Level: 2
Fuel Gas Press: 920
Stack Temp: 245
Flame Condition: Blue
Shift: Day
Month: Nov
Day: 28
Year: 2017
Attachment: 
Encoding: HTML
========================================

$@MID@$: 211
Date: Tue, 28 Nov 2017 23:17:33 -0700
Author: Ryan Bangle
Flow: 241
Inlet Temp: 198
Outlet Temp: 217
Pump Press: 660
Surge Tank Press: 350
Surge Tank Level: 2
Fuel Gas Press: 930
Stack Temp: 246
Flame Condition: Blue
Shift: Night
Month: Nov
Day: 28
Year: 2017
Attachment: 
Encoding: HTML
========================================

