$@MID@$: 207
Date: Mon, 27 Nov 2017 05:08:33 -0700
Author: Dayton Mohr
Flow: 239
Inlet Temp: 196
Outlet Temp: 218
Pump Press: 660
Surge Tank Press: 350
Surge Tank Level: 2
Fuel Gas Press: 920
Stack Temp: 245
Flame Condition: Blue
Shift: Day
Month: Nov
Day: 26
Year: 2017
Attachment: 
Encoding: HTML
========================================

$@MID@$: 208
Date: Mon, 27 Nov 2017 07:36:06 -0700
Author: Nigel Renschler
Flow: 240
Inlet Temp: 198
Outlet Temp: 219
Pump Press: 660
Surge Tank Press: 350
Surge Tank Level: 2
Fuel Gas Press: 920
Stack Temp: 244
Flame Condition: Blue
Shift: Day
Month: Nov
Day: 27
Year: 2017
Attachment: 
Encoding: HTML
========================================

