$@MID@$: 194
Date: Mon, 20 Nov 2017 00:12:20 -0700
Author: Blaine Harris
Flow: 237
Inlet Temp: 198
Outlet Temp: 218
Pump Press: 670
Surge Tank Press: 350
Surge Tank Level: 2
Fuel Gas Press: 920
Stack Temp: 242
Flame Condition: Blue
Shift: Night
Month: Nov
Day: 19
Year: 2017
Attachment: 
Encoding: HTML
========================================

$@MID@$: 195
Date: Mon, 20 Nov 2017 08:41:17 -0700
Author: Gary Wright
Flow: 236
Inlet Temp: 198
Outlet Temp: 218
Pump Press: 670
Surge Tank Press: 350
Surge Tank Level: 2
Fuel Gas Press: 940
Stack Temp: 240
Flame Condition: Blue
Shift: Day
Month: Nov
Day: 20
Year: 2017
Attachment: 
Encoding: HTML
========================================

$@MID@$: 196
Date: Mon, 20 Nov 2017 23:05:34 -0700
Author: Blaine Harris
Flow: 235
Inlet Temp: 199
Outlet Temp: 218
Pump Press: 680
Surge Tank Press: 350
Surge Tank Level: 2
Fuel Gas Press: 920
Stack Temp: 237
Flame Condition: Blue
Shift: Night
Month: Nov
Day: 20
Year: 2017
Attachment: 
Encoding: HTML
========================================

