$@MID@$: 179
Date: Sun, 12 Nov 2017 09:20:16 -0700
Author: Nigel Renschler
Flow: 240
Inlet Temp: 199
Outlet Temp: 218
Pump Press: 660
Surge Tank Press: 350
Surge Tank Level: 2
Fuel Gas Press: 940
Stack Temp: 240
Flame Condition: Blue
Shift: Day
Month: Nov
Day: 12
Year: 2017
Attachment: 
Encoding: HTML
========================================

$@MID@$: 180
Date: Sun, 12 Nov 2017 20:49:13 -0700
Author: Kevin Nicol
Flow: 239
Inlet Temp: 199
Outlet Temp: 218
Pump Press: 670
Surge Tank Press: 350
Surge Tank Level: 2
Fuel Gas Press: 940
Stack Temp: 240
Flame Condition: Blue
Shift: Night
Month: Nov
Day: 12
Year: 2017
Attachment: 
Encoding: HTML
========================================

