$@MID@$: 188
Date: Fri, 17 Nov 2017 00:31:34 -0700
Author: Blaine Harris
Flow: 239
Inlet Temp: 197
Outlet Temp: 218
Pump Press: 670
Surge Tank Press: 350
Surge Tank Level: 2
Fuel Gas Press: 900
Stack Temp: 247
Flame Condition: Blue
Shift: Night
Month: Nov
Day: 16
Year: 2017
Attachment: 
Encoding: HTML
========================================

$@MID@$: 189
Date: Fri, 17 Nov 2017 09:20:54 -0700
Author: Gary Wright
Flow: 239
Inlet Temp: 197
Outlet Temp: 218
Pump Press: 670
Surge Tank Press: 350
Surge Tank Level: 2
Fuel Gas Press: 920
Stack Temp: 247
Flame Condition: Blue
Shift: Day
Month: Nov
Day: 17
Year: 2017
Attachment: 
Encoding: HTML
========================================

$@MID@$: 190
Date: Fri, 17 Nov 2017 23:19:37 -0700
Author: Blaine Harris
Flow: 239
Inlet Temp: 198
Outlet Temp: 218
Pump Press: 670
Surge Tank Press: 350
Surge Tank Level: 2
Fuel Gas Press: 920
Stack Temp: 244
Flame Condition: Blue
Shift: Night
Month: Nov
Day: 17
Year: 2017
Attachment: 
Encoding: HTML
========================================

