$@MID@$: 258
Date: Sat, 23 Dec 2017 17:09:31 -0700
Author: Ryan Gilgan
Flow: 240
Inlet Temp: 197
Outlet Temp: 217
Pump Press: 670
Surge Tank Press: 352
Surge Tank Level: 2
Fuel Gas Press: 960
Stack Temp: 240
Flame Condition: Blue
Shift: Day
Month: Dec
Day: 23
Year: 2017
Attachment: 
Encoding: HTML
========================================

$@MID@$: 259
Date: Sat, 23 Dec 2017 20:48:55 -0700
Author: Kevin Nicol
Flow: 235
Inlet Temp: 198
Outlet Temp: 219
Pump Press: 660
Surge Tank Press: 350
Surge Tank Level: 2
Fuel Gas Press: 960
Stack Temp: 243
Flame Condition: Blue
Shift: Night
Month: Dec
Day: 23
Year: 2017
Attachment: 
Encoding: HTML
========================================

