$@MID@$: 227
Date: Fri, 08 Dec 2017 05:05:37 -0700
Author: Ryan Gilgan
Flow: 239
Inlet Temp: 198
Outlet Temp: 217
Pump Press: 660
Surge Tank Press: 350
Surge Tank Level: 2
Fuel Gas Press: 940
Stack Temp: 243
Flame Condition: Blue
Shift: Night
Month: Dec
Day: 7
Year: 2017
Attachment: 
Encoding: HTML
========================================

$@MID@$: 228
Date: Fri, 08 Dec 2017 16:56:59 -0700
Author: Dayton Mohr
Flow: 240
Inlet Temp: 199
Outlet Temp: 218
Pump Press: 660
Surge Tank Press: 350
Surge Tank Level: 2
Fuel Gas Press: 920
Stack Temp: 243
Flame Condition: Blue
Shift: Day
Month: Dec
Day: 8
Year: 2017
Attachment: 
Encoding: HTML
========================================

