$@MID@$: 5670
Date: Mon, 01 Jan 2024 04:50:23 -0700
Author: Ryan Gilgan
Shift: Night Shift
Operators: Ryan G | Kyle S
Shift Handover Meeting: Kevin N | Travis B
Start of Shift Meeting: 
Plant Status: Steady
Equipment Outage: 
Filter Change: 
Pigging: 
Recycle Pumps: Production
Production Tank Level: 3.42
LPG Bullet Peak Level: 237
LPG Bullet Peak Pressure: 287
Berm Water Samples Taken: No
Plant Process Discussion: Yes
Operational Targets: N/A
Overrides or Safeties Bypassed: N/A
Upcoming Activities: N/A
HSE Concerns: N/A
Regulatory Requirements: N/A
Staff Discussion: N/A
Weather & Effects on Operations: No
Permit Extensions/Critical Tasks: N/A
Attachment: 
Encoding: HTML
========================================
<p>Weather: 2 degrees at the start of the shift cooling to -6 in the morning</p>

<p>No security issues noted at Braz</p>

<p>Changed out compressor log sheets</p>

<p>C3 2 speed fan on slow</p>

<p>&nbsp;</p>
$@MID@$: 5671
Date: Mon, 01 Jan 2024 16:23:13 -0700
Author: Kevin Nicol
Shift: Day Shift
Operators: Kevin N | Travis B
Shift Handover Meeting: Ryan G | Kyle S
Start of Shift Meeting: 
Plant Status: Steady
Equipment Outage: 
Filter Change: 
Pigging: 
Recycle Pumps: Production
Production Tank Level: 3.54
LPG Bullet Peak Level: 255
LPG Bullet Peak Pressure: 311
Berm Water Samples Taken: No
Plant Process Discussion: Yes
Operational Targets: N/A
Overrides or Safeties Bypassed: N/A
Upcoming Activities: N/A
HSE Concerns: N/A
Regulatory Requirements: N/A
Staff Discussion: N/A
Weather & Effects on Operations: Yes
Permit Extensions/Critical Tasks: N/A
Attachment: 
Encoding: HTML
========================================
<p>Prooduction tank 3.54, checked</p>

<p>month end domestic H2O reading 2772.4</p>

<p>added C3 south tank 85% north tank 40%</p>

<p>new 2024 daily log S;braz and PN/Pn/daily comp entrees/2024</p>

<p>filed 2023 logs and pemits</p>

<p>made up new PM binder</p>

<p>cleaned up absorbents</p>

<p>7-11 low flow due to Trans Canada pressure being higher, Byran increased the back press on PIC-7112</p>

<p>need to order drinking H2O this week</p>

<p>&nbsp;</p>
