$@MID@$: 5729
Date: Tue, 30 Jan 2024 05:18:40 -0700
Author: Ryan Gilgan
Shift: Night Shift
Operators: Ryan G
Shift Handover Meeting: Blaine H | Brad T
Start of Shift Meeting: 
Plant Status: Steady
Equipment Outage: 
Filter Change: 
Pigging: 
Recycle Pumps: Production
Production Tank Level: 3.22
LPG Bullet Peak Level: 178
LPG Bullet Peak Pressure: 333
Berm Water Samples Taken: No
Plant Process Discussion: Yes
Operational Targets: N/A
Overrides or Safeties Bypassed: N/A
Upcoming Activities: N/A
HSE Concerns: N/A
Regulatory Requirements: N/A
Staff Discussion: N/A
Weather & Effects on Operations: No
Permit Extensions/Critical Tasks: N/A
Attachment: 
Encoding: HTML
========================================
<p>Weather: steady around 4 degrees</p>

<p>No security issues noted for Braz North</p>

<p>C3 2 speed fan off, single speed fan on</p>

<p>Nightshift truck inspection completed.</p>

<p>&nbsp;</p>
$@MID@$: 5730
Date: Tue, 30 Jan 2024 13:30:13 -0700
Author: Blaine Harris
Shift: Day Shift
Operators: Blaine H | Brad T
Shift Handover Meeting: Ryan G | Kyle S
Start of Shift Meeting: 
Plant Status: Steady
Equipment Outage: 
Filter Change: 
Pigging: 05-14
Recycle Pumps: Production
Production Tank Level: 3.09
LPG Bullet Peak Level: 152
LPG Bullet Peak Pressure: 327
Berm Water Samples Taken: No
Plant Process Discussion: Yes
Operational Targets: N/A
Overrides or Safeties Bypassed: N/A
Upcoming Activities: N/A
HSE Concerns: N/A
Regulatory Requirements: N/A
Staff Discussion: N/A
Weather & Effects on Operations: No
Permit Extensions/Critical Tasks: N/A
Attachment: 
Encoding: HTML
========================================
<p>Weather sunny +8 for most of the day.</p>

<p>Confirmed the production tank height.</p>

<p>Lake Land out surveying for asbestos and scaffolding crew taking down scaffolding.</p>

<p>Added c3 to the surge tank.</p>

<p>Phil taking oil samples.</p>

<p>Surepoint worked on H2S calibrations. Bypass forms filled out and closed at 13:00 and logged in E-log.</p>

<p>Had some Envirosoft traing with Chris Cartwright.</p>

<p>Chris Platt worked on plant shut down pre planning.</p>

<p>Dumped the de-eth overheads scrubber and logged in FFVM</p>

<p>Craig pigged Wpne line.</p>

<p>Brad worked on summiting FFVM January events</p>

<p>&nbsp;</p>
$@MID@$: 5731
Date: Tue, 30 Jan 2024 23:23:13 -0700
Author: Pat Brown
Shift: Night Shift
Operators: Pat B
Shift Handover Meeting: Blaine H | Brad T
Start of Shift Meeting: 
Plant Status: 
Equipment Outage: 
Filter Change: 
Pigging: 
Recycle Pumps: Production | Overflow
Production Tank Level: 3.68
LPG Bullet Peak Level: 151
LPG Bullet Peak Pressure: 329
Berm Water Samples Taken: No
Plant Process Discussion: Yes
Operational Targets: Yes
Overrides or Safeties Bypassed: N/A
Upcoming Activities: Yes
HSE Concerns: Yes
Regulatory Requirements: Yes
Staff Discussion: Yes
Weather & Effects on Operations: No
Permit Extensions/Critical Tasks: N/A
Attachment: 
Encoding: HTML
========================================
<p>Weather was warm and clear lows of -2</p>

<p>No security issues with the braz north site</p>

<p>Tank level was 3.68m and confirmed with a temp gun</p>

<p>Drain the inlet coalescer both ends</p>

<p>&nbsp;</p>
