$@MID@$: 5772
Date: Tue, 20 Feb 2024 05:22:05 -0700
Author: Ryan Gilgan
Shift: Night Shift
Operators: Ryan G
Shift Handover Meeting: Kevin N | Brad T
Start of Shift Meeting: 
Plant Status: Lost Compressor(s)
Equipment Outage: K-202
Filter Change: 
Pigging: 
Recycle Pumps: Production
Production Tank Level: 3.55
LPG Bullet Peak Level: 126
LPG Bullet Peak Pressure: 279
Berm Water Samples Taken: No
Plant Process Discussion: Yes
Operational Targets: N/A
Overrides or Safeties Bypassed: N/A
Upcoming Activities: N/A
HSE Concerns: N/A
Regulatory Requirements: N/A
Staff Discussion: N/A
Weather & Effects on Operations: No
Permit Extensions/Critical Tasks: N/A
Attachment: 
Encoding: HTML
========================================
<p>Weather:&nbsp; 0 at the start of the shift cooling to -8 in the morning</p>

<p>No security issues noted for Braz North</p>

<p>MacElaney left at shift change.&nbsp; Back for half a day today.</p>

<p>C3 2speed fan on slow, shut off single speed fan.</p>

<p>Lost K-202 on low jacket water pressure. Didn&#39;t notice anything leaking.&nbsp; Restarted and put back online</p>

<p>Put in FFVM event in for K-202 restart.</p>
$@MID@$: 5773
Date: Tue, 20 Feb 2024 16:31:25 -0700
Author: Kevin Nicol
Shift: Day Shift
Operators: Kevin N | Brad T
Shift Handover Meeting: Ryan G
Start of Shift Meeting: 
Plant Status: Steady
Equipment Outage: 
Filter Change: 
Pigging: 
Recycle Pumps: Production
Production Tank Level: 3.51
LPG Bullet Peak Level: 189
LPG Bullet Peak Pressure: 297
Berm Water Samples Taken: No
Plant Process Discussion: Yes
Operational Targets: N/A
Overrides or Safeties Bypassed: N/A
Upcoming Activities: N/A
HSE Concerns: N/A
Regulatory Requirements: N/A
Staff Discussion: N/A
Weather & Effects on Operations: Yes
Permit Extensions/Critical Tasks: Yes
Attachment: 
Encoding: HTML
========================================
<p>K205 off line for service ( Surpoint) , K204 on sales, back to normal at 12:30</p>

<p>lowered back pressure on V-101 to send gas to K206</p>

<p>Production tank 3.51, checked</p>

<p>ESD at 6-19 losing hydraulic pressure and closing, SR # 6089193 submitted</p>

<p>Reset FQI-99, was not comunicating</p>

<p>drained k203 suction scrubber</p>

<p>Mark S piged the 1-21 line inside the plant</p>

<p>Kenney, Chad and Challager scoping out redirdt project</p>

<p>Baker on site to take H2O samples off the treater and the H2O plant</p>

<p>Mcllcheney surveying and line locating for the redirect, They are still at Braz at shuft change</p>

<p>&nbsp;</p>
