$@MID@$: 5750
Date: Fri, 09 Feb 2024 05:11:07 -0700
Author: Kevin Nicol
Shift: Night Shift
Operators: Kevin N | Bryan N
Shift Handover Meeting: Ryan G
Start of Shift Meeting: 
Plant Status: Steady
Equipment Outage: 
Filter Change: 
Pigging: 
Recycle Pumps: Production
Production Tank Level: 3.65
LPG Bullet Peak Level: 188
LPG Bullet Peak Pressure: 252
Berm Water Samples Taken: No
Plant Process Discussion: Yes
Operational Targets: N/A
Overrides or Safeties Bypassed: N/A
Upcoming Activities: N/A
HSE Concerns: N/A
Regulatory Requirements: N/A
Staff Discussion: N/A
Weather & Effects on Operations: Yes
Permit Extensions/Critical Tasks: N/A
Attachment: 
Encoding: HTML
========================================
<p>Production tank 3,65, checked</p>

<p>added Norkool to BC3</p>

<p>drained drip pails</p>
$@MID@$: 5751
Date: Fri, 09 Feb 2024 17:23:33 -0700
Author: Ryan Gilgan
Shift: Day Shift
Operators: Ryan G
Shift Handover Meeting: Kevin N
Start of Shift Meeting: 
Plant Status: Steady
Equipment Outage: 
Filter Change: 
Pigging: 
Recycle Pumps: Production
Production Tank Level: 3.31
LPG Bullet Peak Level: 141
LPG Bullet Peak Pressure: 229
Berm Water Samples Taken: No
Plant Process Discussion: Yes
Operational Targets: N/A
Overrides or Safeties Bypassed: N/A
Upcoming Activities: N/A
HSE Concerns: N/A
Regulatory Requirements: N/A
Staff Discussion: N/A
Weather & Effects on Operations: No
Permit Extensions/Critical Tasks: N/A
Attachment: 
Encoding: HTML
========================================
<p>Weather:&nbsp; -14 in the morning, warming to -5 in the afternoon</p>

<p>Morning meeting</p>

<p>Lakeland out taking down more scaffolding</p>

<p>Rob hauled Zeta water</p>

<p>Worked on CMDS</p>

<p>Comissioned the other LPG pump and is online.&nbsp; Phil out to check LPG pump for leaks.</p>

<p>Hi Flo out to prove keylink meter.</p>

<p>&nbsp;</p>
