$@MID@$: 5788
Date: Wed, 28 Feb 2024 04:50:17 -0700
Author: Pat Brown
Shift: Night Shift
Operators: Pat B
Shift Handover Meeting: Kevin N
Start of Shift Meeting: 
Plant Status: Steady
Equipment Outage: 
Filter Change: 
Pigging: 
Recycle Pumps: Production
Production Tank Level: 3.60
LPG Bullet Peak Level: 186.76
LPG Bullet Peak Pressure: 215
Berm Water Samples Taken: No
Plant Process Discussion: Yes
Operational Targets: Yes
Overrides or Safeties Bypassed: N/A
Upcoming Activities: Yes
HSE Concerns: Yes
Regulatory Requirements: Yes
Staff Discussion: Yes
Weather & Effects on Operations: No
Permit Extensions/Critical Tasks: N/A
Attachment: 
Encoding: HTML
========================================
<p>Weather was cold and clear lows of -22</p>

<p>No security issues with the braz north site</p>

<p>Tank level was 3.60m and confirmed with a temp gun</p>

<p>empty drip pails</p>

<p>The building heat in the air comp building was good last night , it was a warm as 28C after kevin adjusted the louvers</p>

<p>The front gate didn&#39;t want to close ,after pushing the botton a few times it seemed to get past the part the was holding the gate up.</p>
$@MID@$: 5789
Date: Wed, 28 Feb 2024 17:06:32 -0700
Author: Kevin Nicol
Shift: Day Shift
Operators: Kevin N | Brad T
Shift Handover Meeting: Pat B
Start of Shift Meeting: 
Plant Status: Steady
Equipment Outage: 
Filter Change: 
Pigging: 
Recycle Pumps: Production
Production Tank Level: 3.17
LPG Bullet Peak Level: 140
LPG Bullet Peak Pressure: 224
Berm Water Samples Taken: No
Plant Process Discussion: Yes
Operational Targets: N/A
Overrides or Safeties Bypassed: N/A
Upcoming Activities: N/A
HSE Concerns: N/A
Regulatory Requirements: N/A
Staff Discussion: N/A
Weather & Effects on Operations: Yes
Permit Extensions/Critical Tasks: N/A
Attachment: 
Encoding: HTML
========================================
<p>Production tank 3.17, checked</p>

<p>Pumped out the C3 packing drain tank</p>

<p>worked on fuel gas purge procedure</p>

<p>worked on bracing and support PM</p>

<p>attended DV path forword meeting</p>

<p>BV labs changed out sample</p>

<p>Baker checked chem rates</p>

<p>RCO graded roads</p>

<p>tightened the packing on PIC-3105 the debut ovhd cooler bypass valve</p>
