$@MID@$: 5766
Date: Sat, 17 Feb 2024 05:30:36 -0700
Author: Ryan Gilgan
Shift: Night Shift
Operators: Ryan G
Shift Handover Meeting: Pat B
Start of Shift Meeting: 
Plant Status: Steady
Equipment Outage: 
Filter Change: 
Pigging: 
Recycle Pumps: Production
Production Tank Level: 3.53
LPG Bullet Peak Level: 173
LPG Bullet Peak Pressure: 243
Berm Water Samples Taken: No
Plant Process Discussion: Yes
Operational Targets: N/A
Overrides or Safeties Bypassed: N/A
Upcoming Activities: N/A
HSE Concerns: N/A
Regulatory Requirements: N/A
Staff Discussion: N/A
Weather & Effects on Operations: No
Permit Extensions/Critical Tasks: N/A
Attachment: 
Encoding: HTML
========================================
<p>Weather:&nbsp; 0 at the start of the shift cooling to -7 in the morning</p>

<p>No security issues noted for Braz</p>

<p>Reset the water plant as the ESD was closed to the water tank.</p>
$@MID@$: 5767
Date: Sat, 17 Feb 2024 16:16:10 -0700
Author: Pat Brown
Shift: Day Shift
Operators: Pat B
Shift Handover Meeting: Ryan G
Start of Shift Meeting: 
Plant Status: Steady
Equipment Outage: 
Filter Change: 
Pigging: 
Recycle Pumps: Production
Production Tank Level: 3.27
LPG Bullet Peak Level: 167.34
LPG Bullet Peak Pressure: 293
Berm Water Samples Taken: No
Plant Process Discussion: Yes
Operational Targets: Yes
Overrides or Safeties Bypassed: N/A
Upcoming Activities: Yes
HSE Concerns: Yes
Regulatory Requirements: Yes
Staff Discussion: Yes
Weather & Effects on Operations: No
Permit Extensions/Critical Tasks: N/A
Attachment: 
Encoding: HTML
========================================
<p>Weather was cool in the morning,warming up to highs of 5</p>

<p>No security issues with the braz north site</p>

<p>Tank level was3.27m and confirmed with a temp gun</p>

<p>Opened some door in compression as the day warmed up</p>

<p>C3 fan single speed is on</p>

<p>Rob hauled in zeta creek water</p>

<p>Surveyors back today for the redirect work</p>
