$@MID@$: 5832
Date: Thu, 21 Mar 2024 05:22:04 -0600
Author: Ryan Gilgan
Shift: Night Shift
Operators: Ryan G
Shift Handover Meeting: Kevin N
Start of Shift Meeting: 
Plant Status: Steady
Equipment Outage: 
Filter Change: 
Pigging: 
Recycle Pumps: Production
Production Tank Level: 3.19
LPG Bullet Peak Level: 138
LPG Bullet Peak Pressure: 275
Berm Water Samples Taken: No
Plant Process Discussion: Yes
Operational Targets: N/A
Overrides or Safeties Bypassed: N/A
Upcoming Activities: N/A
HSE Concerns: N/A
Regulatory Requirements: N/A
Staff Discussion: N/A
Weather & Effects on Operations: No
Permit Extensions/Critical Tasks: N/A
Attachment: 
Encoding: HTML
========================================
<p>Weather: -2 at the start of shift cooling to -8 in the morning</p>

<p>Completed SSI and submitted to Jarrod for sales analyzer tape replacement</p>

<p>Replaced analyzer tape on sales</p>

<p>Emptied drip pails</p>

<p>&nbsp;</p>
$@MID@$: 5833
Date: Thu, 21 Mar 2024 17:04:23 -0600
Author: Kevin Nicol
Shift: Day Shift
Operators: Kevin N
Shift Handover Meeting: Ryan G
Start of Shift Meeting: 
Plant Status: Steady
Equipment Outage: 
Filter Change: 
Pigging: 
Recycle Pumps: Production
Production Tank Level: 3.91, checked
LPG Bullet Peak Level: 186
LPG Bullet Peak Pressure: 287
Berm Water Samples Taken: No
Plant Process Discussion: Yes
Operational Targets: N/A
Overrides or Safeties Bypassed: N/A
Upcoming Activities: N/A
HSE Concerns: N/A
Regulatory Requirements: N/A
Staff Discussion: N/A
Weather & Effects on Operations: Yes
Permit Extensions/Critical Tasks: N/A
Attachment: 
Encoding: HTML
========================================
<p>Production tank level 3.91, checked</p>

<p>Town hall meeting</p>

<p>Tecmation calibrated Keylink transmitters</p>

<p>4-31 ESD in travel, informed Craig</p>

<p>Nathan checked the transformer oil level</p>

<p>Pembina check their site</p>

<p>Phill cleared the vent line on K206 Kenco</p>

<p>&nbsp;</p>
