$@MID@$: 5830
Date: Wed, 20 Mar 2024 05:34:33 -0600
Author: Ryan Gilgan
Shift: Night Shift
Operators: Ryan G
Shift Handover Meeting: Kevin N | Brad T
Start of Shift Meeting: 
Plant Status: Steady
Equipment Outage: 
Filter Change: 
Pigging: 
Recycle Pumps: Production
Production Tank Level: 3.76
LPG Bullet Peak Level: 163
LPG Bullet Peak Pressure: 339
Berm Water Samples Taken: No
Plant Process Discussion: Yes
Operational Targets: N/A
Overrides or Safeties Bypassed: N/A
Upcoming Activities: N/A
HSE Concerns: N/A
Regulatory Requirements: N/A
Staff Discussion: N/A
Weather & Effects on Operations: No
Permit Extensions/Critical Tasks: N/A
Attachment: 
Encoding: HTML
========================================
<p>Weather: 2 degrees at the start of shift cooling to -6 in the morning, snow all night</p>

<p>LA here and had a discussion at the start of shift.</p>

<p>C3 2 speed fan on slow</p>

<p>Drained air recievers in air comp building</p>

<p>Closed big doors on compression building</p>

<p>Shoveled snow.</p>
$@MID@$: 5831
Date: Wed, 20 Mar 2024 17:28:58 -0600
Author: Kevin Nicol
Shift: Day Shift
Operators: Kevin N
Shift Handover Meeting: Ryan G
Start of Shift Meeting: 
Plant Status: Steady
Equipment Outage: 
Filter Change: 
Pigging: 
Recycle Pumps: Production
Production Tank Level: 3.49, checked
LPG Bullet Peak Level: 163
LPG Bullet Peak Pressure: 282
Berm Water Samples Taken: Yes
Plant Process Discussion: Yes
Operational Targets: N/A
Overrides or Safeties Bypassed: N/A
Upcoming Activities: N/A
HSE Concerns: N/A
Regulatory Requirements: N/A
Staff Discussion: N/A
Weather & Effects on Operations: Yes
Permit Extensions/Critical Tasks: N/A
Attachment: 
Encoding: HTML
========================================
<p>drained k203 scrubber</p>

<p>K206 engine oil is running high, SR# 6091147 submittted</p>

<p>shut off the blower by K202</p>

<p>Production and overflow volumes not updating on the books, phoned Murry</p>

<p>sampled ditches 1,4 and 5 and sent to Exova</p>

<p>11-11 high PPM, called Zeta</p>

<p>Safety meeting</p>

<p>shoveled snow</p>

<p>&nbsp;</p>
