$@MID@$: 5817
Date: Wed, 13 Mar 2024 17:00:47 -0600
Author: Pat Brown
Shift: Day Shift
Operators: Pat B | Brad T
Shift Handover Meeting: Blaine H
Start of Shift Meeting: 
Plant Status: Steady
Equipment Outage: 
Filter Change: 
Pigging: 
Recycle Pumps: Production
Production Tank Level: 3.15
LPG Bullet Peak Level: 106
LPG Bullet Peak Pressure: 290
Berm Water Samples Taken: No
Plant Process Discussion: Yes
Operational Targets: Yes
Overrides or Safeties Bypassed: N/A
Upcoming Activities: Yes
HSE Concerns: Yes
Regulatory Requirements: Yes
Staff Discussion: Yes
Weather & Effects on Operations: No
Permit Extensions/Critical Tasks: N/A
Attachment: 
Encoding: HTML
========================================
<p>Weather was warm and sunny highs 14c</p>

<p>No security issues with the braz north site.</p>

<p>Tank level was 3.15m and confirmed with a temp gun</p>

<p>Plowed some snow away from the gates by the water plant gate. we needed to move the 400 barrel tank from the storage to up by the flare knockout for fire season</p>

<p>Set tank up and pulled the man door off the side to be cleaned tomorrow</p>

<p>Walked through the facility with jarrod ,to make sure that the facility is presentable on monday</p>

<p>Core labs here today to take samples</p>

<p>Event review meeting today</p>

<p>&nbsp;ACR here moving the genie from zeta creek</p>

<p>Devin adjusted the louvers on K-202</p>

<p>&nbsp;</p>

<p>&nbsp;</p>
$@MID@$: 5818
Date: Wed, 13 Mar 2024 23:24:44 -0600
Author: Blaine Harris
Shift: Night Shift
Operators: Blaine H
Shift Handover Meeting: Pat B | Brad T
Start of Shift Meeting: 
Plant Status: Steady
Equipment Outage: 
Filter Change: 
Pigging: 
Recycle Pumps: Production
Production Tank Level: 3.61
LPG Bullet Peak Level: 116
LPG Bullet Peak Pressure: 340
Berm Water Samples Taken: No
Plant Process Discussion: Yes
Operational Targets: N/A
Overrides or Safeties Bypassed: N/A
Upcoming Activities: N/A
HSE Concerns: N/A
Regulatory Requirements: N/A
Staff Discussion: N/A
Weather & Effects on Operations: No
Permit Extensions/Critical Tasks: N/A
Attachment: 
Encoding: HTML
========================================
<p>Weather sunny +9 at the start of shift cooling down to -4</p>

<p>Completed the Cyber Security training</p>

<p>Confirmed the producion tank level</p>

<p>Dumped K-203 suction scrubber.</p>

<p>Worked on Cmds</p>

<p>Shut off the C3 single speed fan and started the 2 speed fan on slow.</p>
