$@MID@$: 5808
Date: Sat, 09 Mar 2024 05:04:16 -0700
Author: Kevin Nicol
Shift: Night Shift
Operators: Kevin N
Shift Handover Meeting: Ryan G
Start of Shift Meeting: 
Plant Status: Steady
Equipment Outage: 
Filter Change: 
Pigging: 
Recycle Pumps: Production
Production Tank Level: 3.98
LPG Bullet Peak Level: 166
LPG Bullet Peak Pressure: 315
Berm Water Samples Taken: No
Plant Process Discussion: Yes
Operational Targets: N/A
Overrides or Safeties Bypassed: N/A
Upcoming Activities: N/A
HSE Concerns: N/A
Regulatory Requirements: N/A
Staff Discussion: N/A
Weather & Effects on Operations: Yes
Permit Extensions/Critical Tasks: N/A
Attachment: 
Encoding: HTML
========================================
<p>Production tank 3.98, checked</p>

<p>K-202 down on low JW press/engine fail, restarted and sped up a bit</p>

<p>shut off heaters in K202/201 building</p>

<p>cooled down the air comp building</p>
$@MID@$: 5809
Date: Sat, 09 Mar 2024 17:25:44 -0700
Author: Ryan Gilgan
Shift: Day Shift
Operators: Ryan G
Shift Handover Meeting: Kevin N
Start of Shift Meeting: 
Plant Status: Steady
Equipment Outage: 
Filter Change: 
Pigging: 
Recycle Pumps: Production
Production Tank Level: 3.57
LPG Bullet Peak Level: 172
LPG Bullet Peak Pressure: 285
Berm Water Samples Taken: No
Plant Process Discussion: Yes
Operational Targets: N/A
Overrides or Safeties Bypassed: N/A
Upcoming Activities: N/A
HSE Concerns: N/A
Regulatory Requirements: N/A
Staff Discussion: N/A
Weather & Effects on Operations: No
Permit Extensions/Critical Tasks: N/A
Attachment: 
Encoding: HTML
========================================
<p>Weather: -4 in the morning warming to 12 degrees in the afternoon</p>

<p>Increased debute fan speed from 0 to 10%</p>

<p>Shut off C3 2 speed fan.&nbsp; Single speed fan on.</p>

<p>K202 rang in on JW temp for an hour or so early in the afternoon.</p>

<p>Started Weekly/monthly checks.</p>
