$@MID@$: 5822
Date: Sat, 16 Mar 2024 00:24:24 -0600
Author: Blaine Harris
Shift: Night Shift
Operators: Blaine H
Shift Handover Meeting: Pat B
Start of Shift Meeting: 
Plant Status: Steady
Equipment Outage: 
Filter Change: 
Pigging: 
Recycle Pumps: Production
Production Tank Level: 3.43
LPG Bullet Peak Level: 114
LPG Bullet Peak Pressure: 369
Berm Water Samples Taken: No
Plant Process Discussion: Yes
Operational Targets: N/A
Overrides or Safeties Bypassed: N/A
Upcoming Activities: N/A
HSE Concerns: N/A
Regulatory Requirements: N/A
Staff Discussion: N/A
Weather & Effects on Operations: No
Permit Extensions/Critical Tasks: N/A
Attachment: 
Encoding: HTML
========================================
<p>Weather +11 at the start of shift cooling down to -2</p>

<p>Confirmed the production tank height</p>

<p>Changed out both sales and process h2s analyzer tapes. Completed the safety bypass forms and completed the bypass log.</p>

<p>Did some plant clean up.</p>
$@MID@$: 5823
Date: Sat, 16 Mar 2024 16:02:24 -0600
Author: Pat Brown
Shift: Day Shift
Operators: Pat B
Shift Handover Meeting: Blaine H
Start of Shift Meeting: 
Plant Status: Steady
Equipment Outage: 
Filter Change: 
Pigging: 05-14
Recycle Pumps: Production
Production Tank Level: 3.68
LPG Bullet Peak Level: 171
LPG Bullet Peak Pressure: 372
Berm Water Samples Taken: No
Plant Process Discussion: Yes
Operational Targets: Yes
Overrides or Safeties Bypassed: N/A
Upcoming Activities: Yes
HSE Concerns: Yes
Regulatory Requirements: Yes
Staff Discussion: Yes
Weather & Effects on Operations: No
Permit Extensions/Critical Tasks: N/A
Attachment: 
Encoding: HTML
========================================
<p>Weather was warm and clear ,highs of 12</p>

<p>No security issues with the braz north site</p>

<p>Tank level was 3.68m and confirmed with a temp gun</p>

<p>Mark batched pig the WPNE line today</p>

<p>tidy up around the facility getting ready for the tour on monday</p>

<p>Add oil to the governor on K-203 and K-204</p>
$@MID@$: 5824
Date: Sat, 16 Mar 2024 21:36:47 -0600
Author: Blaine Harris
Shift: Night Shift
Operators: Blaine H | Jeff B
Shift Handover Meeting: Pat B
Start of Shift Meeting: 
Plant Status: Steady
Equipment Outage: 
Filter Change: 
Pigging: 
Recycle Pumps: Production
Production Tank Level: 3.89
LPG Bullet Peak Level: 168
LPG Bullet Peak Pressure: 375
Berm Water Samples Taken: No
Plant Process Discussion: Yes
Operational Targets: N/A
Overrides or Safeties Bypassed: N/A
Upcoming Activities: N/A
HSE Concerns: N/A
Regulatory Requirements: N/A
Staff Discussion: N/A
Weather & Effects on Operations: No
Permit Extensions/Critical Tasks: N/A
Attachment: 
Encoding: HTML
========================================
<p>Weather sunny +12 cooling down to</p>

<p>Recycle b pump down, restarted</p>

<p>Confirmed the production tank level</p>

<p>Dumped K-203 suction scrubber.</p>

<p>Swept out the warehouse</p>

<p>&nbsp;</p>
