$@MID@$: 5878
Date: Fri, 12 Apr 2024 16:19:37 -0600
Author: Pat Brown
Shift: Day Shift
Operators: Pat B
Shift Handover Meeting: Blaine H
Start of Shift Meeting: 
Plant Status: Steady
Equipment Outage: 
Filter Change: 
Pigging: 
Recycle Pumps: Production
Production Tank Level: 3.26
LPG Bullet Peak Level: 184
LPG Bullet Peak Pressure: 393
Berm Water Samples Taken: No
Plant Process Discussion: Yes
Operational Targets: Yes
Overrides or Safeties Bypassed: N/A
Upcoming Activities: Yes
HSE Concerns: Yes
Regulatory Requirements: Yes
Staff Discussion: Yes
Weather & Effects on Operations: No
Permit Extensions/Critical Tasks: N/A
Attachment: 
Encoding: HTML
========================================
<p>Weather was clear with some wind highs of 10</p>

<p>No security issues with the braz north site</p>

<p>Tank level was3.26m and confirmed with a temp gun</p>

<p>Surepoint Phil was here, he snugged up the bolts on the hot oil pump ,night shift if you can please keep a eye on this seal.</p>

<p>top up the governor&#39;s on K203 and K204</p>

<p>&nbsp;</p>

<p>&nbsp;</p>

<p>&nbsp;</p>
