$@MID@$: 5905
Date: Fri, 26 Apr 2024 04:28:18 -0600
Author: Pat Brown
Shift: Night Shift
Operators: Pat B
Shift Handover Meeting: Blaine H
Start of Shift Meeting: 
Plant Status: Steady
Equipment Outage: 
Filter Change: 
Pigging: 
Recycle Pumps: Production
Production Tank Level: 4.04
LPG Bullet Peak Level: 148
LPG Bullet Peak Pressure: 359
Berm Water Samples Taken: No
Plant Process Discussion: Yes
Operational Targets: Yes
Overrides or Safeties Bypassed: N/A
Upcoming Activities: Yes
HSE Concerns: Yes
Regulatory Requirements: Yes
Staff Discussion: Yes
Weather & Effects on Operations: No
Permit Extensions/Critical Tasks: N/A
Attachment: 
Encoding: HTML
========================================
<p>Weather was cool and clear all night lows of -4</p>

<p>No security issues with the braz north site</p>

<p>Tank level was 4.04m and confirmed with a temp gun</p>

<p>Switch the C3 fans on low speed and the single speed is off</p>

<p>Dumped K-203 suction scrubber</p>
$@MID@$: 5906
Date: Fri, 26 Apr 2024 17:11:23 -0600
Author: Blaine Harris
Shift: Day Shift
Operators: Blaine H
Shift Handover Meeting: Pat B
Start of Shift Meeting: 
Plant Status: Steady
Equipment Outage: 
Filter Change: 
Pigging: 
Recycle Pumps: Production
Production Tank Level: 3.30
LPG Bullet Peak Level: 149
LPG Bullet Peak Pressure: 330
Berm Water Samples Taken: No
Plant Process Discussion: Yes
Operational Targets: N/A
Overrides or Safeties Bypassed: N/A
Upcoming Activities: N/A
HSE Concerns: N/A
Regulatory Requirements: N/A
Staff Discussion: N/A
Weather & Effects on Operations: No
Permit Extensions/Critical Tasks: N/A
Attachment: 
Encoding: HTML
========================================
<p><u><strong>Weather cool -1 in the am warming to +12 in the afternoon</strong></u></p>

<p>Confirmed the production tank height</p>

<p>Shut off the 2 speed c3 fan and started the single speed fan</p>

<p>Dumped the de-eth overheads scrubber</p>

<p>Dumped K-203 suction scrubber.</p>

<p>Started on weekend checks</p>

<p>Did some cleanup around K-202 compressor.</p>

<p>&nbsp;</p>
$@MID@$: 5907
Date: Fri, 26 Apr 2024 23:35:20 -0600
Author: Pat Brown
Shift: Night Shift
Operators: Pat B
Shift Handover Meeting: Blaine H
Start of Shift Meeting: 
Plant Status: Steady
Equipment Outage: 
Filter Change: 
Pigging: 
Recycle Pumps: Production
Production Tank Level: 2.92
LPG Bullet Peak Level: 150
LPG Bullet Peak Pressure: 365
Berm Water Samples Taken: No
Plant Process Discussion: Yes
Operational Targets: Yes
Overrides or Safeties Bypassed: N/A
Upcoming Activities: Yes
HSE Concerns: Yes
Regulatory Requirements: Yes
Staff Discussion: Yes
Weather & Effects on Operations: No
Permit Extensions/Critical Tasks: N/A
Attachment: 
Encoding: HTML
========================================
<p>Weather was overcast and cool at the start of shift lows of -2</p>

<p>No security issues with the braz north site</p>

<p>tank level 2.92m and confirmed with a temp gun</p>

<p>C3 fan slow speed on the two speed and the single speed is off</p>

<p>Drain K-203 suction scrubber</p>
