$@MID@$: 5891
Date: Fri, 19 Apr 2024 05:37:03 -0600
Author: Ryan Gilgan
Shift: Night Shift
Operators: Ryan G
Shift Handover Meeting: Kevin N
Start of Shift Meeting: 
Plant Status: Steady
Equipment Outage: 
Filter Change: 
Pigging: 
Recycle Pumps: Production
Production Tank Level: 3.49
LPG Bullet Peak Level: 191
LPG Bullet Peak Pressure: 327
Berm Water Samples Taken: No
Plant Process Discussion: Yes
Operational Targets: N/A
Overrides or Safeties Bypassed: N/A
Upcoming Activities: N/A
HSE Concerns: N/A
Regulatory Requirements: N/A
Staff Discussion: N/A
Weather & Effects on Operations: No
Permit Extensions/Critical Tasks: N/A
Attachment: 
Encoding: HTML
========================================
<p>Weather: 2 at the start of shift cooling to -9 in the moring.&nbsp; Clear</p>

<p>No security issues noted for Braz North</p>

<p>Added oil to LPG lube tank</p>

<p>Drained De eth overhead scrubber</p>

<p>Monitored the hot oil pump seals throughout the night, all good.</p>
$@MID@$: 5892
Date: Fri, 19 Apr 2024 17:07:18 -0600
Author: Kevin Nicol
Shift: Day Shift
Operators: Kevin N
Shift Handover Meeting: Ryan G
Start of Shift Meeting: 
Plant Status: Steady
Equipment Outage: 
Filter Change: 
Pigging: 
Recycle Pumps: Production
Production Tank Level: 3.07
LPG Bullet Peak Level: 190
LPG Bullet Peak Pressure: 279
Berm Water Samples Taken: No
Plant Process Discussion: Yes
Operational Targets: Yes
Overrides or Safeties Bypassed: N/A
Upcoming Activities: N/A
HSE Concerns: N/A
Regulatory Requirements: N/A
Staff Discussion: N/A
Weather & Effects on Operations: Yes
Permit Extensions/Critical Tasks: N/A
Attachment: 
Encoding: HTML
========================================
<p>Production tank 3.07, checked</p>

<p>worked on weekly/monthly checks</p>

<p>dumped drip pails</p>

<p>TCPL&nbsp; cut backs, called Bacalieeau ( Vern) cut back 5 dec and Westbrick ( Kevin) to cut back 10 as per Jarrod</p>
