$@MID@$: 5889
Date: Thu, 18 Apr 2024 05:23:46 -0600
Author: Ryan Gilgan
Shift: Night Shift
Operators: Ryan G
Shift Handover Meeting: Kevin N | Brad T
Start of Shift Meeting: 
Plant Status: Steady
Equipment Outage: 
Filter Change: 
Pigging: 
Recycle Pumps: Production
Production Tank Level: 3.49
LPG Bullet Peak Level: 190
LPG Bullet Peak Pressure: 303
Berm Water Samples Taken: No
Plant Process Discussion: Yes
Operational Targets: N/A
Overrides or Safeties Bypassed: N/A
Upcoming Activities: N/A
HSE Concerns: N/A
Regulatory Requirements: N/A
Staff Discussion: N/A
Weather & Effects on Operations: No
Permit Extensions/Critical Tasks: N/A
Attachment: 
Encoding: HTML
========================================
<p>Weather:&nbsp; 2 degrees at the start of the shift cooling to -5 in the morning, clear</p>

<p>No security issues noted for Braz north</p>

<p>Increased K206 suction pressure to 850 kpa, set bypass to 600 kpa</p>

<p>Lowered V101 pressure to k-204 to 600 kpa.</p>

<p>&nbsp;</p>
$@MID@$: 5890
Date: Thu, 18 Apr 2024 17:05:32 -0600
Author: Kevin Nicol
Shift: Day Shift
Operators: Kevin N | Brad T
Shift Handover Meeting: Ryan G
Start of Shift Meeting: 
Plant Status: Steady
Equipment Outage: 
Filter Change: 
Pigging: 
Recycle Pumps: Production
Production Tank Level: 3.80
LPG Bullet Peak Level: 190
LPG Bullet Peak Pressure: 273
Berm Water Samples Taken: Yes
Plant Process Discussion: Yes
Operational Targets: N/A
Overrides or Safeties Bypassed: N/A
Upcoming Activities: N/A
HSE Concerns: N/A
Regulatory Requirements: N/A
Staff Discussion: N/A
Weather & Effects on Operations: Yes
Permit Extensions/Critical Tasks: N/A
Attachment: 
Encoding: HTML
========================================
<p>Production tank 3.80, checked</p>

<p>Nelson brs delivered 2 loads of fresh H2O for the fire fighting tank</p>

<p>LOTO and depresured the hot oil pump for seak repairs</p>

<p>added 2 BBLs of hot oil to the system</p>

<p>informed Clayton that we need to order more hot oil BBLs</p>

<p>Core labs out for samples</p>

<p>Phil repaired the seal on P-3501B, back on line</p>

<p>took H2O samples for Element</p>

<p>tested and dumped ditches and bearms</p>

<p>started weekly/monthly checks</p>
