$@MID@$: 5861
Date: Thu, 04 Apr 2024 05:07:45 -0600
Author: Kevin Nicol
Shift: Night Shift
Operators: Kevin N
Shift Handover Meeting: Ryan G | Brad T
Start of Shift Meeting: 
Plant Status: 
Equipment Outage: 
Filter Change: 
Pigging: 
Recycle Pumps: Production
Production Tank Level: 4.07
LPG Bullet Peak Level: 89
LPG Bullet Peak Pressure: 343
Berm Water Samples Taken: No
Plant Process Discussion: Yes
Operational Targets: N/A
Overrides or Safeties Bypassed: N/A
Upcoming Activities: N/A
HSE Concerns: N/A
Regulatory Requirements: N/A
Staff Discussion: N/A
Weather & Effects on Operations: Yes
Permit Extensions/Critical Tasks: N/A
Attachment: 
Encoding: HTML
========================================
<p>production tank 4.07, checked</p>

<p>drained k203 suction scrubber</p>

<p>checked res gas scrubber level and level&nbsp; control valve, all good</p>

<p>C3 single speed fan off, 2 speed on slow</p>

<p>&nbsp;</p>
$@MID@$: 5862
Date: Thu, 04 Apr 2024 17:28:10 -0600
Author: Ryan Gilgan
Shift: Day Shift
Operators: Ryan G | Brad T
Shift Handover Meeting: Kevin N
Start of Shift Meeting: 
Plant Status: Steady
Equipment Outage: 
Filter Change: 
Pigging: 
Recycle Pumps: Production
Production Tank Level: 3.62
LPG Bullet Peak Level: 142
LPG Bullet Peak Pressure: 331
Berm Water Samples Taken: No
Plant Process Discussion: Yes
Operational Targets: N/A
Overrides or Safeties Bypassed: N/A
Upcoming Activities: N/A
HSE Concerns: N/A
Regulatory Requirements: N/A
Staff Discussion: N/A
Weather & Effects on Operations: No
Permit Extensions/Critical Tasks: N/A
Attachment: 
Encoding: HTML
========================================
<p>Weather:-3 in the morning, 1 degree windy and cloudy in the afternoon</p>

<p>Operations meeting</p>

<p>Baker delivered corrosion inhibitor</p>

<p>PPL took oil sample on their line.</p>
