$@MID@$: 5917
Date: Thu, 02 May 2024 05:08:55 -0600
Author: Kevin Nicol
Shift: Night Shift
Operators: Kevin N
Shift Handover Meeting: Ryan G | Brad T
Start of Shift Meeting: 
Plant Status: Steady
Equipment Outage: 
Filter Change: 
Pigging: 
Recycle Pumps: Production
Production Tank Level: 4.04
LPG Bullet Peak Level: 151
LPG Bullet Peak Pressure: 320
Berm Water Samples Taken: No
Plant Process Discussion: Yes
Operational Targets: N/A
Overrides or Safeties Bypassed: N/A
Upcoming Activities: N/A
HSE Concerns: N/A
Regulatory Requirements: N/A
Staff Discussion: N/A
Weather & Effects on Operations: No
Permit Extensions/Critical Tasks: N/A
Attachment: 
Encoding: HTML
========================================
<p>Production tank 4.04, checked</p>

<p>put insurance card in the truck</p>

<p>took the domestic H2O reading</p>

<p>&nbsp;drained drip pails</p>

<p>&nbsp;</p>
$@MID@$: 5918
Date: Thu, 02 May 2024 16:32:07 -0600
Author: Brad Towers
Shift: Day Shift
Operators: Ryan G | Brad T
Shift Handover Meeting: Kevin N
Start of Shift Meeting: 
Plant Status: Steady
Equipment Outage: 
Filter Change: 
Pigging: 
Recycle Pumps: Production
Production Tank Level: 3.58
LPG Bullet Peak Level: 150
LPG Bullet Peak Pressure: 330
Berm Water Samples Taken: Yes
Plant Process Discussion: Yes
Operational Targets: N/A
Overrides or Safeties Bypassed: N/A
Upcoming Activities: N/A
HSE Concerns: N/A
Regulatory Requirements: N/A
Staff Discussion: N/A
Weather & Effects on Operations: No
Permit Extensions/Critical Tasks: N/A
Attachment: 
Encoding: HTML
========================================
<p><u><strong>Weather +1 at the beginning of shift, warming up to a high of +10.</strong></u></p>

<p>- Added 1 barrel of engine oil to K-204.</p>

<p>- C3 2 spd fan on high.</p>

<p>- Internal AER audit performed with Tara, Jarrod, Levi and George.&nbsp;</p>

<p>- Dumped ponds 1, 2, 4 and 5.</p>

<p>- Took water samples and will drop off at element tonight.&nbsp;</p>

<p>- BBQ lunch supplied by Baker Hughes, lots of visitors out today.&nbsp;</p>

<p>- Devin calibrated the flare meter.&nbsp;</p>

<p>- RCO out to clean offices.&nbsp;</p>
