$@MID@$: 5940
Date: Mon, 13 May 2024 16:14:21 -0600
Author: Pat Brown
Shift: Day Shift
Operators: Pat B
Shift Handover Meeting: Blaine H
Start of Shift Meeting: 
Plant Status: Steady
Equipment Outage: 
Filter Change: 
Pigging: 
Recycle Pumps: Production
Production Tank Level: 3.15
LPG Bullet Peak Level: 148
LPG Bullet Peak Pressure: 443
Berm Water Samples Taken: No
Plant Process Discussion: Yes
Operational Targets: Yes
Overrides or Safeties Bypassed: N/A
Upcoming Activities: Yes
HSE Concerns: Yes
Regulatory Requirements: Yes
Staff Discussion: Yes
Weather & Effects on Operations: No
Permit Extensions/Critical Tasks: N/A
Attachment: 
Encoding: HTML
========================================
<p><strong><u>Weather was cool and a little windy highs of 15</u></strong></p>

<p>No Security issues with the braz north site</p>

<p>tank level was 3.15m and confirmed with a temp gun</p>

<p>Books rolled over this morning when we checked it at 7am .I was able to finish the books for yesterday and todays books, Murry will be out to help with the books for the the 8 and 9ths books&nbsp;</p>

<p>Nathan claibrated the H2S heads in the facility, filled out a bypass form and when we were done I took the bypass off</p>

<p>Chris Carwright was out to help with the books . He found that V-101 and V-107 condinsate meters had froze up . He reset them and they are now back in service.</p>

<p>Westbrick Kevin and Chase out today .they are looking into the limits of the water injection well and pump . they are also testing the comparability with our water</p>

<p><u><strong>Please don&#39;t pump any water away until next wednesday as there will be a chemical engineer out to look at the system</strong> </u></p>

<p>&nbsp;</p>
$@MID@$: 5941
Date: Mon, 13 May 2024 23:46:24 -0600
Author: Blaine Harris
Shift: Night Shift
Operators: Blaine H
Shift Handover Meeting: Pat B
Start of Shift Meeting: 
Plant Status: Steady
Equipment Outage: 
Filter Change: 
Pigging: 
Recycle Pumps: Production
Production Tank Level: 4.08
LPG Bullet Peak Level: 157
LPG Bullet Peak Pressure: 453
Berm Water Samples Taken: No
Plant Process Discussion: Yes
Operational Targets: N/A
Overrides or Safeties Bypassed: N/A
Upcoming Activities: N/A
HSE Concerns: N/A
Regulatory Requirements: N/A
Staff Discussion: N/A
Weather & Effects on Operations: No
Permit Extensions/Critical Tasks: N/A
Attachment: 
Encoding: HTML
========================================
<p>Weather sunny +17 cooling down to +4 overnight</p>

<p>Confirmed the production tank height</p>

<p>Dumped K-203 suction scrubber</p>

<p>Shut off the water plant hand switched to the 2 charge pumps and the hand switch to the disposal site as per dayshifts request not to pump water until Wednesday.</p>

<p>Shut off the C3 2 speed fan</p>
