$@MID@$: 5923
Date: Sun, 05 May 2024 05:17:54 -0600
Author: Kevin Nicol
Shift: Night Shift
Operators: Kevin N
Shift Handover Meeting: Ryan G
Start of Shift Meeting: 
Plant Status: Steady
Equipment Outage: 
Filter Change: 
Pigging: 
Recycle Pumps: Production
Production Tank Level: 3.87
LPG Bullet Peak Level: 150
LPG Bullet Peak Pressure: 402
Berm Water Samples Taken: No
Plant Process Discussion: Yes
Operational Targets: N/A
Overrides or Safeties Bypassed: N/A
Upcoming Activities: N/A
HSE Concerns: N/A
Regulatory Requirements: N/A
Staff Discussion: N/A
Weather & Effects on Operations: No
Permit Extensions/Critical Tasks: N/A
Attachment: 
Encoding: HTML
========================================
<p>Production tank 3.87, checked</p>

<p>drained k203 suction scrubber</p>

<p>tested and drained ditch 5</p>

<p>&nbsp;</p>
$@MID@$: 5924
Date: Sun, 05 May 2024 17:38:29 -0600
Author: Ryan Gilgan
Shift: Day Shift
Operators: Ryan G
Shift Handover Meeting: Kevin N
Start of Shift Meeting: 
Plant Status: Steady
Equipment Outage: 
Filter Change: 
Pigging: 14-03
Recycle Pumps: Production
Production Tank Level: 3.17
LPG Bullet Peak Level: 131
LPG Bullet Peak Pressure: 372
Berm Water Samples Taken: No
Plant Process Discussion: Yes
Operational Targets: N/A
Overrides or Safeties Bypassed: N/A
Upcoming Activities: N/A
HSE Concerns: N/A
Regulatory Requirements: N/A
Staff Discussion: N/A
Weather & Effects on Operations: No
Permit Extensions/Critical Tasks: N/A
Attachment: 
Encoding: HTML
========================================
<p>Weather: 7 degrees in the morning warming to 15 in the afternoon.</p>

<p>Worked on weekend/monthly checks</p>

<p>Wolf creek line pigged and pigs pulled, came in good.</p>

<p>&nbsp;</p>

<p>&nbsp;</p>
