$@MID@$: 5970
Date: Wed, 29 May 2024 05:06:30 -0600
Author: Kevin Nicol
Shift: Night Shift
Operators: Kevin N
Shift Handover Meeting: Ryan G | Brad T
Start of Shift Meeting: 
Plant Status: Steady
Equipment Outage: 
Filter Change: 
Pigging: 
Recycle Pumps: Production
Production Tank Level: 3.74
LPG Bullet Peak Level: 157
LPG Bullet Peak Pressure: 442
Berm Water Samples Taken: No
Plant Process Discussion: Yes
Operational Targets: N/A
Overrides or Safeties Bypassed: N/A
Upcoming Activities: N/A
HSE Concerns: N/A
Regulatory Requirements: N/A
Staff Discussion: N/A
Weather & Effects on Operations: No
Permit Extensions/Critical Tasks: N/A
Attachment: 
Encoding: HTML
========================================
<p>Production tank 3.74, checked</p>

<p>drained oil from the chiller</p>

<p>emptied drip pails</p>
$@MID@$: 5971
Date: Wed, 29 May 2024 15:19:12 -0600
Author: Brad Towers
Shift: Day Shift
Operators: Brad T | Chris P (Contractor)
Shift Handover Meeting: Kevin N
Start of Shift Meeting: 
Plant Status: Steady
Equipment Outage: 
Filter Change: 
Pigging: 
Recycle Pumps: Production
Production Tank Level: 3.57
LPG Bullet Peak Level: 156
LPG Bullet Peak Pressure: 437
Berm Water Samples Taken: No
Plant Process Discussion: Yes
Operational Targets: N/A
Overrides or Safeties Bypassed: Yes
Upcoming Activities: N/A
HSE Concerns: N/A
Regulatory Requirements: N/A
Staff Discussion: N/A
Weather & Effects on Operations: No
Permit Extensions/Critical Tasks: N/A
Attachment: 
Encoding: HTML
========================================
<p><u><strong>Weather: +4 at the beginning of shift, with a high of +14 with some rain and hail.</strong></u></p>

<p>- Baileys welding out cutting the tops off the old piles from the old barrel dock.</p>

<p>&nbsp; &nbsp; &nbsp; &nbsp; &nbsp;- Westbrick bypass form for fire detection filled out and completed.&nbsp;</p>

<p>- De oil chiller.</p>

<p>- BV labs out for keylink sample.&nbsp;</p>

<p>- HVO hauled in 27m3 of water from 14-36-48-14.</p>

<p>- ACR out with Raymond to load up and take documentation to town.&nbsp;</p>

<p>- Safety First and MWS out to inspect TR-100.&nbsp;</p>

<p>- Nathan and Phil completed a handful of PM&#39;s around the plant.&nbsp;</p>

<p>- Surge Controls electrical crew&nbsp;out to continue to work on water plant upgrades, install heat trace on new water line from V-3101.&nbsp;</p>

<p>- Surge Controls insrumentation tech replaced level switch on oil production tank and helped out in the water plant.&nbsp;</p>

<p>- Craig from Keyera field came and pigged the 1-21 line inside the plant.&nbsp;</p>

<p>- Lowered V-3101 water level from 60% down to 50% to see if there would be a decrease in water cut going through the coriolis.</p>

<p>- Carl with Driven out and delivered some goods.&nbsp;</p>
