$@MID@$: 5983
Date: Tue, 04 Jun 2024 07:10:56 -0600
Author: Brad Towers
Shift: Night Shift
Operators: Blaine H
Shift Handover Meeting: Pat B | Brad T
Start of Shift Meeting: 
Plant Status: Steady
Equipment Outage: 
Filter Change: 
Pigging: 
Recycle Pumps: Production | Overflow
Production Tank Level: 4.01
LPG Bullet Peak Level: 160
LPG Bullet Peak Pressure: 422
Berm Water Samples Taken: No
Plant Process Discussion: Yes
Operational Targets: N/A
Overrides or Safeties Bypassed: N/A
Upcoming Activities: N/A
HSE Concerns: N/A
Regulatory Requirements: N/A
Staff Discussion: N/A
Weather & Effects on Operations: No
Permit Extensions/Critical Tasks: N/A
Attachment: 
Encoding: HTML
========================================
<p>- Comfirmed production tank level.</p>

<p>- Dump De-eth over heads scrubber.</p>

<p>- Slug into V-3101 showed up at 1030pm. Still slugging at shift change.&nbsp;</p>

<p>- Xact delivered 2 loads of emulsion. 80m3 total.</p>

<p>- Started recycle pump B on the overflow tank.&nbsp;</p>

<p>- Swapped water plant filters, west pot will need changed.&nbsp;</p>
$@MID@$: 5984
Date: Tue, 04 Jun 2024 15:27:38 -0600
Author: Pat Brown
Shift: Day Shift
Operators: Pat B | Brad T
Shift Handover Meeting: Blaine H
Start of Shift Meeting: 
Plant Status: Steady
Equipment Outage: 
Filter Change: 
Pigging: 
Recycle Pumps: Production | Overflow
Production Tank Level: 3.48
LPG Bullet Peak Level: 156
LPG Bullet Peak Pressure: 439
Berm Water Samples Taken: No
Plant Process Discussion: Yes
Operational Targets: Yes
Overrides or Safeties Bypassed: N/A
Upcoming Activities: Yes
HSE Concerns: Yes
Regulatory Requirements: Yes
Staff Discussion: Yes
Weather & Effects on Operations: No
Permit Extensions/Critical Tasks: N/A
Attachment: 
Encoding: HTML
========================================
<p><strong><u>Weather was clear and warm highs of 14</u></strong></p>

<p>Tank level was 3.48m and confirmed with a temp gun</p>

<p>At Shift change 3101 vessel was getting hit with slugs of fluid and the line pressure was above 1400kpa , We had the slug catcher cut back to 35% and and it settled down around lunch time. opened the slug catcher back to full open</p>

<p>Recycle pump B was down , Brad tried to start the pump and it went down right away.He cleaned the suction screen three times and the turbine on the meter.After that the pump stayed running</p>

<p>Surge is here working on some controllers and some esd valves</p>

<p>Surge had a couple of electricans working on lighting around the plant</p>

<p>HVO was here hauling out the lube oil from our used lube oil tank. he loaded 24m3</p>

<p>Scott with Baccalieu was here dropping off some water samples</p>

<p>We attached the mower to the tractor and Brad cut some grass around the plant</p>

<p>Gaccs trucking was here with two loads of condinsate. the second load only had 24m3</p>

<p>Turn the C3 Fan on ,The single speed and the two speed fan is on slow</p>

<p>We have the water plant shut down. We want to skim over the water tanks (Please don&#39;t start the pump until we have skimmed both water tanks)</p>

<p>Brad pulled the drag around the yard and cleaned up the ruts out front of the control room</p>

<p>&nbsp;</p>
$@MID@$: 5985
Date: Tue, 04 Jun 2024 22:22:57 -0600
Author: Blaine Harris
Shift: Night Shift
Operators: Blaine H
Shift Handover Meeting: Pat B | Brad T
Start of Shift Meeting: 
Plant Status: Steady
Equipment Outage: 
Filter Change: 
Pigging: 
Recycle Pumps: Production | Overflow
Production Tank Level: 3.94
LPG Bullet Peak Level: 156
LPG Bullet Peak Pressure: 459
Berm Water Samples Taken: No
Plant Process Discussion: Yes
Operational Targets: N/A
Overrides or Safeties Bypassed: N/A
Upcoming Activities: N/A
HSE Concerns: N/A
Regulatory Requirements: N/A
Staff Discussion: N/A
Weather & Effects on Operations: No
Permit Extensions/Critical Tasks: N/A
Attachment: 
Encoding: HTML
========================================
<p>Weather sunny and +18</p>

<p>Confirmed the production tank level</p>

<p>Completed the night shift truck inspection</p>

<p>Dumped K-203 suction scrubber.</p>

<p>Shut off the C3 2 speed fan</p>

<p>Tightened the packings on the south EG pump.</p>
