$@MID@$: 5977
Date: Sat, 01 Jun 2024 05:02:35 -0600
Author: Kevin Nicol
Shift: Night Shift
Operators: Kevin N
Shift Handover Meeting: Ryan G
Start of Shift Meeting: 
Plant Status: Steady
Equipment Outage: 
Filter Change: 
Pigging: 
Recycle Pumps: Production
Production Tank Level: 3.94
LPG Bullet Peak Level: 158
LPG Bullet Peak Pressure: 435
Berm Water Samples Taken: No
Plant Process Discussion: Yes
Operational Targets: N/A
Overrides or Safeties Bypassed: N/A
Upcoming Activities: N/A
HSE Concerns: N/A
Regulatory Requirements: N/A
Staff Discussion: N/A
Weather & Effects on Operations: No
Permit Extensions/Critical Tasks: N/A
Attachment: 
Encoding: HTML
========================================
<p>Production tank 3.94, checked</p>

<p>made up compressor log sheets</p>

<p>dumped drip pails</p>
$@MID@$: 5978
Date: Sat, 01 Jun 2024 17:38:43 -0600
Author: Ryan Gilgan
Shift: Day Shift
Operators: Ryan G
Shift Handover Meeting: Kevin N
Start of Shift Meeting: 
Plant Status: Steady
Equipment Outage: 
Filter Change: Water Plant
Pigging: 05-21
Recycle Pumps: Production
Production Tank Level: 3.77
LPG Bullet Peak Level: 158
LPG Bullet Peak Pressure: 374
Berm Water Samples Taken: No
Plant Process Discussion: Yes
Operational Targets: N/A
Overrides or Safeties Bypassed: N/A
Upcoming Activities: N/A
HSE Concerns: N/A
Regulatory Requirements: N/A
Staff Discussion: N/A
Weather & Effects on Operations: No
Permit Extensions/Critical Tasks: N/A
Attachment: 
Encoding: HTML
========================================
<p>Weather:&nbsp; 4 degrees in the morning warmingto 17 in the afternoon.</p>

<p>Ian on sight doing training.&nbsp; Helping out.</p>

<p>Drained De Eth overhead scrubber</p>

<p>Added 5 drums of heat medium 46 to hot oil surge tank.&nbsp; Filled bottom sight glass.</p>

<p>Reset V103 gas meter, froze up.</p>

<p>C3 2 speed fan on slow, single speed on.</p>

<p>Cleaned fuzz of air compressor screen</p>

<p>HVO hauled in water fron 13-34, gross stuff.&nbsp;</p>

<p>Changed west water filters, East pot in service.</p>

<p>Noticed production tank level highr than normal, called PPL they weren&#39;t sure why we weren&#39;t pumping.&nbsp; Started me up right away.</p>
