$@MID@$: 5979
Date: Sun, 02 Jun 2024 05:19:24 -0600
Author: Kevin Nicol
Shift: Night Shift
Operators: Kevin N
Shift Handover Meeting: Ryan G
Start of Shift Meeting: 
Plant Status: Steady
Equipment Outage: 
Filter Change: 
Pigging: 
Recycle Pumps: Production
Production Tank Level: 2.97
LPG Bullet Peak Level: 159
LPG Bullet Peak Pressure: 448
Berm Water Samples Taken: No
Plant Process Discussion: Yes
Operational Targets: N/A
Overrides or Safeties Bypassed: N/A
Upcoming Activities: N/A
HSE Concerns: N/A
Regulatory Requirements: N/A
Staff Discussion: N/A
Weather & Effects on Operations: No
Permit Extensions/Critical Tasks: N/A
Attachment: 
Encoding: HTML
========================================
<p>Production tank 2.97, checked</p>

<p>pumped out the packing drain tank</p>

<p>drained K203 scrubber</p>

<p>shut off 2 speed C3 fan</p>
$@MID@$: 5980
Date: Sun, 02 Jun 2024 17:29:40 -0600
Author: Ryan Gilgan
Shift: Day Shift
Operators: Ryan G
Shift Handover Meeting: Kevin N
Start of Shift Meeting: 
Plant Status: Steady
Equipment Outage: 
Filter Change: Water Plant
Pigging: 14-03
Recycle Pumps: Production
Production Tank Level: 3.12
LPG Bullet Peak Level: 150
LPG Bullet Peak Pressure: 418
Berm Water Samples Taken: No
Plant Process Discussion: Yes
Operational Targets: N/A
Overrides or Safeties Bypassed: N/A
Upcoming Activities: N/A
HSE Concerns: N/A
Regulatory Requirements: N/A
Staff Discussion: N/A
Weather & Effects on Operations: No
Permit Extensions/Critical Tasks: N/A
Attachment: 
Encoding: HTML
========================================
<p>Weather: 5 degrees in the morning warming to 17 in the afternoon</p>

<p>HVO hauled in 30m3 of water from 13-34</p>

<p>Lindale truck services hauled in 40m3 of water from Zeta</p>

<p>Changed water filters in east pot, Put west pot in service.</p>

<p>Training with Ian</p>

<p>Shoveled up some oil stains</p>

<p>Weekend/monthly checks</p>

<p>Wolf creek line pigged and pulled, came in good.</p>

<p>&nbsp;</p>
