$@MID@$: 2562
Date: Sat, 18 Nov 2023 10:05:29 -0700
Author: Travis Beuker
Inlet: 456
Sales: 481
LPG: 117
Oil: 110
Production Month: Nov
Production Day: 18
Production Year: 2023
Attachment: 
Encoding: HTML
========================================
<p>Cynthia gas stopped coming in. Shut down K-201.</p>
$@MID@$: 2563
Date: Sat, 18 Nov 2023 10:07:11 -0700
Author: Travis Beuker
Inlet: 456
Sales: 418
LPG: 117
Oil: 110
Production Month: Nov
Production Day: 17
Production Year: 2023
Attachment: 
Encoding: HTML
========================================
<p>Cynythia gas stopped coming in. Shut down K-201.</p>
