$@MID@$: 2479
Date: Fri, 26 Feb 2021 00:38:16 -0700
Author: Ryan Gilgan
Flow: 232
Inlet Temp: 195
Outlet Temp: 210
Pump Press: 700
Surge Tank Press: 320
Surge Tank Level: 4
Fuel Gas Press: 760
Stack Temp: 226
Flame Condition: Blue / Orange
Shift: Night
Month: Feb
Day: 25
Year: 2021
Attachment: 
Encoding: HTML
========================================

$@MID@$: 2480
Date: Fri, 26 Feb 2021 07:30:35 -0700
Author: Kevin Nicol
Flow: 235
Inlet Temp: 193
Outlet Temp: 210
Pump Press: 720
Surge Tank Press: 330
Surge Tank Level: 4
Fuel Gas Press: 760
Stack Temp: 225
Flame Condition: Blue / Orange
Shift: Day
Month: Feb
Day: 26
Year: 2021
Attachment: 
Encoding: HTML
========================================

