$@MID@$: 2446
Date: Mon, 08 Feb 2021 02:25:07 -0700
Author: Tye Mastre
Flow: 201
Inlet Temp: 195
Outlet Temp: 211
Pump Press: 710
Surge Tank Press: 350
Surge Tank Level: 4
Fuel Gas Press: 765
Stack Temp: 220
Flame Condition: Blue
Shift: Night
Month: Feb
Day: 7
Year: 2021
Attachment: 
Encoding: HTML
========================================
<p>Flow meter gelling off from cold temps. Getting insulated tomorrow.</p>
$@MID@$: 2447
Date: Mon, 08 Feb 2021 17:32:04 -0700
Author: Kyle Shute
Flow: 226
Inlet Temp: 195
Outlet Temp: 208
Pump Press: 720
Surge Tank Press: 340
Surge Tank Level: 4
Fuel Gas Press: 770
Stack Temp: 218
Flame Condition: Blue / Orange
Shift: Day
Month: Feb
Day: 7
Year: 2021
Attachment: 
Encoding: HTML
========================================
<p>Flows transmitter not reading correctly, will be insulated.</p>
$@MID@$: 2448
Date: Mon, 08 Feb 2021 17:33:12 -0700
Author: Kyle Shute
Flow: 204
Inlet Temp: 196
Outlet Temp: 211
Pump Press: 720
Surge Tank Press: 350
Surge Tank Level: 4
Fuel Gas Press: 780
Stack Temp: 219
Flame Condition: Blue / Orange
Shift: Day
Month: Feb
Day: 8
Year: 2021
Attachment: 
Encoding: HTML
========================================
<p>Flow transmitter reading incorrectly, frozen off</p>
