$@MID@$: 2460
Date: Tue, 16 Feb 2021 09:15:35 -0700
Author: Tye Mastre
Flow: 230
Inlet Temp: 194
Outlet Temp: 210
Pump Press: 700
Surge Tank Press: 337
Surge Tank Level: 4
Fuel Gas Press: 760
Stack Temp: 225
Flame Condition: Blue
Shift: Day
Month: Feb
Day: 16
Year: 2021
Attachment: 
Encoding: HTML
========================================

$@MID@$: 2461
Date: Tue, 16 Feb 2021 23:44:37 -0700
Author: Jordan Wilson
Flow: 232
Inlet Temp: 195
Outlet Temp: 212
Pump Press: 700
Surge Tank Press: 335
Surge Tank Level: 4
Fuel Gas Press: 760
Stack Temp: 226
Flame Condition: Blue / Orange
Shift: Night
Month: Feb
Day: 16
Year: 2021
Attachment: 
Encoding: HTML
========================================

