$@MID@$: 2443
Date: Sat, 06 Feb 2021 01:39:07 -0700
Author: Tye Mastre
Flow: 246
Inlet Temp: 195
Outlet Temp: 211
Pump Press: 710
Surge Tank Press: 345
Surge Tank Level: 4
Fuel Gas Press: 780
Stack Temp: 222
Flame Condition: Blue
Shift: Night
Month: Feb
Day: 5
Year: 2021
Attachment: 
Encoding: HTML
========================================

$@MID@$: 2444
Date: Sat, 06 Feb 2021 17:41:01 -0700
Author: Kyle Shute
Flow: 244
Inlet Temp: 193
Outlet Temp: 211
Pump Press: 720
Surge Tank Press: 340
Surge Tank Level: 4
Fuel Gas Press: 720
Stack Temp: 223
Flame Condition: Blue / Orange
Shift: Day
Month: Feb
Day: 6
Year: 2021
Attachment: 
Encoding: HTML
========================================

