$@MID@$: 2498
Date: Mon, 08 Mar 2021 02:32:28 -0700
Author: Tye Mastre
Flow: 238
Inlet Temp: 194
Outlet Temp: 210
Pump Press: 700
Surge Tank Press: 322
Surge Tank Level: 4
Fuel Gas Press: 765
Stack Temp: 226
Flame Condition: Blue / Orange
Shift: Night
Month: Mar
Day: 7
Year: 2021
Attachment: 
Encoding: HTML
========================================

$@MID@$: 2499
Date: Mon, 08 Mar 2021 16:21:34 -0700
Author: Kyle Shute
Flow: 233
Inlet Temp: 196
Outlet Temp: 211
Pump Press: 700
Surge Tank Press: 326
Surge Tank Level: 8
Fuel Gas Press: 770
Stack Temp: 227
Flame Condition: Blue / Orange
Shift: Day
Month: Mar
Day: 8
Year: 2021
Attachment: 
Encoding: HTML
========================================

$@MID@$: 2500
Date: Mon, 08 Mar 2021 23:11:37 -0700
Author: Tye Mastre
Flow: 235
Inlet Temp: 195
Outlet Temp: 211
Pump Press: 700
Surge Tank Press: 325
Surge Tank Level: 4
Fuel Gas Press: 775
Stack Temp: 225
Flame Condition: Blue / Orange
Shift: Night
Month: Mar
Day: 8
Year: 2021
Attachment: 
Encoding: HTML
========================================

