$@MID@$: 2487
Date: Tue, 02 Mar 2021 00:15:56 -0700
Author: Ryan Gilgan
Flow: 236
Inlet Temp: 194
Outlet Temp: 211
Pump Press: 700
Surge Tank Press: 325
Surge Tank Level: 4
Fuel Gas Press: 760
Stack Temp: 225
Flame Condition: Blue / Orange
Shift: Night
Month: Mar
Day: 1
Year: 2021
Attachment: 
Encoding: HTML
========================================

$@MID@$: 2488
Date: Tue, 02 Mar 2021 08:41:54 -0700
Author: Jordan Wilson
Flow: 232
Inlet Temp: 194
Outlet Temp: 210
Pump Press: 710
Surge Tank Press: 323
Surge Tank Level: 3
Fuel Gas Press: 760
Stack Temp: 224
Flame Condition: Blue / Orange
Shift: Day
Month: Mar
Day: 2
Year: 2021
Attachment: 
Encoding: HTML
========================================

