$@MID@$: 2559
Date: Thu, 08 Apr 2021 16:02:56 -0600
Author: Chad Quinn
Flow: 227
Inlet Temp: 195
Outlet Temp: 210
Pump Press: 720
Surge Tank Press: 325
Surge Tank Level: 4
Fuel Gas Press: 745
Stack Temp: 218
Flame Condition: Blue / Orange
Shift: Day
Month: Apr
Day: 8
Year: 2021
Attachment: 
Encoding: HTML
========================================

$@MID@$: 2560
Date: Thu, 08 Apr 2021 21:04:40 -0600
Author: Kevin Nicol
Flow: 231
Inlet Temp: 197
Outlet Temp: 211
Pump Press: 700
Surge Tank Press: 320
Surge Tank Level: 4
Fuel Gas Press: 760
Stack Temp: 223
Flame Condition: Blue / Orange
Shift: Night
Month: Apr
Day: 8
Year: 2021
Attachment: 
Encoding: HTML
========================================

