$@MID@$: 2580
Date: Tue, 20 Apr 2021 04:57:30 -0600
Author: Chad Quinn
Flow: 225
Inlet Temp: 195
Outlet Temp: 206
Pump Press: 700
Surge Tank Press: 325
Surge Tank Level: 4
Fuel Gas Press: 780
Stack Temp: 216
Flame Condition: Blue / Orange
Shift: Night
Month: Apr
Day: 19
Year: 2021
Attachment: 
Encoding: HTML
========================================

$@MID@$: 2581
Date: Tue, 20 Apr 2021 07:41:35 -0600
Author: Kyle Shute
Flow: 225
Inlet Temp: 195
Outlet Temp: 210
Pump Press: 700
Surge Tank Press: 323
Surge Tank Level: 4
Fuel Gas Press: 775
Stack Temp: 220
Flame Condition: Blue / Orange
Shift: Day
Month: Apr
Day: 20
Year: 2021
Attachment: 
Encoding: HTML
========================================

