$@MID@$: 2653
Date: Thu, 27 May 2021 05:05:56 -0600
Author: Tye Mastre
Flow: 234
Inlet Temp: 195
Outlet Temp: 211
Pump Press: 700
Surge Tank Press: 307
Surge Tank Level: 4
Fuel Gas Press: 780
Stack Temp: 218
Flame Condition: Blue / Orange
Shift: Night
Month: May
Day: 26
Year: 2021
Attachment: 
Encoding: HTML
========================================

$@MID@$: 2654
Date: Thu, 27 May 2021 14:16:56 -0600
Author: Blaine Harris
Flow: 233
Inlet Temp: 196
Outlet Temp: 211
Pump Press: 700
Surge Tank Press: 310
Surge Tank Level: 3.5
Fuel Gas Press: 790
Stack Temp: 222
Flame Condition: Blue / Orange
Shift: Day
Month: May
Day: 27
Year: 2021
Attachment: 
Encoding: HTML
========================================

