$@MID@$: 2655
Date: Fri, 28 May 2021 00:01:39 -0600
Author: Tye Mastre
Flow: 236
Inlet Temp: 197
Outlet Temp: 210
Pump Press: 700
Surge Tank Press: 307
Surge Tank Level: 4
Fuel Gas Press: 785
Stack Temp: 219
Flame Condition: Blue / Orange
Shift: Night
Month: May
Day: 27
Year: 2021
Attachment: 
Encoding: HTML
========================================

$@MID@$: 2656
Date: Fri, 28 May 2021 16:29:58 -0600
Author: Blaine Harris
Flow: 232
Inlet Temp: 196
Outlet Temp: 209
Pump Press: 700
Surge Tank Press: 305
Surge Tank Level: 3.5
Fuel Gas Press: 800
Stack Temp: 216
Flame Condition: Blue / Orange
Shift: Day
Month: May
Day: 28
Year: 2021
Attachment: 
Encoding: HTML
========================================

