$@MID@$: 2639
Date: Thu, 20 May 2021 04:54:23 -0600
Author: Ryan Gilgan
Flow: 229
Inlet Temp: 198
Outlet Temp: 211
Pump Press: 700
Surge Tank Press: 325
Surge Tank Level: 4
Fuel Gas Press: 780
Stack Temp: 221
Flame Condition: Blue / Orange
Shift: Night
Month: May
Day: 19
Year: 2021
Attachment: 
Encoding: HTML
========================================

$@MID@$: 2640
Date: Thu, 20 May 2021 08:59:44 -0600
Author: Kevin Nicol
Flow: 228
Inlet Temp: 196
Outlet Temp: 209
Pump Press: 700
Surge Tank Press: 325
Surge Tank Level: 3.5
Fuel Gas Press: 780
Stack Temp: 219
Flame Condition: Blue / Orange
Shift: Day
Month: May
Day: 20
Year: 2021
Attachment: 
Encoding: HTML
========================================

