$@MID@$: 2601
Date: Sat, 01 May 2021 04:33:41 -0600
Author: Tye Mastre
Flow: 232
Inlet Temp: 197
Outlet Temp: 210
Pump Press: 700
Surge Tank Press: 310
Surge Tank Level: 4
Fuel Gas Press: 770
Stack Temp: 218
Flame Condition: Blue / Orange
Shift: Night
Month: Apr
Day: 30
Year: 2021
Attachment: 
Encoding: HTML
========================================

$@MID@$: 2602
Date: Sat, 01 May 2021 16:53:36 -0600
Author: Blaine Harris
Flow: 227
Inlet Temp: 196
Outlet Temp: 211
Pump Press: 700
Surge Tank Press: 310
Surge Tank Level: 3.5
Fuel Gas Press: 780
Stack Temp: 217
Flame Condition: Blue / Orange
Shift: Day
Month: May
Day: 1
Year: 2021
Attachment: 
Encoding: HTML
========================================

