$@MID@$: 2633
Date: Mon, 17 May 2021 00:54:26 -0600
Author: Blaine Harris
Flow: 238
Inlet Temp: 197
Outlet Temp: 211
Pump Press: 700
Surge Tank Press: 305
Surge Tank Level: 3.5
Fuel Gas Press: 780
Stack Temp: 220
Flame Condition: Blue / Orange
Shift: Night
Month: May
Day: 16
Year: 2021
Attachment: 
Encoding: HTML
========================================

$@MID@$: 2634
Date: Mon, 17 May 2021 16:37:25 -0600
Author: Kyle Shute
Flow: 235
Inlet Temp: 195
Outlet Temp: 209
Pump Press: 700
Surge Tank Press: 317
Surge Tank Level: 4
Fuel Gas Press: 785
Stack Temp: 220
Flame Condition: Blue / Orange
Shift: Day
Month: May
Day: 17
Year: 2021
Attachment: 
Encoding: HTML
========================================

