$@MID@$: 2641
Date: Fri, 21 May 2021 04:56:05 -0600
Author: Ryan Gilgan
Flow: 230
Inlet Temp: 197
Outlet Temp: 209
Pump Press: 700
Surge Tank Press: 325
Surge Tank Level: 3.5
Fuel Gas Press: 790
Stack Temp: 220
Flame Condition: Blue / Orange
Shift: Night
Month: May
Day: 20
Year: 2021
Attachment: 
Encoding: HTML
========================================

$@MID@$: 2642
Date: Fri, 21 May 2021 07:46:59 -0600
Author: Kevin Nicol
Flow: 228
Inlet Temp: 197
Outlet Temp: 211
Pump Press: 780
Surge Tank Press: 320
Surge Tank Level: 4
Fuel Gas Press: 780
Stack Temp: 222
Flame Condition: Blue / Orange
Shift: Day
Month: May
Day: 21
Year: 2021
Attachment: 
Encoding: HTML
========================================

