$@MID@$: 2693
Date: Wed, 16 Jun 2021 04:54:15 -0600
Author: Ryan Gilgan
Flow: 233
Inlet Temp: 196
Outlet Temp: 210
Pump Press: 700
Surge Tank Press: 310
Surge Tank Level: 4
Fuel Gas Press: 810
Stack Temp: 218
Flame Condition: Blue / Orange
Shift: Night
Month: Jun
Day: 15
Year: 2021
Attachment: 
Encoding: HTML
========================================

$@MID@$: 2694
Date: Wed, 16 Jun 2021 10:05:29 -0600
Author: Kevin Nicol
Flow: 229
Inlet Temp: 195
Outlet Temp: 209
Pump Press: 700
Surge Tank Press: 315
Surge Tank Level: 4
Fuel Gas Press: 810
Stack Temp: 320
Flame Condition: Blue / Orange
Shift: Day
Month: Jun
Day: 16
Year: 2021
Attachment: 
Encoding: HTML
========================================

