$@MID@$: 2698
Date: Sat, 19 Jun 2021 04:56:11 -0600
Author: Ryan Gilgan
Flow: 238
Inlet Temp: 194
Outlet Temp: 210
Pump Press: 700
Surge Tank Press: 305
Surge Tank Level: 4
Fuel Gas Press: 800
Stack Temp: 219
Flame Condition: Blue / Orange
Shift: Night
Month: Jun
Day: 18
Year: 2021
Attachment: 
Encoding: HTML
========================================

$@MID@$: 2699
Date: Sat, 19 Jun 2021 08:41:33 -0600
Author: Kevin Nicol
Flow: 235
Inlet Temp: 197
Outlet Temp: 211
Pump Press: 700
Surge Tank Press: 310
Surge Tank Level: 4
Fuel Gas Press: 810
Stack Temp: 219
Flame Condition: Blue / Orange
Shift: Day
Month: Jun
Day: 19
Year: 2021
Attachment: 
Encoding: HTML
========================================

