$@MID@$: 2685
Date: Sat, 12 Jun 2021 00:15:13 -0600
Author: Blaine Harris
Flow: 235
Inlet Temp: 194
Outlet Temp: 210
Pump Press: 700
Surge Tank Press: 308
Surge Tank Level: 3.5
Fuel Gas Press: 800
Stack Temp: 220
Flame Condition: Blue / Orange
Shift: Day
Month: Jun
Day: 11
Year: 2021
Attachment: 
Encoding: HTML
========================================

$@MID@$: 2686
Date: Sat, 12 Jun 2021 17:03:41 -0600
Author: Tye Mastre
Flow: 230
Inlet Temp: 197
Outlet Temp: 209
Pump Press: 700
Surge Tank Press: 310
Surge Tank Level: 4
Fuel Gas Press: 800
Stack Temp: 218
Flame Condition: Blue / Orange
Shift: Day
Month: Jun
Day: 12
Year: 2021
Attachment: 
Encoding: HTML
========================================

$@MID@$: 2687
Date: Sat, 12 Jun 2021 22:34:52 -0600
Author: Blaine Harris
Flow: 234
Inlet Temp: 197
Outlet Temp: 210
Pump Press: 700
Surge Tank Press: 305
Surge Tank Level: 3.5
Fuel Gas Press: 790
Stack Temp: 220
Flame Condition: Blue / Orange
Shift: Night
Month: Jun
Day: 12
Year: 2021
Attachment: 
Encoding: HTML
========================================

