$@MID@$: 2775
Date: Wed, 28 Jul 2021 13:22:30 -0600
Author: Blaine Harris
Flow: 233
Inlet Temp: 198
Outlet Temp: 210
Pump Press: 700
Surge Tank Press: 310
Surge Tank Level: 6
Fuel Gas Press: 760
Stack Temp: 212
Flame Condition: Blue / Orange
Shift: Day
Month: Jul
Day: 28
Year: 2021
Attachment: 
Encoding: HTML
========================================

$@MID@$: 2776
Date: Wed, 28 Jul 2021 19:47:24 -0600
Author: Kevin Nicol
Flow: 242
Inlet Temp: 198
Outlet Temp: 211
Pump Press: 700
Surge Tank Press: 300
Surge Tank Level: 6
Fuel Gas Press: 740
Stack Temp: 214
Flame Condition: Blue / Orange
Shift: Night
Month: Jul
Day: 28
Year: 2021
Attachment: 
Encoding: HTML
========================================

