$@MID@$: 2736
Date: Fri, 09 Jul 2021 00:09:56 -0600
Author: Blaine Harris
Flow: 241
Inlet Temp: 200
Outlet Temp: 211
Pump Press: 700
Surge Tank Press: 290
Surge Tank Level: 6
Fuel Gas Press: 760
Stack Temp: 213
Flame Condition: Blue / Orange
Shift: Night
Month: Jul
Day: 8
Year: 2021
Attachment: 
Encoding: HTML
========================================

$@MID@$: 2737
Date: Fri, 09 Jul 2021 16:44:39 -0600
Author: Tye Mastre
Flow: 237
Inlet Temp: 197
Outlet Temp: 211
Pump Press: 700
Surge Tank Press: 300
Surge Tank Level: 6
Fuel Gas Press: 800
Stack Temp: 217
Flame Condition: Blue / Orange
Shift: Day
Month: Jul
Day: 9
Year: 2021
Attachment: 
Encoding: HTML
========================================

