$@MID@$: 2734
Date: Thu, 08 Jul 2021 00:51:22 -0600
Author: Blaine Harris
Flow: 239
Inlet Temp: 198
Outlet Temp: 210
Pump Press: 700
Surge Tank Press: 300
Surge Tank Level: 6
Fuel Gas Press: 770
Stack Temp: 217
Flame Condition: Blue / Orange
Shift: Night
Month: Jul
Day: 7
Year: 2021
Attachment: 
Encoding: HTML
========================================

$@MID@$: 2735
Date: Thu, 08 Jul 2021 11:11:58 -0600
Author: Kyle Shute
Flow: 237
Inlet Temp: 197
Outlet Temp: 210
Pump Press: 700
Surge Tank Press: 310
Surge Tank Level: 6
Fuel Gas Press: 790
Stack Temp: 215
Flame Condition: Blue / Orange
Shift: Day
Month: Jul
Day: 8
Year: 2021
Attachment: 
Encoding: HTML
========================================

