$@MID@$: 2721
Date: Thu, 01 Jul 2021 12:49:59 -0600
Author: Tye Mastre
Flow: 239
Inlet Temp: 199
Outlet Temp: 210
Pump Press: 700
Surge Tank Press: 300
Surge Tank Level: 4
Fuel Gas Press: 840
Stack Temp: 211
Flame Condition: Blue / Orange
Shift: Day
Month: Jul
Day: 1
Year: 2021
Attachment: 
Encoding: HTML
========================================

$@MID@$: 2722
Date: Thu, 01 Jul 2021 19:56:29 -0600
Author: Kevin Nicol
Flow: 239
Inlet Temp: 199
Outlet Temp: 212
Pump Press: 700
Surge Tank Press: 295
Surge Tank Level: 4
Fuel Gas Press: 840
Stack Temp: 211
Flame Condition: Blue / Orange
Shift: Night
Month: Jul
Day: 1
Year: 2021
Attachment: 
Encoding: HTML
========================================

