$@MID@$: 2789
Date: Wed, 04 Aug 2021 17:02:51 -0600
Author: Tye Mastre
Flow: 231
Inlet Temp: 197
Outlet Temp: 210
Pump Press: 700
Surge Tank Press: 310
Surge Tank Level: 6
Fuel Gas Press: 745
Stack Temp: 213
Flame Condition: Blue / Orange
Shift: Day
Month: Aug
Day: 6
Year: 2021
Attachment: 
Encoding: HTML
========================================

$@MID@$: 2790
Date: Wed, 04 Aug 2021 23:17:42 -0600
Author: Blaine Harris
Flow: 243
Inlet Temp: 199
Outlet Temp: 210
Pump Press: 700
Surge Tank Press: 300
Surge Tank Level: 6
Fuel Gas Press: 730
Stack Temp: 213
Flame Condition: Blue / Orange
Shift: Night
Month: Aug
Day: 4
Year: 2021
Attachment: 
Encoding: HTML
========================================

