$@MID@$: 2818
Date: Thu, 19 Aug 2021 05:00:21 -0600
Author: Kyle Shute
Flow: 241
Inlet Temp: 198
Outlet Temp: 211
Pump Press: 700
Surge Tank Press: 305
Surge Tank Level: 6
Fuel Gas Press: 795
Stack Temp: 214
Flame Condition: Blue / Orange
Shift: Night
Month: Aug
Day: 18
Year: 2021
Attachment: 
Encoding: HTML
========================================

$@MID@$: 2819
Date: Thu, 19 Aug 2021 10:19:05 -0600
Author: Kyle Shute
Flow: 233
Inlet Temp: 197
Outlet Temp: 210
Pump Press: 700
Surge Tank Press: 310
Surge Tank Level: 6
Fuel Gas Press: 800
Stack Temp: 217
Flame Condition: Blue / Orange
Shift: Day
Month: Aug
Day: 19
Year: 2021
Attachment: 
Encoding: HTML
========================================

