$@MID@$: 2822
Date: Sat, 21 Aug 2021 04:54:33 -0600
Author: Tye Mastre
Flow: 239
Inlet Temp: 198
Outlet Temp: 211
Pump Press: 700
Surge Tank Press: 307
Surge Tank Level: 6
Fuel Gas Press: 795
Stack Temp: 218
Flame Condition: Blue / Orange
Shift: Night
Month: Aug
Day: 20
Year: 2021
Attachment: 
Encoding: HTML
========================================

$@MID@$: 2823
Date: Sat, 21 Aug 2021 16:18:58 -0600
Author: Ryan Gilgan
Flow: 230
Inlet Temp: 198
Outlet Temp: 209
Pump Press: 700
Surge Tank Press: 304
Surge Tank Level: 6
Fuel Gas Press: 800
Stack Temp: 215
Flame Condition: Blue / Orange
Shift: Day
Month: Aug
Day: 21
Year: 2021
Attachment: 
Encoding: HTML
========================================

