$@MID@$: 2857
Date: Wed, 08 Sep 2021 01:24:33 -0600
Author: Blaine Harris
Flow: 232
Inlet Temp: 200
Outlet Temp: 211
Pump Press: 700
Surge Tank Press: 310
Surge Tank Level: 6
Fuel Gas Press: 800
Stack Temp: 213
Flame Condition: Blue / Orange
Shift: Night
Month: Sep
Day: 7
Year: 2021
Attachment: 
Encoding: HTML
========================================

$@MID@$: 2858
Date: Wed, 08 Sep 2021 12:41:09 -0600
Author: Kevin Nicol
Flow: 229
Inlet Temp: 197
Outlet Temp: 209
Pump Press: 700
Surge Tank Press: 315
Surge Tank Level: 6
Fuel Gas Press: 800
Stack Temp: 217
Flame Condition: Blue / Orange
Shift: Day
Month: Sep
Day: 8
Year: 2021
Attachment: 
Encoding: HTML
========================================

$@MID@$: 2859
Date: Wed, 08 Sep 2021 23:39:11 -0600
Author: Ryan Gilgan
Flow: 233
Inlet Temp: 198
Outlet Temp: 211
Pump Press: 700
Surge Tank Press: 310
Surge Tank Level: 6
Fuel Gas Press: 800
Stack Temp: 217
Flame Condition: Blue / Orange
Shift: Night
Month: Aug
Day: 8
Year: 2021
Attachment: 
Encoding: HTML
========================================

