$@MID@$: 2942
Date: Sun, 24 Oct 2021 15:34:43 -0600
Author: Chad Quinn
Flow: 230
Inlet Temp: 199
Outlet Temp: 209
Pump Press: 310
Surge Tank Press: 330
Surge Tank Level: 5
Fuel Gas Press: 810
Stack Temp: 210
Flame Condition: Blue / Orange
Shift: Day
Month: Oct
Day: 24
Year: 2021
Attachment: 
Encoding: HTML
========================================

$@MID@$: 2943
Date: Sun, 24 Oct 2021 20:23:30 -0600
Author: Kevin Nicol
Flow: 234
Inlet Temp: 200
Outlet Temp: 211
Pump Press: 720
Surge Tank Press: 310
Surge Tank Level: 6
Fuel Gas Press: 810
Stack Temp: 206
Flame Condition: Blue / Orange
Shift: Night
Month: Oct
Day: 24
Year: 2021
Attachment: 
Encoding: HTML
========================================

