$@MID@$: 2902
Date: Mon, 04 Oct 2021 00:01:19 -0600
Author: Blaine Harris
Flow: 232
Inlet Temp: 198
Outlet Temp: 209
Pump Press: 700
Surge Tank Press: 315
Surge Tank Level: 6
Fuel Gas Press: 820
Stack Temp: 210
Flame Condition: Blue / Orange
Shift: Night
Month: Oct
Day: 3
Year: 2021
Attachment: 
Encoding: HTML
========================================

$@MID@$: 2903
Date: Mon, 04 Oct 2021 07:42:11 -0600
Author: Tye Mastre
Flow: 231
Inlet Temp: 197
Outlet Temp: 209
Pump Press: 700
Surge Tank Press: 323
Surge Tank Level: 6
Fuel Gas Press: 820
Stack Temp: 207
Flame Condition: Blue / Orange
Shift: Day
Month: Oct
Day: 4
Year: 2021
Attachment: 
Encoding: HTML
========================================

$@MID@$: 2904
Date: Mon, 04 Oct 2021 21:12:43 -0600
Author: Blaine Harris
Flow: 232
Inlet Temp: 198
Outlet Temp: 211
Pump Press: 700
Surge Tank Press: 315
Surge Tank Level: 6
Fuel Gas Press: 830
Stack Temp: 210
Flame Condition: Blue / Orange
Shift: Night
Month: Oct
Day: 4
Year: 2021
Attachment: 
Encoding: HTML
========================================

