$@MID@$: 2994
Date: Sun, 21 Nov 2021 00:50:07 -0700
Author: Blaine Harris
Flow: 231
Inlet Temp: 199
Outlet Temp: 209
Pump Press: 720
Surge Tank Press: 325
Surge Tank Level: 5
Fuel Gas Press: 840
Stack Temp: 208
Flame Condition: Blue / Orange
Shift: Night
Month: Nov
Day: 20
Year: 2021
Attachment: 
Encoding: HTML
========================================

$@MID@$: 2995
Date: Sun, 21 Nov 2021 16:33:08 -0700
Author: Kyle Shute
Flow: 231
Inlet Temp: 197
Outlet Temp: 212
Pump Press: 720
Surge Tank Press: 321
Surge Tank Level: 5
Fuel Gas Press: 840
Stack Temp: 209
Flame Condition: Blue / Orange
Shift: Day
Month: Nov
Day: 21
Year: 2021
Attachment: 
Encoding: HTML
========================================

$@MID@$: 2996
Date: Sun, 21 Nov 2021 22:40:21 -0700
Author: Blaine Harris
Flow: 235
Inlet Temp: 199
Outlet Temp: 210
Pump Press: 720
Surge Tank Press: 312
Surge Tank Level: 5
Fuel Gas Press: 840
Stack Temp: 207
Flame Condition: Blue / Orange
Shift: Night
Month: Nov
Day: 21
Year: 2021
Attachment: 
Encoding: HTML
========================================

