$@MID@$: 2982
Date: Sun, 14 Nov 2021 00:15:07 -0700
Author: Jordan Wilson
Flow: 226
Inlet Temp: 201
Outlet Temp: 211
Pump Press: 720
Surge Tank Press: 316
Surge Tank Level: 5
Fuel Gas Press: 820
Stack Temp: 208
Flame Condition: Blue / Orange
Shift: Night
Month: Nov
Day: 13
Year: 2021
Attachment: 
Encoding: HTML
========================================

$@MID@$: 2983
Date: Sun, 14 Nov 2021 23:16:19 -0700
Author: Jordan Wilson
Flow: 229
Inlet Temp: 200
Outlet Temp: 211
Pump Press: 720
Surge Tank Press: 315
Surge Tank Level: 5
Fuel Gas Press: 820
Stack Temp: 208
Flame Condition: Blue / Orange
Shift: Night
Month: Nov
Day: 14
Year: 2021
Attachment: 
Encoding: HTML
========================================

