$@MID@$: 3073
Date: Fri, 31 Dec 2021 04:22:39 -0700
Author: Ryan Gilgan
Flow: 227
Inlet Temp: 200
Outlet Temp: 211
Pump Press: 730
Surge Tank Press: 330
Surge Tank Level: 5
Fuel Gas Press: 780
Stack Temp: 213
Flame Condition: Blue / Orange
Shift: Night
Month: Dec
Day: 30
Year: 2021
Attachment: 
Encoding: HTML
========================================

$@MID@$: 3074
Date: Fri, 31 Dec 2021 07:47:49 -0700
Author: Kevin Nicol
Flow: 223
Inlet Temp: 202
Outlet Temp: 208
Pump Press: 740
Surge Tank Press: 325
Surge Tank Level: 5
Fuel Gas Press: 800
Stack Temp: 208
Flame Condition: Blue / Orange
Shift: Day
Month: Dec
Day: 31
Year: 2021
Attachment: 
Encoding: HTML
========================================

$@MID@$: 3075
Date: Fri, 31 Dec 2021 21:01:47 -0700
Author: Ryan Gilgan
Flow: 226
Inlet Temp: 200
Outlet Temp: 209
Pump Press: 740
Surge Tank Press: 330
Surge Tank Level: 5
Fuel Gas Press: 800
Stack Temp: 212
Flame Condition: Blue / Orange
Shift: Night
Month: Dec
Day: 31
Year: 2021
Attachment: 
Encoding: HTML
========================================

