$@MID@$: 3047
Date: Fri, 17 Dec 2021 16:40:22 -0700
Author: Ryan Gilgan
Flow: 232
Inlet Temp: 200
Outlet Temp: 209
Pump Press: 720
Surge Tank Press: 332
Surge Tank Level: 5
Fuel Gas Press: 825
Stack Temp: 210
Flame Condition: Blue / Orange
Shift: Day
Month: Dec
Day: 17
Year: 2021
Attachment: 
Encoding: HTML
========================================

$@MID@$: 3048
Date: Fri, 17 Dec 2021 20:40:08 -0700
Author: Kevin Nicol
Flow: 228
Inlet Temp: 200
Outlet Temp: 212
Pump Press: 740
Surge Tank Press: 330
Surge Tank Level: 5
Fuel Gas Press: 840
Stack Temp: 207
Flame Condition: Blue / Orange
Shift: Night
Month: Dec
Day: 17
Year: 2021
Attachment: 
Encoding: HTML
========================================

