$@MID@$: 3040
Date: Tue, 14 Dec 2021 00:34:57 -0700
Author: Jordan Wilson
Flow: 230
Inlet Temp: 199
Outlet Temp: 210
Pump Press: 720
Surge Tank Press: 330
Surge Tank Level: 4.5
Fuel Gas Press: 820
Stack Temp: 211
Flame Condition: Blue / Orange
Shift: Night
Month: Dec
Day: 13
Year: 2021
Attachment: 
Encoding: HTML
========================================

$@MID@$: 3041
Date: Tue, 14 Dec 2021 13:37:46 -0700
Author: Ryan Gilgan
Flow: 227
Inlet Temp: 200
Outlet Temp: 210
Pump Press: 740
Surge Tank Press: 330
Surge Tank Level: 5
Fuel Gas Press: 840
Stack Temp: 208
Flame Condition: Blue / Orange
Shift: Day
Month: Dec
Day: 14
Year: 2021
Attachment: 
Encoding: HTML
========================================

$@MID@$: 3042
Date: Tue, 14 Dec 2021 20:59:33 -0700
Author: Kevin Nicol
Flow: 227
Inlet Temp: 200
Outlet Temp: 212
Pump Press: 740
Surge Tank Press: 340
Surge Tank Level: 5
Fuel Gas Press: 820
Stack Temp: 208
Flame Condition: Blue / Orange
Shift: Night
Month: Dec
Day: 14
Year: 2021
Attachment: 
Encoding: HTML
========================================

