$@MID@$: 3043
Date: Wed, 15 Dec 2021 14:14:02 -0700
Author: Ryan Gilgan
Flow: 222
Inlet Temp: 201
Outlet Temp: 210
Pump Press: 740
Surge Tank Press: 335
Surge Tank Level: 5
Fuel Gas Press: 840
Stack Temp: 211
Flame Condition: Blue / Orange
Shift: Day
Month: Dec
Day: 15
Year: 2021
Attachment: 
Encoding: HTML
========================================

$@MID@$: 3044
Date: Wed, 15 Dec 2021 20:07:55 -0700
Author: Kevin Nicol
Flow: 231
Inlet Temp: 197
Outlet Temp: 211
Pump Press: 740
Surge Tank Press: 335
Surge Tank Level: 5
Fuel Gas Press: 820
Stack Temp: 212
Flame Condition: Blue / Orange
Shift: Night
Month: Dec
Day: 15
Year: 2021
Attachment: 
Encoding: HTML
========================================

