$@MID@$: 1723
Date: Fri, 31 Jan 2020 05:07:21 -0700
Author: Dayton Mohr
Flow: 225
Inlet Temp: 192
Outlet Temp: 210
Pump Press: 640
Surge Tank Press: 325
Surge Tank Level: 7
Fuel Gas Press: 790
Stack Temp: 226
Flame Condition: Blue
Shift: Night
Month: Jan
Day: 30
Year: 2020
Attachment: 
Encoding: HTML
========================================

$@MID@$: 1724
Date: Fri, 31 Jan 2020 07:55:53 -0700
Author: Kevin Nicol
Flow: 229
Inlet Temp: 195
Outlet Temp: 210
Pump Press: 640
Surge Tank Press: 330
Surge Tank Level: 6
Fuel Gas Press: 780
Stack Temp: 220
Flame Condition: Blue
Shift: Day
Month: Jan
Day: 31
Year: 2020
Attachment: 
Encoding: HTML
========================================

