$@MID@$: 1702
Date: Sat, 18 Jan 2020 16:36:18 -0700
Author: Ryan Gilgan
Flow: 227
Inlet Temp: 195
Outlet Temp: 208
Pump Press: 640
Surge Tank Press: 355
Surge Tank Level: 6
Fuel Gas Press: 760
Stack Temp: 219
Flame Condition: Blue / Orange
Shift: Day
Month: Jan
Day: 18
Year: 2020
Attachment: 
Encoding: HTML
========================================

$@MID@$: 1703
Date: Sat, 18 Jan 2020 19:41:37 -0700
Author: Kevin Nicol
Flow: 226
Inlet Temp: 193
Outlet Temp: 210
Pump Press: 760
Surge Tank Press: 350
Surge Tank Level: 6
Fuel Gas Press: 760
Stack Temp: 217
Flame Condition: Blue
Shift: Night
Month: Jan
Day: 18
Year: 2020
Attachment: 
Encoding: HTML
========================================

