$@MID@$: 1713
Date: Sun, 26 Jan 2020 00:20:01 -0700
Author: Blaine Harris
Flow: 227
Inlet Temp: 192
Outlet Temp: 210
Pump Press: 650
Surge Tank Press: 330
Surge Tank Level: 6
Fuel Gas Press: 790
Stack Temp: 224
Flame Condition: Blue
Shift: Night
Month: Jan
Day: 25
Year: 2020
Attachment: 
Encoding: HTML
========================================

$@MID@$: 1714
Date: Sun, 26 Jan 2020 15:00:10 -0700
Author: Tye Mastre
Flow: 227
Inlet Temp: 191
Outlet Temp: 211
Pump Press: 620
Surge Tank Press: 335
Surge Tank Level: 6
Fuel Gas Press: 795
Stack Temp: 224
Flame Condition: Blue
Shift: Night
Month: Jan
Day: 26
Year: 2020
Attachment: 
Encoding: HTML
========================================

