$@MID@$: 1715
Date: Mon, 27 Jan 2020 00:02:20 -0700
Author: Blaine Harris
Flow: 229
Inlet Temp: 193
Outlet Temp: 211
Pump Press: 640
Surge Tank Press: 330
Surge Tank Level: 6
Fuel Gas Press: 800
Stack Temp: 222
Flame Condition: Blue
Shift: Night
Month: Jan
Day: 26
Year: 2020
Attachment: 
Encoding: HTML
========================================

$@MID@$: 1716
Date: Mon, 27 Jan 2020 16:45:24 -0700
Author: Tye Mastre
Flow: 223
Inlet Temp: 193
Outlet Temp: 211
Pump Press: 620
Surge Tank Press: 335
Surge Tank Level: 6
Fuel Gas Press: 790
Stack Temp: 224
Flame Condition: Blue
Shift: Day
Month: Jan
Day: 27
Year: 2020
Attachment: 
Encoding: HTML
========================================

$@MID@$: 1717
Date: Mon, 27 Jan 2020 20:35:34 -0700
Author: Dayton Mohr
Flow: 226
Inlet Temp: 194
Outlet Temp: 209
Pump Press: 630
Surge Tank Press: 325
Surge Tank Level: 6
Fuel Gas Press: 790
Stack Temp: 223
Flame Condition: Blue
Shift: Night
Month: Jan
Day: 27
Year: 2020
Attachment: 
Encoding: HTML
========================================

