$@MID@$: 1755
Date: Sun, 16 Feb 2020 00:27:38 -0700
Author: Ryan Gilgan
Flow: 245
Inlet Temp: 198
Outlet Temp: 210
Pump Press: 700
Surge Tank Press: 330
Surge Tank Level: 5
Fuel Gas Press: 795
Stack Temp: 219
Flame Condition: Blue / Orange
Shift: Night
Month: Feb
Day: 15
Year: 2020
Attachment: 
Encoding: HTML
========================================

$@MID@$: 1756
Date: Sun, 16 Feb 2020 16:48:24 -0700
Author: Dayton Mohr
Flow: 244
Inlet Temp: 195
Outlet Temp: 210
Pump Press: 700
Surge Tank Press: 330
Surge Tank Level: 5
Fuel Gas Press: 800
Stack Temp: 221
Flame Condition: Blue
Shift: Day
Month: Feb
Day: 16
Year: 2020
Attachment: 
Encoding: HTML
========================================

