$@MID@$: 1741
Date: Sun, 09 Feb 2020 05:12:43 -0700
Author: ryan blair
Flow: 243
Inlet Temp: 197
Outlet Temp: 211
Pump Press: 690
Surge Tank Press: 335
Surge Tank Level: 3
Fuel Gas Press: 800
Stack Temp: 220
Flame Condition: Blue / Orange
Shift: Night
Month: Feb
Day: 8
Year: 2020
Attachment: 
Encoding: HTML
========================================

$@MID@$: 1742
Date: Sun, 09 Feb 2020 15:18:38 -0700
Author: Kyle Shute
Flow: 244
Inlet Temp: 197
Outlet Temp: 210
Pump Press: 700
Surge Tank Press: 325
Surge Tank Level: 4
Fuel Gas Press: 795
Stack Temp: 217
Flame Condition: Blue / Orange
Shift: Day
Month: Feb
Day: 9
Year: 2020
Attachment: 
Encoding: HTML
========================================

