$@MID@$: 1823
Date: Sun, 22 Mar 2020 01:34:19 -0600
Author: ryan blair
Flow: 246
Inlet Temp: 196
Outlet Temp: 209
Pump Press: 700
Surge Tank Press: 330
Surge Tank Level: 4
Fuel Gas Press: 705
Stack Temp: 218
Flame Condition: Orange
Shift: Night
Month: Mar
Day: 21
Year: 2020
Attachment: 
Encoding: HTML
========================================

$@MID@$: 1824
Date: Sun, 22 Mar 2020 09:36:04 -0600
Author: Kyle Shute
Flow: 242
Inlet Temp: 195
Outlet Temp: 212
Pump Press: 710
Surge Tank Press: 330
Surge Tank Level: 5
Fuel Gas Press: 710
Stack Temp: 221
Flame Condition: Blue / Orange
Shift: Day
Month: Mar
Day: 22
Year: 2020
Attachment: 
Encoding: HTML
========================================

