$@MID@$: 1849
Date: Sun, 05 Apr 2020 01:51:19 -0600
Author: Tye Mastre
Flow: 246
Inlet Temp: 196
Outlet Temp: 211
Pump Press: 710
Surge Tank Press: 330
Surge Tank Level: 5
Fuel Gas Press: 705
Stack Temp: 214
Flame Condition: Blue / Orange
Shift: Night
Month: Apr
Day: 4
Year: 2020
Attachment: 
Encoding: HTML
========================================

$@MID@$: 1850
Date: Sun, 05 Apr 2020 12:52:26 -0600
Author: ryan blair
Flow: 244
Inlet Temp: 196
Outlet Temp: 210
Pump Press: 710
Surge Tank Press: 335
Surge Tank Level: 5
Fuel Gas Press: 700
Stack Temp: 217
Flame Condition: Blue / Orange
Shift: Day
Month: Apr
Day: 5
Year: 2020
Attachment: 
Encoding: HTML
========================================

