$@MID@$: 1843
Date: Thu, 02 Apr 2020 01:39:49 -0600
Author: Ryan Gilgan
Flow: 247
Inlet Temp: 197
Outlet Temp: 210
Pump Press: 720
Surge Tank Press: 340
Surge Tank Level: 5
Fuel Gas Press: 700
Stack Temp: 215
Flame Condition: Blue / Orange
Shift: Night
Month: Apr
Day: 1
Year: 2020
Attachment: 
Encoding: HTML
========================================

$@MID@$: 1844
Date: Thu, 02 Apr 2020 09:27:23 -0600
Author: ryan blair
Flow: 243
Inlet Temp: 196
Outlet Temp: 211
Pump Press: 690
Surge Tank Press: 330
Surge Tank Level: 4
Fuel Gas Press: 710
Stack Temp: 217
Flame Condition: Blue / Orange
Shift: Day
Month: Apr
Day: 2
Year: 2020
Attachment: 
Encoding: HTML
========================================

