$@MID@$: 1908
Date: Tue, 05 May 2020 05:17:03 -0600
Author: ryan blair
Flow: 240
Inlet Temp: 205
Outlet Temp: 210
Pump Press: 715
Surge Tank Press: 315
Surge Tank Level: 5
Fuel Gas Press: 790
Stack Temp: 192
Flame Condition: Blue / Orange
Shift: Night
Month: May
Day: 4
Year: 2020
Attachment: 
Encoding: HTML
========================================

$@MID@$: 1909
Date: Tue, 05 May 2020 16:51:34 -0600
Author: Blaine Harris
Flow: 240
Inlet Temp: 205
Outlet Temp: 210
Pump Press: 710
Surge Tank Press: 320
Surge Tank Level: 5
Fuel Gas Press: 790
Stack Temp: 193
Flame Condition: Blue / Orange
Shift: Day
Month: Apr
Day: 5
Year: 2020
Attachment: 
Encoding: HTML
========================================

$@MID@$: 1910
Date: Tue, 05 May 2020 22:12:54 -0600
Author: ryan blair
Flow: 243
Inlet Temp: 204
Outlet Temp: 209
Pump Press: 705
Surge Tank Press: 310
Surge Tank Level: 5
Fuel Gas Press: 795
Stack Temp: 192
Flame Condition: Blue / Orange
Shift: Night
Month: May
Day: 5
Year: 2020
Attachment: 
Encoding: HTML
========================================

