$@MID@$: 1924
Date: Wed, 13 May 2020 04:57:16 -0600
Author: Ryan Gilgan
Flow: 240
Inlet Temp: 205
Outlet Temp: 210
Pump Press: 720
Surge Tank Press: 315
Surge Tank Level: 5
Fuel Gas Press: 800
Stack Temp: 195
Flame Condition: Blue / Orange
Shift: Night
Month: May
Day: 12
Year: 2020
Attachment: 
Encoding: HTML
========================================

$@MID@$: 1925
Date: Wed, 13 May 2020 07:09:27 -0600
Author: Dayton Mohr
Flow: 239
Inlet Temp: 206
Outlet Temp: 211
Pump Press: 720
Surge Tank Press: 325
Surge Tank Level: 5
Fuel Gas Press: 800
Stack Temp: 195
Flame Condition: Blue / Orange
Shift: Day
Month: May
Day: 13
Year: 2020
Attachment: 
Encoding: HTML
========================================

