$@MID@$: 1928
Date: Fri, 15 May 2020 04:55:00 -0600
Author: Tye Mastre
Flow: 240
Inlet Temp: 205
Outlet Temp: 210
Pump Press: 715
Surge Tank Press: 318
Surge Tank Level: 6
Fuel Gas Press: 800
Stack Temp: 195
Flame Condition: Blue / Orange
Shift: Night
Month: May
Day: 14
Year: 2020
Attachment: 
Encoding: HTML
========================================

$@MID@$: 1929
Date: Fri, 15 May 2020 15:54:53 -0600
Author: ryan blair
Flow: 240
Inlet Temp: 205
Outlet Temp: 210
Pump Press: 715
Surge Tank Press: 312
Surge Tank Level: 5
Fuel Gas Press: 795
Stack Temp: 199
Flame Condition: Blue / Orange
Shift: Day
Month: May
Day: 15
Year: 2020
Attachment: 
Encoding: HTML
========================================

