$@MID@$: 1904
Date: Sun, 03 May 2020 05:06:40 -0600
Author: ryan blair
Flow: 240
Inlet Temp: 205
Outlet Temp: 210
Pump Press: 710
Surge Tank Press: 310
Surge Tank Level: 5
Fuel Gas Press: 790
Stack Temp: 193
Flame Condition: Blue / Orange
Shift: Night
Month: May
Day: 2
Year: 2020
Attachment: 
Encoding: HTML
========================================

$@MID@$: 1905
Date: Sun, 03 May 2020 16:07:33 -0600
Author: Blaine Harris
Flow: 240
Inlet Temp: 205
Outlet Temp: 210
Pump Press: 710
Surge Tank Press: 310
Surge Tank Level: 5
Fuel Gas Press: 790
Stack Temp: 192
Flame Condition: Blue / Orange
Shift: Day
Month: May
Day: 3
Year: 2020
Attachment: 
Encoding: HTML
========================================

