$@MID@$: 1994
Date: Fri, 19 Jun 2020 04:57:03 -0600
Author: Ryan Gilgan
Flow: 240
Inlet Temp: 206
Outlet Temp: 210
Pump Press: 720
Surge Tank Press: 310
Surge Tank Level: 6
Fuel Gas Press: 790
Stack Temp: 195
Flame Condition: Blue / Orange
Shift: Night
Month: Jun
Day: 18
Year: 2020
Attachment: 
Encoding: HTML
========================================

$@MID@$: 1995
Date: Fri, 19 Jun 2020 16:53:08 -0600
Author: Dayton Mohr
Flow: 245
Inlet Temp: 205
Outlet Temp: 210
Pump Press: 720
Surge Tank Press: 310
Surge Tank Level: 5
Fuel Gas Press: 780
Stack Temp: 196
Flame Condition: Blue / Orange
Shift: Day
Month: Jun
Day: 19
Year: 2020
Attachment: 
Encoding: HTML
========================================

