$@MID@$: 1984
Date: Sun, 14 Jun 2020 05:06:05 -0600
Author: ryan blair
Flow: 240
Inlet Temp: 207
Outlet Temp: 210
Pump Press: 710
Surge Tank Press: 315
Surge Tank Level: 4
Fuel Gas Press: 795
Stack Temp: 193
Flame Condition: Blue / Orange
Shift: Night
Month: Jun
Day: 14
Year: 2020
Attachment: 
Encoding: HTML
========================================

$@MID@$: 1985
Date: Sun, 14 Jun 2020 16:52:18 -0600
Author: Blaine Harris
Flow: 240
Inlet Temp: 205
Outlet Temp: 210
Pump Press: 700
Surge Tank Press: 310
Surge Tank Level: 6
Fuel Gas Press: 800
Stack Temp: 193
Flame Condition: Blue / Orange
Shift: Day
Month: Jun
Day: 14
Year: 2020
Attachment: 
Encoding: HTML
========================================

