$@MID@$: 2012
Date: Sun, 28 Jun 2020 04:47:50 -0600
Author: Tye Mastre
Flow: 240
Inlet Temp: 205
Outlet Temp: 210
Pump Press: 710
Surge Tank Press: 315
Surge Tank Level: 6
Fuel Gas Press: 780
Stack Temp: 195
Flame Condition: Orange
Shift: Night
Month: Jun
Day: 27
Year: 2020
Attachment: 
Encoding: HTML
========================================

$@MID@$: 2013
Date: Sun, 28 Jun 2020 16:55:35 -0600
Author: Blaine Harris
Flow: 240
Inlet Temp: 205
Outlet Temp: 210
Pump Press: 700
Surge Tank Press: 315
Surge Tank Level: 6
Fuel Gas Press: 780
Stack Temp: 193
Flame Condition: Blue / Orange
Shift: Day
Month: Jun
Day: 28
Year: 2020
Attachment: 
Encoding: HTML
========================================

