$@MID@$: 2014
Date: Mon, 29 Jun 2020 03:28:16 -0600
Author: Tye Mastre
Flow: 239
Inlet Temp: 205
Outlet Temp: 210
Pump Press: 710
Surge Tank Press: 315
Surge Tank Level: 6
Fuel Gas Press: 780
Stack Temp: 197
Flame Condition: Orange
Shift: Night
Month: Jun
Day: 28
Year: 2020
Attachment: 
Encoding: HTML
========================================

$@MID@$: 2015
Date: Mon, 29 Jun 2020 16:17:24 -0600
Author: Ryan Gilgan
Flow: 239
Inlet Temp: 206
Outlet Temp: 211
Pump Press: 710
Surge Tank Press: 315
Surge Tank Level: 6
Fuel Gas Press: 780
Stack Temp: 195
Flame Condition: Blue / Orange
Shift: Day
Month: Jun
Day: 29
Year: 2020
Attachment: 
Encoding: HTML
========================================

$@MID@$: 2016
Date: Mon, 29 Jun 2020 23:56:51 -0600
Author: Tye Mastre
Flow: 240
Inlet Temp: 205
Outlet Temp: 210
Pump Press: 710
Surge Tank Press: 315
Surge Tank Level: 6
Fuel Gas Press: 780
Stack Temp: 196
Flame Condition: Orange
Shift: Night
Month: Jun
Day: 29
Year: 2020
Attachment: 
Encoding: HTML
========================================

