$@MID@$: 2046
Date: Thu, 16 Jul 2020 04:39:15 -0600
Author: Ryan Gilgan
Flow: 239
Inlet Temp: 206
Outlet Temp: 210
Pump Press: 700
Surge Tank Press: 310
Surge Tank Level: 4
Fuel Gas Press: 800
Stack Temp: 190
Flame Condition: Blue / Orange
Shift: Night
Month: Jul
Day: 15
Year: 2020
Attachment: 
Encoding: HTML
========================================

$@MID@$: 2047
Date: Thu, 16 Jul 2020 08:16:10 -0600
Author: Dayton Mohr
Flow: 239
Inlet Temp: 206
Outlet Temp: 210
Pump Press: 700
Surge Tank Press: 315
Surge Tank Level: 4
Fuel Gas Press: 800
Stack Temp: 188
Flame Condition: Blue / Orange
Shift: Day
Month: Jul
Day: 16
Year: 2020
Attachment: 
Encoding: HTML
========================================

