$@MID@$: 2040
Date: Mon, 13 Jul 2020 02:14:10 -0600
Author: Blaine Harris
Flow: 242
Inlet Temp: 207
Outlet Temp: 211
Pump Press: 700
Surge Tank Press: 315
Surge Tank Level: 4
Fuel Gas Press: 810
Stack Temp: 189
Flame Condition: Blue / Orange
Shift: Night
Month: Jul
Day: 12
Year: 2020
Attachment: 
Encoding: HTML
========================================

$@MID@$: 2041
Date: Mon, 13 Jul 2020 09:23:59 -0600
Author: Tye Mastre
Flow: 242
Inlet Temp: 206
Outlet Temp: 210
Pump Press: 700
Surge Tank Press: 318
Surge Tank Level: 4
Fuel Gas Press: 800
Stack Temp: 190
Flame Condition: Orange
Shift: Day
Month: Jul
Day: 13
Year: 2020
Attachment: 
Encoding: HTML
========================================

