$@MID@$: 2113
Date: Thu, 20 Aug 2020 05:01:23 -0600
Author: Ryan Gilgan
Flow: 243
Inlet Temp: 196
Outlet Temp: 210
Pump Press: 710
Surge Tank Press: 315
Surge Tank Level: 3
Fuel Gas Press: 790
Stack Temp: 217
Flame Condition: Blue / Orange
Shift: Night
Month: Aug
Day: 19
Year: 2020
Attachment: 
Encoding: HTML
========================================

$@MID@$: 2114
Date: Thu, 20 Aug 2020 13:50:57 -0600
Author: Kyle Shute
Flow: 247
Inlet Temp: 197
Outlet Temp: 211
Pump Press: 710
Surge Tank Press: 320
Surge Tank Level: 3
Fuel Gas Press: 780
Stack Temp: 221
Flame Condition: Blue / Orange
Shift: Day
Month: Aug
Day: 20
Year: 2020
Attachment: 
Encoding: HTML
========================================

