$@MID@$: 2128
Date: Fri, 28 Aug 2020 05:09:01 -0600
Author: Dayton Mohr
Flow: 243
Inlet Temp: 198
Outlet Temp: 210
Pump Press: 700
Surge Tank Press: 320
Surge Tank Level: 3
Fuel Gas Press: 790
Stack Temp: 218
Flame Condition: Blue / Orange
Shift: Night
Month: Aug
Day: 27
Year: 2020
Attachment: 
Encoding: HTML
========================================

$@MID@$: 2129
Date: Fri, 28 Aug 2020 17:02:30 -0600
Author: Ryan Gilgan
Flow: 244
Inlet Temp: 197
Outlet Temp: 210
Pump Press: 700
Surge Tank Press: 320
Surge Tank Level: 3
Fuel Gas Press: 780
Stack Temp: 223
Flame Condition: Blue
Shift: Day
Month: Aug
Day: 28
Year: 2020
Attachment: 
Encoding: HTML
========================================

$@MID@$: 2130
Date: Fri, 28 Aug 2020 23:48:41 -0600
Author: Dayton Mohr
Flow: 243
Inlet Temp: 197
Outlet Temp: 210
Pump Press: 700
Surge Tank Press: 320
Surge Tank Level: 3
Fuel Gas Press: 790
Stack Temp: 221
Flame Condition: Blue / Orange
Shift: Night
Month: Aug
Day: 28
Year: 2020
Attachment: 
Encoding: HTML
========================================

