$@MID@$: 2098
Date: Wed, 12 Aug 2020 04:59:25 -0600
Author: Ryan Gilgan
Flow: 244
Inlet Temp: 198
Outlet Temp: 210
Pump Press: 700
Surge Tank Press: 320
Surge Tank Level: 3
Fuel Gas Press: 800
Stack Temp: 219
Flame Condition: Blue / Orange
Shift: Night
Month: Aug
Day: 11
Year: 2020
Attachment: 
Encoding: HTML
========================================

$@MID@$: 2099
Date: Wed, 12 Aug 2020 17:15:24 -0600
Author: Dayton Mohr
Flow: 243
Inlet Temp: 195
Outlet Temp: 210
Pump Press: 720
Surge Tank Press: 325
Surge Tank Level: 3
Fuel Gas Press: 790
Stack Temp: 217
Flame Condition: Blue / Orange
Shift: Day
Month: Aug
Day: 12
Year: 2020
Attachment: 
Encoding: HTML
========================================

