$@MID@$: 2182
Date: Wed, 23 Sep 2020 03:29:09 -0600
Author: Dayton Mohr
Flow: 244
Inlet Temp: 200
Outlet Temp: 209
Pump Press: 700
Surge Tank Press: 325
Surge Tank Level: 3
Fuel Gas Press: 800
Stack Temp: 221
Flame Condition: Blue / Orange
Shift: Night
Month: Sep
Day: 22
Year: 2020
Attachment: 
Encoding: HTML
========================================

$@MID@$: 2183
Date: Wed, 23 Sep 2020 17:25:14 -0600
Author: Ryan Gilgan
Flow: 245
Inlet Temp: 201
Outlet Temp: 210
Pump Press: 710
Surge Tank Press: 320
Surge Tank Level: 3
Fuel Gas Press: 760
Stack Temp: 223
Flame Condition: Blue / Orange
Shift: Day
Month: Sep
Day: 23
Year: 2020
Attachment: 
Encoding: HTML
========================================

$@MID@$: 2184
Date: Wed, 23 Sep 2020 21:44:10 -0600
Author: Dayton Mohr
Flow: 244
Inlet Temp: 195
Outlet Temp: 211
Pump Press: 710
Surge Tank Press: 320
Surge Tank Level: 3
Fuel Gas Press: 790
Stack Temp: 222
Flame Condition: Blue / Orange
Shift: Night
Month: Sep
Day: 23
Year: 2020
Attachment: 
Encoding: HTML
========================================

