$@MID@$: 2149
Date: Mon, 07 Sep 2020 16:53:54 -0600
Author: Kyle Shute
Flow: 243
Inlet Temp: 196
Outlet Temp: 209
Pump Press: 705
Surge Tank Press: 318
Surge Tank Level: 3
Fuel Gas Press: 795
Stack Temp: 219
Flame Condition: Blue / Orange
Shift: Day
Month: Sep
Day: 7
Year: 2020
Attachment: 
Encoding: HTML
========================================

$@MID@$: 2150
Date: Mon, 07 Sep 2020 23:13:49 -0600
Author: Blaine Harris
Flow: 245
Inlet Temp: 195
Outlet Temp: 210
Pump Press: 710
Surge Tank Press: 320
Surge Tank Level: 3
Fuel Gas Press: 800
Stack Temp: 222
Flame Condition: Blue / Orange
Shift: Night
Month: Sep
Day: 7
Year: 2020
Attachment: 
Encoding: HTML
========================================

