$@MID@$: 2212
Date: Sat, 10 Oct 2020 04:38:42 -0600
Author: Ryan Gilgan
Flow: 246
Inlet Temp: 196
Outlet Temp: 210
Pump Press: 700
Surge Tank Press: 320
Surge Tank Level: 3
Fuel Gas Press: 780
Stack Temp: 225
Flame Condition: Blue / Orange
Shift: Night
Month: Oct
Day: 9
Year: 2020
Attachment: 
Encoding: HTML
========================================

$@MID@$: 2213
Date: Sat, 10 Oct 2020 16:53:05 -0600
Author: Jordan Wilson
Flow: 244
Inlet Temp: 196
Outlet Temp: 209
Pump Press: 720
Surge Tank Press: 325
Surge Tank Level: 2
Fuel Gas Press: 780
Stack Temp: 225
Flame Condition: Blue / Orange
Shift: Day
Month: Oct
Day: 10
Year: 2020
Attachment: 
Encoding: HTML
========================================

