$@MID@$: 2230
Date: Mon, 19 Oct 2020 04:52:58 -0600
Author: Tye Mastre
Flow: 243
Inlet Temp: 194
Outlet Temp: 210
Pump Press: 720
Surge Tank Press: 335
Surge Tank Level: 3
Fuel Gas Press: 780
Stack Temp: 225
Flame Condition: Blue / Orange
Shift: Night
Month: Oct
Day: 18
Year: 2020
Attachment: 
Encoding: HTML
========================================

$@MID@$: 2231
Date: Mon, 19 Oct 2020 17:00:47 -0600
Author: Blaine Harris
Flow: 244
Inlet Temp: 196
Outlet Temp: 210
Pump Press: 720
Surge Tank Press: 330
Surge Tank Level: 3
Fuel Gas Press: 780
Stack Temp: 223
Flame Condition: Blue / Orange
Shift: Day
Month: Oct
Day: 19
Year: 2020
Attachment: 
Encoding: HTML
========================================

