$@MID@$: 2235
Date: Wed, 21 Oct 2020 17:09:58 -0600
Author: Ryan Gilgan
Flow: 243
Inlet Temp: 195
Outlet Temp: 210
Pump Press: 710
Surge Tank Press: 340
Surge Tank Level: 3
Fuel Gas Press: 790
Stack Temp: 212
Flame Condition: Blue / Orange
Shift: Night
Month: Oct
Day: 21
Year: 2020
Attachment: 
Encoding: HTML
========================================

$@MID@$: 2236
Date: Wed, 21 Oct 2020 23:37:24 -0600
Author: Jordan Wilson
Flow: 243
Inlet Temp: 193
Outlet Temp: 210
Pump Press: 720
Surge Tank Press: 330
Surge Tank Level: 2
Fuel Gas Press: 780
Stack Temp: 223
Flame Condition: Blue / Orange
Shift: Night
Month: Oct
Day: 21
Year: 2020
Attachment: 
Encoding: HTML
========================================

