$@MID@$: 2299
Date: Tue, 24 Nov 2020 16:44:52 -0700
Author: Tye Mastre
Flow: 244
Inlet Temp: 195
Outlet Temp: 210
Pump Press: 710
Surge Tank Press: 328
Surge Tank Level: 3
Fuel Gas Press: 760
Stack Temp: 228
Flame Condition: Blue / Orange
Shift: Day
Month: Nov
Day: 24
Year: 2020
Attachment: 
Encoding: HTML
========================================

$@MID@$: 2300
Date: Tue, 24 Nov 2020 21:46:36 -0700
Author: Jordan Wilson
Flow: 243
Inlet Temp: 195
Outlet Temp: 210
Pump Press: 720
Surge Tank Press: 330
Surge Tank Level: 3
Fuel Gas Press: 770
Stack Temp: 225
Flame Condition: Blue / Orange
Shift: Night
Month: Nov
Day: 24
Year: 2020
Attachment: 
Encoding: HTML
========================================

