$@MID@$: 2262
Date: Fri, 06 Nov 2020 04:33:01 -0700
Author: Ryan Gilgan
Flow: 246
Inlet Temp: 196
Outlet Temp: 210
Pump Press: 720
Surge Tank Press: 330
Surge Tank Level: 4
Fuel Gas Press: 780
Stack Temp: 221
Flame Condition: Blue / Orange
Shift: Night
Month: Nov
Day: 5
Year: 2020
Attachment: 
Encoding: HTML
========================================
<p>246</p>
$@MID@$: 2263
Date: Fri, 06 Nov 2020 06:58:19 -0700
Author: Kevin Nicol
Flow: 244
Inlet Temp: 194
Outlet Temp: 209
Pump Press: 720
Surge Tank Press: 330
Surge Tank Level: 3
Fuel Gas Press: 770
Stack Temp: 221
Flame Condition: Blue
Shift: Day
Month: Nov
Day: 6
Year: 2020
Attachment: 
Encoding: HTML
========================================

