$@MID@$: 2315
Date: Wed, 02 Dec 2020 09:48:52 -0700
Author: Jordan Wilson
Flow: 248
Inlet Temp: 193
Outlet Temp: 211
Pump Press: 720
Surge Tank Press: 325
Surge Tank Level: 3
Fuel Gas Press: 780
Stack Temp: 223
Flame Condition: Blue / Orange
Shift: Day
Month: Dec
Day: 2
Year: 2020
Attachment: 
Encoding: HTML
========================================

$@MID@$: 2316
Date: Wed, 02 Dec 2020 22:49:58 -0700
Author: Blaine Harris
Flow: 243
Inlet Temp: 194
Outlet Temp: 209
Pump Press: 720
Surge Tank Press: 330
Surge Tank Level: 3
Fuel Gas Press: 780
Stack Temp: 226
Flame Condition: Blue / Orange
Shift: Night
Month: Nov
Day: 2
Year: 2020
Attachment: 
Encoding: HTML
========================================

