$@MID@$: 2346
Date: Fri, 18 Dec 2020 16:58:21 -0700
Author: Ryan Gilgan
Flow: 244
Inlet Temp: 193
Outlet Temp: 212
Pump Press: 720
Surge Tank Press: 335
Surge Tank Level: 3
Fuel Gas Press: 720
Stack Temp: 223
Flame Condition: Blue / Orange
Shift: Day
Month: Dec
Day: 18
Year: 2020
Attachment: 
Encoding: HTML
========================================

$@MID@$: 2347
Date: Fri, 18 Dec 2020 19:34:57 -0700
Author: Kevin Nicol
Flow: 243
Inlet Temp: 195
Outlet Temp: 209
Pump Press: 720
Surge Tank Press: 325
Surge Tank Level: 3
Fuel Gas Press: 770
Stack Temp: 226
Flame Condition: Blue / Orange
Shift: Night
Month: Dec
Day: 18
Year: 2020
Attachment: 
Encoding: HTML
========================================

