$@MID@$: 2369
Date: Thu, 31 Dec 2020 04:46:57 -0700
Author: Ryan Gilgan
Flow: 246
Inlet Temp: 195
Outlet Temp: 210
Pump Press: 700
Surge Tank Press: 330
Surge Tank Level: 4
Fuel Gas Press: 760
Stack Temp: 224
Flame Condition: Blue / Orange
Shift: Night
Month: Dec
Day: 30
Year: 2020
Attachment: 
Encoding: HTML
========================================

$@MID@$: 2370
Date: Thu, 31 Dec 2020 09:06:50 -0700
Author: Kevin Nicol
Flow: 243
Inlet Temp: 192
Outlet Temp: 210
Pump Press: 720
Surge Tank Press: 330
Surge Tank Level: 4
Fuel Gas Press: 780
Stack Temp: 227
Flame Condition: Blue / Orange
Shift: Day
Month: Dec
Day: 31
Year: 2020
Attachment: 
Encoding: HTML
========================================

