$@MID@$: 3560
Date: Sun, 31 Jan 2021 04:50:04 -0700
Author: Ryan Gilgan
Shift: Night Shift
Operators: Ryan G | Dallas L
Shift Handover Meeting: Kevin N | Chad Q
Start of Shift Meeting: 
Plant Status: Steady
Equipment Outage: 
Filter Change: 
Pigging: 
Recycle Pumps: Production
Amine Concentration: 
Roustabout Utilization: 
Berm Water Samples Taken: No
Plant Process Discussion: Yes
Operational Targets: N/A
Overrides or Safeties Bypassed: N/A
Upcoming Activities: N/A
HSE Concerns: N/A
Regulatory Requirements: N/A
Staff Discussion: N/A
Weather & Effects on Operations: No
Permit Extensions/Critical Tasks: N/A
Attachment: 
Encoding: HTML
========================================
<p><strong><u>Weather:&nbsp; Beginning of shift -8, Morning temp -16.&nbsp; Clear.</u></strong></p>

<p>Sanitize control room at the start and end of shift.</p>

<p>Turned 2 speed fan to slow on C3 condenser.</p>

<p>Lowered K-203 temp set points from 35 to 33.</p>

<p>Put recycle back into production tank from boot.</p>

<p>Lowered Amine skim tank level.</p>

<p>&nbsp;</p>

<p>&nbsp;</p>
$@MID@$: 3561
Date: Sun, 31 Jan 2021 16:46:58 -0700
Author: Kevin Nicol
Shift: Day Shift
Operators: Kevin N | Chad Q
Shift Handover Meeting: Ryan G | Dallas L
Start of Shift Meeting: 
Plant Status: Steady
Equipment Outage: 
Filter Change: 
Pigging: 01-21
Recycle Pumps: Production
Amine Concentration: 
Roustabout Utilization: 
Berm Water Samples Taken: No
Plant Process Discussion: Yes
Operational Targets: N/A
Overrides or Safeties Bypassed: N/A
Upcoming Activities: N/A
HSE Concerns: N/A
Regulatory Requirements: N/A
Staff Discussion: N/A
Weather & Effects on Operations: Yes
Permit Extensions/Critical Tasks: N/A
Attachment: 
Encoding: HTML
========================================
<p>shut in 1-21 for a few hours for pigging line in the plant</p>

<p>production still down on 11-22, blocked in level on v-207 for a bit to buold up level and check the meter flow, seams good</p>

<p>PM&#39;s</p>

<p>worked on CMDS</p>

<p>C3 fan to fast, <strong>Due to warmer temps</strong></p>

<p>changed out soakers in gathering and topped up rag bins</p>

<p>Put up flashing to stop K-204 crank seal from misting on floor</p>

<p>Adjusted scale inhibitor pump rate</p>

<p>Cleaned up some master action list items</p>

<p>cleaned control room x2</p>

<p>&nbsp;</p>
$@MID@$: 3562
Date: Sun, 31 Jan 2021 23:17:23 -0700
Author: Ryan Gilgan
Shift: Night Shift
Operators: Ryan G | Dallas L
Shift Handover Meeting: Kevin N | Chad Q
Start of Shift Meeting: 
Plant Status: 
Equipment Outage: 
Filter Change: 
Pigging: 
Recycle Pumps: Production
Amine Concentration: 
Roustabout Utilization: 
Berm Water Samples Taken: No
Plant Process Discussion: Yes
Operational Targets: N/A
Overrides or Safeties Bypassed: N/A
Upcoming Activities: N/A
HSE Concerns: N/A
Regulatory Requirements: N/A
Staff Discussion: N/A
Weather & Effects on Operations: No
Permit Extensions/Critical Tasks: N/A
Attachment: 
Encoding: HTML
========================================
<p><strong><u>Weather:&nbsp; -5 on the start of shift and sunny, clear during the night -15 degrees.</u></strong></p>

<p>Sanitized control room in the beginning and end of shift.</p>

<p>Called PPL to get us to pump down due to high tank levels,&nbsp; weren&#39;t pumping due to monthly nomination limit.&nbsp;&nbsp; They started us up anyways.</p>

<p>Spare truck check completed and scanned away.</p>

<p>Put C3 condenser fan on slow. due to cooling off overnight.</p>

<p>Called Romeo to cover John for Braz tomorrow.</p>

<p>Sanitized night shift truck for handover with Romeo in the morning.</p>

<p>Cleaned control room.</p>

<p>Process analyzer taoe getting low, please monitor.</p>

<p>Put new month compressor logs by compressors and filled the last months.</p>

<p>Added Amine from overhead and increase water make up rate to get level up in reboiler.</p>

<p>Increase Amine regen tops temp from 38.5 to 39%.&nbsp; Losing tops temps dipping to 95 degrees.&nbsp; Suspect pad forming in reboiler.</p>
