$@MID@$: 3503
Date: Sun, 03 Jan 2021 04:59:53 -0700
Author: Ryan Gilgan
Shift: Night Shift
Operators: Ryan G | Jeff B
Shift Handover Meeting: Kevin N | Chad Q
Start of Shift Meeting: 
Plant Status: Steady
Equipment Outage: 
Filter Change: 
Pigging: 
Recycle Pumps: Production | Overflow
Amine Concentration: 
Roustabout Utilization: 
Berm Water Samples Taken: No
Plant Process Discussion: Yes
Operational Targets: N/A
Overrides or Safeties Bypassed: N/A
Upcoming Activities: N/A
HSE Concerns: N/A
Regulatory Requirements: N/A
Staff Discussion: N/A
Weather & Effects on Operations: No
Permit Extensions/Critical Tasks: N/A
Attachment: 
Encoding: HTML
========================================
<p>Santized control room 2x</p>

<p>Put C3 condenser 2 speed fan on fast</p>

<p>PPL shut off shortly after shift change.&nbsp; Equalized tanks.&nbsp; Kept both recycles in production tank.</p>

<p>Called PPL at 1am, Kept shipping at shift change, Put 1 recycle in the Overflow tank at 4am set &quot;B&quot; recycle at 120 m3/d ,and maxed out &quot;A&quot; in Production tank at 150m3/d.&nbsp;&nbsp; Density 778.</p>

<p>Pinched K-201 louvers.</p>

<p>&nbsp;</p>
$@MID@$: 3504
Date: Sun, 03 Jan 2021 17:05:42 -0700
Author: Kevin Nicol
Shift: Day Shift
Operators: Kevin N | Chad Q
Shift Handover Meeting: Ryan G | Jeff B
Start of Shift Meeting: 
Plant Status: Steady
Equipment Outage: 
Filter Change: 
Pigging: 
Recycle Pumps: Production | Overflow
Amine Concentration: 
Roustabout Utilization: 
Berm Water Samples Taken: No
Plant Process Discussion: Yes
Operational Targets: N/A
Overrides or Safeties Bypassed: N/A
Upcoming Activities: N/A
HSE Concerns: N/A
Regulatory Requirements: N/A
Staff Discussion: N/A
Weather & Effects on Operations: Yes
Permit Extensions/Critical Tasks: N/A
Attachment: 
Encoding: HTML
========================================
<p>&nbsp;06:40 pembina shut off on level at 2.8m</p>

<p>opened louvers on k201/202</p>

<p>09:00 field sent 8&quot; pig, phoned Pembina to pump before fluid hits</p>

<p>12:15 pembina shut in on density</p>

<p>finished weekend/monthly checks</p>

<p>trainning at Zeta</p>

<p>16:30 got Pembina to try shipping, shipped 10m3 and shut in on density</p>
