$@MID@$: 3540
Date: Thu, 21 Jan 2021 05:09:45 -0700
Author: Jordan Wilson
Shift: Night Shift
Operators: Bryan N | Jordan W
Shift Handover Meeting: Tye M | Kyle S
Start of Shift Meeting: 
Plant Status: Steady
Equipment Outage: 
Filter Change: 
Pigging: 
Recycle Pumps: Production
Amine Concentration: 
Roustabout Utilization: 
Berm Water Samples Taken: No
Plant Process Discussion: Yes
Operational Targets: N/A
Overrides or Safeties Bypassed: N/A
Upcoming Activities: N/A
HSE Concerns: N/A
Regulatory Requirements: N/A
Staff Discussion: N/A
Weather & Effects on Operations: No
Permit Extensions/Critical Tasks: N/A
Attachment: 
Encoding: HTML
========================================
<p>&nbsp;weather -5 degrees.&nbsp; wind at start of shift and died down throughout night.&nbsp; partially cloudy</p>

<p>-sanitize control room start and end of shift</p>

<p>-manually drain de-eth scrubber</p>

<p>-drain amine skim tank</p>

<p>-drain K-202 1st and 2nd stage scrubbers</p>

<p>-dump treater back water</p>

<p>-debut fans from 30-25 to help with some low pressure issues</p>

<p>-worked on CMDS</p>
$@MID@$: 3541
Date: Thu, 21 Jan 2021 17:18:02 -0700
Author: Tye Mastre
Shift: Day Shift
Operators: Tye M | Kyle S
Shift Handover Meeting: Jeff B | Jordan W
Start of Shift Meeting: Daren F | Tyson T | Devin N
Plant Status: Steady
Equipment Outage: 
Filter Change: 
Pigging: 05-21
Recycle Pumps: Production
Amine Concentration: 
Roustabout Utilization: 
Berm Water Samples Taken: No
Plant Process Discussion: Yes
Operational Targets: N/A
Overrides or Safeties Bypassed: Yes
Upcoming Activities: N/A
HSE Concerns: Yes
Regulatory Requirements: N/A
Staff Discussion: Yes
Weather & Effects on Operations: No
Permit Extensions/Critical Tasks: N/A
Attachment: 
Encoding: HTML
========================================
<p>Sanitized control room AM and PM.</p>

<p>K-5000 compressor service and cooler inspection. Shutdown, LOTO and BOL.</p>

<p>Targeted inspections for safe work permits, shift handover, Covid-19 protocol and start of shift meeting.</p>

<p>MOC initiation for safety imparment device bypass timers to be installed for all safety devices on DCS. Saved and ready for review.</p>

<p>Bypassed the &quot;acid gas pipeline startup bypass&quot; due to the K-5000 compressor service. Bypass was active for 1 hour and has been restored. FORM# 01101 filled out, signed off and filed.</p>

<p>Nightshift, there is a new spare fire extinguisher at the back door in the locker room. Can you check to see if it is needed in one of the nightshift trucks please.</p>

<p>Mark S sent the 6&quot; Dominion pig today.</p>

<p>14-03 Westbrick riser ESD closed today. Notified Wozzy (780-898-9400). He went and opened it back up. Was closed for approx 45 mins to an hour.</p>

<p>Manually dumped de eth suction scrubber.</p>

<p>Loaded up old generator from Nevis that was sitting in K-207 storage area onto mechanics trailer and Tyson hauled it off to the Cynthia plant.</p>

<p>Booked in admin spare truck for an oil change tomorrow. Will use the spare Bigoray Ford for the day, sanitize, and then return back to OK Tire.</p>

<p>Manually dumped K-203 and K-204 suction scrubber.</p>

<p>Added oil LPG lunricator canister.</p>

<p>Devin worked on K-203 shutdown checks.</p>

<p>&nbsp;</p>

<p>&nbsp;</p>

<p>&nbsp;</p>
