$@MID@$: 3591
Date: Mon, 15 Feb 2021 04:48:58 -0700
Author: Kevin Nicol
Shift: Day Shift
Operators: Kevin N | Bryan N
Shift Handover Meeting: Ryan G | Chad Q
Start of Shift Meeting: 
Plant Status: Steady
Equipment Outage: 
Filter Change: 
Pigging: 
Recycle Pumps: Overflow
Amine Concentration: 
Roustabout Utilization: 
Berm Water Samples Taken: No
Plant Process Discussion: Yes
Operational Targets: N/A
Overrides or Safeties Bypassed: N/A
Upcoming Activities: N/A
HSE Concerns: N/A
Regulatory Requirements: N/A
Staff Discussion: N/A
Weather & Effects on Operations: Yes
Permit Extensions/Critical Tasks: N/A
Attachment: 
Encoding: HTML
========================================
<p>cleaned the control room x2</p>

<p>put both recycles into the overflow</p>

<p>checked the valves and jack screws on BC3, all good</p>

<p>&nbsp;</p>

<p>&nbsp;</p>

<p>&nbsp;</p>
$@MID@$: 3592
Date: Mon, 15 Feb 2021 17:04:39 -0700
Author: Ryan Gilgan
Shift: Day Shift
Operators: Ryan G | Chad Q
Shift Handover Meeting: Kevin N | Bryan N
Start of Shift Meeting: 
Plant Status: Steady
Equipment Outage: 
Filter Change: 
Pigging: 
Recycle Pumps: Production | Overflow
Amine Concentration: 
Roustabout Utilization: 
Berm Water Samples Taken: No
Plant Process Discussion: Yes
Operational Targets: N/A
Overrides or Safeties Bypassed: N/A
Upcoming Activities: N/A
HSE Concerns: N/A
Regulatory Requirements: N/A
Staff Discussion: N/A
Weather & Effects on Operations: No
Permit Extensions/Critical Tasks: N/A
Attachment: 
Encoding: HTML
========================================
<p>Weather: -25 This morning warming up to -16.</p>

<p>Sanitize control room beginning and end of shift.</p>

<p>Rob hauled in Braz water</p>

<p>Sanitized truck for handover to the next shift.</p>

<p>Increased RO water make up rate from 20 to 23 to get elvel back in reboiler.</p>

<p>Obsidian well to V-207 shut in, line restriction causing plunger to not come up.&nbsp;&nbsp; He will work on it tomorrow.</p>
