$@MID@$: 3638
Date: Wed, 10 Mar 2021 04:54:19 -0700
Author: Kevin Nicol
Shift: Night Shift
Operators: Kevin N | Romeo T
Shift Handover Meeting: Ryan G | Kyle S
Start of Shift Meeting: 
Plant Status: Lost Compressor(s)
Equipment Outage: K-206
Filter Change: 
Pigging: 
Recycle Pumps: Production
Amine Concentration: 
Roustabout Utilization: 
Berm Water Samples Taken: No
Plant Process Discussion: Yes
Operational Targets: N/A
Overrides or Safeties Bypassed: N/A
Upcoming Activities: N/A
HSE Concerns: N/A
Regulatory Requirements: N/A
Staff Discussion: N/A
Weather & Effects on Operations: Yes
Permit Extensions/Critical Tasks: Yes
Attachment: 
Encoding: HTML
========================================
<p>C3 down at shift change, purged and started</p>

<p>Appex working on K204 at start of shift</p>

<p>added a bit of glycol.</p>

<p>increased the debut fans</p>

<p>cleaned and filled the breathing air pack</p>

<p>shut down k201 with the low gas flows</p>

<p>sales tape rang in low</p>

<p>03:00 K206 down on lubricator low flow, Chris N out to change the batteries on the no-flow switches</p>

<p>started k201 back up and swung k203 to k206 mode when k206 was down</p>

<p>shoveled snow</p>

<p>shut off a debut fan and put the C3 fan on slow</p>

<p>K206 back on at 04:30, all comps back to normal</p>

<p>&nbsp;</p>
$@MID@$: 3639
Date: Wed, 10 Mar 2021 17:16:04 -0700
Author: Ryan Gilgan
Shift: Day Shift
Operators: Ryan G | Kyle S
Shift Handover Meeting: Kevin N | Romeo T
Start of Shift Meeting: 
Plant Status: Steady
Equipment Outage: 
Filter Change: 
Pigging: 
Recycle Pumps: Production
Amine Concentration: 
Roustabout Utilization: 
Berm Water Samples Taken: No
Plant Process Discussion: Yes
Operational Targets: N/A
Overrides or Safeties Bypassed: N/A
Upcoming Activities: N/A
HSE Concerns: N/A
Regulatory Requirements: N/A
Staff Discussion: N/A
Weather & Effects on Operations: No
Permit Extensions/Critical Tasks: N/A
Attachment: 
Encoding: HTML
========================================
<p><u><strong>Weather -8 snowy in the morning warming up to 3 degrees this afternoon</strong></u></p>

<p>Sanitize control room start and end of shift</p>

<p>Apecs and Tyson working on K-204, K-204 up and running at the end of shift, Apecs and Tyson doing checks on it at shift handover.</p>

<p>K-205 has hot valves on Cylinder 2.&nbsp;&nbsp; Waiting for K-204 to be able to load before switching compressors.</p>

<p>K-204 in Sales mode.</p>

<p>CFL out to mag particle the piping scratch on De Butanizer.&nbsp;&nbsp;</p>

<p>Changed out sale analyzer tape</p>

<p>Miktike hauled out 2 loads of oil to Tervitta for Vermilion.</p>

<p>Pumped up wet leg on V-3101 for the top barrel.</p>

<p>Blew down K-204 scrubber.</p>

<p>&nbsp;</p>
