$@MID@$: 3658
Date: Sat, 20 Mar 2021 05:02:27 -0600
Author: Chad Quinn
Shift: Day Shift
Operators: Jordan W | Chad Q
Shift Handover Meeting: Tye M | Kyle S
Start of Shift Meeting: 
Plant Status: Steady
Equipment Outage: 
Filter Change: 
Pigging: 
Recycle Pumps: Production | Overflow
Amine Concentration: 
Roustabout Utilization: 
Berm Water Samples Taken: No
Plant Process Discussion: Yes
Operational Targets: N/A
Overrides or Safeties Bypassed: N/A
Upcoming Activities: N/A
HSE Concerns: N/A
Regulatory Requirements: N/A
Staff Discussion: N/A
Weather & Effects on Operations: No
Permit Extensions/Critical Tasks: N/A
Attachment: 
Encoding: HTML
========================================
<p><strong>Weather +5&deg;C to -2&deg;C clear</strong></p>

<p>-Shut off two speed condensor fan</p>

<p>Swung both recycles into production tank</p>

<p>Did slips and trips work site inspection for plant site</p>

<p>Worked on training guide sign offs and cmds</p>

<p>Miktye hauled out two loads of Oil</p>

<p>Dumped K-203 suction scrubber</p>
$@MID@$: 3659
Date: Sat, 20 Mar 2021 16:46:42 -0600
Author: Kyle Shute
Shift: Day Shift
Operators: Tye M | Kyle S
Shift Handover Meeting: Jordan W | Chad Q
Start of Shift Meeting: 
Plant Status: Steady
Equipment Outage: 
Filter Change: 
Pigging: 
Recycle Pumps: Production | Overflow
Amine Concentration: 
Roustabout Utilization: 
Berm Water Samples Taken: No
Plant Process Discussion: Yes
Operational Targets: N/A
Overrides or Safeties Bypassed: N/A
Upcoming Activities: N/A
HSE Concerns: N/A
Regulatory Requirements: N/A
Staff Discussion: Yes
Weather & Effects on Operations: No
Permit Extensions/Critical Tasks: N/A
Attachment: 
Encoding: HTML
========================================
<p><u><em><strong>-4&deg;C this morning, warmed up to 11&deg;C this afternoon cloudy and calm.</strong></em></u></p>

<p>- Duvera out to continue working on line drawings, assisted them as needed.</p>

<p>- Added half a barrel of oil to K-206 engine.</p>

<p>- Sanitized the control room at start and end of shift.</p>

<p>- Worked on weekend checks</p>

<ul>
	<li>Checked SCBA and SABA work pack pressures along with supplied air bottles.</li>
	<li>Checked chemical injection rates, adjusted M.P. header and L.P Header injection rates.</li>
	<li>Recycled from the boot</li>
	<li>Emptied the sufatreat knockout barrel.</li>
	<li>Pumped out the floor sump in the water plant</li>
</ul>

<p>- Turned on the C3 2 speed fan on &quot;slow&quot; this morning and shut it off at the end of the day.</p>

<p>- Tye went to Braz and did logs and books.</p>

<p>- PNA pig will be sent tomorrow, line is currently flowing through the pig trap.</p>

<p>- <strong>R.O. water was not delivered this morning due to the driver not being able to beat the road ban, he will be hauling it out tonight after 10:00PM, he already loaded water at Braz River this morning.</strong></p>

<p>- Manually dumped K-202 2nd stage suction and first stage suction scrubbers.</p>

<p>- Slowed down the debut overheads fan from 50 to 35.</p>

<p>- Drained the chiller de-oiler.</p>

<p>- Verified that all of the culverts for the holding ditches around the plant were not frozen, only one that is plugged is the culvert at the main gate, may need steamer.</p>

<p>&nbsp;</p>
