$@MID@$: 3640
Date: Thu, 11 Mar 2021 04:29:57 -0700
Author: Kevin Nicol
Shift: Night Shift
Operators: Kevin N | Romeo T
Shift Handover Meeting: Ryan G | Chad Q
Start of Shift Meeting: 
Plant Status: Steady | Lost Compressor(s)
Equipment Outage: K-202
Filter Change: 
Pigging: 
Recycle Pumps: Production
Amine Concentration: 
Roustabout Utilization: 
Berm Water Samples Taken: No
Plant Process Discussion: Yes
Operational Targets: N/A
Overrides or Safeties Bypassed: N/A
Upcoming Activities: N/A
HSE Concerns: N/A
Regulatory Requirements: N/A
Staff Discussion: N/A
Weather & Effects on Operations: Yes
Permit Extensions/Critical Tasks: N/A
Attachment: 
Encoding: HTML
========================================
<p>helped dayshift complete LOTO on k205, Appex/Tyson repaired valves on cyl 1 inboard and cyl 2 outboard</p>

<p>Tyson replaced the batteries for the lubrucator no flows on k205</p>

<p>k205 back on line, k204 shut down and swung back to v-101 for toomorow</p>

<p>updated envirosoft</p>

<p>topped up LPG lubricator</p>

<p>printed off procedures and placed in the binder for review as per Blaine</p>

<p>K202 down no flag, restarted and all seamed good</p>

<p>cleaned the control room x2</p>
$@MID@$: 3641
Date: Thu, 11 Mar 2021 16:59:13 -0700
Author: Ryan Gilgan
Shift: Day Shift
Operators: Ryan G | Chad Q
Shift Handover Meeting: Kevin N | Bryan N
Start of Shift Meeting: 
Plant Status: Steady
Equipment Outage: 
Filter Change: 
Pigging: 
Recycle Pumps: Production
Amine Concentration: 
Roustabout Utilization: 
Berm Water Samples Taken: No
Plant Process Discussion: Yes
Operational Targets: N/A
Overrides or Safeties Bypassed: N/A
Upcoming Activities: N/A
HSE Concerns: N/A
Regulatory Requirements: N/A
Staff Discussion: N/A
Weather & Effects on Operations: No
Permit Extensions/Critical Tasks: N/A
Attachment: 
Encoding: HTML
========================================
<p><u><strong>Weather:&nbsp; -18 and clear this morning, up to 8 degrees this afternoon.</strong></u></p>

<p>Sanitized control room at the start and end of shift.</p>

<p>Morning meeting.</p>

<p>Maktye hauled a load of oil to Tervitta for Vermilion.</p>

<p>GGT hauled in Braz and Zeta water.</p>

<p>5-21 gas came back at 12pm.&nbsp;</p>

<p>K-204 back up and running.</p>

<p>Increased glycol flow rate from 5.5 rots to 6.</p>

<p>Turned on Single speed fan on C3 condenser.</p>

<p>K-201 engine had a high oil level.&nbsp;&nbsp; drained some and put in a WO#38880 for Kenco.&nbsp;&nbsp; Night shift please monitor.</p>

<p>Turned on the other De Bute fan and adjusted speeds.</p>

<p>Put in MOC for LPG line pipe bracing.</p>

<p>Put in MOC for De Bute pipe support.</p>

<p>Core labs out to take oil sample for vapour pressure.</p>

<p>&nbsp;</p>

<p>&nbsp;</p>
