$@MID@$: 3652
Date: Wed, 17 Mar 2021 05:06:58 -0600
Author: Jordan Wilson
Shift: Night Shift
Operators: Bryan N | Jordan W
Shift Handover Meeting: Tye M | Chad Q
Start of Shift Meeting: 
Plant Status: Steady
Equipment Outage: 
Filter Change: 
Pigging: 
Recycle Pumps: Production | Overflow
Amine Concentration: 
Roustabout Utilization: 
Berm Water Samples Taken: No
Plant Process Discussion: Yes
Operational Targets: N/A
Overrides or Safeties Bypassed: N/A
Upcoming Activities: Yes
HSE Concerns: N/A
Regulatory Requirements: N/A
Staff Discussion: N/A
Weather & Effects on Operations: Yes
Permit Extensions/Critical Tasks: Yes
Attachment: 
Encoding: HTML
========================================
<p><strong><u>Weather:</u>&nbsp; +11 degrees cooling to 0 degrees.&nbsp; Clear and calm through night</strong></p>

<p>-sanitize control room start and end of shift</p>

<p>-K-203 top and bottom louvers from 33 to 35 degrees to help warm up contactor inlet, back down to 33 later in the night.</p>

<p>-opened up air compressor vent inside building to warm up building</p>

<p>-Dumped K-202 1st stage and 2nd stage scrubbers</p>

<p>-Marty with Miktye hauled out 2 loads of condensate.</p>

<p>-Bryce with Miktye hauling out 2 loads of condensate.&nbsp; <span style="color:#FF0000">Still loading at shift change, permit will need extended</span></p>

<p><strong>-C3 condenser 2 speed fan shut off, single speed fan running</strong></p>

<p>-Taylor with Pembina called about a sump alarm they got.&nbsp; They were sending operator out to take a look at it.&nbsp; I went and looked at pump and didn&#39;t see any issues.&nbsp; Pembina op never showed up</p>

<p>-Al with HVO hauled in 1 load of mancal oil.&nbsp; <span style="color:#FF0000">He will be bringing some more after shift change, permit will need extended</span></p>

<p><strong>-debute fans from 30 to 25 to help with lower debute pressures</strong></p>

<p>-Cameron with Chris Page topping up lube oil day tanks.&nbsp; <span style="color:#FF0000">Permit will need extended</span></p>
$@MID@$: 3653
Date: Wed, 17 Mar 2021 16:53:30 -0600
Author: Chad Quinn
Shift: Day Shift
Operators: Tye M | Chad Q
Shift Handover Meeting: Bryan N | Jordan W
Start of Shift Meeting: 
Plant Status: Steady
Equipment Outage: 
Filter Change: 
Pigging: 
Recycle Pumps: 
Amine Concentration: 
Roustabout Utilization: 
Berm Water Samples Taken: No
Plant Process Discussion: Yes
Operational Targets: N/A
Overrides or Safeties Bypassed: N/A
Upcoming Activities: N/A
HSE Concerns: Yes
Regulatory Requirements: N/A
Staff Discussion: N/A
Weather & Effects on Operations: No
Permit Extensions/Critical Tasks: N/A
Attachment: 
Encoding: HTML
========================================
<p><strong>Weather 3&deg;C warming to 12&deg;C and clear</strong></p>

<ul>
	<li>Morning call in meeting</li>
	<li>Miktye finished unloading last load from shiftchange</li>
	<li>HVO hauled in one more load of mancal oil</li>
	<li>Chris page delivered bulk lube oil</li>
	<li>Allan building supports for debut piping</li>
	<li>Mark sent southwest pig, came in fairly smooth not alot of liquids</li>
	<li>Tye went up to Braz to sign off on a Loto package for John</li>
	<li>turned on two speed C3 condensor on slow</li>
	<li>Sped up Debut cooler fan to stop from flaring</li>
	<li>Adjusted RES gas louvre linkage to open more</li>
	<li>Completed weekly Covid-19 inspection</li>
	<li>Pulled and cleaned Recycle pump B basket strainer, was full of soft rubber pieces</li>
	<li>Helped Tyson set up for K-201 service tomorrow</li>
	<li>Tyson serviced the Air compressors</li>
	<li>Cleared out LPG lubricator lines</li>
	<li>Blew down Tr-101 sight glasses</li>
	<li>Manually dumped K-202 suction scrubbers</li>
	<li>Bumped up chiller level from 11% to 11.5%</li>
</ul>
