$@MID@$: 3690
Date: Sun, 04 Apr 2021 16:43:20 -0600
Author: Chad Quinn
Shift: Day Shift
Operators: Kyle S | Chad Q
Shift Handover Meeting: Tye M | Romeo T
Start of Shift Meeting: 
Plant Status: Steady
Equipment Outage: 
Filter Change: 
Pigging: 
Recycle Pumps: Production | Overflow
Amine Concentration: 
Roustabout Utilization: 
Berm Water Samples Taken: No
Plant Process Discussion: Yes
Operational Targets: N/A
Overrides or Safeties Bypassed: N/A
Upcoming Activities: N/A
HSE Concerns: N/A
Regulatory Requirements: N/A
Staff Discussion: N/A
Weather & Effects on Operations: No
Permit Extensions/Critical Tasks: N/A
Attachment: 
Encoding: HTML
========================================
<p><strong><em><u>-1 Warming to +6 throughout the day scattered flurries, 24km/HR NW, Humidity 42%, Pressure 101 kpa, Visibility 32km, Ceiling 9100M, Sunrise 7:08, Sunset 20:21 </u></em></strong></p>

<p>-Added propane to C3 accumulator</p>

<p>-Changed out DP guage on south glycol filter pot</p>

<p>-Cleaned out some garbage and rags in process building</p>

<p>-Swung recycle out of overflow tank to production tank</p>

<p>- Rob hauled in Glycol into the over head tank and hauled in Zeta water</p>

<p>-Added Glycol from overhead tank to accumulator</p>

<p>-Cleaned up Annex and swept out building</p>

<p>-Cleaned sanitized control room</p>
