$@MID@$: 3697
Date: Thu, 08 Apr 2021 04:28:08 -0600
Author: Kevin Nicol
Shift: Night Shift
Operators: Kevin N | Romeo T
Shift Handover Meeting: Ryan G | Kent F
Start of Shift Meeting: 
Plant Status: Steady
Equipment Outage: 
Filter Change: 
Pigging: 
Recycle Pumps: Production
Amine Concentration: 
Roustabout Utilization: 
Berm Water Samples Taken: No
Plant Process Discussion: Yes
Operational Targets: N/A
Overrides or Safeties Bypassed: N/A
Upcoming Activities: N/A
HSE Concerns: N/A
Regulatory Requirements: N/A
Staff Discussion: N/A
Weather & Effects on Operations: Yes
Permit Extensions/Critical Tasks: N/A
Attachment: 
Encoding: HTML
========================================
<p>completed slip trip check, no issues found</p>

<p>topped up LPG lubricator</p>

<p>dumped the amine skim tank</p>

<p>shut off the C3 single speed fan and switched the 2 speed fan to fast</p>

<p>snowing at shift change, possable slip hazards</p>

<p>&nbsp;</p>

<p>&nbsp;</p>
$@MID@$: 3698
Date: Thu, 08 Apr 2021 16:06:18 -0600
Author: Chad Quinn
Shift: Day Shift
Operators: Ryan G | Chad Q | Kent F
Shift Handover Meeting: Kevin N | Romeo T
Start of Shift Meeting: 
Plant Status: Steady
Equipment Outage: 
Filter Change: 
Pigging: 
Recycle Pumps: Production
Amine Concentration: 
Roustabout Utilization: 
Berm Water Samples Taken: No
Plant Process Discussion: Yes
Operational Targets: N/A
Overrides or Safeties Bypassed: N/A
Upcoming Activities: N/A
HSE Concerns: N/A
Regulatory Requirements: N/A
Staff Discussion: N/A
Weather & Effects on Operations: No
Permit Extensions/Critical Tasks: N/A
Attachment: 
Encoding: HTML
========================================
<p><strong><em><u>-1 Warming to +5 </u></em></strong></p>

<p>Sanitized control room and common areas</p>

<p>Morning call in meeting</p>

<p>Added C3 to accumulator 1 bolt up to 10</p>

<p>Raised chiller level up .5% to keep in the 3 to 5 degree differential range</p>

<p>Shut off two speed fan and turned on single speed</p>

<p>Devin working on H2s analyzer Cals&nbsp; and Flare meter cals</p>

<p>Topped up V-200 Barrier fluid</p>

<p>Cleaned out some pails and garbage in process building</p>

<p>.</p>

<p>&nbsp;</p>
