$@MID@$: 3784
Date: Sat, 22 May 2021 04:58:42 -0600
Author: Ryan Gilgan
Shift: Night Shift
Operators: Ryan G | Dallas L
Shift Handover Meeting: Kevin N | Chad Q
Start of Shift Meeting: 
Plant Status: Steady
Equipment Outage: 
Filter Change: 
Pigging: 
Recycle Pumps: Production | Overflow
Amine Concentration: 
Roustabout Utilization: 
Berm Water Samples Taken: No
Plant Process Discussion: Yes
Operational Targets: N/A
Overrides or Safeties Bypassed: N/A
Upcoming Activities: N/A
HSE Concerns: N/A
Regulatory Requirements: N/A
Staff Discussion: N/A
Weather & Effects on Operations: No
Permit Extensions/Critical Tasks: N/A
Attachment: 
Encoding: HTML
========================================
<p><span style="font-family:verdana,geneva,sans-serif"><strong><u>Weather: 15 degrees and sunny at the start of shift, temps dropping to -2 in the morning</u></strong></span></p>

<p><span style="font-family:verdana,geneva,sans-serif">Sanitized control room 2x</span></p>

<p><span style="font-family:verdana,geneva,sans-serif">no slips/trips found</span></p>

<p><span style="font-family:verdana,geneva,sans-serif">Drained Res gas suction scrubber</span></p>

<p><span style="font-family:verdana,geneva,sans-serif">Lowered Amine skim tank level</span></p>

<p><span style="font-family:verdana,geneva,sans-serif">Turned off C3 condenser 2 speed fan</span></p>

<p><span style="font-family:verdana,geneva,sans-serif">V-3101 had a slug of fluid come in, lasted about 15 minutes had to pinch wolf creek inlet a bit.</span></p>

<p><span style="font-family:verdana,geneva,sans-serif">Shipping tank level getting high.&nbsp; Called PPL to give us a start.</span></p>

<p>&nbsp;</p>
$@MID@$: 3785
Date: Sat, 22 May 2021 16:43:52 -0600
Author: Kevin Nicol
Shift: Day Shift
Operators: Kevin N | Chad Q
Shift Handover Meeting: Ryan G | Dallas L
Start of Shift Meeting: 
Plant Status: Steady
Equipment Outage: 
Filter Change: 
Pigging: 
Recycle Pumps: Production
Amine Concentration: 33%
Roustabout Utilization: 
Berm Water Samples Taken: No
Plant Process Discussion: Yes
Operational Targets: N/A
Overrides or Safeties Bypassed: N/A
Upcoming Activities: N/A
HSE Concerns: N/A
Regulatory Requirements: N/A
Staff Discussion: N/A
Weather & Effects on Operations: Yes
Permit Extensions/Critical Tasks: N/A
Attachment: 
Encoding: HTML
========================================
<p>V-200 pump trouble rang in a few times, suspect hydrates</p>

<p>weekend checks and PM;s</p>

<p>amine conc 33%, EG conc 80.7% and 74.9%</p>

<p>pumped H2O out of the rental tank inti the RO starage tankd</p>

<p>rental tank is empty, called Nelsons to remove tank on Tuesday</p>

<p>recycled from the boot</p>

<p>worksite inspection at Zeta</p>

<p>changed out expiered eye washes</p>

<p>&nbsp;</p>
