$@MID@$: 3794
Date: Thu, 27 May 2021 05:07:01 -0600
Author: Tye Mastre
Shift: Night Shift
Operators: Tye M | Dallas L
Shift Handover Meeting: Blaine H | Kyle S
Start of Shift Meeting: 
Plant Status: Steady
Equipment Outage: 
Filter Change: 
Pigging: 
Recycle Pumps: Production
Amine Concentration: 
Roustabout Utilization: 
Berm Water Samples Taken: No
Plant Process Discussion: Yes
Operational Targets: N/A
Overrides or Safeties Bypassed: N/A
Upcoming Activities: N/A
HSE Concerns: Yes
Regulatory Requirements: N/A
Staff Discussion: N/A
Weather & Effects on Operations: No
Permit Extensions/Critical Tasks: N/A
Attachment: 
Encoding: HTML
========================================
<p><u><em><strong>19 Degrees Cooling To +9 Degrees, Calm &amp; Clear</strong></em></u></p>

<p>Sanitized control room PM and AM.</p>

<p>Skimmed amine charcoal filter. Very light skim of oil.</p>

<p>Blew down chiller deoiler.</p>

<p>Manually dumped de eth suction scrubber.</p>

<p>Turned the 2 speed condencer fan to fast and turned off the single speed fan.</p>

<p>Added oil to LPG pump packing lubricator canister.</p>

<p>V-200 pump trouble rang in a few times. Talked with kim and he is going to check his methanol pump as its his first day back today. Methanol pump may have gone down due to a power bump a couple nights ago.</p>
$@MID@$: 3795
Date: Thu, 27 May 2021 16:44:49 -0600
Author: Blaine Harris
Shift: Day Shift
Operators: Blaine H | Kyle S
Shift Handover Meeting: Tye M | Dallas L
Start of Shift Meeting: 
Plant Status: Steady
Equipment Outage: K-201
Filter Change: 
Pigging: 
Recycle Pumps: Production
Amine Concentration: 
Roustabout Utilization: 
Berm Water Samples Taken: No
Plant Process Discussion: Yes
Operational Targets: N/A
Overrides or Safeties Bypassed: N/A
Upcoming Activities: N/A
HSE Concerns: Yes
Regulatory Requirements: N/A
Staff Discussion: Yes
Weather & Effects on Operations: No
Permit Extensions/Critical Tasks: N/A
Attachment: 
Encoding: HTML
========================================
<p><u><em><strong>Weather warm and partly cloudy</strong></em></u></p>

<p>Sanitized the control room am and pm</p>

<p>Morning meeting</p>

<p>Gas Track on site doing fugitive emissions inspection</p>

<p>Hvo hauled in 2 loads of Mancal emulsion</p>

<p>Rob Thirsk hauled in Zeta water</p>

<p>Baker delivers a barrel of corrsion inhibitor for the acid gas and a barrel of scale inhibitor for the treater.</p>

<p>Turned the c3 speed fan to fast and the single speed fan is on.</p>

<p>Shut down k201 for Apecs to change out bad valves on cylinder 3 inboard suction and discharge.</p>

<p>RCO out grading the roads and a little in the plant</p>

<p>Pumped up k-202 4th stage wet leg as it was reading incorrectly.</p>

<p>Added glycol to k-203 expansion tank.</p>

<p>Dumped k-204 suction scrubber.</p>

<p>Dumped k202 2nd stage scrubber.</p>

<p>Hauled a barrel of engine oil to K-204 and pumped oil into the engine crankcase.</p>

<p>LPG packing lubricators seemed to be plugged and were adding oil very slow, dissasembled and cleaned them out, all good.</p>

<p>Remove the tires off the gator and Tyson will bring out the new ones Sunday.</p>

<p>&nbsp;</p>

<p>&nbsp;</p>

<p>&nbsp;</p>

<p>&nbsp;</p>
