$@MID@$: 3786
Date: Sun, 23 May 2021 04:41:10 -0600
Author: Ryan Gilgan
Shift: Night Shift
Operators: Ryan G | Dallas L
Shift Handover Meeting: Kevin N | Chad Q
Start of Shift Meeting: 
Plant Status: Steady
Equipment Outage: 
Filter Change: 
Pigging: 
Recycle Pumps: Production
Amine Concentration: 
Roustabout Utilization: 
Berm Water Samples Taken: No
Plant Process Discussion: Yes
Operational Targets: N/A
Overrides or Safeties Bypassed: N/A
Upcoming Activities: N/A
HSE Concerns: N/A
Regulatory Requirements: N/A
Staff Discussion: N/A
Weather & Effects on Operations: No
Permit Extensions/Critical Tasks: N/A
Attachment: 
Encoding: HTML
========================================
<p><span style="font-family:verdana,geneva,sans-serif"><strong><u>Weather: 20 degrees and sunny at the start of the shift.&nbsp; Cooling to 3 degrees at home time</u></strong></span></p>

<p><span style="font-family:verdana,geneva,sans-serif">Sanitized control room at the start and end of shift</span></p>

<p><span style="font-family:verdana,geneva,sans-serif">No slips/trips found</span></p>

<p><span style="font-family:verdana,geneva,sans-serif">Skimmed Amine charcoal filters, slight oil skim</span></p>

<p><span style="font-family:verdana,geneva,sans-serif">Opened up K-202 louvers</span></p>

<p><span style="font-family:verdana,geneva,sans-serif">Shut down C3 condenser 2 speed fan</span></p>
$@MID@$: 3787
Date: Sun, 23 May 2021 16:42:06 -0600
Author: Kevin Nicol
Shift: Day Shift
Operators: Kevin N | Chad Q
Shift Handover Meeting: Ryan G | Dallas L
Start of Shift Meeting: 
Plant Status: Steady
Equipment Outage: 
Filter Change: 
Pigging: 
Recycle Pumps: Production
Amine Concentration: 
Roustabout Utilization: 
Berm Water Samples Taken: No
Plant Process Discussion: Yes
Operational Targets: N/A
Overrides or Safeties Bypassed: N/A
Upcoming Activities: N/A
HSE Concerns: N/A
Regulatory Requirements: N/A
Staff Discussion: N/A
Weather & Effects on Operations: Yes
Permit Extensions/Critical Tasks: N/A
Attachment: 
Encoding: HTML
========================================
<p>a very nice day</p>

<p>opened up louvers on K201 and K202</p>

<p>sped up k204 and k201</p>

<p>C3 fan to fast</p>

<p>pumped out thr flare KO</p>

<p>built a drag for the gator</p>

<p>dragged the yard</p>

<p>emptied rag bins and put out new rags</p>

<p>removed empty oil BBLs from gathering</p>
