$@MID@$: 3849
Date: Wed, 23 Jun 2021 04:57:58 -0600
Author: Tye Mastre
Shift: Night Shift
Operators: Tye M | Dallas L
Shift Handover Meeting: Blaine H | Chad Q
Start of Shift Meeting: 
Plant Status: Steady
Equipment Outage: 
Filter Change: 
Pigging: 
Recycle Pumps: Production
Amine Concentration: 
Roustabout Utilization: 
Berm Water Samples Taken: No
Plant Process Discussion: Yes
Operational Targets: N/A
Overrides or Safeties Bypassed: N/A
Upcoming Activities: N/A
HSE Concerns: Yes
Regulatory Requirements: N/A
Staff Discussion: N/A
Weather & Effects on Operations: No
Permit Extensions/Critical Tasks: N/A
Attachment: 
Encoding: HTML
========================================
<p><u><em><strong>+31 Degrees Cooling To +13 Degrees, Calm &amp; Clear</strong></em></u></p>

<p>Santitized control room PM and AM.</p>

<p>Manually dumped de eth suction scrubber.</p>

<p>Amine reboiler level dropping 5-7% per 12 hours, Turned the amine makeup pump from 17 back to 21.</p>

<p>Slowed down debute cooler fans from 100% to 80%.</p>

<p>Swung recycle pump &quot;B&quot; from the overflow to the sales tank to give the h2o plant time to pump level down as it wasnt keeping up before.</p>

<p>K-202 4th stg dump control valve washed out and passing. <strong>WO#39458</strong></p>

<p>Water plant recycle valve passing. Only opens then closes during pump startup not on hi pump disch pressure. <strong>WO#39459</strong></p>

<p>Sped K-206, K-204, K-202 back up once cool down.</p>

<p>LQ-TR-101 front water meter not rolling over at 20:00PM not 9 AM. <strong>WO#39460</strong></p>
$@MID@$: 3850
Date: Wed, 23 Jun 2021 14:10:53 -0600
Author: Blaine Harris
Shift: Day Shift
Operators: Blaine H | Chad Q
Shift Handover Meeting: Tye M | Dallas L
Start of Shift Meeting: 
Plant Status: Steady
Equipment Outage: 
Filter Change: Water Plant
Pigging: 
Recycle Pumps: Production
Amine Concentration: 
Roustabout Utilization: 
Berm Water Samples Taken: No
Plant Process Discussion: Yes
Operational Targets: N/A
Overrides or Safeties Bypassed: N/A
Upcoming Activities: N/A
HSE Concerns: Yes
Regulatory Requirements: N/A
Staff Discussion: Yes
Weather & Effects on Operations: No
Permit Extensions/Critical Tasks: N/A
Attachment: 
Encoding: HTML
========================================
<p>Start of shift +15 warming up to 25 in the afternoon</p>

<p>Sanitized the control room am and pm</p>

<p>Rob thirsk hauled in Braz water</p>

<p>Mark Spelrem and Rob Thirsk bled down the acid gas casing pressure and Mark in doing a packer isolation test on it and the 3-27 water well.</p>

<p>Changed the East water plant filter.</p>

<p>Carl with Driven delivered supplies</p>

<p>Increased the debute fan speed from 60 to 80%</p>

<p>Baker Hughes delivered corrosion inhibitor, scale inhibitor and asphaltene dispersant to the plant.</p>

<p>ERP exercises in the afternoon for both Pemb North and Zeta creek</p>
