$@MID@$: 3833
Date: Tue, 15 Jun 2021 02:33:52 -0600
Author: Blaine Harris
Shift: Night Shift
Operators: Blaine H | Jordan W
Shift Handover Meeting: Tye M | Kyle S
Start of Shift Meeting: 
Plant Status: Steady
Equipment Outage: 
Filter Change: 
Pigging: 
Recycle Pumps: Production
Amine Concentration: 
Roustabout Utilization: 
Berm Water Samples Taken: No
Plant Process Discussion: Yes
Operational Targets: N/A
Overrides or Safeties Bypassed: N/A
Upcoming Activities: N/A
HSE Concerns: Yes
Regulatory Requirements: N/A
Staff Discussion: Yes
Weather & Effects on Operations: No
Permit Extensions/Critical Tasks: N/A
Attachment: 
Encoding: HTML
========================================
<p>Sanitized the control room pm&nbsp; and am</p>

<p>Spent the first 4 hours at Braz because because of fire eyes bypassed, Jordie was Zeta with plant issues</p>

<p>Increased k-206 suction pressure and rpm when ambient cooled down.</p>

<p>Lowered the debute fan speed from 100% to 60</p>

<p>Cleaned the control room</p>

<p>Sanitize and cleaned the truck for handover.</p>

<p>Keylink pump down, called control and they are having issues with a esd in the field, will restart the pump when able.</p>

<p>Turned the 2 speed bulk cooler fan to slow</p>
$@MID@$: 3834
Date: Tue, 15 Jun 2021 16:44:58 -0600
Author: Kyle Shute
Shift: Day Shift
Operators: Kevin N | Kyle S
Shift Handover Meeting: Ryan G | Jordan W
Start of Shift Meeting: Daren F | Devin N | Chris N
Plant Status: Steady
Equipment Outage: 
Filter Change: Water Plant
Pigging: 
Recycle Pumps: Production
Amine Concentration: 
Roustabout Utilization: 
Berm Water Samples Taken: No
Plant Process Discussion: Yes
Operational Targets: N/A
Overrides or Safeties Bypassed: N/A
Upcoming Activities: N/A
HSE Concerns: N/A
Regulatory Requirements: N/A
Staff Discussion: Yes
Weather & Effects on Operations: Yes
Permit Extensions/Critical Tasks: N/A
Attachment: 
Encoding: HTML
========================================
<p><u><em><strong>13&deg;C this morning, heavy rainfall and lightning, warming up to 20&deg;C this afternoon, clearing up.</strong></em></u></p>

<p>- Manually dumped the de-eth overheads suction scrubber.</p>

<p>- Bypassed fire eyes temporarily while the thunderstorm was rolling through this morning.</p>

<p>- Big rainstorm rolled through this morning, filled up all of the drain ponds, and filled up the floors in the process, sales and gathering buildings causing a sheen to cover the pond between K-202 and the battery, had Bob Koethler come out to investigate along with RPM vac truck, vac truck was able to suck the sheen off of the waters surface. Drained the ditches periodically in order to keep them from flowing over the road, did multiple PH and Chloride tests prior to draining them. Set up pads to contain any oil sheen. MITS event #21063 created</p>

<p>- Worked on the safety meeting for tomorrow.</p>

<p>- Changed water plant filters.</p>

<p>- Ordered some more water plant filters from Carl, they should be in by next wednesday.</p>

<p>- Turned the 2 speed c3 fan from fast to slow this morning with the temperature cooling off due to the rainstorm, turned it back to fast after it cleared up.</p>

<p>- Jordan with Baker hughes out to take some more produced water samples.</p>

<p>- Informed Pembina a section of their berm washed out</p>

<p>- Pumped out the H2O plant sump</p>

<p>- Pembina on site this morning to send a pig.</p>

<p>- Glen with GGT on site hauling braz water and sucking out the sumps in the process building and compression.</p>

<p>&nbsp;</p>
