$@MID@$: 3837
Date: Thu, 17 Jun 2021 04:59:42 -0600
Author: Ryan Gilgan
Shift: Night Shift
Operators: Ryan G | Jordan W
Shift Handover Meeting: Kevin N | Chad Q
Start of Shift Meeting: 
Plant Status: Steady
Equipment Outage: 
Filter Change: 
Pigging: 
Recycle Pumps: Production
Amine Concentration: 
Roustabout Utilization: 
Berm Water Samples Taken: No
Plant Process Discussion: Yes
Operational Targets: N/A
Overrides or Safeties Bypassed: N/A
Upcoming Activities: N/A
HSE Concerns: N/A
Regulatory Requirements: N/A
Staff Discussion: N/A
Weather & Effects on Operations: No
Permit Extensions/Critical Tasks: N/A
Attachment: 
Encoding: HTML
========================================
<p><span style="font-family:verdana,geneva,sans-serif"><u><strong>Weather at the start of shift light wind and 20 degrees.&nbsp; Morning temp 10.</strong></u></span></p>

<p><span style="font-family:verdana,geneva,sans-serif">Sanitize control room at the start and end of shift</span></p>

<p><span style="font-family:verdana,geneva,sans-serif">No slips/trips found</span></p>

<p><span style="font-family:verdana,geneva,sans-serif">Pumped out water plant sump</span></p>

<p><span style="font-family:verdana,geneva,sans-serif">Lowered back treater water level from 5 bolts to 1.</span></p>

<p><span style="font-family:verdana,geneva,sans-serif">Shut off single speed fan on the c3 condenser</span></p>

<p><span style="font-family:verdana,geneva,sans-serif">Emptied pails in process</span></p>

<p><span style="font-family:verdana,geneva,sans-serif">Skimmed charcoal filter, skim of oil</span></p>

<p><span style="font-family:verdana,geneva,sans-serif">Started going through drawings for Erik.</span></p>
$@MID@$: 3838
Date: Thu, 17 Jun 2021 16:30:21 -0600
Author: Kevin Nicol
Shift: Day Shift
Operators: Kevin N | Chad Q
Shift Handover Meeting: Ryan G | Dallas L
Start of Shift Meeting: 
Plant Status: Steady | Lost Compressor(s)
Equipment Outage: K-201
Filter Change: Water Plant
Pigging: 
Recycle Pumps: Production
Amine Concentration: 
Roustabout Utilization: 
Berm Water Samples Taken: No
Plant Process Discussion: Yes
Operational Targets: N/A
Overrides or Safeties Bypassed: N/A
Upcoming Activities: N/A
HSE Concerns: N/A
Regulatory Requirements: N/A
Staff Discussion: N/A
Weather & Effects on Operations: Yes
Permit Extensions/Critical Tasks: N/A
Attachment: 
Encoding: HTML
========================================
<p>added C3 0-9 bolts, tanks at 40% and 77%</p>

<p>checked valves and jack screws on the C3</p>

<p>topped up oil in V-200 pump</p>

<p>topped up LPG lubricator</p>

<p>changed the east H2O filters</p>

<p>started the single speed C3 fan</p>

<p>Chad did some cleaning around K201 and changed out pads etc</p>

<p>K201 4th stage discharge RTD had a broken wire, lost K201 a few times on temp diff, Daren and Devin repaired WO-39448</p>

<p>worked on CMDS</p>

<p>did some skid steer work to fill ruts amd replace gravel caused by the flood Tuesday</p>

<p>Cleaned up compressor building of misc soakers and garbage, emptied rag bins and garbage</p>

<p>Initiated MOC&#39;s for new peice of grating by K-202, and work on water plant load line box</p>

<p>Worked on Plantlog APP daily reading data entries</p>

<p>&nbsp;</p>
