$@MID@$: 3907
Date: Thu, 22 Jul 2021 04:56:49 -0600
Author: Jordan Wilson
Shift: Night Shift
Operators: Dallas L | Jordan W
Shift Handover Meeting: Blaine H | Chad Q
Start of Shift Meeting: 
Plant Status: Steady
Equipment Outage: 
Filter Change: 
Pigging: 
Recycle Pumps: Production
Amine Concentration: 
Roustabout Utilization: 
Berm Water Samples Taken: No
Plant Process Discussion: Yes
Operational Targets: N/A
Overrides or Safeties Bypassed: N/A
Upcoming Activities: N/A
HSE Concerns: N/A
Regulatory Requirements: N/A
Staff Discussion: N/A
Weather & Effects on Operations: Yes
Permit Extensions/Critical Tasks: N/A
Attachment: 
Encoding: HTML
========================================
<p>Weather:&nbsp; +15 cooling to +10.&nbsp; A few thundershowers throughout the night</p>

<p>-top up LPG lubricator</p>

<p>-slowed down debute fans from 45 to 25</p>

<p>-drain de-eth scrubber</p>

<p>-drain amine skim tank</p>

<p>-skim charcoal filter, clean</p>

<p>-C3 condenser 2 speed fan turned off, single speed running</p>

<p>-Fire eyes bypassed during thunderstorm, back in service after lighting was finished</p>
$@MID@$: 3908
Date: Thu, 22 Jul 2021 16:53:45 -0600
Author: Blaine Harris
Shift: Day Shift
Operators: Blaine H | Chad Q
Shift Handover Meeting: Dallas L | Jordan W
Start of Shift Meeting: 
Plant Status: Steady
Equipment Outage: 
Filter Change: 
Pigging: 
Recycle Pumps: Production | Overflow
Amine Concentration: 
Roustabout Utilization: 
Berm Water Samples Taken: No
Plant Process Discussion: Yes
Operational Targets: N/A
Overrides or Safeties Bypassed: Yes
Upcoming Activities: N/A
HSE Concerns: Yes
Regulatory Requirements: N/A
Staff Discussion: Yes
Weather & Effects on Operations: No
Permit Extensions/Critical Tasks: N/A
Attachment: 
Encoding: HTML
========================================
<p><strong>Weather cool and cloudy in the AM, warming up to 22 and clearing in the afternoon.</strong></p>

<p>Morning meeting</p>

<p>Shut down k201 because of decreased inlet volumes with no splitter gas</p>

<p>BV Labs out to take oil and water samples for TDG</p>

<p>HVO hauled in a load of oil from Mancal into the overflow tank</p>

<p>B recycle pump is in the overflow tank</p>

<p>Sped up K-203 to account for shutting down 201</p>

<p>Put in a LOTO and Bypass form for k-201 lubricator no flo alarm it is bypassed to prevent alarms while machine is down</p>

<p>Put in a targeted inspection on powered mobile equipment</p>

<p>Added barrier fluid to P-200</p>

<p>Recycle B went down on low flow, pulled basket strainer, strainer was fairly clean, started pump back up</p>

<p>&nbsp;</p>
