$@MID@$: 3919
Date: Wed, 28 Jul 2021 04:31:22 -0600
Author: Kevin Nicol
Shift: Night Shift
Operators: Kevin N | Romeo T
Shift Handover Meeting: Ryan G | Blaine H
Start of Shift Meeting: 
Plant Status: Steady
Equipment Outage: 
Filter Change: 
Pigging: 
Recycle Pumps: Production | Overflow
Amine Concentration: 
Roustabout Utilization: 
Berm Water Samples Taken: No
Plant Process Discussion: Yes
Operational Targets: N/A
Overrides or Safeties Bypassed: N/A
Upcoming Activities: N/A
HSE Concerns: N/A
Regulatory Requirements: N/A
Staff Discussion: N/A
Weather & Effects on Operations: No
Permit Extensions/Critical Tasks: N/A
Attachment: 
Encoding: HTML
========================================
<p>slip/trip inspection , no issues</p>

<p>GGT hauled in a load of oil from Braz</p>

<p>recycle B into the overflow</p>

<p>truck inspection on unit 5561</p>

<p>topped up LPG lubricator</p>

<p>C3 fan to slow</p>

<p>slowed down K205</p>
$@MID@$: 3920
Date: Wed, 28 Jul 2021 16:07:50 -0600
Author: Ryan Gilgan
Shift: Day Shift
Operators: Ryan G | Blaine H
Shift Handover Meeting: Kevin N | Bryan N
Start of Shift Meeting: Daren F | Tyson T
Plant Status: Steady
Equipment Outage: 
Filter Change: 
Pigging: 
Recycle Pumps: Production | Overflow
Amine Concentration: 
Roustabout Utilization: 
Berm Water Samples Taken: No
Plant Process Discussion: N/A
Operational Targets: N/A
Overrides or Safeties Bypassed: N/A
Upcoming Activities: N/A
HSE Concerns: N/A
Regulatory Requirements: N/A
Staff Discussion: Yes
Weather & Effects on Operations: No
Permit Extensions/Critical Tasks: N/A
Attachment: 
Encoding: HTML
========================================
<p>Weather 10 degrees at the start of the day warming up to 27 degrees.</p>

<p>Rob hauled in 2 loads of emulsion from Braz North.</p>

<p>Pulled WPNA line to flare for Obsidian to get their well going.&nbsp; Well back on line.</p>

<p>Changed Sales H2S analyzer tape</p>

<p>Put C3 2 speed condenser fan on fast</p>

<p>Topped up LPG lubricator pot</p>

<p>Lost &quot;B&quot; recycle pump, checked it out, basket was clean started up and inreased rate to 120m3/d from 80.</p>

<p>&nbsp;</p>

<p>&nbsp;</p>
