$@MID@$: 3941
Date: Sun, 08 Aug 2021 01:06:43 -0600
Author: Blaine Harris
Shift: Night Shift
Operators: Blaine H | Jordan W
Shift Handover Meeting: Tye M | Kyle S
Start of Shift Meeting: 
Plant Status: Steady
Equipment Outage: 
Filter Change: 
Pigging: 
Recycle Pumps: Production
Amine Concentration: 
Roustabout Utilization: 
Berm Water Samples Taken: No
Plant Process Discussion: Yes
Operational Targets: N/A
Overrides or Safeties Bypassed: N/A
Upcoming Activities: N/A
HSE Concerns: Yes
Regulatory Requirements: N/A
Staff Discussion: N/A
Weather & Effects on Operations: No
Permit Extensions/Critical Tasks: N/A
Attachment: 
Encoding: HTML
========================================
<p>Sanitized the control room.</p>

<p>Dumped oil from the chiller.</p>

<p>Changed the c3 condensor 2 speed fan to slow from fast.</p>

<p>Filled the lpg lubricator</p>

<p>Changed out the process analyzer tape</p>

<p>Manually dump liquids out of the de-eth overheads suction scrubber.</p>

<p>Cut the debute fan speed to 30% from 55%</p>
$@MID@$: 3942
Date: Sun, 08 Aug 2021 15:40:27 -0600
Author: Tye Mastre
Shift: Day Shift
Operators: Tye M | Kyle S
Shift Handover Meeting: Blaine H | Jordan W
Start of Shift Meeting: 
Plant Status: 
Equipment Outage: 
Filter Change: 
Pigging: 
Recycle Pumps: Production
Amine Concentration: 33.5%
Roustabout Utilization: 
Berm Water Samples Taken: No
Plant Process Discussion: Yes
Operational Targets: N/A
Overrides or Safeties Bypassed: N/A
Upcoming Activities: Yes
HSE Concerns: N/A
Regulatory Requirements: N/A
Staff Discussion: Yes
Weather & Effects on Operations: No
Permit Extensions/Critical Tasks: N/A
Attachment: 
Encoding: HTML
========================================
<p><u><em><strong>12&deg;C this morning, up to 16&deg;C this afternoon, cloudy but calm.</strong></em></u></p>

<p>- Rob hauled in Zeta produced water, also sucked out some used lube oil barrels in the sales building.</p>

<p>- Finished weekend checks.</p>

<p>- Amine concentration is at 33.5%, lowered the make up pump from 21 to 20%.</p>

<p>- Dragged the yard.</p>

<p>- Pumped out the amine skid drain tank.</p>

<p>- Turned the C3 2 speed condenser fan from slow to fast.</p>

<p>- Jason with Hi-Flo will be out tomorrow afternoon to prove the Keylink meter.</p>

<p>- Lean Glycol concentration is at 81.7%, Rich is 76%.</p>
$@MID@$: 3943
Date: Sun, 08 Aug 2021 23:55:04 -0600
Author: Blaine Harris
Shift: Night Shift
Operators: Blaine H | Jordan W
Shift Handover Meeting: Tye M | Kyle S
Start of Shift Meeting: 
Plant Status: Steady
Equipment Outage: 
Filter Change: 
Pigging: 
Recycle Pumps: Production
Amine Concentration: 
Roustabout Utilization: 
Berm Water Samples Taken: No
Plant Process Discussion: N/A
Operational Targets: N/A
Overrides or Safeties Bypassed: N/A
Upcoming Activities: N/A
HSE Concerns: Yes
Regulatory Requirements: N/A
Staff Discussion: N/A
Weather & Effects on Operations: No
Permit Extensions/Critical Tasks: N/A
Attachment: 
Encoding: HTML
========================================
<p>Sanitized the control room</p>

<p>C3 2 speed fan shut off.</p>

<p>Pumped out the flare knock out.</p>

<p>Recycled out of the boot</p>

<p>Dumped the amine flash tank.</p>

<p>Completed the slips and trips inspection</p>
