$@MID@$: 3981
Date: Sat, 28 Aug 2021 04:49:35 -0600
Author: Jordan Wilson
Shift: Night Shift
Operators: Bryan N | Jordan W
Shift Handover Meeting: Tye M | Chad Q
Start of Shift Meeting: 
Plant Status: Steady
Equipment Outage: 
Filter Change: 
Pigging: 
Recycle Pumps: Production
Amine Concentration: 
Roustabout Utilization: 
Berm Water Samples Taken: No
Plant Process Discussion: Yes
Operational Targets: N/A
Overrides or Safeties Bypassed: N/A
Upcoming Activities: N/A
HSE Concerns: N/A
Regulatory Requirements: N/A
Staff Discussion: N/A
Weather & Effects on Operations: No
Permit Extensions/Critical Tasks: N/A
Attachment: 
Encoding: HTML
========================================
<p>Weather: +4. calm and clear</p>

<p>-1 load of oil from mancal</p>

<p>-C3 condenser single speed fan shut off, 2 speed on fast</p>

<p>-no foam in glycol sight glass for C3 compressor tonight, will still watch this</p>

<p>-recycle pump B in overflow tank to get rid of water from trucked in fluid, both pumps back in production tank</p>
$@MID@$: 3982
Date: Sat, 28 Aug 2021 16:51:18 -0600
Author: Tye Mastre
Shift: Day Shift
Operators: Tye M | Kyle S
Shift Handover Meeting: Bryan N | Jordan W
Start of Shift Meeting: 
Plant Status: Steady
Equipment Outage: 
Filter Change: 
Pigging: 14-03
Recycle Pumps: Production
Amine Concentration: 
Roustabout Utilization: 
Berm Water Samples Taken: No
Plant Process Discussion: Yes
Operational Targets: N/A
Overrides or Safeties Bypassed: N/A
Upcoming Activities: N/A
HSE Concerns: Yes
Regulatory Requirements: N/A
Staff Discussion: N/A
Weather & Effects on Operations: No
Permit Extensions/Critical Tasks: N/A
Attachment: 
Encoding: HTML
========================================
<p><u><em><strong>+3 Degrees, Warming To +24 Degrees, Calm &amp; Clear</strong></em></u></p>

<p>Manually dumped the de eth suction scrubber.</p>

<p>Increased the de bute fan speed to lower pressure on the de bute tower.</p>

<p>Sped up the c3 condencer fans. Single speed on and 2 speed on &quot;fast&quot;.</p>

<p>Rob hauled in Zeta water.</p>

<p>Avalanche integrity out doing UT scans on compressor bottles.</p>

<p>Clean Harbours out and sanitized the maintenace office and control room.</p>

<p>Mike Koebernick pigged 14-03. Pulling down line pack at shift change. <strong>Valve in manual at 35%.</strong></p>

<p>HVO hauled in a load of Mancal oil.</p>

<p>Emptied drip pails in compression.</p>
