$@MID@$: 3977
Date: Thu, 26 Aug 2021 05:02:17 -0600
Author: Jordan Wilson
Shift: Night Shift
Operators: Bryan N | Jordan W
Shift Handover Meeting: Ryan G | Chad Q
Start of Shift Meeting: 
Plant Status: Steady
Equipment Outage: 
Filter Change: 
Pigging: 
Recycle Pumps: Production
Amine Concentration: 
Roustabout Utilization: 
Berm Water Samples Taken: No
Plant Process Discussion: Yes
Operational Targets: N/A
Overrides or Safeties Bypassed: N/A
Upcoming Activities: N/A
HSE Concerns: N/A
Regulatory Requirements: N/A
Staff Discussion: N/A
Weather & Effects on Operations: No
Permit Extensions/Critical Tasks: N/A
Attachment: 
Encoding: HTML
========================================
<p>Weather: +8, calm and clear</p>

<p>-no new trip hazards found</p>

<p>-drain amine skim tank</p>

<p>-fuel up gator</p>

<p>-C3 condenser single speed fan shut off, 2 speed on fast</p>

<p>-plant steady</p>
$@MID@$: 3978
Date: Thu, 26 Aug 2021 14:29:55 -0600
Author: Ryan Gilgan
Shift: Day Shift
Operators: Ryan G | Chad Q
Shift Handover Meeting: Bryan N | Jordan W
Start of Shift Meeting: Nathan P
Plant Status: 
Equipment Outage: 
Filter Change: 
Pigging: 06-19 Bigoray | Splitter
Recycle Pumps: Production | Overflow
Amine Concentration: 
Roustabout Utilization: 
Berm Water Samples Taken: No
Plant Process Discussion: Yes
Operational Targets: N/A
Overrides or Safeties Bypassed: N/A
Upcoming Activities: N/A
HSE Concerns: N/A
Regulatory Requirements: N/A
Staff Discussion: N/A
Weather & Effects on Operations: No
Permit Extensions/Critical Tasks: N/A
Attachment: 
Encoding: HTML
========================================
<p><strong><u>Weather:+4 degrees and clear this morning, warming up to +23 and light clouds.</u></strong></p>

<p>Morning meeting.</p>

<p>Kenny batch pigged Dominion from 6-19.&nbsp; Pulled clean.</p>

<p>Batched the splitter line from plant.</p>

<p>Turned on single speed fan on the C3 condenser.</p>

<p>Put recycle &quot;B&quot; in overflow tank.</p>

<p>Dumped K-203 suction scrubber.</p>

<p>Tyson did a tour of the facility.</p>

<p>MITS #21816 submitted for deer strike</p>
