$@MID@$: 3945
Date: Tue, 10 Aug 2021 01:05:21 -0600
Author: Blaine Harris
Shift: Night Shift
Operators: Blaine H | Jordan W
Shift Handover Meeting: Tye M | Kyle S
Start of Shift Meeting: 
Plant Status: Steady
Equipment Outage: 
Filter Change: 
Pigging: 
Recycle Pumps: Production | Overflow
Amine Concentration: 
Roustabout Utilization: 
Berm Water Samples Taken: No
Plant Process Discussion: Yes
Operational Targets: N/A
Overrides or Safeties Bypassed: N/A
Upcoming Activities: N/A
HSE Concerns: Yes
Regulatory Requirements: N/A
Staff Discussion: N/A
Weather & Effects on Operations: No
Permit Extensions/Critical Tasks: N/A
Attachment: 
Encoding: HTML
========================================
<p>Cleaned the control room</p>

<p>Rob hauled in oil from Braz</p>

<p>Swung the recycle b pump into the overflow tank</p>

<p>Dump water from the treater back from 2 bolts to 1 bolt</p>

<p>Filled the lpg lubricator</p>

<p>Treater alarmed in on remote shutdown, found a broke plastic tubing line in the panel. Repaired the tubing and the alarm cleared.</p>
$@MID@$: 3946
Date: Tue, 10 Aug 2021 15:37:06 -0600
Author: Tye Mastre
Shift: Day Shift
Operators: Tye M | Kyle S
Shift Handover Meeting: Ryan G | Jordan W
Start of Shift Meeting: Daren F | Tyson T | Devin N | Nathan P
Plant Status: Steady
Equipment Outage: 
Filter Change: 
Pigging: 01-21 | 05-21
Recycle Pumps: Production
Amine Concentration: 
Roustabout Utilization: 
Berm Water Samples Taken: No
Plant Process Discussion: Yes
Operational Targets: N/A
Overrides or Safeties Bypassed: N/A
Upcoming Activities: Yes
HSE Concerns: Yes
Regulatory Requirements: N/A
Staff Discussion: Yes
Weather & Effects on Operations: No
Permit Extensions/Critical Tasks: N/A
Attachment: 
Encoding: HTML
========================================
<p><u><em><strong>+10 Degrees Warming To +23 Degrees. Sun/Cloud, Breezy</strong></em></u></p>

<p>Manually dumped de eth suction scrubber.</p>

<p>RCO on site working on drainage.</p>

<p>Replaced recycle pump &quot;A&quot; belt.</p>

<p>Measurment inc proving V-107, 103, 104, 101 and recycle pump &quot;A&quot; and &quot;B&quot;. They will be back tomorrow to finish.</p>

<p>Elite Line Locating on site surveying behind barrel warehouse for track-hoe digging.</p>

<p>Mark pigged and batched 5-21. Also pigged 1-21 in the plant.</p>

<p>Kim pigged PNA.</p>

<p>Adjusted debute cooler fans as needed.</p>

<p>&nbsp;</p>
