$@MID@$: 3990
Date: Wed, 01 Sep 2021 05:04:44 -0600
Author: Blaine Harris
Shift: Night Shift
Operators: Blaine H | Bryan N
Shift Handover Meeting: Tye M | Kyle S
Start of Shift Meeting: 
Plant Status: Steady
Equipment Outage: 
Filter Change: 
Pigging: 
Recycle Pumps: Production | Overflow
Amine Concentration: 
Roustabout Utilization: 
Berm Water Samples Taken: No
Plant Process Discussion: Yes
Operational Targets: N/A
Overrides or Safeties Bypassed: N/A
Upcoming Activities: N/A
HSE Concerns: Yes
Regulatory Requirements: N/A
Staff Discussion: N/A
Weather & Effects on Operations: No
Permit Extensions/Critical Tasks: N/A
Attachment: 
Encoding: HTML
========================================
<p>Added a little glycol from the overhead tank.</p>

<p>Tightened the packings in the eg glycol pump</p>

<p>Sanitized the control room at the start and end of shift</p>

<p>Slowed the debute cooler fan speed to 20 from 30%</p>

<p>Completed the slips and trips inspection, no issues.</p>
$@MID@$: 3991
Date: Wed, 01 Sep 2021 17:11:56 -0600
Author: Tye Mastre
Shift: Day Shift
Operators: Tye M | Kyle S
Shift Handover Meeting: Blaine H | Bryan N
Start of Shift Meeting: Daren F | Devin N | Other
Plant Status: Steady
Equipment Outage: 
Filter Change: 
Pigging: 
Recycle Pumps: Production | Overflow
Amine Concentration: 
Roustabout Utilization: 
Berm Water Samples Taken: Yes
Plant Process Discussion: Yes
Operational Targets: N/A
Overrides or Safeties Bypassed: N/A
Upcoming Activities: N/A
HSE Concerns: Yes
Regulatory Requirements: Yes
Staff Discussion: Yes
Weather & Effects on Operations: No
Permit Extensions/Critical Tasks: N/A
Attachment: 
Encoding: HTML
========================================
<p><u><em><strong>+7 Degrees, Warming To +10 Degrees, Coudy &amp; Rainy</strong></em></u></p>

<p>Sanitized control room AM and PM.</p>

<p>Manually dumped de eth suction scrubber.</p>

<p>Cleanup around plant.</p>

<p>Tyler with Apecs serviced the instrument air compressor.</p>

<p>Rob hauled in Zeta water and sucked out the sullair K/O drum.</p>

<p>Manaully dumped K-203 suction scrubber.</p>

<p>Went over upcoming outage with Obsidian op.</p>

<p>Shot c3 valves. All good.</p>
