$@MID@$: 4002
Date: Tue, 07 Sep 2021 00:30:41 -0600
Author: Blaine Harris
Shift: Night Shift
Operators: Blaine H | Jordan W
Shift Handover Meeting: Kevin N | Kyle S
Start of Shift Meeting: 
Plant Status: Steady
Equipment Outage: 
Filter Change: 
Pigging: 
Recycle Pumps: Production
Amine Concentration: 
Roustabout Utilization: 
Berm Water Samples Taken: No
Plant Process Discussion: Yes
Operational Targets: N/A
Overrides or Safeties Bypassed: N/A
Upcoming Activities: Yes
HSE Concerns: Yes
Regulatory Requirements: N/A
Staff Discussion: N/A
Weather & Effects on Operations: No
Permit Extensions/Critical Tasks: N/A
Attachment: 
Encoding: HTML
========================================
<p>Sanitized the control room</p>

<p>Shut the 2 speed c3 condensor off</p>

<p>Shut in V-200 and WPNE inlet at midnight.</p>

<p>Cut the amine rebiler temp control valve to 33.5 from 34.5%</p>

<p>Submitteed a work order for Daren to remove the Braz North auto inhibit alarm WO# 6042753</p>

<p>&nbsp;</p>
$@MID@$: 4003
Date: Tue, 07 Sep 2021 19:15:34 -0600
Author: Kyle Shute
Shift: Day Shift
Operators: Kevin N | Kyle S
Shift Handover Meeting: Blaine H | Jordan W
Start of Shift Meeting: Daren F | Tyson T | Devin N
Plant Status: Flaring Event
Equipment Outage: K-201 | K-202 | K-203 | K-204 | K-205 | K-206 | K-5000 | C3-B | H-400 | Amine | Glycol | Battery | Water Plant | Acid Gas Well
Filter Change: 
Pigging: 
Recycle Pumps: Production | Overflow
Amine Concentration: 
Roustabout Utilization: 
Berm Water Samples Taken: No
Plant Process Discussion: Yes
Operational Targets: N/A
Overrides or Safeties Bypassed: N/A
Upcoming Activities: N/A
HSE Concerns: N/A
Regulatory Requirements: N/A
Staff Discussion: Yes
Weather & Effects on Operations: No
Permit Extensions/Critical Tasks: N/A
Attachment: 
Encoding: HTML
========================================
<p>Shut down the facility at 8:00AM for the work to be done on the PN/BN sales line, TCPL worked on their line as well replacing a valve.</p>

<p><strong>Shut the ESD and control valve for the CO2 blending at 7-11, Flow control valve is in manual at 0%.</strong></p>

<p><strong>Shut off the Amine Make-up pump (unplugged it)</strong></p>

<p><strong>Shut off the De-Ethanizer reflux pump hand switches.</strong></p>

<p>Devin did shutdown checks at the acid gas injection well.</p>

<p>Apecs serviced K-203 and K-204, also repaired the leak on K-204 timing cover.</p>

<p>Tyson replaced a seal on the amine booster pump P-4500, he also serviced the amine charge pump P-4700.</p>

<p>Starter on K-202 failed, Tyson has Apecs bringing out replacement parts tonight.</p>

<p><strong>8-35 ESD closed on high pressure, notified Mark Spelrem, told him we would let him know when the plant is back up and running so he could open it.</strong></p>

<p><strong>Amine bulk cooler single speed fan is off</strong></p>

<p>Seal on the amine reflux pump P-4510 failed and spilled some 30% amine onto the ground KITS #21969</p>

<p>RCO mowed the ditches along the road.</p>

<p>&nbsp;</p>

<p>&nbsp;</p>
