$@MID@$: 4018
Date: Wed, 15 Sep 2021 02:56:31 -0600
Author: Tye Mastre
Shift: Night Shift
Operators: Tye M | Dallas L
Shift Handover Meeting: Kevin N | Kyle S
Start of Shift Meeting: 
Plant Status: Steady
Equipment Outage: 
Filter Change: 
Pigging: 
Recycle Pumps: Production
Amine Concentration: 
Roustabout Utilization: 
Berm Water Samples Taken: No
Plant Process Discussion: Yes
Operational Targets: N/A
Overrides or Safeties Bypassed: N/A
Upcoming Activities: N/A
HSE Concerns: Yes
Regulatory Requirements: N/A
Staff Discussion: N/A
Weather & Effects on Operations: No
Permit Extensions/Critical Tasks: N/A
Attachment: 
Encoding: HTML
========================================
<p><u><em><strong>+19 Degrees Cooling To +3 Degrees, Cloudy and Rain</strong></em></u></p>

<p>Sanitized control room PM and AM.</p>

<p>Skimmed the amine charcoal filter. Clean.</p>

<p>Blew down the horizontal coalescer.</p>

<p>Blew down the chiller deoiler.</p>

<p>Adjusted debute cooler fans as needed.</p>

<p>Turned the 2 speed fan from &quot;fast to &quot;slow&quot;.</p>

<p>Raised the amine reboiler temp control valve from 36% to 37% to raise the tops temp as it was dipping down to 94 degrees.</p>

<p>Added oil to P-4750 amine charge pump crank case.</p>

<p>Rob T hauled in 2 loads of produced water from Zeta Creek.</p>
$@MID@$: 4019
Date: Wed, 15 Sep 2021 10:27:28 -0600
Author: Kyle Shute
Shift: Day Shift
Operators: Kevin N | Kyle S
Shift Handover Meeting: Tye M | Dallas L
Start of Shift Meeting: Daren F
Plant Status: Steady
Equipment Outage: 
Filter Change: 
Pigging: 
Recycle Pumps: Production
Amine Concentration: 
Roustabout Utilization: 
Berm Water Samples Taken: No
Plant Process Discussion: Yes
Operational Targets: N/A
Overrides or Safeties Bypassed: N/A
Upcoming Activities: N/A
HSE Concerns: N/A
Regulatory Requirements: N/A
Staff Discussion: Yes
Weather & Effects on Operations: No
Permit Extensions/Critical Tasks: N/A
Attachment: 
Encoding: HTML
========================================
<p>7&deg;C this morning, warming up to 15&deg;C this afternoon.</p>

<p>Mancal crews out this morning with Kenny C. installing the new spool to tie into their existing pipline.</p>

<p>Bald Eagle plumbing out to snake the septic line in the control room.</p>

<p>Chris Page delivered bulk oil.</p>

<p>Vermillion is doing a turnaround at their 15-16 battery, they will be trucking in emulsion from 12-19-49-11W5M tomorrow (2 Loads).</p>

<p>Added C3 to the accumulator, 3.5 to 7 bolts, ordered C3 from Midwest, should be arriving in the next few days, they will call when the have an ETA.</p>

<p>Swung recycle pump B into the overflow tank.</p>
