$@MID@$: 4038
Date: Sat, 25 Sep 2021 04:49:24 -0600
Author: Kevin Nicol
Shift: Night Shift
Operators: Kevin N | Bryan N
Shift Handover Meeting: Ryan G | Leo N
Start of Shift Meeting: 
Plant Status: Steady
Equipment Outage: 
Filter Change: 
Pigging: 
Recycle Pumps: Production
Amine Concentration: 
Roustabout Utilization: 
Berm Water Samples Taken: No
Plant Process Discussion: Yes
Operational Targets: N/A
Overrides or Safeties Bypassed: N/A
Upcoming Activities: N/A
HSE Concerns: N/A
Regulatory Requirements: N/A
Staff Discussion: N/A
Weather & Effects on Operations: No
Permit Extensions/Critical Tasks: N/A
Attachment: 
Encoding: HTML
========================================
<p>dumped the amine skim tank</p>

<p>tightened the EG packing</p>

<p>worked on CMDS</p>

<p>&nbsp;</p>
$@MID@$: 4039
Date: Sat, 25 Sep 2021 15:39:48 -0600
Author: Ryan Gilgan
Shift: Day Shift
Operators: Ryan G | Leo N
Shift Handover Meeting: Kevin N | Bryan N
Start of Shift Meeting: 
Plant Status: Steady
Equipment Outage: 
Filter Change: 
Pigging: 
Recycle Pumps: Production
Amine Concentration: 
Roustabout Utilization: 
Berm Water Samples Taken: No
Plant Process Discussion: Yes
Operational Targets: N/A
Overrides or Safeties Bypassed: N/A
Upcoming Activities: N/A
HSE Concerns: N/A
Regulatory Requirements: N/A
Staff Discussion: N/A
Weather & Effects on Operations: No
Permit Extensions/Critical Tasks: N/A
Attachment: 
Encoding: HTML
========================================
<p><strong><u>Weather: 8 degrees this morning warming to 15 and overcast.</u></strong></p>

<p>Sanitize work area</p>

<p>Worked on weekend checks</p>

<p>Rob with GGT hauled Zeta water in.</p>

<p>RPM sucked out 10m3 of lube oil</p>

<p>Pumped out lube oil underground tanks</p>

<p>Drained Amine skim tank</p>

<p>Pumped out FKO</p>

<p>Put C3 2 speed fan on slow</p>

<p>Training with Leo</p>

<p>&nbsp;</p>

<p>&nbsp;</p>
