$@MID@$: 4068
Date: Sun, 10 Oct 2021 04:21:08 -0600
Author: Ryan Gilgan
Shift: Night Shift
Operators: Ryan G | Dallas L
Shift Handover Meeting: Kevin N | Chad Q
Start of Shift Meeting: 
Plant Status: Steady
Equipment Outage: 
Filter Change: 
Pigging: 
Recycle Pumps: Production
Amine Concentration: 
Roustabout Utilization: 
Berm Water Samples Taken: No
Plant Process Discussion: Yes
Operational Targets: N/A
Overrides or Safeties Bypassed: N/A
Upcoming Activities: N/A
HSE Concerns: N/A
Regulatory Requirements: N/A
Staff Discussion: N/A
Weather & Effects on Operations: No
Permit Extensions/Critical Tasks: N/A
Attachment: 
Encoding: HTML
========================================
<p>Weather: +15 at the start of shift cooling to +3 in the morning</p>

<p>Sanitize work area</p>

<p>Skimmed Amine charcoal filter, skim of oil</p>

<p>Put C3 2 speed fan on fast shut off single speed fan</p>

<p>&nbsp;</p>
$@MID@$: 4069
Date: Sun, 10 Oct 2021 16:35:24 -0600
Author: Kevin Nicol
Shift: Day Shift
Operators: Kevin N | Chad Q
Shift Handover Meeting: Ryan G | Dallas L
Start of Shift Meeting: 
Plant Status: Steady
Equipment Outage: 
Filter Change: 
Pigging: 
Recycle Pumps: Production
Amine Concentration: 
Roustabout Utilization: 
Berm Water Samples Taken: No
Plant Process Discussion: Yes
Operational Targets: N/A
Overrides or Safeties Bypassed: N/A
Upcoming Activities: N/A
HSE Concerns: N/A
Regulatory Requirements: N/A
Staff Discussion: N/A
Weather & Effects on Operations: No
Permit Extensions/Critical Tasks: N/A
Attachment: 
Encoding: HTML
========================================
<p>topped up LPG lubricator</p>

<p>increased the debut fan</p>

<p>worked on CMDS</p>

<p>cleaned up staining in the header building</p>

<p>&nbsp;</p>
