$@MID@$: 4078
Date: Fri, 15 Oct 2021 04:48:32 -0600
Author: Tye Mastre
Shift: Night Shift
Operators: Tye M | Romeo T
Shift Handover Meeting: Blaine H | Kyle S
Start of Shift Meeting: 
Plant Status: Steady
Equipment Outage: 
Filter Change: 
Pigging: 
Recycle Pumps: Production
Amine Concentration: 
Roustabout Utilization: 
Berm Water Samples Taken: No
Plant Process Discussion: Yes
Operational Targets: N/A
Overrides or Safeties Bypassed: N/A
Upcoming Activities: N/A
HSE Concerns: Yes
Regulatory Requirements: N/A
Staff Discussion: N/A
Weather & Effects on Operations: No
Permit Extensions/Critical Tasks: N/A
Attachment: 
Encoding: HTML
========================================
<p><u><em><strong>+11 Degrees Cooling to -3 Degrees, Calm &amp; Clear</strong></em></u></p>

<p>Sanitized control room PM and AM.</p>

<p>Manually dumped the horizontal coalescer.</p>

<p>Manually dumped the de eth suction scrubber.</p>

<p>Monitored the hot oil pump mechanical seal through the night.</p>

<p>Turned the 2 speed condencer fan from &quot;fast&quot; to &quot;slow&quot;.</p>

<p>&nbsp;</p>
$@MID@$: 4079
Date: Fri, 15 Oct 2021 16:41:15 -0600
Author: Blaine Harris
Shift: Day Shift
Operators: Blaine H | Kyle S
Shift Handover Meeting: Tye M | Romeo T
Start of Shift Meeting: 
Plant Status: Steady
Equipment Outage: 
Filter Change: 
Pigging: 14-03
Recycle Pumps: Production | Overflow
Amine Concentration: 
Roustabout Utilization: 
Berm Water Samples Taken: No
Plant Process Discussion: Yes
Operational Targets: N/A
Overrides or Safeties Bypassed: N/A
Upcoming Activities: N/A
HSE Concerns: Yes
Regulatory Requirements: N/A
Staff Discussion: Yes
Weather & Effects on Operations: No
Permit Extensions/Critical Tasks: N/A
Attachment: 
Encoding: HTML
========================================
<p><u><strong>Weather cool -5 degrees warming to 12 degrees in the afternoon</strong></u></p>

<p>Sanitized the control room</p>

<p>Pumped up the acid gas well esd actuators.</p>

<p>Changed c3 fans when needed, ended shift with the single speed fan on and the 2 speed fan on slow.</p>

<p>Tyson. Tyler and Nathan installed P-3501B electric motor. P-3501B is now on line</p>

<p>Summited a wo# (4761759) for the mp header chemical injection pump</p>

<p>Hvo hauled in 1 load of Mancal emulsion</p>

<p>Wolf Creek line pigged, pig pulled clean</p>
