$@MID@$: 4080
Date: Sat, 16 Oct 2021 04:52:10 -0600
Author: Tye Mastre
Shift: Night Shift
Operators: Tye M | Romeo T
Shift Handover Meeting: Blaine H | Kyle S
Start of Shift Meeting: 
Plant Status: Steady
Equipment Outage: 
Filter Change: 
Pigging: 
Recycle Pumps: Production
Amine Concentration: 
Roustabout Utilization: 
Berm Water Samples Taken: No
Plant Process Discussion: Yes
Operational Targets: N/A
Overrides or Safeties Bypassed: N/A
Upcoming Activities: N/A
HSE Concerns: Yes
Regulatory Requirements: N/A
Staff Discussion: N/A
Weather & Effects on Operations: No
Permit Extensions/Critical Tasks: N/A
Attachment: 
Encoding: HTML
========================================
<p><u><em><strong>+16 Degrees, Cooling To 0 Degrees, Calm &amp; Clear</strong></em></u></p>

<p>Sanitized control room.</p>

<p>Manually dumped de eth suction scrubber.</p>

<p>Pinched the amine reboiler temp control valve from 35% to 34% to lower the regen tops temp.</p>

<p>Recycle pump &quot;B&quot; went down. Restarted, pump had a hard time rolling over and blew the belt. Replaced the belt and put back in service. (Strainer clean).</p>

<p>Turned the 2 speed fan from &quot;slow&quot; to &quot;off&quot; and left the single speed running to maintain inlet contactor temp and surge tank pressure.</p>

<p>Overflow tank rang in low level. Swung recycle pump &quot;B&quot; into the production tank.</p>

<p>&nbsp;</p>

<p>&nbsp;</p>
$@MID@$: 4081
Date: Sat, 16 Oct 2021 16:37:57 -0600
Author: Blaine Harris
Shift: Day Shift
Operators: Blaine H | Kyle S
Shift Handover Meeting: Tye M | Romeo T
Start of Shift Meeting: 
Plant Status: Steady
Equipment Outage: 
Filter Change: 
Pigging: 
Recycle Pumps: Production
Amine Concentration: 
Roustabout Utilization: 
Berm Water Samples Taken: No
Plant Process Discussion: Yes
Operational Targets: N/A
Overrides or Safeties Bypassed: N/A
Upcoming Activities: N/A
HSE Concerns: Yes
Regulatory Requirements: N/A
Staff Discussion: N/A
Weather & Effects on Operations: No
Permit Extensions/Critical Tasks: N/A
Attachment: 
Encoding: HTML
========================================
<p><strong><u>Weather clear and -2 warming to +15 in the afternoon</u></strong></p>

<p>Sanitized the control room</p>

<p>Tightened the packings on the south eg pump</p>

<p>C3 single speed fan is on and the 2 speed fan is on slow</p>

<p>Cleaned up some dirty soaker pads, cleaned some flooring in process</p>

<p>Added c3 to the system, level is at 9 bolts</p>

<p>Recycled from the boot</p>

<p>Dumped treater back water</p>

<p>Added oil to K-201 cylinder lube oil gear box</p>

<p>Pumped out the flare ko</p>

<p>Skimmed the amine charcoal filter.</p>

<p>Opened up the louvers on K201 and K202 a little</p>

<p>&nbsp;</p>
