$@MID@$: 4137
Date: Sat, 13 Nov 2021 16:41:57 -0700
Author: Kyle Shute
Shift: Day Shift
Operators: Kyle S | Leo N
Shift Handover Meeting: Romeo T | Jordan W
Start of Shift Meeting: 
Plant Status: Steady
Equipment Outage: 
Filter Change: 
Pigging: 
Recycle Pumps: Production
Amine Concentration: 
Roustabout Utilization: 
Berm Water Samples Taken: No
Plant Process Discussion: Yes
Operational Targets: N/A
Overrides or Safeties Bypassed: N/A
Upcoming Activities: Yes
HSE Concerns: N/A
Regulatory Requirements: N/A
Staff Discussion: Yes
Weather & Effects on Operations: No
Permit Extensions/Critical Tasks: N/A
Attachment: 
Encoding: HTML
========================================
<p><!--StartFragment--><u><em><strong>-1&deg;C this morning =&gt; 4&deg;C this afternoon</strong></em></u><!--EndFragment--></p>

<p>- Started weekend checks.</p>

<p>- Leo adjusted the middle and the far east lubricator drip rate on the LPG pump.</p>

<p>- Pumped out the flare knockout and recycled from the boot.</p>

<p>- HVO brought a load of mancal emulsion.</p>

<p>- Swung recycle pump B into the overflow tank.</p>

<p>- Checked chemical injection rates.</p>

<p>- Took down the pipe from the overhead glycol storage tank and capped the end, placed the pipe in the instrument shop.</p>

<p>- Pulled 6&quot; pig for vermillion outside the fence.</p>

<p>- Cleaned the sightglass on the glycol flash tank.</p>

<p><em><u><strong>Upcoming Activities</strong></u></em></p>

<p>- Louvretech will be out on Monday to repair louvers on K-202.</p>

<p>- Apecs will be servicing K-202.</p>

<p>- Flint will be out to install the starter on K-202.</p>

<p>- K-5000 service.</p>
