$@MID@$: 4120
Date: Fri, 05 Nov 2021 04:41:17 -0600
Author: Ryan Gilgan
Shift: Night Shift
Operators: Ryan G | Jeff B
Shift Handover Meeting: Kevin N | Leo N
Start of Shift Meeting: 
Plant Status: Steady
Equipment Outage: 
Filter Change: 
Pigging: 
Recycle Pumps: Production
Amine Concentration: 
Roustabout Utilization: 
Berm Water Samples Taken: No
Plant Process Discussion: Yes
Operational Targets: N/A
Overrides or Safeties Bypassed: N/A
Upcoming Activities: N/A
HSE Concerns: N/A
Regulatory Requirements: N/A
Staff Discussion: N/A
Weather & Effects on Operations: No
Permit Extensions/Critical Tasks: N/A
Attachment: 
Encoding: HTML
========================================
<p><u><strong>Weather:&nbsp; +7 at the start of the shift, -2 in the morning.</strong></u></p>

<p>Sanitize work area</p>

<p>Lowered Treater back water level.</p>

<p>Emptied drip pails.</p>

<p>&nbsp;</p>
$@MID@$: 4121
Date: Fri, 05 Nov 2021 16:39:26 -0600
Author: Kevin Nicol
Shift: Day Shift
Operators: Kevin N | Leo N
Shift Handover Meeting: Ryan G | Jeff B
Start of Shift Meeting: 
Plant Status: Steady
Equipment Outage: 
Filter Change: Water Plant
Pigging: 14-03
Recycle Pumps: Production
Amine Concentration: 
Roustabout Utilization: 
Berm Water Samples Taken: No
Plant Process Discussion: Yes
Operational Targets: N/A
Overrides or Safeties Bypassed: N/A
Upcoming Activities: N/A
HSE Concerns: N/A
Regulatory Requirements: N/A
Staff Discussion: N/A
Weather & Effects on Operations: Yes
Permit Extensions/Critical Tasks: N/A
Attachment: 
Encoding: HTML
========================================
<p>topped up LPG lubricator</p>

<p>recycled off the boot</p>

<p>Chad pigged Wolf creek, pulled clean</p>

<p>Mark S checking the UPS system</p>

<p>Rob hauled in lube oils and H2O from Zeta</p>

<p>worked on tank info for Lydon C.</p>

<p>changed east H2O filter , west on line</p>

<p>started C3 fan on slow</p>

<p><strong>upcoming oil changes K202 and AG comp tuesdaythe 9th. K209 tuesday the 15th</strong></p>

<p>&nbsp;</p>
