$@MID@$: 4151
Date: Sat, 20 Nov 2021 08:36:50 -0700
Author: Leo Nedelec
Shift: Day Shift
Operators: Romeo T | Leo N
Shift Handover Meeting: Blaine H | Bryan N
Start of Shift Meeting: 
Plant Status: Steady
Equipment Outage: 
Filter Change: 
Pigging: 14-03
Recycle Pumps: Production
Amine Concentration: 33 %
Roustabout Utilization: 
Berm Water Samples Taken: No
Plant Process Discussion: Yes
Operational Targets: N/A
Overrides or Safeties Bypassed: N/A
Upcoming Activities: N/A
HSE Concerns: N/A
Regulatory Requirements: N/A
Staff Discussion: Yes
Weather & Effects on Operations: No
Permit Extensions/Critical Tasks: N/A
Attachment: 
Encoding: HTML
========================================
<p>Weather: -3 C overcast, snowing</p>

<p>- Oil King hauled 1 load stored Zeta condensate to ADT</p>

<p>- Tighten packing on reboiler glycol pump</p>

<p>- Topped up K-205 Governor</p>

<p>- Moved Gator to welding shop for storage</p>

<p>- Chad sent Peg for Wolf Creek line, pulled peg all looks good</p>

<p>- Chad and Rob depressured 3-27 Well casing</p>

<p>- Manually drained treater back water</p>

<p>- Skimmed off charcoal filter</p>

<p>- Shoveled snow off some of the sidewalks</p>
