$@MID@$: 4182
Date: Mon, 06 Dec 2021 04:38:24 -0700
Author: Ryan Gilgan
Shift: Night Shift
Operators: Ryan G | Dallas L
Shift Handover Meeting: Kevin N | Leo N
Start of Shift Meeting: 
Plant Status: Steady
Equipment Outage: 
Filter Change: 
Pigging: 
Recycle Pumps: Production
Amine Concentration: 
Roustabout Utilization: 
Berm Water Samples Taken: No
Plant Process Discussion: Yes
Operational Targets: N/A
Overrides or Safeties Bypassed: N/A
Upcoming Activities: N/A
HSE Concerns: N/A
Regulatory Requirements: N/A
Staff Discussion: N/A
Weather & Effects on Operations: No
Permit Extensions/Critical Tasks: N/A
Attachment: 
Encoding: HTML
========================================
<p>Weather: -20 at the start of the shift warming up slightly overnight to -18</p>

<p>Sanitize work area</p>

<p>Skimmed amine charcoal filter, clean</p>

<p>Emptied pails around the facility</p>

<p>Checked C3 jack screws.&nbsp; All good</p>

<p>Put both recycle pumps in the Production tank</p>

<p>&nbsp;</p>
$@MID@$: 4183
Date: Mon, 06 Dec 2021 16:39:31 -0700
Author: Kevin Nicol
Shift: Day Shift
Operators: Kevin N | Leo N
Shift Handover Meeting: Ryan G | Dallas L
Start of Shift Meeting: 
Plant Status: Steady
Equipment Outage: 
Filter Change: 
Pigging: 
Recycle Pumps: Production
Amine Concentration: 
Roustabout Utilization: 
Berm Water Samples Taken: No
Plant Process Discussion: Yes
Operational Targets: N/A
Overrides or Safeties Bypassed: N/A
Upcoming Activities: Yes
HSE Concerns: N/A
Regulatory Requirements: N/A
Staff Discussion: N/A
Weather & Effects on Operations: No
Permit Extensions/Critical Tasks: N/A
Attachment: 
Encoding: HTML
========================================
<p>K205 off for service (Apecs), K204 on line</p>

<p>Core lab taking monthly samples</p>

<p>Nathan working on the LPE building vent fan</p>

<p>changed sightglass valves on K205 expantion tank and added glycol</p>

<p>CPA delivered bulk oil</p>

<p>changed out pads on the compressors</p>

<p>pumped out the packing drain tank</p>

<p>Pollard will be out tomorrow to insulat the load line for the glycol storage tank and to repair the eaveastrough/ downspout by the safety shed.</p>

<p>&nbsp;</p>
