$@MID@$: 4192
Date: Sat, 11 Dec 2021 01:53:41 -0700
Author: Jordan Wilson
Shift: Night Shift
Operators: Romeo T | Jordan W
Shift Handover Meeting: Blaine H | Kyle S
Start of Shift Meeting: 
Plant Status: Steady
Equipment Outage: 
Filter Change: Water Plant
Pigging: 
Recycle Pumps: Production | Overflow
Amine Concentration: 
Roustabout Utilization: 
Berm Water Samples Taken: No
Plant Process Discussion: Yes
Operational Targets: N/A
Overrides or Safeties Bypassed: N/A
Upcoming Activities: N/A
HSE Concerns: N/A
Regulatory Requirements: N/A
Staff Discussion: N/A
Weather & Effects on Operations: No
Permit Extensions/Critical Tasks: N/A
Attachment: 
Encoding: HTML
========================================
<p>Weather: -7 and clear</p>

<p>-Changed water filters a few times</p>

<p>-Rob T hauled in 2 loads of Zeta Water, added pail of chemical to load</p>

<p>-treater front water sightglass had black water, blew down sight glass a bunch, still black.&nbsp; Blew down again in mid morning and water is clear now</p>

<p>-debute fans from 35 to 0%</p>

<p>-14-3 slug controller back in auto</p>

<p>-debute reflux pump vapour locked, blew to flare a bit, working fine after</p>

<p>-glycol accumulator level in the 45% area, dumped glycol separator to accumulator a couple times, didn&#39;t help much.&nbsp; Added from overhead for 4 cycles on the wilden pump to see if it was hanging up.&nbsp; Level immediately shot up.&nbsp; Jumped up to 85% in a few seconds, then kept climbing up to 105%.&nbsp; Got a lot of glycol back.</p>

<p>-1 load of mancal oil delivered by HVO</p>

<p>-Recycle pump B in overflow tank, sped up from 80m3/day to 100m3/day</p>

<p>-some melt water got into gutter by K-204 and spilled over a bit, pumped out gutter and put some soakers down to soak up fluids, will remove soakers tomorrow</p>

<p>-C3 condenser 2 speed fan from slow to fast</p>

<p>&nbsp;</p>
$@MID@$: 4193
Date: Sat, 11 Dec 2021 16:36:53 -0700
Author: Blaine Harris
Shift: Day Shift
Operators: Blaine H | Kyle S
Shift Handover Meeting: Romeo T | Jordan W
Start of Shift Meeting: 
Plant Status: Steady
Equipment Outage: 
Filter Change: 
Pigging: 
Recycle Pumps: Production
Amine Concentration: 
Roustabout Utilization: 
Berm Water Samples Taken: No
Plant Process Discussion: Yes
Operational Targets: N/A
Overrides or Safeties Bypassed: N/A
Upcoming Activities: N/A
HSE Concerns: Yes
Regulatory Requirements: N/A
Staff Discussion: N/A
Weather & Effects on Operations: No
Permit Extensions/Critical Tasks: N/A
Attachment: 
Encoding: HTML
========================================
<p><strong>Weather clear and -3 in the morning turning cloudy and snowy in the afternoon</strong>.</p>

<p>Sanitized the control room</p>

<p>Pumped out the amine charge pump packing tank.</p>

<p>Dumped the amine skim tank</p>

<p>Tightened the east packing on the amine charge pump.</p>

<p>Swung recycle B pump out of the trucked in tank back into the production tank.</p>

<p>Started weekend safety checks</p>

<p>Worked on ADR</p>

<p>Worked on CMDS</p>

<p>&nbsp;</p>

<p>&nbsp;</p>
