$@MID@$: 4196
Date: Mon, 13 Dec 2021 03:56:55 -0700
Author: Jordan Wilson
Shift: Night Shift
Operators: Romeo T | Jordan W
Shift Handover Meeting: Blaine H | Kyle S
Start of Shift Meeting: 
Plant Status: Steady
Equipment Outage: 
Filter Change: 
Pigging: 
Recycle Pumps: Production
Amine Concentration: 
Roustabout Utilization: 
Berm Water Samples Taken: No
Plant Process Discussion: Yes
Operational Targets: N/A
Overrides or Safeties Bypassed: N/A
Upcoming Activities: N/A
HSE Concerns: N/A
Regulatory Requirements: N/A
Staff Discussion: N/A
Weather & Effects on Operations: Yes
Permit Extensions/Critical Tasks: N/A
Attachment: 
Encoding: HTML
========================================
<p>Weather: -21 and clear</p>

<p>-FQI-5 low temp rang in which is V-107 gas off meter.&nbsp; Turned on heaters in building.</p>

<p>-pump out water plant sump</p>

<p>-Close sullair vent to outside to warm up the inside of the building</p>

<p>-glycol accumulator level really low during low gas flow times.&nbsp; Dump glycol separator a couple times, had to add a bit of glycol from overhead tank.</p>

<p>-regen tops temp a little high.&nbsp; Changed TIC-4300 from 35% to 34.5%</p>

<p>-temps was ok on amine trim cooler, but louvers fully closed.&nbsp; Dropped tarps halfway to keep it a little warmer so we have some temp control with louvers.</p>
$@MID@$: 4197
Date: Mon, 13 Dec 2021 16:08:52 -0700
Author: Blaine Harris
Shift: Day Shift
Operators: Blaine H | Kyle S
Shift Handover Meeting: Romeo T | Jordan W
Start of Shift Meeting: 
Plant Status: Steady
Equipment Outage: 
Filter Change: 
Pigging: 05-14
Recycle Pumps: Production
Amine Concentration: 31%
Roustabout Utilization: 
Berm Water Samples Taken: No
Plant Process Discussion: Yes
Operational Targets: N/A
Overrides or Safeties Bypassed: N/A
Upcoming Activities: N/A
HSE Concerns: Yes
Regulatory Requirements: N/A
Staff Discussion: N/A
Weather & Effects on Operations: No
Permit Extensions/Critical Tasks: N/A
Attachment: 
Encoding: HTML
========================================
<p><strong>Start of shift cloudy with fog temp -18 turning to snow in the afternoon</strong></p>

<p>Sanitized the control room</p>

<p>Started training new operator Pat Brown</p>

<p>Tyler changed out all 3 packings on the North Keylink pump.</p>

<p>Core Labs out to take monlthy sour samples.</p>

<p>Amine concentration 31%</p>

<p>Pulled Obsidian 1-21 pig, Losts of wax</p>

<p>Chad Quinn pigged wpne line, checked for pig just before shift change and it still had not arrived, will check again in the morning.</p>

<p>Pumped out the gutter around K-204.</p>

<p>&nbsp;</p>

<p>&nbsp;</p>

<p>&nbsp;</p>
