$@MID@$: 526
Date: Tue, 07 Feb 2017 05:16:30 -0700
Author: Dayton Mohr
Shift: Night Shift
Operators: Dayton M | Dallas L
Plant Status: Steady
Equipment Outage: 
Filter Change: 
Pigging: 
Amine Concentration: 
Attachment: 
Encoding: HTML
========================================
<p>Plant steady no issues</p>
$@MID@$: 527
Date: Tue, 07 Feb 2017 16:52:09 -0700
Author: Nigel Renschler
Shift: Day Shift
Operators: Tye M | Nigel R | Blaine H
Plant Status: 
Equipment Outage: 
Filter Change: 
Pigging: 
Amine Concentration: 
Attachment: 
Encoding: HTML
========================================
<p>- Dan K worked on glycol pump A. Replaced both plungers and packing.</p>

<p>- Mike M worked on C3A shutdowns.</p>

<p>- GGT hauled in a load of bigoray oil.</p>

<p>- HVO hauled in loads of baccaleau oil.</p>

<p>- Opened louvres on K-202.</p>

<p>- Corelabs out taking monthly samples.</p>

<p>- Tye up at brz helping Gary. Tye up at Zeta training.</p>

<p>- Pembina out doing their biocide.</p>
