$@MID@$: 599
Date: Mon, 13 Mar 2017 08:23:43 -0600
Author: Gary Wright
Shift: Day Shift
Operators: Grant M | Gary W
Plant Status: Steady
Equipment Outage: 
Filter Change: 
Pigging: 
Amine Concentration: 
Roustabout Utilization: Working night shift (vacation coverage)
Attachment: 
Encoding: HTML
========================================
<p>Skimmed the amine charcoal filter</p>

<p>Shovelled manway doors around process</p>

<p>Work ordered boot chemical pump, suspect the check valve is bad</p>

<p>Lube oil pump at the end of the annex is spitting oil out the exhaust port</p>

<p>IEC (Mike) working on LPG pm&#39;s, boot chemical pump, K-202 louver actuator</p>

<p>HVO (Brett) hauling in two loads of Baccalieu oil from 15-10, and 4-28</p>

<p>Grant pulled the meter at the water well, found some broken wires. All good now</p>

<p><span style="color:#FF0000">Removed the SCBA&#39;s from the water plant, battery MCC, process, old control room boot room, and the warehouse, also removed three work packs from the safety shack. Kelly will take them in to be re-certified for the regulator flows</span></p>

<p>Finished swapping stuff over to the new day shift truck (old Zeta night shift truck)</p>

<p>Grant plowing more snow around the plant</p>

<p>Res gas cooler fan on auto and two speed fan on slow</p>

<p>Trim cooler tarps raised some more, and opened a couple of louvers</p>

<p>Core labs out for weekly samples</p>

<p>Kristina working on tracking down our fuel gas balance issues</p>

<p>Raised the bottoms temp on our De-eth Tower to 103, as we are off spec on our Ethane content in our LPG&#39;s</p>

<p>Lowered Amine regen tops temp down from 43% to 42%</p>

<p>Need Dan to look at skid steer seat sensor, its acting up again when Grant was plowing snow</p>

<p>Opened up louvers on K-202 and K-201</p>

<p>&nbsp;</p>

<p>&nbsp;</p>

<p>&nbsp;</p>

<p>&nbsp;</p>

<p>&nbsp;</p>

<p>&nbsp;</p>

<p>&nbsp;</p>
$@MID@$: 600
Date: Mon, 13 Mar 2017 20:26:35 -0600
Author: Nigel Renschler
Shift: Night Shift
Operators: Ryan B | Nigel R | Ryan B
Plant Status: Steady
Equipment Outage: 
Filter Change: 
Pigging: 
Amine Concentration: 
Roustabout Utilization: Covering for Blaine H
Attachment: 
Encoding: HTML
========================================
<p>- Recycling out of truck offoad - recycle pump b down 3x. cleaned y strainer and meter. Back into the overflow</p>

<p>- Ask graters to plow Keyera road. Said they would do it first thing in the morning.</p>

<p>- Shut 2 speed fan on C3 Condenser to off</p>
