$@MID@$: 576
Date: Thu, 02 Mar 2017 04:59:11 -0700
Author: Kevin Nicol
Shift: Night Shift
Operators: Kevin N | Jeff B
Plant Status: Steady
Equipment Outage: 
Filter Change: 
Pigging: 
Amine Concentration: 
Roustabout Utilization: #@
Attachment: 
Encoding: HTML
========================================
<p>HVO delivered oil from 7-36 Insch</p>

<p>recycle swung to the truck off load</p>
$@MID@$: 577
Date: Thu, 02 Mar 2017 15:58:49 -0700
Author: Tye Mastre
Shift: Day Shift
Operators: Ryan G | Tye M
Plant Status: Steady
Equipment Outage: 
Filter Change: 
Pigging: 
Amine Concentration: 
Roustabout Utilization: Justin sick
Attachment: 
Encoding: HTML
========================================
<p>Braz shutdown key/ summer shutdown meeting.</p>

<p>Glen G with GGT hauled Braz h20.</p>

<p>Swung out of the truck offload line due to hight BS&amp;W ringing in and out. Both pumps in the production tank.</p>

<p>Pembina came out to prove their meter.</p>

<p>Put the c3 2 speed fan on slow.</p>

<p>AER out visiting Braz today, planning on coming out for an inspection this week sometime.</p>
