$@MID@$: 660
Date: Tue, 11 Apr 2017 16:45:08 -0600
Author: Justin Ewing
Shift: Day Shift
Operators: Justin E | Ryan G
Plant Status: Steady | Lost Compressor(s)
Equipment Outage: K-5000
Filter Change: 
Pigging: 
Amine Concentration: 
Roustabout Utilization: N/A
Attachment: 
Encoding: HTML
========================================
<p>Water on the Go out to deliver drinking water</p>

<p>Added C3 today from the South storage tank</p>

<p>Spartan out today to take exhaust samples</p>

<p>Blaine K and Steve out to look at possible spots for a future comms tower for the Keylink Project near the Bullet</p>

<p>Ops meeting this morning</p>

<p>Dan PM&#39;d air compressor</p>

<p>Lost Acid gas compressor on 2nd stage delta pressure, dropped suction pressure from 50 to 45 Kpa</p>

<p>Pumped methanol twice to the A/G discharge line today.</p>

<p>Mike M. pulled and cleaned the S/G on the amine contactor.</p>

<p>K-203 and K-204 both rang in on Hi comp oil temp. Teh screen was showing the temps sprox 10 degrees higher than the gauges on the machine. Daren fixed some programing calculations to make the temps more accurate. (this was due to a poor PLC card at the K203/K-204 Panel)</p>

<p>HVO brought 2 loads of Baccalieu 06-12 Oil emulsion</p>

<p>Both recycle pumps currently in the production tank</p>

<p><span style="color:#0000FF"><strong>Gator had a flat tire today on the Front Passenger side. Do not use tonight please. We will put the tire back on tomorrow.</strong></span></p>

<p>&nbsp;</p>
