$@MID@$: 645
Date: Tue, 04 Apr 2017 05:11:25 -0600
Author: Justin Ewing
Shift: Night Shift
Operators: Justin E | Dallas L
Plant Status: Steady
Equipment Outage: 
Filter Change: 
Pigging: 
Amine Concentration: 
Roustabout Utilization: Nightshift Coverage
Attachment: 
Encoding: HTML
========================================
<p>Plant Steady</p>

<p>Recycling out of the Production Tank only</p>

<p>K-202 and K-201 louveres still opened up</p>

<p>Skimmed amine charcoal filters</p>

<p>Glycol flow rate between 9 m3 and 10 m3 all night</p>
$@MID@$: 646
Date: Tue, 04 Apr 2017 17:07:56 -0600
Author: Ryan Bangle
Shift: Day Shift
Operators: Ryan B | Blaine H
Plant Status: 
Equipment Outage: 
Filter Change: 
Pigging: 
Amine Concentration: 
Roustabout Utilization: Nigel covered at Zeta.
Attachment: 
Encoding: HTML
========================================
<p>Mike M did PM on amine skid instruments.</p>

<p>Core Labs out taking monthly samples.</p>

<p>Measurement Inc out calibrating LPG and lean oil meter to bullet.</p>

<p>Offloaded new water filters at water plant.</p>

<p>Added C3 to surge tank.</p>

<p>Decreased amine tops temp valve to 41 from 42.</p>

<p>Lowered acid gas trim cooler temp to 25 from 30 to help with temps on the compressor.</p>

<p>Raised tarps on amine trim cooler.</p>
