$@MID@$: 723
Date: Sat, 13 May 2017 05:08:07 -0600
Author: Ryan Gilgan
Shift: Night Shift
Operators: Ryan G | Chris P
Plant Status: Steady
Equipment Outage: 
Filter Change: 
Pigging: 
Recycle Pumps: Production | Truck Offload
Amine Concentration: 
Roustabout Utilization: 
Attachment: 
Encoding: HTML
========================================
<p>1 load of Baccalieu hauled in by HVO.</p>

<p>Slowed down DeBute cooler fans to 25% from 50%.</p>

<p>Added oil to K-205 governor.</p>

<p>Put the top temps on the Regen back in manual, started swinging 10 degrees.</p>

<p>Swung recycle into truck offload line.</p>
$@MID@$: 724
Date: Sat, 13 May 2017 16:56:59 -0600
Author: Dayton Mohr
Shift: Day Shift
Operators: Dayton M | Nigel R
Plant Status: Steady
Equipment Outage: 
Filter Change: 
Pigging: 
Recycle Pumps: Production | Overflow
Amine Concentration: 
Roustabout Utilization: N/A
Attachment: 
Encoding: HTML
========================================
<p>GGT Rob hauling in Pennwest Emulision</p>

<p>Added C3 to accumilator 0 to 8 bolts</p>

<p>Blew down chiller deoiler</p>

<p>weekend checks</p>

<p>switch battery recycles back to one in production one in overflow.</p>
