$@MID@$: 699
Date: Mon, 01 May 2017 05:12:22 -0600
Author: dallas lawrence
Shift: Night Shift
Operators: Dayton M | Dallas L
Plant Status: Steady
Equipment Outage: 
Filter Change: 
Pigging: 
Recycle Pumps: 
Amine Concentration: 
Roustabout Utilization: 
Attachment: 
Encoding: HTML
========================================
<p>- plant steady</p>

<p>- skimmed amine charcoal filter, clean</p>
$@MID@$: 700
Date: Mon, 01 May 2017 17:16:24 -0600
Author: Kevin Nicol
Shift: Day Shift
Operators: Nigel R | Kevin N
Plant Status: 
Equipment Outage: K-5000
Filter Change: 
Pigging: 
Recycle Pumps: 
Amine Concentration: 
Roustabout Utilization: 
Attachment: 
Encoding: HTML
========================================
<p>Dan repaired recycle B</p>

<p>cut H2O make up to 9%</p>

<p>hauled oil for K206/202 oil changes</p>

<p>Core labs out</p>

<p>ordered Norkool</p>

<p>Lost AG comp on high 2nd stage diff press, shut down and isolated to check valves on 3nd stage.</p>

<p>worked on master item action list</p>

<p>&nbsp;</p>
