$@MID@$: 703
Date: Wed, 03 May 2017 05:22:07 -0600
Author: Ryan Bangle
Shift: Night Shift
Operators: Ryan Ba | Dallas L
Plant Status: Steady
Equipment Outage: 
Filter Change: Amine Bag
Pigging: 
Recycle Pumps: Overflow
Amine Concentration: 
Roustabout Utilization: 
Attachment: 
Encoding: HTML
========================================
<p>HVO hauled in load of Baccalieu.</p>

<p>Could not enter set point in for speed control on K-206. &nbsp;Had to put in manual to speed up. &nbsp;Was around 750RPM, now at 900 RPM.</p>

<p>Lowered Pressure on water flash tank to 180 KPA, was up to 340KPA.</p>

<p>Unplugged amine make-up water pump and blocked in discharge. &nbsp;Leave down untill level&nbsp;gets back down below 60%. &nbsp;At 84% right now.</p>

<p>&nbsp;</p>

<p>&nbsp;</p>
$@MID@$: 704
Date: Wed, 03 May 2017 15:08:34 -0600
Author: Blaine Harris
Shift: Day Shift
Operators: Justin E | Tye M | Blaine H
Plant Status: Steady
Equipment Outage: 
Filter Change: 
Pigging: 
Recycle Pumps: 
Amine Concentration: 36.3%
Roustabout Utilization: Tye operating at Zeta Creek.
Attachment: 
Encoding: HTML
========================================
<p>-Rockwater&nbsp;delivered 80/20 glycol and Norkol glycol.</p>

<p>-Hvo trucked in a load of Baccalleau oil from 3-16</p>

<p>-Strata proved the battery mass flow meter.</p>

<p>-Mike &nbsp;M tubed in the ESD for the water plant filter canister and the drain line.</p>

<p>-Rob Thirsk trucked in several loads of&nbsp;Penn West 13-28 emulsion and water.</p>

<p>-Started the amine makeup water pump and set it at 4%</p>

<p>-Opened up the louvers on K-201 and K-202 compressors.</p>

<p>Elite Automation out to prove meters today</p>

<p>Mike M. set K-201 and K-202 recycle louvers to summer mode (compressors rang in high temp today)</p>

<p>Wednesday meeting and Zeta Shut down meeting today</p>

<p>3x orientations today (Rockwater / Strata / Elite)</p>

<p>Cleanup at compressors today (empty barrels, filters)</p>

<p>Carl out to deliver stuff to warehouse and wafer check valves for Braz</p>

<p>Taggert out today to sample water from treater and new PW well</p>

<p>Tested and emptied Berm #5 (Exova test cleared)</p>
