$@MID@$: 753
Date: Sun, 28 May 2017 05:05:20 -0600
Author: Kevin Nicol
Shift: Night Shift
Operators: Kevin N | Dallas L
Plant Status: Steady
Equipment Outage: 
Filter Change: 
Pigging: 
Recycle Pumps: Production
Amine Concentration: 
Roustabout Utilization: 
Attachment: 
Encoding: HTML
========================================
<p>topped up lean oil lube oil tank</p>

<p>tightened south head on the debut reboiler E-3108</p>

<p>HVO hauled oil from Baccalieu</p>

<p>sped up K206/201</p>

<p>&nbsp;</p>

<p>&nbsp;</p>
$@MID@$: 754
Date: Sun, 28 May 2017 16:56:12 -0600
Author: Ryan Gilgan
Shift: Day Shift
Operators: Ryan G | Nigel R
Plant Status: Steady
Equipment Outage: 
Filter Change: 
Pigging: 
Recycle Pumps: Production
Amine Concentration: 
Roustabout Utilization: 
Attachment: 
Encoding: HTML
========================================
<p>Nigel spent most of the morning at Zeta helping operator.</p>

<p>Nigel started mowing but is too wet still.</p>

<p>Moved dtuff to 1 side of the lean to so Al can cut out the grating.</p>

<p>1 load of Baccalieu emulsion.</p>

<p>Increased Amine flash tank pressure to get it to dump.&nbsp; From 720 to 760.</p>

<p>Cleaning crew showed up at 1530.</p>

<p>Recieved 2 m3 of methanol from Zeta.</p>

<p>Raised De-Eth bottom temp to 108 from 106 to get more into spec LPG.</p>

<p>&nbsp;</p>
