$@MID@$: 707
Date: Fri, 05 May 2017 05:02:45 -0600
Author: Ryan Bangle
Shift: Night Shift
Operators: Ryan Ba | Ryan Bl
Plant Status: Steady
Equipment Outage: 
Filter Change: 
Pigging: 
Recycle Pumps: 
Amine Concentration: 
Roustabout Utilization: 
Attachment: 
Encoding: HTML
========================================
<p>Tightened packing on south plunger on south glycol pump.</p>

<p>Increased tops temp controller to 39 from 38.</p>

<p>Found 8-24 esd tripped out in the field. &nbsp;Called Mark S. He asked if we could bring it to Pem North for the night.</p>

<p>Swung V-101 offload gas back to PN. &nbsp;Fired up K-204. &nbsp;Swung open V-107 from EGGS. &nbsp;Notified Bigoray.</p>

<p>Glycol Flow rate bouncing around, put in manual.</p>

<p>ESD for 12-19 at 6-19 tripped. &nbsp;Called out Mark S to reset. &nbsp;All Good.</p>

<p>Increased fan speed for de-but overheads to 80% from 20%.</p>

<p>HVO hauled in a load of Oil. &nbsp;Swung recycle to overflow from truckoffload.</p>

<p>&nbsp;</p>
$@MID@$: 708
Date: Fri, 05 May 2017 17:02:10 -0600
Author: Justin Ewing
Shift: Day Shift
Operators: Justin E | Blaine H
Plant Status: Steady
Equipment Outage: K-204
Filter Change: 
Pigging: Mancal
Recycle Pumps: Production | Overflow
Amine Concentration: 
Roustabout Utilization: 
Attachment: 
Encoding: HTML
========================================
<p>Darren fixed the plant tablet alarm banner so you can see and acknowledge alarms now</p>

<p>Increase amine water makeup from 4% to 8%</p>

<p>Due to high ambient temps today had to slow down K-202 / K-206 and K-201 Night shift please speed up when it cools off</p>

<p>Started weekend checks</p>

<p>Shut down K-204 this morning and swung Vermillion / EGGS back towards Bigoray. Note in the future our feild ops need to know when we swing this gas.</p>

<p>Western Sheet Metal out today to inspect and clean the A/C units for the control rooms</p>

<p>Rob thirsk out to deliver a load of Pennwest water today. He has 2 more loads to deliver tonight.</p>

<p>Water on the Go delivered water this afternoon</p>

<p>&nbsp;</p>
