$@MID@$: 787
Date: Tue, 13 Jun 2017 05:18:18 -0600
Author: Dayton Mohr
Shift: Night Shift
Operators: Dayton M | Chris P
Plant Status: Steady
Equipment Outage: 
Filter Change: 
Pigging: 
Recycle Pumps: 
Amine Concentration: 
Roustabout Utilization: 
Attachment: 
Encoding: HTML
========================================
<p>Dumped level in both front &amp; back of treater water dumps</p>

<p>Recieved a load of oil frm HVO</p>

<p>Plant steady</p>
$@MID@$: 788
Date: Tue, 13 Jun 2017 15:16:22 -0600
Author: Nigel Renschler
Shift: Day Shift
Operators: Nigel R | Blaine H
Plant Status: Steady
Equipment Outage: 
Filter Change: 
Pigging: 
Recycle Pumps: Production | Overflow
Amine Concentration: 
Roustabout Utilization: Tye M at Braz North for Treater shut down
Attachment: 
Encoding: HTML
========================================
<p>-<span style="color:#FF0000"> nomms at 723e3m3</span></p>

<p>- Draining Ditch 1 into Ditch 2 today to make room. Water samples from friday failed. Sent new ones into exova today.</p>

<p>- DV meter phoned saying they recieved the new volcano PSV but did not come with paperwork. Now waiting on paper work.</p>

<p>- Cleaned screens of fuzz on compressors and c3 cooler</p>

<p>-Rob Thirsk hauled in fluid from Braz Flare ko and water.</p>

<p>- Kevin T working on LEL cals</p>

<p>- Summer students painting around plant</p>

<p>- HVO hauling Baccaleau</p>

<p>- Orion hauling Tangle Creek water and oil</p>

<p>- Rob T hauling Braz oil</p>

<p>&nbsp;</p>
