$@MID@$: 821
Date: Thu, 29 Jun 2017 15:53:05 -0600
Author: Blaine Harris
Shift: Day Shift
Operators: Tye M | Blaine H
Plant Status: Steady
Equipment Outage: C3-A
Filter Change: 
Pigging: 
Recycle Pumps: Production | Overflow
Amine Concentration: 
Roustabout Utilization: 
Attachment: 
Encoding: HTML
========================================
<p>-Key link rep and elite line locating working &nbsp;on locates down by the lpg and tank farm.</p>

<p>-Coproco pulled corrosion coupons.</p>

<p>-Lost the c3 compressor on high liquids de-eth suction scrubber level.&nbsp;</p>

<p>-Summer students painting in the battery and the annex floor.</p>

<p>-Had to slow down &nbsp;K-206 a couple of times due to high jw temp.</p>

<p>-Ordered amine makeup water from Buck lack and Nelson Bros. Will be here in the am tomorrow.</p>

<p>-Slowed down &nbsp;k-203 because of high jw temp.</p>

<p>-<strong><em><u>NIGHTSHIFT CAN YOU CHECK BRAZ TREATER EVERY 3 HOURS PLEASE. BURNERS ARE OFF BUT WE ARE FLOWING THROUGH IT. THANKS.</u></em></strong></p>
$@MID@$: 822
Date: Thu, 29 Jun 2017 20:42:12 -0600
Author: Gary Wright
Shift: Night Shift
Operators: Gary W | Ryan Bl
Plant Status: Steady
Equipment Outage: 
Filter Change: 
Pigging: 
Recycle Pumps: Production | Overflow
Amine Concentration: 
Roustabout Utilization: N/A
Attachment: 
Encoding: HTML
========================================
<p>GGT (Marty) hauling in water from Zeta</p>

<p>Skimmed the amine charcoal filter</p>

<p>Glycol flow was bouncing around, levelled out now</p>

<p>Went to Braz and checked on V-700 treater throughout the night</p>

<p>&nbsp;</p>

<p>Sped up K-206 and K-203</p>

<p>&nbsp;</p>
