$@MID@$: 801
Date: Tue, 20 Jun 2017 05:16:17 -0600
Author: Ryan Bangle
Shift: Night Shift
Operators: Ryan Ba | Jeff B
Plant Status: Steady
Equipment Outage: 
Filter Change: 
Pigging: 
Recycle Pumps: Production | Overflow
Amine Concentration: 
Roustabout Utilization: 
Attachment: 
Encoding: HTML
========================================
<p>Recycled one pump out of the overflow and one out of the production tank all night.</p>

<p>Lean oil pumps flows dropping off periodically. &nbsp;Blew down Lean oil bottom leg. &nbsp;Level dropped from 70% to 30%. &nbsp;Shut down for 10 mins and built a level up, restarted.</p>

<p>Glycol in glycol sep all white and foamy. &nbsp;Blew down level to regen a couple times. &nbsp;Lowered level setting, wasn&#39;t open with glycol out the top of the sight glass.</p>

<p>Drained a lot of lube oil off the bottom of the chiller. &nbsp;Tank is getting full, needs to get sucked out soon.</p>
$@MID@$: 802
Date: Tue, 20 Jun 2017 17:07:42 -0600
Author: Dayton Mohr
Shift: Day Shift
Operators: Justin E | Tye M | Dayton M
Plant Status: Steady
Equipment Outage: 
Filter Change: 
Pigging: 
Recycle Pumps: Production | Overflow
Amine Concentration: 
Roustabout Utilization: Justin went to Zeta to help Mike & Ryan BL
Attachment: 
Encoding: HTML
========================================
<p>Blew down chiller de oiler</p>

<p>Glycol level holding around 50 %, for most of the morning, slowly gaining level, upset from the extra gas coming in from V101.</p>

<p>Lean oil, added a new barrel of oil, removed old one</p>

<p>emptied garbage barrel at k202, removed broken chair from volcano,&nbsp;</p>

<p>Water plant truck off load box is hanging a little, needs tacked up, placed blocks under for now to keep up, as well block valves are passing, will be ordering new ones soon.</p>

<p>Recieved acouple loads of Tangle Creek oil</p>

<p>WSI at braz &amp; zeta (Justin)</p>

<p>Fire eyes bypassed for storm</p>

<p>K206 slowed down to 850 rpm from 900, night shift to speed up</p>

<p>&nbsp;</p>
