$@MID@$: 831
Date: Tue, 04 Jul 2017 17:07:56 -0600
Author: Tye Mastre
Shift: Day Shift
Operators: Ryan G | Tye M
Plant Status: Steady
Equipment Outage: 
Filter Change: 
Pigging: 
Recycle Pumps: Production | Overflow
Amine Concentration: 
Roustabout Utilization: 
Attachment: 
Encoding: HTML
========================================
<p>Marty hauled in obsidian oil and water.</p>

<p>Kevin T calibrated K-205 LEL head.</p>

<p>Mike M calibrated De-eth reflux control valves and control valve bypass around De-eth O/H cooler. Also Fixed HP cold sep level issues.</p>

<p>HVO hauled in 2 loads of Baccalieu oil.</p>

<p>Replaced truck offload ticket paper.</p>

<p>Slowed down K-206 from 900 RPM to 700 RPM and lowered suction from 900KPA to 800 KPA.</p>

<p>Slowed down K-202.</p>

<p>Slowed down K-203.</p>

<p>&nbsp;</p>

<p>&nbsp;</p>
