$@MID@$: 875
Date: Tue, 25 Jul 2017 05:06:21 -0600
Author: Dayton Mohr
Shift: Night Shift
Operators: Dayton M | Dallas L
Plant Status: Steady
Equipment Outage: 
Filter Change: 
Pigging: 
Recycle Pumps: Production
Amine Concentration: 
Roustabout Utilization: 
Attachment: 
Encoding: HTML
========================================
<p>Routine checks</p>

<p>Plant steady</p>

<p>&nbsp;</p>
$@MID@$: 876
Date: Tue, 25 Jul 2017 16:50:27 -0600
Author: Blaine Harris
Shift: Day Shift
Operators: Nigel R | Blaine H
Plant Status: Steady
Equipment Outage: 
Filter Change: 
Pigging: 
Recycle Pumps: Production
Amine Concentration: 
Roustabout Utilization: 
Attachment: 
Encoding: HTML
========================================
<p>-Rob Thirsk hauled in &nbsp;a load of Obsidian emulsion.</p>

<p>-Added govenor oil to K-205</p>

<p>-Slowed down K-206 because of jw temp and set the suction pressure control to manual to&nbsp;</p>

<p>help maintain 700 kpa.</p>

<p>-Sent in water samples.</p>

<p>-Increased the lean oil flow to 200 from 160</p>

<p>-Increase the debut temp &nbsp;by 2%</p>

<p>-Kevin Tonne worked on wiring in new cable for recycle A pump switch.</p>
