$@MID@$: 867
Date: Fri, 21 Jul 2017 05:05:42 -0600
Author: Dayton Mohr
Shift: Night Shift
Operators: Dayton M | Dallas L
Plant Status: Steady
Equipment Outage: 
Filter Change: 
Pigging: 
Recycle Pumps: Production
Amine Concentration: 
Roustabout Utilization: 
Attachment: 
Encoding: HTML
========================================
<p>Routine checks</p>

<p>speed up k206 &amp; increased suction pressure</p>

<p>speed up k201</p>

<p>blew down chiller deoiler</p>
$@MID@$: 868
Date: Fri, 21 Jul 2017 16:52:08 -0600
Author: Kevin Nicol
Shift: Day Shift
Operators: Nigel R | Kevin N
Plant Status: Steady
Equipment Outage: 
Filter Change: 
Pigging: 
Recycle Pumps: Production
Amine Concentration: 35%
Roustabout Utilization: 
Attachment: 
Encoding: HTML
========================================
<p>added C3</p>

<p>k206 speed in manual, dose not work in auto</p>

<p>load of make up H2O</p>

<p>GGT hauled obsidian oil</p>

<p>streamline doing UT on recycle line</p>

<p>slowed down K206 due to temps</p>

<p>amine conc 35%</p>

<p>&nbsp;</p>

<p>&nbsp;</p>
