$@MID@$: 887
Date: Mon, 31 Jul 2017 05:06:25 -0600
Author: Ryan Gilgan
Shift: Night Shift
Operators: Ryan G | Ryan Bl
Plant Status: Steady
Equipment Outage: 
Filter Change: 
Pigging: 
Recycle Pumps: Production
Amine Concentration: 
Roustabout Utilization: 
Attachment: 
Encoding: HTML
========================================

$@MID@$: 888
Date: Mon, 31 Jul 2017 05:12:28 -0600
Author: Ryan Gilgan
Shift: Night Shift
Operators: Ryan G | Ryan Bl
Plant Status: Steady
Equipment Outage: 
Filter Change: 
Pigging: 
Recycle Pumps: Production
Amine Concentration: 
Roustabout Utilization: 
Attachment: 
Encoding: HTML
========================================
<p>1 load of Baccalieu Emulsion hauled in by HVO.</p>

<p>Increased C3 suction pressure from 38 to 40 kpa.</p>

<p>Sped up K-206.</p>

<p>Sucked out the sumps around K-203 and K-205, put some more absorbants down.</p>

<p>Raised level in the glycol sep.</p>
$@MID@$: 889
Date: Mon, 31 Jul 2017 16:50:04 -0600
Author: Blaine Harris
Shift: Day Shift
Operators: Tye M | Blaine H
Plant Status: Process Upset
Equipment Outage: C3-A
Filter Change: 
Pigging: 
Recycle Pumps: Production
Amine Concentration: 
Roustabout Utilization: 
Attachment: 
Encoding: HTML
========================================
<p>-Shut down AC3 in the am and &nbsp;restarted Bc3, chiller pressure started rising again. Had Dan shoot valve temps on Bc3 and he found 1 hot valve.</p>

<p>-Dan changed out 1 &nbsp;valve on Ac3, restarted the &nbsp;compressor and &nbsp;it ran good for the rest of the day. No high pressures.</p>

<p>-Shut off K-203 compressor and sped up k-206 and K-201</p>

<p>-Mike M worked &nbsp;on water plant pm&#39;s and battery inlet pm</p>

<p>-Kevin T was here to rack the c3 compressor breaker when needed.</p>

<p>-Dumped berm water.</p>

<p>-Started the lean oil skid.</p>

<p>-We are to start taking Vermillion gas tomorrow morning at 9:00 am.</p>

<p>-HVO called and said that will be trucking in a few loads of emulsion tomorrow.</p>

<p>-Blew down inlet coalescer filter. Sight glass half full of liquids.</p>

<p>&nbsp;</p>
