$@MID@$: 907
Date: Wed, 09 Aug 2017 04:55:17 -0600
Author: Ryan Gilgan
Shift: Night Shift
Operators: Ryan G | Chris P
Plant Status: Steady
Equipment Outage: 
Filter Change: 
Pigging: 
Recycle Pumps: Production
Amine Concentration: 
Roustabout Utilization: 
Attachment: 
Encoding: HTML
========================================
<p>5-21 Inlet IDP failed causing the control valve to close, called out Mike M to replace.</p>

<p>Chris P ran up to Braz to put K-103 online to take away some splitter line pack.</p>

<p>Skimmed Amine charcoal filters,&nbsp; clean.</p>
$@MID@$: 908
Date: Wed, 09 Aug 2017 17:05:03 -0600
Author: Ryan Bangle
Shift: Day Shift
Operators: Ryan Ba | Tye M
Plant Status: Steady
Equipment Outage: 
Filter Change: 
Pigging: 
Recycle Pumps: Production
Amine Concentration: 
Roustabout Utilization: 
Attachment: 
Encoding: HTML
========================================
<p>Rob hauled in methanol and zeta creek water.</p>

<p>Opened by-pass around lean amine to help flash tank dump.</p>

<p>Increased tops temp controller to 36 from 34 to help increase reflux rate.</p>

<p>Worked master action item list.</p>

<p>De-butanizer pressuring up.&nbsp; The louvers for the de-butanizer gas off where partially closed.&nbsp; Linkage has been disconnected.&nbsp; Pulled open and connected chain to keep open.</p>

<p>Slowed down K-201 and K-206 due to heat issues.</p>

<p>Univar rep out taking sample of amine and glycol.</p>

<p>&nbsp;</p>
$@MID@$: 909
Date: Wed, 09 Aug 2017 20:07:23 -0600
Author: Gary Wright
Shift: Night Shift
Operators: Gary W | Chris P
Plant Status: Steady
Equipment Outage: 
Filter Change: 
Pigging: 
Recycle Pumps: Production
Amine Concentration: 
Roustabout Utilization: N/A
Attachment: 
Encoding: HTML
========================================
<p>Skimmed the amine charcoal filter (clean)</p>

<p>Pumped out the amine drip tank</p>

<p>Blew down the chiller de-oiler</p>

<p>Added some propane to the C3 accumulator ( 2 bolts to 5 bolts )</p>

<p>Added oil to the lean oil lubricator tank</p>

<p>Sped up K-206 and K-201</p>

<p>&nbsp;</p>

<p>&nbsp;</p>
