$@MID@$: 892
Date: Wed, 02 Aug 2017 05:07:56 -0600
Author: Ryan Gilgan
Shift: Night Shift
Operators: Ryan G | Ryan Bl
Plant Status: Steady
Equipment Outage: 
Filter Change: 
Pigging: 
Recycle Pumps: Production | Truck Offload
Amine Concentration: 
Roustabout Utilization: 
Attachment: 
Encoding: HTML
========================================
<p>Increased Lean oil rate to 200 m3 a day.</p>

<p>Increased De Eth bottom temps from 95 to 102.</p>

<p>Treater heat exchanger pressuring up, so went and cleaned basket.&nbsp; The basket wasn&#39;t that dirty so put it back in service.&nbsp;&nbsp; Pressure still showed 80 kpa.&nbsp; Bypassed the treater inlet side and left the hot side flow through it.</p>

<p>Added 3 bolt of propane to accumulator.</p>

<p>Methanol tank rang in on low level.&nbsp; <span style="color:#FF0000">Day shift may want to order more.</span></p>

<p>Left recycle as is.</p>

<p>Raised Glycol flash tank one bolt to try and get level in the accumulator.</p>

<p>&nbsp;</p>
$@MID@$: 893
Date: Wed, 02 Aug 2017 14:57:24 -0600
Author: Dayton Mohr
Shift: Day Shift
Operators: Dayton M | Nigel R
Plant Status: Steady
Equipment Outage: 
Filter Change: 
Pigging: 
Recycle Pumps: Production | Truck Offload
Amine Concentration: 
Roustabout Utilization: 
Attachment: 
Encoding: HTML
========================================
<p>Safety Meeting today</p>

<p>GGT Rob hauling in Obsidian &amp; braz water</p>

<p>Dan K shot valves on C3A, all looked good</p>

<p>Nigel worked on master action item list</p>

<p>Mike M battery inlet pm&#39;s, V207 high level issues, &amp; tubing in high point bleed off C3 condenser to flare</p>

<p>Kevin T- Greased C3 motor</p>

<p>Keylink reps here doing surveys with Pembina Pipeline as well as Vermillion marked there lines</p>

<p>slowed down K206 &amp; K201</p>

<p>Swung V-101 back to bigoray at 930 am</p>

<p>&nbsp;</p>

<p>&nbsp;</p>
