$@MID@$: 975
Date: Sun, 10 Sep 2017 05:13:34 -0600
Author: Ryan Bangle
Shift: Night Shift
Operators: Ryan Ba | Jeff B
Plant Status: Steady
Equipment Outage: 
Filter Change: 
Pigging: 
Recycle Pumps: Overflow
Amine Concentration: 
Roustabout Utilization: 
Attachment: 
Encoding: HTML
========================================
<p>&nbsp;Swung both pumps into the overflow and recycled all night.</p>

<p>Marty with GGT hauled in Cynthia oil.</p>

<p>&nbsp;</p>
$@MID@$: 976
Date: Sun, 10 Sep 2017 16:40:59 -0600
Author: Justin Ewing
Shift: Day Shift
Operators: Justin E | Blaine H
Plant Status: Steady
Equipment Outage: 
Filter Change: 
Pigging: 
Recycle Pumps: Overflow
Amine Concentration: 
Roustabout Utilization: 
Attachment: 
Encoding: HTML
========================================
<p>Keylink project full swing today, Hydro-Vacs x5 cutting the roads, Tarpon layed pipe. roads were backfilled and pounded so we can haul oil tomorrow. Obsidian will be out tomorrow to witness their line crossing and back fill.</p>

<p>Orientated new contractora for keylink today (1x full and 3x site specific)</p>

<p>Jason with GGT halued Obsidian water and Zeta Creek water</p>

<p>Finished weekend checks</p>

<p>Skimmed amine charcoal filter no oil</p>

<p>Dumped the drainage ditches today</p>

<p>Added oil to the crankcase on the Acid Gas Compressor</p>

<p>Recycle pumps both in the overflow</p>
