$@MID@$: 997
Date: Tue, 19 Sep 2017 05:03:44 -0600
Author: Ryan Gilgan
Shift: Night Shift
Operators: Ryan G | Dallas L
Plant Status: Steady
Equipment Outage: 
Filter Change: 
Pigging: 
Recycle Pumps: Production | Truck Offload
Amine Concentration: 
Roustabout Utilization: 
Attachment: 
Encoding: HTML
========================================
<p>Put c3 condenser 2 speed fan on slow.</p>

<p>GGT hauled in 2 loads of Cynthia emulsion.</p>

<p>Put one recycle in each tank due to hitting nominations.&nbsp; Recycling off of truck offl load line.</p>

<p>Added oil to acid gas comp. crank case.</p>

<p>Skimmed Amine charcoal filters, got 6 liters of oil before I hit clean amine.</p>
$@MID@$: 998
Date: Tue, 19 Sep 2017 16:52:41 -0600
Author: Nigel Renschler
Shift: Day Shift
Operators: Ryan Ba | Nigel R
Plant Status: Steady
Equipment Outage: 
Filter Change: 
Pigging: 
Recycle Pumps: Overflow
Amine Concentration: 
Roustabout Utilization: 
Attachment: 
Encoding: HTML
========================================
<p>- Glen hauled in 2 loads of cynthia oil</p>

<p>- HVO hauled in 4 loads of baccaleui oil</p>

<p>- Had to cycle power on the truck off load printer</p>

<p>- Equalized water tanks to get level down. No water trucks today, will keep equalized and try and put spool piece on tomorrow time permitting</p>

<p>- K-202 2nd stage discharge valves 10 degrees hotter. Dan needs to rebuild valves first before we can change out.</p>

<p>- Skimmed charcoal filter, lil bit of oil</p>

<p>- Ryan Jordan blocked in 6-19, installing an isolation kit. Also ESD is still closed, Obsidian working on field compression.</p>

<p>- Mike M did K-206 panel PM&#39;s.</p>

<p>- Al Barney out welding around the plant.</p>
$@MID@$: 999
Date: Tue, 19 Sep 2017 23:23:21 -0600
Author: Gary Wright
Shift: Night Shift
Operators: Gary W | Dallas L
Plant Status: Steady
Equipment Outage: 
Filter Change: 
Pigging: 
Recycle Pumps: Overflow
Amine Concentration: 
Roustabout Utilization: N/A
Attachment: 
Encoding: HTML
========================================
<p>&nbsp;Skimmed the amine charcoal filter</p>

<p>Pumped out the amine drip tank</p>

<p>Drained the De-eth overhead scrubber</p>

<p>Emptied the oil drip pails and dirty rag bins around compression</p>

<p>Pumped down the compressor packing vent drain tanks, one gauge is NFG</p>

<p>HVO (Shane) hauled in two loads of Baccalieu oil from 16-13-48-12 and 01-19-49-11</p>

<p>GGT (Jason) hauled in two loads of water from Zeta Creek</p>
