$@MID@$: 982
Date: Wed, 13 Sep 2017 05:29:41 -0600
Author: Ryan Gilgan
Shift: Night Shift
Operators: Ryan G | Jeff B
Plant Status: Steady
Equipment Outage: 
Filter Change: 
Pigging: 
Recycle Pumps: Production | Truck Offload
Amine Concentration: 
Roustabout Utilization: 
Attachment: 
Encoding: HTML
========================================
<p>&nbsp;Clean out the recycle pump basket and meter.</p>

<p>Left the recycle pump in the truck off load.</p>

<p>Set Glycol flow to 7 roots and put back into auto.</p>

<p>HVO hauled in 2 loads of Baccalieu.</p>

<p>Norette hauled in 3 loads from Cynthia</p>
$@MID@$: 983
Date: Wed, 13 Sep 2017 16:16:24 -0600
Author: Justin Ewing
Shift: Day Shift
Operators: Justin E | Dayton M
Plant Status: Steady
Equipment Outage: 
Filter Change: 
Pigging: 
Recycle Pumps: Overflow
Amine Concentration: 
Roustabout Utilization: 
Attachment: 
Encoding: HTML
========================================
<p>Marty with GGT brought 3 loads of Cynthia Oil</p>

<p>Jason with GGT brought a split load of Obsidian water / oil</p>

<p>Measurement Inc out today to proove meters</p>

<p>HVO hauled in 4 loads of Baccalieu oil</p>

<p>Lost recycle pump B x2. Meter was full of sand. Pulled and cleaned both times.</p>

<p>Wrote up kits report for amine charge pump and production tank hi lvl</p>

<p>Booked rob for sucking out the prime tank at the water plant for tomorrow for filter psv line tie in</p>

<p>Obsidian out to replace the plunger on 11-22 well</p>

<p>Lined up GGT to do line flush on recycle line at braz next week</p>

<p>Both recycle pumps in the overflow to get the level down (3.3 M)</p>
