$@MID@$: 984
Date: Thu, 14 Sep 2017 05:09:03 -0600
Author: Ryan Gilgan
Shift: Night Shift
Operators: Ryan G | Jeff B
Plant Status: Steady
Equipment Outage: 
Filter Change: 
Pigging: 
Recycle Pumps: Overflow
Amine Concentration: 
Roustabout Utilization: 
Attachment: 
Encoding: HTML
========================================
<p>&nbsp;Pinched louvers on the Trim cooler</p>

<p>Pinched louvers on K-202</p>

<p>Added C3 to surge tank.&nbsp; Only 40% left in the North tank and South is empty.</p>
$@MID@$: 985
Date: Thu, 14 Sep 2017 05:09:52 -0600
Author: Ryan Gilgan
Shift: Night Shift
Operators: Ryan G | Jeff B
Plant Status: Steady
Equipment Outage: 
Filter Change: 
Pigging: 
Recycle Pumps: Overflow
Amine Concentration: 
Roustabout Utilization: 
Attachment: 
Encoding: HTML
========================================
<p>&nbsp;Pinched louvers on the Trim cooler</p>

<p>Pinched louvers on K-202</p>

<p>Added C3 to surge tank.&nbsp; Only 40% left in the North tank and South is empty.</p>

<p>Lost Braz Sask boiler and headed up at shift change to look at.</p>
$@MID@$: 986
Date: Thu, 14 Sep 2017 05:10:22 -0600
Author: Ryan Gilgan
Shift: Night Shift
Operators: Ryan G | Jeff B
Plant Status: Steady
Equipment Outage: 
Filter Change: 
Pigging: 
Recycle Pumps: Overflow
Amine Concentration: 
Roustabout Utilization: 
Attachment: 
Encoding: HTML
========================================
<p>&nbsp;Pinched louvers on the Trim cooler</p>

<p>Pinched louvers on K-202</p>

<p>Added C3 to surge tank.&nbsp; Only 40% left in the North tank and South is empty.</p>

<p>Lost Braz Sask boiler and headed up at shift change to look at.</p>
$@MID@$: 987
Date: Thu, 14 Sep 2017 16:45:34 -0600
Author: Dayton Mohr
Shift: Day Shift
Operators: Dayton M | Nigel R
Plant Status: Steady
Equipment Outage: 
Filter Change: 
Pigging: 
Recycle Pumps: Overflow
Amine Concentration: 
Roustabout Utilization: 
Attachment: 
Encoding: HTML
========================================
<p>HVO hauled in Baccileau oil x 5</p>

<p>GGT Marty hauled in Cynthia oil x 3</p>

<p>GGT Rob hauled in Obsidian emulision &amp; Zeta water</p>

<p>Cleaned recylce basket screen &amp; Meter, full of rubber chunks &amp; thread</p>

<p>Cleaned basket on treater exchanger, was not plugged but getting full</p>

<p>speed up recycles for awhile, batched the treater with DMO, noticeable pad in treater</p>

<p>Kristina checked V207 meter, flow thru meter is fine, but the control valve is passing, left blocked in, will have to dump manualy until fixed, also did pm on demestic water well meter</p>

<p>blew down chiller deoiler</p>

<p>ordered more RO process water. Nelson Bros delivered</p>

<p>&nbsp;</p>

<p>&nbsp;</p>
