$@MID@$: 991
Date: Sat, 16 Sep 2017 05:28:33 -0600
Author: Ryan Gilgan
Shift: Night Shift
Operators: Ryan G | Dallas L
Plant Status: Steady
Equipment Outage: 
Filter Change: 
Pigging: 
Recycle Pumps: Overflow | Truck Offload
Amine Concentration: 
Roustabout Utilization: 
Attachment: 
Encoding: HTML
========================================
<p>&nbsp;Batched treater with DMO, and SCW.</p>

<p>1 load of Baccalieu hauled in by HVO.</p>

<p>GGT Rob hauled in Obsidian water.</p>

<p>Overflowed &quot;A&quot; recycle pump batching bin, and made a mess in the berm.&nbsp; Called HVO out to clean up.&nbsp; Est.1m3 of oil on the ground.&nbsp; Notified the bosses, and HVO will be out in the daylight around noon to finish up.</p>

<p>Pinched South Amine trim cooler closed, and increased the condenser temp to 30 from 27.</p>

<p>8-24 ESD closed, rang in on high temp.&nbsp; Notified Ryan Jordan and he went out to have a look.</p>
$@MID@$: 992
Date: Sat, 16 Sep 2017 17:05:15 -0600
Author: Dayton Mohr
Shift: Day Shift
Operators: Dayton M | Nigel R
Plant Status: Steady
Equipment Outage: 
Filter Change: 
Pigging: 
Recycle Pumps: Overflow
Amine Concentration: 
Roustabout Utilization: 
Attachment: 
Encoding: HTML
========================================
<p>GGT-Marty Hauling in Cynthia oil, sour &amp; sweat oil</p>

<p>GGT-Rob hauling in Zeta water</p>

<p>HVO-hauled in Baccilieau oil x 2</p>

<p>Added oil to lean oil tank</p>

<p>Added oil to acid gas crank case, will work order</p>

<p>Batched DMO &amp; SRW due to pad development in treater</p>

<p>HVO vac truck out to finish clean up around recycle pumps, still seeping from ground will have to monitor</p>

<p>Amine pump, lowered from 12 to 10.</p>

<p>Weekend checks</p>

<p>&nbsp;</p>
