$@MID@$: 1024
Date: Sun, 01 Oct 2017 05:03:15 -0600
Author: Kevin Nicol
Shift: Night Shift
Operators: Kevin N | Chris P
Plant Status: Steady
Equipment Outage: 
Filter Change: 
Pigging: 
Recycle Pumps: Production | Overflow
Amine Concentration: 
Roustabout Utilization: 
Attachment: 
Encoding: HTML
========================================
<p>&nbsp;nightshift truck inspection</p>

<p>Norrett hauled oil from Cynthia</p>

<p>recycle B in overflow</p>

<p>&nbsp;</p>
$@MID@$: 1025
Date: Sun, 01 Oct 2017 05:03:21 -0600
Author: Kevin Nicol
Shift: Night Shift
Operators: Kevin N | Chris P
Plant Status: Steady
Equipment Outage: 
Filter Change: 
Pigging: 
Recycle Pumps: Production | Overflow
Amine Concentration: 
Roustabout Utilization: 
Attachment: 
Encoding: HTML
========================================
<p>&nbsp;nightshift truck inspection</p>

<p>Norrett hauled oil from Cynthia</p>

<p>recycle B in overflow</p>

<p>&nbsp;</p>
$@MID@$: 1026
Date: Sun, 01 Oct 2017 17:18:12 -0600
Author: Ryan Gilgan
Shift: Day Shift
Operators: Ryan G | Nigel R
Plant Status: Lost Compressor(s)
Equipment Outage: K-206 | C3-A
Filter Change: 
Pigging: 
Recycle Pumps: Truck Offload
Amine Concentration: 
Roustabout Utilization: 
Attachment: 
Encoding: HTML
========================================
<p>-&nbsp;1 Split load of Obsidian hauled in this morning by Rob T.</p>

<p>- 1 Load of Cynthia emulsion hauled in by Marty G.</p>

<p>- 2 Loads of Baccalieu&nbsp;Emulsion hauled in by HVO.</p>

<p>- Lost K-206 on left side no flow on lube oil around noon.&nbsp; Started back up no issues since.&nbsp; Lost the C3 due to K-206 going down.</p>

<p>- Turned on the other pumps in the Amine to get some run time on them.</p>

<p>- Shut down K-201 due to recycle opening.</p>

<p>- Put the C3 condenser 2 speed fan on slow.</p>

<p>- Monthly truck checks completed.</p>

<p>- increased Amine condenser temp, from 25 to 30.</p>

<p>&nbsp;</p>
$@MID@$: 1027
Date: Sun, 01 Oct 2017 17:27:46 -0600
Author: Ryan Gilgan
Shift: Day Shift
Operators: Ryan G | Nigel R
Plant Status: Lost Compressor(s)
Equipment Outage: K-206 | C3-A
Filter Change: 
Pigging: 
Recycle Pumps: Truck Offload
Amine Concentration: 
Roustabout Utilization: 
Attachment: 
Encoding: HTML
========================================
<p>-&nbsp;1 Split load of Obsidian hauled in this morning by Rob T.</p>

<p>- 1 Load of Cynthia emulsion hauled in by Marty G.</p>

<p>- 2 Loads of Baccalieu&nbsp;Emulsion hauled in by HVO.</p>

<p>- Lost K-206 on left side no flow on lube oil around noon.&nbsp; Started back up no issues since.&nbsp; Lost the C3 due to K-206 going down.</p>

<p>- Turned on the other pumps in the Amine to get some run time on them.</p>

<p>- Shut down K-201 due to recycle opening.</p>

<p>- Put the C3 condenser 2 speed fan on slow.</p>

<p>- Monthly truck checks completed.</p>

<p>- Increased Amine condenser temp, from 25 to 30.</p>

<p>- Increased the Lean oil rate from 200 to 220m3/d.</p>

<p>- Recycle in truck offload.</p>

<p>&nbsp;</p>
