$@MID@$: 1043
Date: Mon, 09 Oct 2017 05:26:12 -0600
Author: Blaine Harris
Shift: 
Operators: 
Plant Status: 
Equipment Outage: 
Filter Change: 
Pigging: 
Recycle Pumps: 
Amine Concentration: 
Roustabout Utilization: 
Attachment: 
Encoding: HTML
Draft: BHarris
========================================
<p>&nbsp;-Tightened the packing on EG pump</p>

<p>-Lp cold sep high leveled, started methanol to the dump line, the high level cleared.</p>

<p>-Swung recycle pump A into the overflow tank because of high level in the overflow. Both pumps still in the same tank.</p>

<p>-8-24 esd shut in last night, called Mike M and he will be out in the morning to repair it and called Mark Spelrem and he drove out to reopen it.</p>

<p>-Turned the 2 speed c3 fan to slow.</p>
$@MID@$: 1044
Date: Mon, 09 Oct 2017 05:26:41 -0600
Author: Blaine Harris
Shift: Night Shift
Operators: Blaine H | Chris P
Plant Status: Steady
Equipment Outage: 
Filter Change: 
Pigging: 
Recycle Pumps: Overflow
Amine Concentration: 
Roustabout Utilization: 
Attachment: 
Encoding: HTML
========================================
<p>&nbsp;-Tightened the packing on EG pump</p>

<p>-Lp cold sep high leveled, started methanol to the dump line, the high level cleared.</p>

<p>-Swung recycle pump A into the overflow tank because of high level in the overflow. Both pumps still in the same tank.</p>

<p>-8-24 esd shut in last night, called Mike M and he will be out in the morning to repair it and called Mark Spelrem and he drove out to reopen it.</p>

<p>-Turned the 2 speed c3 fan to slow.</p>
$@MID@$: 1045
Date: Mon, 09 Oct 2017 13:59:26 -0600
Author: Gary Wright
Shift: Day Shift
Operators: Justin E | Gary W
Plant Status: Steady
Equipment Outage: 
Filter Change: 
Pigging: 
Recycle Pumps: Overflow
Amine Concentration: 
Roustabout Utilization: N/A
Attachment: 
Encoding: HTML
========================================
<p>&nbsp;Skimmed the amine charcoal filter</p>

<p>Blew down the chiller de-oiler</p>

<p>Replaced the drive belt on re-cycle pump&quot;A&quot;</p>

<p>Tarpon (Mike) and Justin went to 8-24 ESD to replace the pump</p>

<p>Pembina Pipe (Russ) was out to prove the Pembina meter</p>

<p>H.P. cold separator dump line freezing off, hit with methanol and cracked the by-pass around the dump valve. Work ordered (W.O. # 27559), maybe the valve is not working properly</p>

<p>Lean Oil was going down on high cold separator level</p>

<p>GGT (Rob) hauling in Obsidian oil and water, also Zeta water</p>

<p>GGT (Glen) hauling in two loads of Cynthia oil</p>

<p>C3 two speed fan on fast</p>

<p>Ran the re-cycle pumps in production and overflow most of the day, both re-cycle pumps are in the overflow tank due to tank levels</p>

<p>&nbsp;</p>
