$@MID@$: 1030
Date: Tue, 03 Oct 2017 05:06:27 -0600
Author: Kevin Nicol
Shift: Night Shift
Operators: Kevin N | Chris P
Plant Status: Steady
Equipment Outage: 
Filter Change: 
Pigging: 
Recycle Pumps: Production | Overflow
Amine Concentration: 
Roustabout Utilization: 
Attachment: 
Encoding: HTML
Draft: KNicol
========================================
<p>&nbsp;reset phone system</p>

<p>WO in on the GC system</p>

<p>GGT hauled H2O from Zeta and Braz</p>

<p>*-24 ESD shut, callwd out Mark S to reset, WO in to repair ESD</p>
$@MID@$: 1031
Date: Tue, 03 Oct 2017 05:06:33 -0600
Author: Kevin Nicol
Shift: Night Shift
Operators: Kevin N | Chris P
Plant Status: Steady
Equipment Outage: 
Filter Change: 
Pigging: 
Recycle Pumps: Production | Overflow
Amine Concentration: 
Roustabout Utilization: 
Attachment: 
Encoding: HTML
========================================
<p>&nbsp;reset phone system</p>

<p>WO in on the GC system</p>

<p>GGT hauled H2O from Zeta and Braz</p>

<p>*-24 ESD shut, callwd out Mark S to reset, WO in to repair ESD</p>
$@MID@$: 1032
Date: Tue, 03 Oct 2017 17:00:51 -0600
Author: Gary Wright
Shift: Day Shift
Operators: Tye M | Nigel R | Gary W
Plant Status: Steady
Equipment Outage: 
Filter Change: 
Pigging: 
Recycle Pumps: Production | Overflow | Truck Offload
Amine Concentration: 40  %
Roustabout Utilization: Tye M
Attachment: 
Encoding: HTML
========================================
<p>&nbsp;Nigel discovered a small spill by V-200 from the tubing line off of the gas meter, cleaned up spill and put in a Kit&#39;s</p>

<p>Skimmed the amine charcoal filter</p>

<p>Pumped out the amine drip tank</p>

<p>Blew down the chiller de-oiler</p>

<p>HVO (Al) hauled in two loads of Baccalieu oil from 1-19</p>

<p>GGT (Jason) hauled in Zeta and Braz water, and a split load from Obsidian 13-28-48-14</p>

<p>GGT (Marty) hauled in two loads of Cynthia oil</p>

<p>HVO (Dylan) hauled in three loads of Baccalieu oil from 16-13-48-12</p>

<p>Pidherneys (DarrenLee) hauled and spread gravel around the NGL building</p>

<p>Waste Management (Daren) was out to swap out the waste bin</p>

<p>Apecs (Tyson) was out to do PM&#39;s on the LPG pumps and one glycol pump, will be back to finish up tomorrow</p>

<p>Tarpon (Kevin T) was out to calibrate the south LEL head for K-205</p>

<p>HVO (Steve) offloaded one load of Baccalieu oil</p>

<p>Recycled out of the truck offload line for a few hours this morning</p>

<p>Reviewed and went over water plant filter procedure</p>
$@MID@$: 1033
Date: Tue, 03 Oct 2017 17:20:00 -0600
Author: Gary Wright
Shift: Day Shift
Operators: Tye M | Nigel R | Gary W
Plant Status: Steady
Equipment Outage: 
Filter Change: 
Pigging: 
Recycle Pumps: Production | Overflow | Truck Offload
Amine Concentration: 40  %
Roustabout Utilization: Tye M
Attachment: 
Encoding: HTML
========================================
<p>&nbsp;Nigel discovered a small spill by V-200 from the tubing line off of the gas meter, cleaned up spill and put in a Kit&#39;s</p>

<p>Skimmed the amine charcoal filter</p>

<p>Pumped out the amine drip tank</p>

<p>Blew down the chiller de-oiler</p>

<p>HVO (Al) hauled in two loads of Baccalieu oil from 1-19</p>

<p>GGT (Jason) hauled in Zeta and Braz water, and a split load from Obsidian 13-28-48-14</p>

<p>GGT (Marty) hauled in two loads of Cynthia oil</p>

<p>HVO (Dylan) hauled in three loads of Baccalieu oil from 16-13-48-12</p>

<p>Pidherneys (DarrenLee) hauled and spread gravel around the NGL building</p>

<p>Waste Management (Daren) was out to swap out the waste bin</p>

<p>Apecs (Tyson) was out to do PM&#39;s on the LPG pumps and one glycol pump, will be back to finish up tomorrow. Glycol flow was swinging a bit after we switched pumps, good now</p>

<p>Tarpon (Kevin T) was out to calibrate the south LEL head for K-205</p>

<p>HVO (Steve) offloaded one load of Baccalieu oil</p>

<p>Recycled out of the truck offload line for a few hours this morning</p>

<p>Reviewed and went over water plant filter procedure</p>
