$@MID@$: 1148
Date: Sun, 26 Nov 2017 05:25:37 -0700
Author: Dayton Mohr
Shift: Night Shift
Operators: Dayton M | Chris P
Plant Status: Steady
Equipment Outage: 
Filter Change: 
Pigging: 
Recycle Pumps: Production | Truck Offload
Amine Concentration: 
Roustabout Utilization: 
Attachment: 
Encoding: HTML
========================================
<p>Routines</p>

<p>Switched recycle pump B to truck offload</p>

<p>Plant steady</p>
$@MID@$: 1149
Date: Sun, 26 Nov 2017 16:32:53 -0700
Author: Nigel Renschler
Shift: Day Shift
Operators: Tye M | Nigel R
Plant Status: Steady
Equipment Outage: 
Filter Change: 
Pigging: 
Recycle Pumps: Production | Overflow
Amine Concentration: 
Roustabout Utilization: 
Attachment: 
Encoding: HTML
========================================
<p>- Finished weekend checks</p>

<p>- Jason hauled in one load of Zeta water</p>

<p>- HVO hauled in one load of Baccaleiu</p>

<p>- Orion hauled in one load of Tangle Creek</p>

<p>-</p>
