$@MID@$: 1144
Date: Fri, 24 Nov 2017 05:08:50 -0700
Author: Dayton Mohr
Shift: Night Shift
Operators: Dayton M | Chris P
Plant Status: Steady
Equipment Outage: 
Filter Change: 
Pigging: 
Recycle Pumps: Production | Truck Offload
Amine Concentration: 
Roustabout Utilization: 
Attachment: 
Encoding: HTML
========================================
<p>&nbsp;Routines</p>

<p>Recycle pump&nbsp;B in truck offload</p>

<p>Plant steady</p>
$@MID@$: 1145
Date: Fri, 24 Nov 2017 16:56:08 -0700
Author: Nigel Renschler
Shift: Day Shift
Operators: Tye M | Nigel R
Plant Status: Steady
Equipment Outage: C3-A | Glycol
Filter Change: 
Pigging: Mancal
Recycle Pumps: Production | Truck Offload
Amine Concentration: 
Roustabout Utilization: 
Attachment: 
Encoding: HTML
========================================
<p>- Added a pail of sullair oil to the back up sullair. as per Dan</p>

<p>- Raised level in the glycol sep</p>

<p>- Flare KO is NFG. diaphram seems to be blown out</p>

<p>- Demo on V-107 lines and glycol spool piece put in</p>

<p>- Polard out finishing insulating and pulling off insulation</p>

<p>- WO the flare KO pump and sullair</p>

<p>- HVO, ORION hauling in oil</p>

<p>- Rob hauling in water</p>

<p>-blew down chiller deoiler</p>

<p>-left lean oil down at shift change</p>

<p>-Lowered amine reboiler valve from 39% to 38%</p>

<p>&nbsp;</p>

<p>&nbsp;</p>
