$@MID@$: 1115
Date: Sat, 11 Nov 2017 05:01:08 -0700
Author: Kevin Nicol
Shift: Night Shift
Operators: Kevin N
Plant Status: Steady
Equipment Outage: 
Filter Change: 
Pigging: 
Recycle Pumps: Production | Truck Offload
Amine Concentration: 
Roustabout Utilization: 
Attachment: 
Encoding: HTML
========================================
<p>&nbsp;Orian hauled oil from Tangle Creek</p>

<p>HVO hauled oil from Baccaliue</p>

<p>skimmed charcoal fillter</p>

<p>&nbsp;</p>
$@MID@$: 1116
Date: Sat, 11 Nov 2017 16:08:31 -0700
Author: Nigel Renschler
Shift: Day Shift
Operators: Tye M | Nigel R
Plant Status: Steady
Equipment Outage: 
Filter Change: 
Pigging: 
Recycle Pumps: Production | Truck Offload
Amine Concentration: 
Roustabout Utilization: 
Attachment: 
Encoding: HTML
========================================
<p>- Moved Genie into the comp building to thaw out</p>

<p>- Weekend checks started</p>

<p>- Gas flows up and down at 1:30pm, process bouncing a little</p>

<p>- Have had frequent flareing blips that dont ring in last couple days. Found it has been V-104 kicking on hard since Nov 10 @ 3am. Pressures up and flows 40e3m3. LP flare relief opens up. W.O. 27823 - LP pressure override to close faster. Lowered inlet pressure from 500kPa to 350kPa</p>

<p>- Have no viton 7 1/2&quot; O-rings for water plant. Will get Carl to bring out wednesday.</p>

<p>- HVO hauled in one load baccaleiu</p>

<p>- Updated Torc phone list with Mark and Jason</p>
