$@MID@$: 1101
Date: Sun, 05 Nov 2017 01:17:35 -0600
Author: Gary Wright
Shift: Night Shift
Operators: Gary W | Jeff B
Plant Status: 
Equipment Outage: 
Filter Change: 
Pigging: 
Recycle Pumps: Production | Overflow | Truck Offload
Amine Concentration: 
Roustabout Utilization: N/A
Attachment: 
Encoding: HTML
========================================
<p>Skimmed the amine charcoal filter</p>

<p>Orion (Ken) hauled in a load of Tangle Creek oil from 13-16-49-11</p>

<p>Raised the level in the glycol flash tank from 1 to 3 bolts</p>

<p>HVO (Lenoard) hauled in a load of Baccalieu oil from 6-12</p>

<p>Re-cycled from the truck offload line for 4 hours</p>

<p>Water plant booster pumps are back in auto</p>
$@MID@$: 1102
Date: Sun, 05 Nov 2017 23:13:36 -0700
Author: Gary Wright
Shift: Night Shift
Operators: Gary W | Jeff B
Plant Status: Steady
Equipment Outage: 
Filter Change: 
Pigging: 
Recycle Pumps: Production | Overflow
Amine Concentration: 
Roustabout Utilization: N/A
Attachment: 
Encoding: HTML
========================================
<p>&nbsp;Skimmed the amine charcoal filter</p>

<p>Raised the level slightly for the boot leg on the glycol separator</p>

<p>Added oil to the lean oil lube tank</p>

<p>Monitored the PSV discharge for the Volcano, pump running around 640 kpa, and the vessel around 550 kpa</p>

<p>Vermillion having issues with high pressure on their end of the WPNE line (3500 kpa) and 950 kpa here. Said they were down for a couple of hours yesterday</p>

<p>&nbsp;</p>
