$@MID@$: 1161
Date: Sat, 02 Dec 2017 05:24:49 -0700
Author: Ryan Bangle
Shift: Night Shift
Operators: Ryan Ba | Jeff B
Plant Status: Steady
Equipment Outage: 
Filter Change: 
Pigging: 
Recycle Pumps: Production | Overflow
Amine Concentration: 
Roustabout Utilization: 
Attachment: 
Encoding: HTML
========================================
<p>Production tank high level again, called Pembina.&nbsp; Kicked on the pumps for about 10 mins then shutoff.&nbsp; Had to equalize tanks to get level down.&nbsp; Pembina having issues with full tanks.</p>

<p>Discharge temp differential for Cyl 3 and 4 on C3A up to 12 degrees, was 7.&nbsp; Called Dan K in for tommorow morning to fix valves on Cyl 4.</p>
$@MID@$: 1162
Date: Sat, 02 Dec 2017 17:10:54 -0700
Author: Blaine Harris
Shift: Day Shift
Operators: Justin E | Blaine H
Plant Status: Lost Compressor(s)
Equipment Outage: C3-A
Filter Change: 
Pigging: 
Recycle Pumps: Production | Overflow
Amine Concentration: 
Roustabout Utilization: 
Attachment: 
Encoding: HTML
========================================
<p>-Dan out and&nbsp;changed out the cyl #4 suction valve on Ac3</p>

<p>-Called out Kevin T&nbsp;to lock out the breaker.</p>

<p>-HVO delivered one load of Baccaleau&nbsp;emulsion</p>

<p>-Orion hauled in 3 loads of Tangle creek&nbsp; emulsion</p>

<p>-Cleaning crew out to clean control rooms.</p>

<p>-Worked on&nbsp; weekend checks.</p>

<p>-Completed some work site inspections.</p>

<p>-Swung the recycle b pump into the overflow tank.</p>
