$@MID@$: 1179
Date: Sun, 10 Dec 2017 05:21:28 -0700
Author: Ryan Gilgan
Shift: Night Shift
Operators: Ryan G | Dallas L
Plant Status: Steady
Equipment Outage: 
Filter Change: 
Pigging: 
Recycle Pumps: 
Amine Concentration: 
Roustabout Utilization: 
Attachment: 
Encoding: HTML
========================================
<p>&nbsp;Put 2 speed fan on the c3 on fast.</p>

<p>Pinched louvers on k-202</p>

<p>WSI up at Zeta.</p>

<p>Steady</p>
$@MID@$: 1180
Date: Sun, 10 Dec 2017 16:47:51 -0700
Author: Nigel Renschler
Shift: Day Shift
Operators: Dayton M | Nigel R
Plant Status: Steady
Equipment Outage: 
Filter Change: 
Pigging: 14-03 | Splitter | 05-14
Recycle Pumps: Production | Truck Offload
Amine Concentration: 
Roustabout Utilization: 
Attachment: 
Encoding: HTML
========================================
<p>- Orion hauled in one load of tangle creek</p>

<p>- HVO hauled in one load of baccaleiu</p>

<p>- Filled rag bins in the battery and compressors. Set up 2 new rag bins in the annex.</p>

<p>- Cleaned up empty oil drums in comp building</p>

<p>- Weekend checks finished</p>

<p>- K-202 lovuers open one click</p>
