$@MID@$: 1205
Date: Fri, 22 Dec 2017 05:14:08 -0700
Author: Kevin Nicol
Shift: Night Shift
Operators: Kevin N | Chris P
Plant Status: Steady
Equipment Outage: 
Filter Change: 
Pigging: 
Recycle Pumps: Production | Truck Offload
Amine Concentration: 34%
Roustabout Utilization: 
Attachment: 
Encoding: HTML
========================================
<p>&nbsp;recycle to truck offload</p>

<p>amine conc 34%</p>

<p>put antifoam to amine regen</p>

<p>production tank high level, Pembina will start pumps at 07:00, slowed down the recycle pump</p>

<p>blew down V-101 level transmitter</p>

<p>&nbsp;</p>
$@MID@$: 1206
Date: Fri, 22 Dec 2017 17:13:33 -0700
Author: Ryan Gilgan
Shift: Day Shift
Operators: Ryan G | Nigel R
Plant Status: Steady
Equipment Outage: 
Filter Change: Amine Charcoal
Pigging: 
Recycle Pumps: Production | Overflow
Amine Concentration: 
Roustabout Utilization: 
Attachment: 
Encoding: HTML
========================================
<p>Started weekend checks.</p>

<p>Strata out to prove offload meter.</p>

<p>2 loads of Zeta water hauled in by GGT (Jason)</p>

<p>1 load of Tangle creek hauled in by Orion, 1 more load tonight.</p>

<p>1 load of Baccalieu hauled in by HVO</p>

<p>Increased the Amine condenser temp to 33 from 30.</p>

<p>Manually adjusted louvers on the res gas temp so 0% is actually closed.</p>

<p>Changed Amine charcoal filters</p>

<p>&nbsp;</p>
