$@MID@$: 1039
Date: Fri, 11 Jan 2019 00:19:42 -0700
Author: Blaine Harris
Pressure: 257
Temperature: 61
Front Water Lvl: 2
Back Water Lvl: 3
Flame Condition: Blue / Orange
Shift: Night
Month: Jan
Day: 10
Year: 2019
Attachment: 
Encoding: HTML
========================================

$@MID@$: 1040
Date: Fri, 11 Jan 2019 07:57:41 -0700
Author: Romeo Tobias
Pressure: 230
Temperature: 67
Front Water Lvl: 2
Back Water Lvl: 4
Flame Condition: Blue / Orange
Shift: Day
Month: Jan
Day: 11
Year: 2019
Attachment: 
Encoding: HTML
========================================

$@MID@$: 1041
Date: Fri, 11 Jan 2019 23:34:08 -0700
Author: Blaine Harris
Pressure: 258
Temperature: 61
Front Water Lvl: 2
Back Water Lvl: 2
Flame Condition: Blue / Orange
Shift: Night
Month: Jan
Day: 11
Year: 2019
Attachment: 
Encoding: HTML
========================================

