$@MID@$: 1109
Date: Fri, 15 Feb 2019 14:32:01 -0700
Author: Kyle Shute
Pressure: 214
Temperature: 64
Front Water Lvl: 1.5
Back Water Lvl: 4.5
Flame Condition: Blue / Orange
Shift: Day
Month: Feb
Day: 15
Year: 2019
Attachment: 
Encoding: HTML
========================================
<p>Dumped back water from 4.5 to 3.5 bolts.</p>
$@MID@$: 1110
Date: Fri, 15 Feb 2019 21:14:31 -0700
Author: Kevin Nicol
Pressure: 214
Temperature: 63
Front Water Lvl: 0
Back Water Lvl: 3
Flame Condition: Blue / Orange
Shift: Night
Month: Feb
Day: 15
Year: 2019
Attachment: 
Encoding: HTML
========================================

