$@MID@$: 1086
Date: Mon, 04 Feb 2019 05:12:40 -0700
Author: Ryan Gilgan
Pressure: 2442
Temperature: 55
Front Water Lvl: 1
Back Water Lvl: 3
Flame Condition: Blue / Orange
Shift: Night
Month: Feb
Day: 3
Year: 2019
Attachment: 
Encoding: HTML
========================================

$@MID@$: 1087
Date: Mon, 04 Feb 2019 09:36:11 -0700
Author: Bryan Noble
Pressure: 239
Temperature: 57
Front Water Lvl: 2
Back Water Lvl: 4
Flame Condition: Blue / Orange
Shift: Day
Month: Feb
Day: 4
Year: 2019
Attachment: 
Encoding: HTML
========================================

