$@MID@$: 1088
Date: Tue, 05 Feb 2019 02:21:16 -0700
Author: Ryan Gilgan
Pressure: 253
Temperature: 65
Front Water Lvl: 2
Back Water Lvl: 3
Flame Condition: Blue / Orange
Shift: Night
Month: Feb
Day: 4
Year: 2019
Attachment: 
Encoding: HTML
========================================

$@MID@$: 1089
Date: Tue, 05 Feb 2019 13:58:17 -0700
Author: Bryan Noble
Pressure: 230
Temperature: 56
Front Water Lvl: 1
Back Water Lvl: 4
Flame Condition: Blue / Orange
Shift: Day
Month: Feb
Day: 5
Year: 2019
Attachment: 
Encoding: HTML
========================================

$@MID@$: 1090
Date: Tue, 05 Feb 2019 21:20:45 -0700
Author: Gary Wright
Pressure: 193
Temperature: 66
Front Water Lvl: Good 2 bolts
Back Water Lvl: Good 4 bolts
Flame Condition: Blue / Orange
Shift: Night
Month: Feb
Day: 5
Year: 2019
Attachment: 
Encoding: HTML
========================================

