$@MID@$: 1119
Date: Wed, 20 Feb 2019 16:52:52 -0700
Author: Kyle Shute
Pressure: 218
Temperature: 63
Front Water Lvl: 1
Back Water Lvl: 4
Flame Condition: Blue / Orange
Shift: Day
Month: Feb
Day: 20
Year: 2019
Attachment: 
Encoding: HTML
========================================

$@MID@$: 1120
Date: Wed, 20 Feb 2019 21:29:41 -0700
Author: Romeo Tobias
Pressure: 219
Temperature: 61
Front Water Lvl: 2
Back Water Lvl: 4
Flame Condition: Blue / Orange
Shift: Night
Month: Feb
Day: 20
Year: 2019
Attachment: 
Encoding: HTML
========================================

