$@MID@$: 1166
Date: Sun, 17 Mar 2019 03:04:08 -0600
Author: Ryan Gilgan
Pressure: 225
Temperature: 63
Front Water Lvl: 2
Back Water Lvl: 3
Flame Condition: Blue / Orange
Shift: Night
Month: Mar
Day: 16
Year: 2019
Attachment: 
Encoding: HTML
========================================

$@MID@$: 1167
Date: Sun, 17 Mar 2019 10:49:13 -0600
Author: Kyle Shute
Pressure: 217
Temperature: 64
Front Water Lvl: 2.5
Back Water Lvl: 4 -> 3
Flame Condition: Blue / Orange
Shift: Day
Month: Mar
Day: 17
Year: 2019
Attachment: 
Encoding: HTML
========================================

