$@MID@$: 1173
Date: Wed, 20 Mar 2019 10:11:55 -0600
Author: Kyle Shute
Pressure: 208
Temperature: 59
Front Water Lvl: 3.5
Back Water Lvl: 4
Flame Condition: Blue / Orange
Shift: Day
Month: Mar
Day: 20
Year: 2019
Attachment: 
Encoding: HTML
========================================

$@MID@$: 1174
Date: Wed, 20 Mar 2019 21:24:33 -0600
Author: Romeo Tobias
Pressure: 210
Temperature: 60
Front Water Lvl: 4
Back Water Lvl: 5-3
Flame Condition: Blue / Orange
Shift: Night
Month: Mar
Day: 20
Year: 2019
Attachment: 
Encoding: HTML
========================================
<p>Dumped back water from 5 to 3 bolts.</p>
