$@MID@$: 1224
Date: Mon, 15 Apr 2019 01:25:02 -0600
Author: Tye Mastre
Pressure: 225
Temperature: 65
Front Water Lvl: 3
Back Water Lvl: 3
Flame Condition: Blue / Orange
Shift: Night
Month: Apr
Day: 14
Year: 2019
Attachment: 
Encoding: HTML
========================================

$@MID@$: 1225
Date: Mon, 15 Apr 2019 10:20:09 -0600
Author: Kyle Shute
Pressure: 222
Temperature: 64
Front Water Lvl: 4
Back Water Lvl: 5 > 3
Flame Condition: Blue / Orange
Shift: Day
Month: Apr
Day: 15
Year: 2019
Attachment: 
Encoding: HTML
========================================

