$@MID@$: 1241
Date: Wed, 24 Apr 2019 05:29:44 -0600
Author: Ryan Gilgan
Pressure: 223
Temperature: 64
Front Water Lvl: 0
Back Water Lvl: 0
Flame Condition: Blue / Orange
Shift: Night
Month: Apr
Day: 23
Year: 2019
Attachment: 
Encoding: HTML
========================================

$@MID@$: 1242
Date: Wed, 24 Apr 2019 11:28:10 -0600
Author: Romeo Tobias
Pressure: 223
Temperature: 64
Front Water Lvl: 0
Back Water Lvl: 0
Flame Condition: Blue / Orange
Shift: Day
Month: Apr
Day: 24
Year: 2019
Attachment: 
Encoding: HTML
========================================

