$@MID@$: 1272
Date: Thu, 23 May 2019 04:59:52 -0600
Author: Tye Mastre
Pressure: 254
Temperature: 63
Front Water Lvl: 2
Back Water Lvl: 3
Flame Condition: Blue / Orange
Shift: Night
Month: May
Day: 22
Year: 2019
Attachment: 
Encoding: HTML
========================================

$@MID@$: 1273
Date: Thu, 23 May 2019 16:58:07 -0600
Author: Kyle Shute
Pressure: 244
Temperature: 56
Front Water Lvl: 1.5
Back Water Lvl: 4
Flame Condition: Blue / Orange
Shift: Day
Month: May
Day: 23
Year: 2019
Attachment: 
Encoding: HTML
========================================

