$@MID@$: 1339
Date: Tue, 25 Jun 2019 10:50:28 -0600
Author: Kyle Shute
Pressure: 246
Temperature: 65
Front Water Lvl: 2.5
Back Water Lvl: 6
Flame Condition: Blue / Orange
Shift: Day
Month: Jun
Day: 25
Year: 2019
Attachment: 
Encoding: HTML
========================================
<p>Blew down front and back sight glasses, dumped back water to 2 bolts from 6.</p>
$@MID@$: 1340
Date: Tue, 25 Jun 2019 20:39:55 -0600
Author: Romeo Tobias
Pressure: 244
Temperature: 52
Front Water Lvl: 2
Back Water Lvl: 4 to 1 bolt
Flame Condition: Blue / Orange
Shift: Night
Month: Jun
Day: 25
Year: 2019
Attachment: 
Encoding: HTML
========================================

