$@MID@$: 1329
Date: Thu, 20 Jun 2019 10:32:40 -0600
Author: Kyle Shute
Pressure: 260
Temperature: 64
Front Water Lvl: 2.5
Back Water Lvl: 2.5
Flame Condition: Blue / Orange
Shift: Day
Month: Jun
Day: 20
Year: 2019
Attachment: 
Encoding: HTML
========================================

$@MID@$: 1330
Date: Thu, 20 Jun 2019 19:46:57 -0600
Author: Kevin Nicol
Pressure: 248
Temperature: 63
Front Water Lvl: 2
Back Water Lvl: 3
Flame Condition: Blue / Orange
Shift: Night
Month: Jun
Day: 21
Year: 2019
Attachment: 
Encoding: HTML
========================================

