$@MID@$: 1367
Date: Wed, 10 Jul 2019 05:06:27 -0600
Author: Dayton Mohr
Pressure: 249
Temperature: 59
Front Water Lvl: 1
Back Water Lvl: 0
Flame Condition: Blue / Orange
Shift: Night
Month: Jul
Day: 9
Year: 2019
Attachment: 
Encoding: HTML
========================================

$@MID@$: 1368
Date: Wed, 10 Jul 2019 11:44:14 -0600
Author: Jordan Wilson
Pressure: 265
Temperature: 65
Front Water Lvl: 1 bolt
Back Water Lvl: 0 bolts
Flame Condition: Blue / Orange
Shift: Day
Month: Jul
Day: 10
Year: 2019
Attachment: 
Encoding: HTML
========================================
<p>blew down sight glass for back water.&nbsp; backed off the L2 controller a bit to try and get a level in the sight glass</p>
