$@MID@$: 1377
Date: Mon, 15 Jul 2019 05:05:07 -0600
Author: Blaine Harris
Pressure: 252
Temperature: 63
Front Water Lvl: 2
Back Water Lvl: 0
Flame Condition: Blue / Orange
Shift: Night
Month: Jul
Day: 14
Year: 2019
Attachment: 
Encoding: HTML
========================================

$@MID@$: 1378
Date: Mon, 15 Jul 2019 07:53:37 -0600
Author: Romeo Tobias
Pressure: 261
Temperature: 61
Front Water Lvl: .5
Back Water Lvl: 0
Flame Condition: Blue / Orange
Shift: Day
Month: Jul
Day: 15
Year: 2019
Attachment: 
Encoding: HTML
========================================

