$@MID@$: 1354
Date: Wed, 03 Jul 2019 08:33:37 -0600
Author: Romeo Tobias
Pressure: 244
Temperature: 63
Front Water Lvl: 2.5
Back Water Lvl: 3
Flame Condition: Blue / Orange
Shift: Day
Month: Jul
Day: 3
Year: 2019
Attachment: 
Encoding: HTML
========================================

$@MID@$: 1355
Date: Wed, 03 Jul 2019 23:17:34 -0600
Author: Dayton Mohr
Pressure: 250
Temperature: 53
Front Water Lvl: 3
Back Water Lvl: 0
Flame Condition: Blue / Orange
Shift: Day
Month: Jul
Day: 3
Year: 2019
Attachment: 
Encoding: HTML
========================================

