$@MID@$: 1375
Date: Sun, 14 Jul 2019 05:10:32 -0600
Author: Ryan Bangle
Pressure: 250
Temperature: 62
Front Water Lvl: 1
Back Water Lvl: 0
Flame Condition: Blue / Orange
Shift: Night
Month: Jul
Day: 13
Year: 2019
Attachment: 
Encoding: HTML
========================================

$@MID@$: 1376
Date: Sun, 14 Jul 2019 10:31:55 -0600
Author: Romeo Tobias
Pressure: 258
Temperature: 65
Front Water Lvl: 1
Back Water Lvl: 0
Flame Condition: Blue / Orange
Shift: Day
Month: Jul
Day: 14
Year: 2019
Attachment: 
Encoding: HTML
========================================

