$@MID@$: 1371
Date: Fri, 12 Jul 2019 05:14:08 -0600
Author: Ryan Bangle
Pressure: 255
Temperature: 60
Front Water Lvl: 1
Back Water Lvl: 0
Flame Condition: Blue / Orange
Shift: Night
Month: Jul
Day: 11
Year: 2019
Attachment: 
Encoding: HTML
========================================

$@MID@$: 1372
Date: Fri, 12 Jul 2019 09:32:47 -0600
Author: Romeo Tobias
Pressure: 246
Temperature: 53
Front Water Lvl: 1
Back Water Lvl: 0
Flame Condition: Blue / Orange
Shift: Day
Month: Jul
Day: 12
Year: 2019
Attachment: 
Encoding: HTML
========================================

