$@MID@$: 1381
Date: Wed, 17 Jul 2019 04:28:31 -0600
Author: Ryan Gilgan
Pressure: 264
Temperature: 63
Front Water Lvl: 1.5
Back Water Lvl: .5
Flame Condition: Blue / Orange
Shift: Night
Month: Jul
Day: 16
Year: 2019
Attachment: 
Encoding: HTML
========================================

$@MID@$: 1382
Date: Wed, 17 Jul 2019 07:58:06 -0600
Author: Jordan Wilson
Pressure: 256
Temperature: 63
Front Water Lvl: .5 bolt
Back Water Lvl: .5 bolt
Flame Condition: Blue / Orange
Shift: Day
Month: Jul
Day: 17
Year: 2019
Attachment: 
Encoding: HTML
========================================

