$@MID@$: 1454
Date: Fri, 23 Aug 2019 05:11:16 -0600
Author: Ryan Bangle
Pressure: 245
Temperature: 66
Front Water Lvl: 3
Back Water Lvl: 2
Flame Condition: Blue / Orange
Shift: Night
Month: Aug
Day: 22
Year: 2019
Attachment: 
Encoding: HTML
========================================

$@MID@$: 1455
Date: Fri, 23 Aug 2019 09:54:46 -0600
Author: Kyle Shute
Pressure: 256
Temperature: 60
Front Water Lvl: 2.5
Back Water Lvl: 1
Flame Condition: Blue / Orange
Shift: Day
Month: Aug
Day: 23
Year: 2019
Attachment: 
Encoding: HTML
========================================

$@MID@$: 1456
Date: Fri, 23 Aug 2019 23:28:50 -0600
Author: Ryan Bangle
Pressure: 256
Temperature: 64
Front Water Lvl: 3
Back Water Lvl: 1
Flame Condition: Blue / Orange
Shift: Night
Month: Aug
Day: 23
Year: 2019
Attachment: 
Encoding: HTML
========================================

