$@MID@$: 1468
Date: Fri, 30 Aug 2019 05:08:27 -0600
Author: Ryan Bangle
Pressure: 249
Temperature: 57
Front Water Lvl: 2
Back Water Lvl: 1
Flame Condition: Blue / Orange
Shift: Night
Month: Aug
Day: 29
Year: 2019
Attachment: 
Encoding: HTML
========================================

$@MID@$: 1469
Date: Fri, 30 Aug 2019 09:29:09 -0600
Author: Romeo Tobias
Pressure: 252
Temperature: 60
Front Water Lvl: 2
Back Water Lvl: 0
Flame Condition: Blue / Orange
Shift: Day
Month: Aug
Day: 30
Year: 2019
Attachment: 
Encoding: HTML
========================================

