$@MID@$: 1428
Date: Sat, 10 Aug 2019 00:05:38 -0600
Author: Blaine Harris
Pressure: 248
Temperature: 63
Front Water Lvl: 2.5
Back Water Lvl: 2
Flame Condition: Blue / Orange
Shift: Night
Month: Aug
Day: 9
Year: 2019
Attachment: 
Encoding: HTML
========================================

$@MID@$: 1429
Date: Sat, 10 Aug 2019 12:32:44 -0600
Author: Romeo Tobias
Pressure: 250
Temperature: 65
Front Water Lvl: 2
Back Water Lvl: 1
Flame Condition: Blue / Orange
Shift: Day
Month: Aug
Day: 10
Year: 2019
Attachment: 
Encoding: HTML
========================================

