$@MID@$: 1417
Date: Sun, 04 Aug 2019 10:24:02 -0600
Author: Kyle Shute
Pressure: 250
Temperature: 65
Front Water Lvl: 2
Back Water Lvl: 2.5
Flame Condition: Blue / Orange
Shift: Day
Month: Aug
Day: 4
Year: 2019
Attachment: 
Encoding: HTML
========================================

$@MID@$: 1418
Date: Sun, 04 Aug 2019 19:49:55 -0600
Author: Kevin Nicol
Pressure: 256
Temperature: 53
Front Water Lvl: 2
Back Water Lvl: 2
Flame Condition: Blue / Orange
Shift: Night
Month: Aug
Day: 4
Year: 2019
Attachment: 
Encoding: HTML
========================================

