$@MID@$: 1413
Date: Fri, 02 Aug 2019 17:05:17 -0600
Author: Kyle Shute
Pressure: 256
Temperature: 62
Front Water Lvl: 2
Back Water Lvl: 2
Flame Condition: Blue / Orange
Shift: Day
Month: Aug
Day: 2
Year: 2019
Attachment: 
Encoding: HTML
========================================
<p>Blew down front and back water sightglasses.</p>
$@MID@$: 1414
Date: Fri, 02 Aug 2019 19:42:26 -0600
Author: Kevin Nicol
Pressure: 245
Temperature: 64
Front Water Lvl: 2
Back Water Lvl: 2
Flame Condition: Blue / Orange
Shift: Night
Month: Aug
Day: 2
Year: 2019
Attachment: 
Encoding: HTML
========================================

