$@MID@$: 1528
Date: Sun, 29 Sep 2019 13:16:51 -0600
Author: Kyle Shute
Pressure: 242
Temperature: 57
Front Water Lvl: 0
Back Water Lvl: 2
Flame Condition: Blue / Orange
Shift: Day
Month: Sep
Day: 29
Year: 2019
Attachment: 
Encoding: HTML
========================================

$@MID@$: 1529
Date: Sun, 29 Sep 2019 22:47:10 -0600
Author: Dayton Mohr
Pressure: 257
Temperature: 65
Front Water Lvl: 0
Back Water Lvl: 3
Flame Condition: Blue / Orange
Shift: Night
Month: Sep
Day: 29
Year: 2019
Attachment: 
Encoding: HTML
========================================

