$@MID@$: 1474
Date: Mon, 02 Sep 2019 05:13:17 -0600
Author: Ryan Bangle
Pressure: 233
Temperature: 56
Front Water Lvl: 3
Back Water Lvl: 1
Flame Condition: Blue / Orange
Shift: Night
Month: Sep
Day: 1
Year: 2019
Attachment: 
Encoding: HTML
========================================
<p>&nbsp;Blew down sightglasses.</p>
$@MID@$: 1475
Date: Mon, 02 Sep 2019 14:21:46 -0600
Author: Romeo Tobias
Pressure: 242
Temperature: 58
Front Water Lvl: 3
Back Water Lvl: .5
Flame Condition: Blue / Orange
Shift: Day
Month: Sep
Day: 2
Year: 2019
Attachment: 
Encoding: HTML
========================================

$@MID@$: 1476
Date: Mon, 02 Sep 2019 21:51:47 -0600
Author: Tye Mastre
Pressure: 244
Temperature: 55
Front Water Lvl: 3
Back Water Lvl: 2
Flame Condition: Blue / Orange
Shift: Night
Month: Sep
Day: 2
Year: 2019
Attachment: 
Encoding: HTML
========================================

