$@MID@$: 1510
Date: Fri, 20 Sep 2019 01:32:09 -0600
Author: Blaine Harris
Pressure: 239
Temperature: 57
Front Water Lvl: 2
Back Water Lvl: 1
Flame Condition: Blue / Orange
Shift: Night
Month: Sep
Day: 19
Year: 2019
Attachment: 
Encoding: HTML
========================================

$@MID@$: 1511
Date: Fri, 20 Sep 2019 08:02:56 -0600
Author: Jordan Wilson
Pressure: 247
Temperature: 56
Front Water Lvl: 3
Back Water Lvl: 1
Flame Condition: Blue / Orange
Shift: Day
Month: Sep
Day: 20
Year: 2019
Attachment: 
Encoding: HTML
========================================

