$@MID@$: 1497
Date: Fri, 13 Sep 2019 10:21:51 -0600
Author: Bryan Noble
Pressure: 266
Temperature: 65
Front Water Lvl: 1
Back Water Lvl: 3
Flame Condition: Blue / Orange
Shift: Day
Month: Sep
Day: 13
Year: 2019
Attachment: 
Encoding: HTML
========================================

$@MID@$: 1498
Date: Fri, 13 Sep 2019 20:19:10 -0600
Author: Kevin Nicol
Pressure: 238
Temperature: 64
Front Water Lvl: 4
Back Water Lvl: 1
Flame Condition: Blue / Orange
Shift: Night
Month: Sep
Day: 13
Year: 2019
Attachment: 
Encoding: HTML
========================================

