$@MID@$: 1480
Date: Thu, 05 Sep 2019 02:41:07 -0600
Author: Tye Mastre
Pressure: 245
Temperature: 62
Front Water Lvl: 2.5
Back Water Lvl: 1.5
Flame Condition: Blue / Orange
Shift: Night
Month: Sep
Day: 4
Year: 2019
Attachment: 
Encoding: HTML
========================================

$@MID@$: 1481
Date: Thu, 05 Sep 2019 13:00:25 -0600
Author: Jordan Wilson
Pressure: 267
Temperature: 61
Front Water Lvl: 4
Back Water Lvl: 1
Flame Condition: Blue / Orange
Shift: Day
Month: Sep
Day: 5
Year: 2019
Attachment: 
Encoding: HTML
========================================

