$@MID@$: 1574
Date: Wed, 23 Oct 2019 10:13:29 -0600
Author: ryan blair
Pressure: 243
Temperature: 54.8
Front Water Lvl: 3
Back Water Lvl: 2
Flame Condition: Orange
Shift: Day
Month: Oct
Day: 23
Year: 2019
Attachment: 
Encoding: HTML
========================================

$@MID@$: 1575
Date: Wed, 23 Oct 2019 19:52:04 -0600
Author: Kevin Nicol
Pressure: 285
Temperature: 67
Front Water Lvl: 2.5
Back Water Lvl: 2
Flame Condition: Blue / Orange
Shift: Night
Month: Oct
Day: 23
Year: 2019
Attachment: 
Encoding: HTML
========================================

