$@MID@$: 1656
Date: Thu, 05 Dec 2019 16:24:06 -0700
Author: Ryan Gilgan
Pressure: 229
Temperature: 56
Front Water Lvl: 0
Back Water Lvl: 0
Flame Condition: Blue / Orange
Shift: Day
Month: Dec
Day: 5
Year: 2019
Attachment: 
Encoding: HTML
========================================

$@MID@$: 1657
Date: Thu, 05 Dec 2019 22:51:22 -0700
Author: Kevin Nicol
Pressure: 251
Temperature: 63
Front Water Lvl: 0
Back Water Lvl: 0
Flame Condition: Blue / Orange
Shift: Night
Month: Dec
Day: 5
Year: 2019
Attachment: 
Encoding: HTML
========================================

