$@MID@$: 1662
Date: Sun, 08 Dec 2019 09:48:12 -0700
Author: Tye Mastre
Pressure: 240
Temperature: 60
Front Water Lvl: 0
Back Water Lvl: 0
Flame Condition: Blue / Orange
Shift: Day
Month: Dec
Day: 8
Year: 2019
Attachment: 
Encoding: HTML
========================================

$@MID@$: 1663
Date: Sun, 08 Dec 2019 21:23:07 -0700
Author: Kevin Nicol
Pressure: 274
Temperature: 64
Front Water Lvl: 1
Back Water Lvl: 0
Flame Condition: Blue / Orange
Shift: Night
Month: Dec
Day: 8
Year: 2019
Attachment: 
Encoding: HTML
========================================

