$@MID@$: 1671
Date: Fri, 13 Dec 2019 01:20:10 -0700
Author: Blaine Harris
Pressure: 247
Temperature: 63
Front Water Lvl: 3
Back Water Lvl: 1
Flame Condition: Blue / Orange
Shift: Night
Month: Dec
Day: 12
Year: 2019
Attachment: 
Encoding: HTML
========================================

$@MID@$: 1672
Date: Fri, 13 Dec 2019 09:38:03 -0700
Author: ryan blair
Pressure: 236
Temperature: 61
Front Water Lvl: 2
Back Water Lvl: 2
Flame Condition: Blue / Orange
Shift: Day
Month: Dec
Day: 13
Year: 2019
Attachment: 
Encoding: HTML
========================================

