$@MID@$: 1666
Date: Tue, 10 Dec 2019 08:27:06 -0700
Author: ryan blair
Pressure: 288
Temperature: 62
Front Water Lvl: 1.5
Back Water Lvl: 0
Flame Condition: Blue / Orange
Shift: Day
Month: Dec
Day: 10
Year: 2019
Attachment: 
Encoding: HTML
========================================

$@MID@$: 1667
Date: Tue, 10 Dec 2019 23:01:48 -0700
Author: Blaine Harris
Pressure: 232
Temperature: 63
Front Water Lvl: 1
Back Water Lvl: 0
Flame Condition: Blue / Orange
Shift: Night
Month: Dec
Day: 10
Year: 2019
Attachment: 
Encoding: HTML
========================================

