$@MID@$: 1022
Date: Mon, 06 Jan 2020 05:12:50 -0700
Author: Ryan Gilgan
Surge Tank Temp: 62
Surge Tank Press: 250
Surge Tank Level: 5
Pump Press: 500
Outlet Temp: 84
Stack Temp: 133
Flame Condition: Orange
Shift: Night
Month: Jan
Day: 5
Year: 2020
Attachment: 
Encoding: HTML
========================================

$@MID@$: 1023
Date: Mon, 06 Jan 2020 07:50:24 -0700
Author: Kyle Shute
Surge Tank Temp: 63
Surge Tank Press: 256
Surge Tank Level: 5
Pump Press: 500
Outlet Temp: 84
Stack Temp: 132
Flame Condition: Orange
Shift: Day
Month: Jan
Day: 6
Year: 2020
Attachment: 
Encoding: HTML
========================================

