$@MID@$: 1047
Date: Sat, 18 Jan 2020 11:31:14 -0700
Author: dallas lawrence
Surge Tank Temp: 41
Surge Tank Press: 254
Surge Tank Level: 4
Pump Press: 510
Outlet Temp: 62
Stack Temp: 128
Flame Condition: Orange
Shift: Day
Month: Jan
Day: 18
Year: 2020
Attachment: 
Encoding: HTML
========================================

$@MID@$: 1048
Date: Sat, 18 Jan 2020 19:42:15 -0700
Author: Kevin Nicol
Surge Tank Temp: 45
Surge Tank Press: 280
Surge Tank Level: 4
Pump Press: 520
Outlet Temp: 66
Stack Temp: 130
Flame Condition: Orange
Shift: Night
Month: Jan
Day: 18
Year: 2020
Attachment: 
Encoding: HTML
========================================

