$@MID@$: 1028
Date: Thu, 09 Jan 2020 04:35:50 -0700
Author: Tye Mastre
Surge Tank Temp: 47
Surge Tank Press: 254
Surge Tank Level: 4
Pump Press: 505
Outlet Temp: 69
Stack Temp: 133
Flame Condition: Orange
Shift: Night
Month: Jan
Day: 8
Year: 2020
Attachment: 
Encoding: HTML
========================================

$@MID@$: 1029
Date: Thu, 09 Jan 2020 09:58:52 -0700
Author: Dayton Mohr
Surge Tank Temp: 50
Surge Tank Press: 265
Surge Tank Level: 4
Pump Press: 505
Outlet Temp: 70
Stack Temp: 133
Flame Condition: Orange
Shift: Day
Month: Jan
Day: 9
Year: 2020
Attachment: 
Encoding: HTML
========================================

