$@MID@$: 1067
Date: Wed, 29 Jan 2020 05:09:05 -0700
Author: Dayton Mohr
Surge Tank Temp: 67
Surge Tank Press: 370
Surge Tank Level: 5
Pump Press: 510
Outlet Temp: 85
Stack Temp: 131
Flame Condition: Orange
Shift: Night
Month: Dec
Day: 28
Year: 2020
Attachment: 
Encoding: HTML
========================================

$@MID@$: 1068
Date: Wed, 29 Jan 2020 09:44:20 -0700
Author: Kevin Nicol
Surge Tank Temp: 57
Surge Tank Press: 260
Surge Tank Level: 4
Pump Press: 505
Outlet Temp: 75
Stack Temp: 137
Flame Condition: Orange
Shift: Day
Month: Jan
Day: 29
Year: 2020
Attachment: 
Encoding: HTML
========================================

