$@MID@$: 1038
Date: Tue, 14 Jan 2020 03:04:46 -0700
Author: Tye Mastre
Surge Tank Temp: 41
Surge Tank Press: 256
Surge Tank Level: 4
Pump Press: 510
Outlet Temp: 61
Stack Temp: 127
Flame Condition: Orange
Shift: Night
Month: Jan
Day: 13
Year: 2020
Attachment: 
Encoding: HTML
========================================

$@MID@$: 1039
Date: Tue, 14 Jan 2020 10:50:58 -0700
Author: ryan blair
Surge Tank Temp: 35
Surge Tank Press: 263
Surge Tank Level: 4
Pump Press: 510
Outlet Temp: 59
Stack Temp: 126
Flame Condition: Orange
Shift: Day
Month: Jan
Day: 14
Year: 2020
Attachment: 
Encoding: HTML
========================================

$@MID@$: 1040
Date: Tue, 14 Jan 2020 20:17:18 -0700
Author: Kevin Nicol
Surge Tank Temp: 40
Surge Tank Press: 285
Surge Tank Level: 4
Pump Press: 520
Outlet Temp: 61
Stack Temp: 127
Flame Condition: Orange
Shift: Night
Month: Jan
Day: 14
Year: 2020
Attachment: 
Encoding: HTML
========================================

