$@MID@$: 1097
Date: Thu, 13 Feb 2020 04:49:15 -0700
Author: Ryan Gilgan
Surge Tank Temp: 64
Surge Tank Press: 310
Surge Tank Level: 6
Pump Press: 550
Outlet Temp: 79
Stack Temp: 142
Flame Condition: Orange
Shift: Night
Month: Feb
Day: 12
Year: 2020
Attachment: 
Encoding: HTML
========================================

$@MID@$: 1098
Date: Thu, 13 Feb 2020 10:52:10 -0700
Author: dallas lawrence
Surge Tank Temp: 65
Surge Tank Press: 310
Surge Tank Level: 6
Pump Press: 550
Outlet Temp: 81
Stack Temp: 142
Flame Condition: Orange
Shift: Day
Month: Feb
Day: 13
Year: 2020
Attachment: 
Encoding: HTML
========================================

