$@MID@$: 1105
Date: Mon, 17 Feb 2020 05:02:01 -0700
Author: Ryan Gilgan
Surge Tank Temp: 64
Surge Tank Press: 255
Surge Tank Level: 6
Pump Press: 510
Outlet Temp: 82
Stack Temp: 140
Flame Condition: Orange
Shift: Night
Month: Feb
Day: 16
Year: 2020
Attachment: 
Encoding: HTML
========================================

$@MID@$: 1106
Date: Mon, 17 Feb 2020 10:40:27 -0700
Author: dallas lawrence
Surge Tank Temp: 53
Surge Tank Press: 251
Surge Tank Level: 5
Pump Press: 510
Outlet Temp: 71
Stack Temp: 134
Flame Condition: Orange
Shift: Day
Month: Feb
Day: 17
Year: 2020
Attachment: 
Encoding: HTML
========================================

