$@MID@$: 1115
Date: Sat, 22 Feb 2020 05:05:30 -0700
Author: Tye Mastre
Surge Tank Temp: 67
Surge Tank Press: 289
Surge Tank Level: 5
Pump Press: 530
Outlet Temp: 83
Stack Temp: 135
Flame Condition: Orange
Shift: Night
Month: Feb
Day: 21
Year: 2020
Attachment: 
Encoding: HTML
========================================

$@MID@$: 1116
Date: Sat, 22 Feb 2020 09:22:11 -0700
Author: Jordan Wilson
Surge Tank Temp: 57
Surge Tank Press: 249
Surge Tank Level: 5
Pump Press: 500
Outlet Temp: 73
Stack Temp: 127
Flame Condition: Orange
Shift: Day
Month: Feb
Day: 22
Year: 2020
Attachment: 
Encoding: HTML
========================================

