$@MID@$: 1087
Date: Sat, 08 Feb 2020 05:06:16 -0700
Author: ryan blair
Surge Tank Temp: 63
Surge Tank Press: 248
Surge Tank Level: 5
Pump Press: 505
Outlet Temp: 82
Stack Temp: 141
Flame Condition: Orange
Shift: Night
Month: Feb
Day: 7
Year: 2020
Attachment: 
Encoding: HTML
========================================

$@MID@$: 1088
Date: Sat, 08 Feb 2020 10:56:12 -0700
Author: Jordan Wilson
Surge Tank Temp: 65
Surge Tank Press: 249
Surge Tank Level: 5
Pump Press: 500
Outlet Temp: 82
Stack Temp: 144
Flame Condition: Orange
Shift: Day
Month: Feb
Day: 8
Year: 2020
Attachment: 
Encoding: HTML
========================================

