$@MID@$: 1091
Date: Mon, 10 Feb 2020 05:11:54 -0700
Author: ryan blair
Surge Tank Temp: 66
Surge Tank Press: 249
Surge Tank Level: 5
Pump Press: 500
Outlet Temp: 82
Stack Temp: 144
Flame Condition: Orange
Shift: Night
Month: Feb
Day: 9
Year: 2020
Attachment: 
Encoding: HTML
========================================

$@MID@$: 1092
Date: Mon, 10 Feb 2020 09:56:01 -0700
Author: Kyle Shute
Surge Tank Temp: 66
Surge Tank Press: 250
Surge Tank Level: 5
Pump Press: 500
Outlet Temp: 85
Stack Temp: 135
Flame Condition: Orange
Shift: Day
Month: Feb
Day: 10
Year: 2020
Attachment: 
Encoding: HTML
========================================

