$@MID@$: 1099
Date: Fri, 14 Feb 2020 05:07:06 -0700
Author: Ryan Gilgan
Surge Tank Temp: 73
Surge Tank Press: 350
Surge Tank Level: 6
Pump Press: 500
Outlet Temp: 85
Stack Temp: 150
Flame Condition: Orange
Shift: Night
Month: Feb
Day: 13
Year: 2020
Attachment: 
Encoding: HTML
========================================

$@MID@$: 1100
Date: Fri, 14 Feb 2020 13:20:39 -0700
Author: dallas lawrence
Surge Tank Temp: 65
Surge Tank Press: 261
Surge Tank Level: 6
Pump Press: 510
Outlet Temp: 80
Stack Temp: 140
Flame Condition: Orange
Shift: Day
Month: Feb
Day: 14
Year: 2020
Attachment: 
Encoding: HTML
========================================

