$@MID@$: 1245
Date: Sat, 31 Oct 2020 16:56:05 -0600
Author: Tye Mastre
Surge Tank Temp: 56
Surge Tank Press: 263
Surge Tank Level: 4
Pump Press: 510
Outlet Temp: 77
Stack Temp: 115
Flame Condition: Orange
Shift: Day
Month: Oct
Day: 31
Year: 2020
Attachment: 
Encoding: HTML
========================================

$@MID@$: 1246
Date: Sat, 31 Oct 2020 23:39:57 -0600
Author: Blaine Harris
Surge Tank Temp: 57
Surge Tank Press: 255
Surge Tank Level: 4
Pump Press: 500
Outlet Temp: 77
Stack Temp: 113
Flame Condition: Orange
Shift: Night
Month: Oct
Day: 31
Year: 2020
Attachment: 
Encoding: HTML
========================================

