$@MID@$: 1218
Date: Sat, 17 Oct 2020 03:58:23 -0600
Author: Tye Mastre
Surge Tank Temp: 51
Surge Tank Press: 263
Surge Tank Level: 5
Pump Press: 510
Outlet Temp: 72
Stack Temp: 100
Flame Condition: Blue / Orange
Shift: Night
Month: Oct
Day: 16
Year: 2020
Attachment: 
Encoding: HTML
========================================

$@MID@$: 1219
Date: Sat, 17 Oct 2020 11:06:24 -0600
Author: Kyle Shute
Surge Tank Temp: 53
Surge Tank Press: 263
Surge Tank Level: 5
Pump Press: 520
Outlet Temp: 75
Stack Temp: 114
Flame Condition: Blue / Orange
Shift: Day
Month: Oct
Day: 17
Year: 2020
Attachment: 
Encoding: HTML
========================================

