$@MID@$: 1240
Date: Thu, 29 Oct 2020 01:17:43 -0600
Author: Blaine Harris
Surge Tank Temp: 58
Surge Tank Press: 250
Surge Tank Level: 5
Pump Press: 500
Outlet Temp: 77
Stack Temp: 111
Flame Condition: Orange
Shift: Night
Month: Oct
Day: 28
Year: 2020
Attachment: 
Encoding: HTML
========================================

$@MID@$: 1241
Date: Thu, 29 Oct 2020 10:44:10 -0600
Author: Howard Quiring
Surge Tank Temp: 56
Surge Tank Press: 260
Surge Tank Level: 5
Pump Press: 510
Outlet Temp: 77
Stack Temp: 113
Flame Condition: Orange
Shift: Day
Month: Oct
Day: 29
Year: 2020
Attachment: 
Encoding: HTML
========================================

