$@MID@$: 1242
Date: Fri, 30 Oct 2020 00:34:37 -0600
Author: Blaine Harris
Surge Tank Temp: 58
Surge Tank Press: 255
Surge Tank Level: 5
Pump Press: 500
Outlet Temp: 77
Stack Temp: 112
Flame Condition: Orange
Shift: Night
Month: Oct
Day: 29
Year: 2020
Attachment: 
Encoding: HTML
========================================

$@MID@$: 1243
Date: Fri, 30 Oct 2020 13:46:29 -0600
Author: Kevin Nicol
Surge Tank Temp: 57
Surge Tank Press: 258
Surge Tank Level: 5
Pump Press: 500
Outlet Temp: 77
Stack Temp: 113
Flame Condition: Blue / Orange
Shift: Day
Month: Oct
Day: 30
Year: 2020
Attachment: 
Encoding: HTML
========================================

$@MID@$: 1244
Date: Fri, 30 Oct 2020 23:26:42 -0600
Author: Blaine Harris
Surge Tank Temp: 54
Surge Tank Press: 255
Surge Tank Level: 4
Pump Press: 500
Outlet Temp: 77
Stack Temp: 115
Flame Condition: Orange
Shift: Night
Month: Oct
Day: 30
Year: 2020
Attachment: 
Encoding: HTML
========================================

