$@MID@$: 1279
Date: Wed, 18 Nov 2020 00:36:58 -0700
Author: Jordan Wilson
Surge Tank Temp: 59
Surge Tank Press: 262
Surge Tank Level: 4
Pump Press: 505
Outlet Temp: 80
Stack Temp: 123
Flame Condition: Orange
Shift: Night
Month: Nov
Day: 17
Year: 2020
Attachment: 
Encoding: HTML
========================================

$@MID@$: 1280
Date: Wed, 18 Nov 2020 10:59:17 -0700
Author: Kyle Shute
Surge Tank Temp: 59
Surge Tank Press: 261
Surge Tank Level: 4
Pump Press: 510
Outlet Temp: 80
Stack Temp: 124
Flame Condition: Orange
Shift: Day
Month: Nov
Day: 18
Year: 2020
Attachment: 
Encoding: HTML
========================================

$@MID@$: 1281
Date: Wed, 18 Nov 2020 22:45:37 -0700
Author: Jordan Wilson
Surge Tank Temp: 58
Surge Tank Press: 262
Surge Tank Level: 4
Pump Press: 505
Outlet Temp: 80
Stack Temp: 126
Flame Condition: Orange
Shift: Night
Month: Nov
Day: 18
Year: 2020
Attachment: 
Encoding: HTML
========================================

