$@MID@$: 1263
Date: Tue, 10 Nov 2020 04:43:26 -0700
Author: Ryan Gilgan
Surge Tank Temp: 56
Surge Tank Press: 260
Surge Tank Level: 4
Pump Press: 510
Outlet Temp: 77
Stack Temp: 112
Flame Condition: Orange
Shift: Night
Month: Nov
Day: 9
Year: 2020
Attachment: 
Encoding: HTML
========================================

$@MID@$: 1264
Date: Tue, 10 Nov 2020 10:30:44 -0700
Author: Chad Quinn
Surge Tank Temp: 57
Surge Tank Press: 255
Surge Tank Level: 6
Pump Press: 500
Outlet Temp: 76
Stack Temp: 114
Flame Condition: Orange
Shift: Day
Month: Nov
Day: 9
Year: 2020
Attachment: 
Encoding: HTML
========================================

