$@MID@$: 1351
Date: Thu, 24 Dec 2020 02:24:46 -0700
Author: Jordan Wilson
Surge Tank Temp: 61
Surge Tank Press: 258
Surge Tank Level: 4
Pump Press: 505
Outlet Temp: 80
Stack Temp: 117
Flame Condition: Orange
Shift: Night
Month: Dec
Day: 23
Year: 2020
Attachment: 
Encoding: HTML
========================================

$@MID@$: 1352
Date: Thu, 24 Dec 2020 14:43:49 -0700
Author: Tye Mastre
Surge Tank Temp: 63
Surge Tank Press: 261
Surge Tank Level: 4
Pump Press: 515
Outlet Temp: 80
Stack Temp: 117
Flame Condition: Blue / Orange
Shift: Day
Month: Dec
Day: 24
Year: 2020
Attachment: 
Encoding: HTML
========================================

$@MID@$: 1353
Date: Thu, 24 Dec 2020 21:38:17 -0700
Author: Jordan Wilson
Surge Tank Temp: 63
Surge Tank Press: 260
Surge Tank Level: 4
Pump Press: 505
Outlet Temp: 80
Stack Temp: 113
Flame Condition: Orange
Shift: Night
Month: Dec
Day: 24
Year: 2020
Attachment: 
Encoding: HTML
========================================

