$@MID@$: 1321
Date: Wed, 09 Dec 2020 04:22:49 -0700
Author: Tye Mastre
Surge Tank Temp: 63
Surge Tank Press: 259
Surge Tank Level: 4
Pump Press: 505
Outlet Temp: 80
Stack Temp: 115
Flame Condition: Blue / Orange
Shift: Night
Month: Dec
Day: 8
Year: 2020
Attachment: 
Encoding: HTML
========================================

$@MID@$: 1322
Date: Wed, 09 Dec 2020 10:08:11 -0700
Author: Chad Quinn
Surge Tank Temp: 64
Surge Tank Press: 260
Surge Tank Level: 4
Pump Press: 510
Outlet Temp: 80
Stack Temp: 118
Flame Condition: Orange
Shift: Day
Month: Dec
Day: 9
Year: 2020
Attachment: 
Encoding: HTML
========================================

$@MID@$: 1323
Date: Wed, 09 Dec 2020 22:56:38 -0700
Author: Tye Mastre
Surge Tank Temp: 63
Surge Tank Press: 263
Surge Tank Level: 4
Pump Press: 510
Outlet Temp: 80
Stack Temp: 118
Flame Condition: Blue / Orange
Shift: Night
Month: Dec
Day: 9
Year: 2020
Attachment: 
Encoding: HTML
========================================

