$@MID@$: 1305
Date: Tue, 01 Dec 2020 17:02:23 -0700
Author: Kyle Shute
Surge Tank Temp: 60
Surge Tank Press: 264
Surge Tank Level: 4
Pump Press: 510
Outlet Temp: 80
Stack Temp: 124
Flame Condition: Orange
Shift: Day
Month: Dec
Day: 1
Year: 2020
Attachment: 
Encoding: HTML
========================================

$@MID@$: 1306
Date: Tue, 01 Dec 2020 23:47:04 -0700
Author: Blaine Harris
Surge Tank Temp: 62
Surge Tank Press: 260
Surge Tank Level: 4
Pump Press: 505
Outlet Temp: 80
Stack Temp: 118
Flame Condition: Orange
Shift: Night
Month: Dec
Day: 1
Year: 2020
Attachment: 
Encoding: HTML
========================================

