$@MID@$: 4985
Date: Wed, 11 Jan 2023 04:39:27 -0700
Author: Kevin Nicol
Shift: Night Shift
Operators: Kevin N | Romeo T
Shift Handover Meeting: Ryan G | Brad T
Start of Shift Meeting: 
Plant Status: Steady
Equipment Outage: 
Filter Change: 
Pigging: 
Recycle Pumps: Production
Amine Concentration: 
Roustabout Utilization: 
Berm Water Samples Taken: No
Plant Process Discussion: Yes
Operational Targets: N/A
Overrides or Safeties Bypassed: N/A
Upcoming Activities: N/A
HSE Concerns: N/A
Regulatory Requirements: N/A
Staff Discussion: N/A
Weather & Effects on Operations: Yes
Permit Extensions/Critical Tasks: N/A
Attachment: 
Encoding: HTML
========================================
<p>production tank at 3.5 at 19:00. checked with temp gun</p>

<p>worked on CMDS validations</p>

<p>repaced carseals on k206 valves and updated the carseal list</p>

<p>opened the cooler screans on k206 due to frost buil up</p>

<p>LPG pumps off</p>

<p>no security issues at Braz</p>

<p>&nbsp;</p>
$@MID@$: 4986
Date: Wed, 11 Jan 2023 16:20:44 -0700
Author: Ryan Gilgan
Shift: Day Shift
Operators: Ryan G | Brad T
Shift Handover Meeting: Kevin N | Romeo T
Start of Shift Meeting: 
Plant Status: Steady
Equipment Outage: 
Filter Change: 
Pigging: 05-14
Recycle Pumps: Production
Amine Concentration: 
Roustabout Utilization: 
Berm Water Samples Taken: No
Plant Process Discussion: Yes
Operational Targets: N/A
Overrides or Safeties Bypassed: N/A
Upcoming Activities: N/A
HSE Concerns: N/A
Regulatory Requirements: N/A
Staff Discussion: N/A
Weather & Effects on Operations: No
Permit Extensions/Critical Tasks: N/A
Attachment: 
Encoding: HTML
========================================
<p>Weather:&nbsp; -9 This morning.&nbsp; Temp relatively steady.&nbsp; Fog in the morning.</p>

<p>Morning meeting</p>

<p>Tank level verified at 7:30 at 3.1 meters.</p>

<p>LOTO LPG pumps for field work.&nbsp; Removed LOTO and put back into operation.</p>

<p>Taking Night shift truck back to OK tire to get back up sensors looked at.</p>

<p>Wolf creek line pigged.&nbsp; Will pull tomorrow.</p>

<p>Brushed frost off screens around facility.</p>

<p>SCOP meeting on safety bypass protocols</p>

<p>Sent in a PR#10035269 for gravel from Associated Aggrigates.</p>

<p>Asked Josh to do a blanket PO for Pollard insulators.</p>

<p>Carl delivered some goods.</p>

<p>Cleaned up in compression, soaker pads and drained drip pails.</p>

<p>Nathan replaced fan motor by K-202</p>
