$@MID@$: 5022
Date: Sun, 29 Jan 2023 04:30:23 -0700
Author: Ryan Gilgan
Shift: Night Shift
Operators: Ryan G | Kyle S
Shift Handover Meeting: Kevin N
Start of Shift Meeting: 
Plant Status: Steady
Equipment Outage: 
Filter Change: 
Pigging: 
Recycle Pumps: Production
Production Tank Level: 3.17M  
Amine Concentration: 
Roustabout Utilization: 
Berm Water Samples Taken: No
Plant Process Discussion: Yes
Operational Targets: N/A
Overrides or Safeties Bypassed: N/A
Upcoming Activities: N/A
HSE Concerns: N/A
Regulatory Requirements: N/A
Staff Discussion: N/A
Weather & Effects on Operations: No
Permit Extensions/Critical Tasks: N/A
Attachment: 
Encoding: HTML
========================================
<p>Weather:-20 in the morning cold windchill.</p>

<p>No security issues noted for Braz</p>

<p>Added C3 to surge tank, North tank empty.&nbsp; Around 7 bolts.</p>

<p>Put res gas louver into winter mode.</p>

<p>Drained de eth overhead scrubber</p>

<p>V-101 low level, blew down level control.&nbsp; lined out.</p>

<p>&nbsp;</p>

<p>&nbsp;</p>

<p>&nbsp;</p>
$@MID@$: 5023
Date: Sun, 29 Jan 2023 16:25:07 -0700
Author: Kevin Nicol
Shift: Day Shift
Operators: Kevin N
Shift Handover Meeting: Ryan G
Start of Shift Meeting: 
Plant Status: Steady
Equipment Outage: 
Filter Change: 
Pigging: 
Recycle Pumps: Production
Production Tank Level: 3.35 at 07:00,checked
Amine Concentration: 
Roustabout Utilization: 
Berm Water Samples Taken: No
Plant Process Discussion: Yes
Operational Targets: N/A
Overrides or Safeties Bypassed: N/A
Upcoming Activities: N/A
HSE Concerns: N/A
Regulatory Requirements: N/A
Staff Discussion: N/A
Weather & Effects on Operations: Yes
Permit Extensions/Critical Tasks: N/A
Attachment: 
Encoding: HTML
========================================
<p>3rd stage acid gas dump stuck open, pumped up the glycol leg on the level trasmitter</p>

<p>blew down V-101 level tranmitter</p>

<p>2-7 ESD in travel, informed Mark S</p>

<p>weekend checks</p>

<p>no change in production tank</p>

<p>AE-2026 LEL on north side of k206 was ringing in low. returned to normal</p>

<p>V-101 flow bouncing around, phoned Terrance with Vermilion, he has a couple of his main wells down</p>
