$@MID@$: 5057
Date: Wed, 15 Feb 2023 04:37:37 -0700
Author: Kevin Nicol
Shift: Night Shift
Operators: Kevin N | Bryan N
Shift Handover Meeting: Pat B | Chris P (Contractor)
Start of Shift Meeting: 
Plant Status: Steady
Equipment Outage: 
Filter Change: 
Pigging: 
Recycle Pumps: Overflow
Production Tank Level: 2.38, checked
Amine Concentration: 
Roustabout Utilization: 
Berm Water Samples Taken: No
Plant Process Discussion: Yes
Operational Targets: N/A
Overrides or Safeties Bypassed: N/A
Upcoming Activities: N/A
HSE Concerns: N/A
Regulatory Requirements: N/A
Staff Discussion: N/A
Weather & Effects on Operations: Yes
Permit Extensions/Critical Tasks: N/A
Attachment: 
Encoding: HTML
========================================
<p>production tank at 2.38 equal with the overflow tank, closed the equalizing valve and continued to recycle off the production for a few hours</p>

<p>talked to Chris C about the density issues</p>

<p>17:30 called Pembina control, they said they will send a Teck out tommorow to check the density meter</p>

<p>drained K203 suction scrubber</p>

<p>H2O flash tank high level, started the pump</p>

<p>topped up the glycol leg on K204 suction scrubber level transmitter and drained the scrubber</p>

<p>00:15 swung the recycle to the oveflow tank</p>

<p>AE-2031 LEL detector on the south side of K203 drifting low, SR 6067610 submitted to calidrate</p>
$@MID@$: 5058
Date: Wed, 15 Feb 2023 14:05:30 -0700
Author: Pat Brown
Shift: Day Shift
Operators: Pat B | Chris P (Contractor)
Shift Handover Meeting: Kevin N | Bryan N
Start of Shift Meeting: Daren F | Devin N | Nathan P | Clayton S
Plant Status: Steady
Equipment Outage: 
Filter Change: 
Pigging: 
Recycle Pumps: Production
Production Tank Level: 3.63
Amine Concentration: 
Roustabout Utilization: 
Berm Water Samples Taken: No
Plant Process Discussion: Yes
Operational Targets: Yes
Overrides or Safeties Bypassed: N/A
Upcoming Activities: Yes
HSE Concerns: N/A
Regulatory Requirements: Yes
Staff Discussion: Yes
Weather & Effects on Operations: No
Permit Extensions/Critical Tasks: N/A
Attachment: 
Encoding: HTML
========================================
<p>Weather was nice -8 to +5</p>

<p>tank level at 8am was 3.63m and confirmed with a temp gun</p>

<p>Surepoint out to work on some metering (3101 gas meter) and a few others</p>

<p>Measurement Inc out to prove some meters</p>

<p>Safety Meeting today</p>

<p>2-7 riser site has gone into travel again,sent a message to chad about it,if it closes we will need to get a hold of him&nbsp;</p>

<p>Pembina pipeline here today to check our oil density ,we are still cutting below their spec. Kelly has been in touch with them to see if we can make something work , we should know in a couple of days</p>

<p>Westbrick will be sending a truck to haul two loads tomorrow</p>

<p>Vermilion will have a truck come haul one load tomorrow</p>

<p>Chris has done a LOTO on the amine pump (4750) in preperation for the mechanic to come tomorrow Chris also did a SVI for the pump LOTO</p>

<p>The glycol system has a bypass valve that is washed out we will be repairing this tomorrow</p>

<p>Equalize the tanks at 3 pm ,the shipping tank hit 5m ,</p>
