$@MID@$: 5128
Date: Tue, 21 Mar 2023 16:25:05 -0600
Author: Kevin Nicol
Shift: Day Shift
Operators: Kevin N | Brad T
Shift Handover Meeting: Ryan G | Jeff B
Start of Shift Meeting: 
Plant Status: Steady
Equipment Outage: 
Filter Change: 
Pigging: 
Recycle Pumps: Production
Production Tank Level: 3.8 at 07:30, checked
Amine Concentration: 
Roustabout Utilization: 
Berm Water Samples Taken: No
Plant Process Discussion: Yes
Operational Targets: N/A
Overrides or Safeties Bypassed: N/A
Upcoming Activities: N/A
HSE Concerns: N/A
Regulatory Requirements: N/A
Staff Discussion: N/A
Weather & Effects on Operations: Yes
Permit Extensions/Critical Tasks: N/A
Attachment: 
Encoding: HTML
========================================
<p>increased the amine make up from 12% to 14%</p>

<p>called Safety First to fill breathing air bottles, should be out tommorow</p>

<p>reset FQI-1&nbsp; off V-103, was not comunicating</p>

<p>Chris N and Cream Comp out to scope out cooler cleaniing</p>

<p>Hodgsons out to prep their track hoe for the bearm repairs</p>

<p>Vermilion line was presured up, lowered V-101 back presure to the MP header from 1200 to 1000kpa</p>

<p>found v-103 cutting back on high level.</p>

<p>&nbsp; -Pumped methanol into dump line, did not help.</p>

<p>&nbsp; -determined that there is a blockage at the level control valve.</p>

<p>&nbsp; -Could not get the block valves to hold to pull the level control.</p>

<p>&nbsp; -Called Rob to book him to bleed down the sep to his truck, he is trying to find out if he can come in on the road bans</p>

<p>&nbsp; - worked on the JHID for removing the level control valve</p>

<p>&nbsp; - lowered the inlet and back pressure on V-103 as it seamed to dump better with lower pressure</p>

<p>C3 2 speed fan on fast, single speed fan off</p>

<p>&nbsp;</p>

<p>&nbsp;</p>

<p>&nbsp;</p>
