$@MID@$: 5153
Date: Sun, 02 Apr 2023 16:13:26 -0600
Author: Blaine Harris
Shift: Day Shift
Operators: Blaine H | Brad T
Shift Handover Meeting: Romeo T | Pat B
Start of Shift Meeting: 
Plant Status: Steady
Equipment Outage: 
Filter Change: 
Pigging: 
Recycle Pumps: Production
Production Tank Level: 3.51
Amine Concentration: 
Roustabout Utilization: 
Berm Water Samples Taken: No
Plant Process Discussion: Yes
Operational Targets: N/A
Overrides or Safeties Bypassed: N/A
Upcoming Activities: N/A
HSE Concerns: N/A
Regulatory Requirements: N/A
Staff Discussion: N/A
Weather & Effects on Operations: No
Permit Extensions/Critical Tasks: N/A
Attachment: 
Encoding: HTML
========================================
<p>Weather -1 in the am warming to +5</p>

<p>Production tank level was 3.51 and confirmed with temp gun</p>

<p>Dumped the de-eth overheads suction scrubber.</p>

<p>Dumped F-3102, V-3000, V-3050</p>

<p>Finished the weekend checks</p>

<p>Added barrier fluid to V-200 pump</p>

<p>Work on glycol still colume and boot valve replacement work packages.</p>

<p>Checked on the acid well downhole esd, did not have to add oil. Nytrogen pressures was 12,500kpa and the control output pressure was 19,000kpa</p>
$@MID@$: 5154
Date: Sun, 02 Apr 2023 22:54:31 -0600
Author: Pat Brown
Shift: Night Shift
Operators: Romeo T | Pat B
Shift Handover Meeting: Blaine H | Travis B
Start of Shift Meeting: 
Plant Status: Steady
Equipment Outage: 
Filter Change: Treater Exchanger Basket
Pigging: 
Recycle Pumps: Production
Production Tank Level: 3.37
Amine Concentration: 
Roustabout Utilization: 
Berm Water Samples Taken: No
Plant Process Discussion: Yes
Operational Targets: Yes
Overrides or Safeties Bypassed: N/A
Upcoming Activities: Yes
HSE Concerns: Yes
Regulatory Requirements: Yes
Staff Discussion: Yes
Weather & Effects on Operations: No
Permit Extensions/Critical Tasks: N/A
Attachment: 
Encoding: HTML
========================================
<p>weather was clear and lows of -6</p>

<p>Tank level was 3.40 and confirmed with a temp gun</p>

<p>No security issues at the braz north site</p>

<p>Drain the inlet coalescer both ends</p>

<p>Pull treater exchanger basket</p>

<p>&nbsp;</p>
