$@MID@$: 5150
Date: Sat, 01 Apr 2023 16:15:01 -0600
Author: Blaine Harris
Shift: Day Shift
Operators: Blaine H | Brad T
Shift Handover Meeting: Romeo T | Pat B
Start of Shift Meeting: 
Plant Status: Steady
Equipment Outage: 
Filter Change: 
Pigging: 
Recycle Pumps: Production
Production Tank Level: 3.6
Amine Concentration: 38
Roustabout Utilization: 
Berm Water Samples Taken: No
Plant Process Discussion: Yes
Operational Targets: N/A
Overrides or Safeties Bypassed: N/A
Upcoming Activities: N/A
HSE Concerns: N/A
Regulatory Requirements: N/A
Staff Discussion: N/A
Weather & Effects on Operations: No
Permit Extensions/Critical Tasks: N/A
Attachment: 
Encoding: HTML
========================================
<p>Weathe -1 in the morning warming to +11 in the afternoon</p>

<p>Production tank level at 0800 was 3.6, comfirmed with temp gun</p>

<p>Changed out the valve</p>

<p>Amine concentratopm 38%</p>

<p>Mark pigged the Wolf Creek line, no issues</p>

<p>Worked on weekend safety checks</p>

<p>Started the c3 single speed fan and shut off the 2 speed fan</p>

<p>Opened up louvers and tarps a little on the amine trim cooler</p>

<p>Dumped F-3102, V-3000 and V-3050</p>

<p>Reset the water plant several times to pump down the level.</p>
$@MID@$: 5151
Date: Sat, 01 Apr 2023 23:38:26 -0600
Author: Pat Brown
Shift: Night Shift
Operators: Romeo T | Pat B
Shift Handover Meeting: Blaine H | Brad T
Start of Shift Meeting: 
Plant Status: Steady
Equipment Outage: 
Filter Change: 
Pigging: 
Recycle Pumps: Production
Production Tank Level: 3.58
Amine Concentration: 
Roustabout Utilization: 
Berm Water Samples Taken: No
Plant Process Discussion: Yes
Operational Targets: Yes
Overrides or Safeties Bypassed: N/A
Upcoming Activities: Yes
HSE Concerns: Yes
Regulatory Requirements: Yes
Staff Discussion: Yes
Weather & Effects on Operations: No
Permit Extensions/Critical Tasks: N/A
Attachment: 
Encoding: HTML
========================================
<p>Weather was cool and snowing</p>

<p>tank level was 3.58 and confirmed with a temp gun</p>

<p>switch the C3 fan single speed to slow speed on the 2 speed fan</p>

<p>Drain the inlet coalescer both ends</p>

<p>Drain the acid gas packing vent tank P-5050</p>
