$@MID@$: 5177
Date: Fri, 14 Apr 2023 15:23:46 -0600
Author: Pat Brown
Shift: Day Shift
Operators: Pat B | Brad T
Shift Handover Meeting: Blaine H | Jeff B
Start of Shift Meeting: 
Plant Status: Steady
Equipment Outage: 
Filter Change: 
Pigging: 
Recycle Pumps: Production
Production Tank Level: 2.95
Amine Concentration: 
Roustabout Utilization: 
Berm Water Samples Taken: No
Plant Process Discussion: Yes
Operational Targets: Yes
Overrides or Safeties Bypassed: N/A
Upcoming Activities: Yes
HSE Concerns: Yes
Regulatory Requirements: Yes
Staff Discussion: Yes
Weather & Effects on Operations: No
Permit Extensions/Critical Tasks: N/A
Attachment: 
Encoding: HTML
========================================
<p>Weather was wet and cold</p>

<p>Tank level was 2.95 and confirmed with a temp gun</p>

<p>Chris page was here to fill the day tanks and they also delivered some oil drums , they took about 10 empty drums with them</p>

<p>Pembina pipeline here to prove their meter</p>

<p>Hi flow here to prove the keylink pump</p>

<p>Mark here checking the MCC for hot spots and other things that need to be addressed at the shut down</p>

<p>Blow down both ends of the inlet coalescer</p>

<p>Skim the amine charcoal filter pot</p>

<p>Clayton was working on the P-3401 the NGL pump,</p>

<p>Lindale trucking hauling Zeta creek water</p>

<p>Still haven&#39;t gotten a email from element about our surface water test</p>
$@MID@$: 5178
Date: Fri, 14 Apr 2023 23:02:28 -0600
Author: Blaine Harris
Shift: Night Shift
Operators: Blaine H | Jeff B
Shift Handover Meeting: Pat B | Brad T
Start of Shift Meeting: 
Plant Status: Steady
Equipment Outage: 
Filter Change: 
Pigging: 
Recycle Pumps: Production
Production Tank Level: 3.56
Amine Concentration: 
Roustabout Utilization: 
Berm Water Samples Taken: No
Plant Process Discussion: Yes
Operational Targets: N/A
Overrides or Safeties Bypassed: N/A
Upcoming Activities: N/A
HSE Concerns: N/A
Regulatory Requirements: N/A
Staff Discussion: N/A
Weather & Effects on Operations: No
Permit Extensions/Critical Tasks: N/A
Attachment: 
Encoding: HTML
========================================
<p>Weather sunny +9 cooling down to -3 overnight</p>

<p>The production tank level was 3.56, confirmed with temperature.</p>

<p>There was no security issues at Braz N</p>

<p>Rob Thirsk hauled in 3 loads of Zeta produced water and he also emptied out the floor drains and barrel containment in process.</p>

<p>Had to reset the water plant several times when it went down on high discharge pressure.</p>

<p>Added oil to the amine charge pump crankcase</p>

<p>&nbsp;</p>
