$@MID@$: 5190
Date: Thu, 20 Apr 2023 04:33:50 -0600
Author: Ryan Gilgan
Shift: Night Shift
Operators: Ryan G | Jeff B
Shift Handover Meeting: Kevin N | Travis B
Start of Shift Meeting: 
Plant Status: Steady
Equipment Outage: 
Filter Change: 
Pigging: 
Recycle Pumps: Production
Production Tank Level: 3.3M 
Amine Concentration: 
Roustabout Utilization: 
Berm Water Samples Taken: No
Plant Process Discussion: Yes
Operational Targets: N/A
Overrides or Safeties Bypassed: N/A
Upcoming Activities: N/A
HSE Concerns: N/A
Regulatory Requirements: N/A
Staff Discussion: N/A
Weather & Effects on Operations: No
Permit Extensions/Critical Tasks: N/A
Attachment: 
Encoding: HTML
========================================
<p>Weather: +12 at the start of shift cooling to -2 in the morning</p>

<p>No security issues noted for Braz North</p>

<p>Worked on acid gas well SSV replacement package.</p>

<p>C3 2 speed fan shut off.</p>

<p>Verified tank level</p>

<p>Drain De Eth overhead scrubber.</p>

<p>&nbsp;</p>

<p>&nbsp;</p>

<p>&nbsp;</p>

<p>&nbsp;</p>

<p>&nbsp;</p>

<p>&nbsp;</p>
$@MID@$: 5191
Date: Thu, 20 Apr 2023 16:37:47 -0600
Author: Travis Beuker
Shift: Day Shift
Operators: Kevin N | Travis B
Shift Handover Meeting: Ryan G | Kyle S
Start of Shift Meeting: Daren F | Devin N | Nathan P | Chris N | Clayton S | Chris C
Plant Status: Steady
Equipment Outage: 
Filter Change: 
Pigging: 
Recycle Pumps: Production
Production Tank Level: 3.3 at 07:00 verified with temp gun
Amine Concentration: 
Roustabout Utilization: 
Berm Water Samples Taken: No
Plant Process Discussion: N/A
Operational Targets: N/A
Overrides or Safeties Bypassed: N/A
Upcoming Activities: N/A
HSE Concerns: N/A
Regulatory Requirements: N/A
Staff Discussion: N/A
Weather & Effects on Operations: No
Permit Extensions/Critical Tasks: N/A
Attachment: 
Encoding: HTML
========================================
<p>Weather was 0 to 10 C</p>

<p>Shut down prep</p>

<p>Tri-energy scaffolders mantled scaffolding for coolers</p>

<p>Took&nbsp;gas samples around the plant under air for H2S Treater- 30 PPM, Boot- 53 PPM, Inlet to amine- 3 PPM, WPNE- 10 PPM, Wolf Creek- 0.5 PPM</p>

<p>Added 4L of oil to the acid gas subsurface ESD&nbsp;</p>

<p>Bypass control form and spark watch for Alan welding for shut down prep</p>

<p>Walked down lube oil tank LOTO</p>

<p>Increased recycle pump rate to try to sweeten and clean it up a bit</p>

<p>Ordered propane</p>

<p>Ordered R.O. water</p>

<p>Called recycle West to come out tomorrow</p>

<p>Vermillion shut in for a while to clean sand seperator</p>

<p>BV Labs will be out Monday for keylink sample&nbsp;</p>
