$@MID@$: 5167
Date: Sun, 09 Apr 2023 16:41:40 -0600
Author: Travis Beuker
Shift: Day Shift
Operators: Ryan G | Travis B
Shift Handover Meeting: Blaine H | Bryan N
Start of Shift Meeting: 
Plant Status: Steady
Equipment Outage: 
Filter Change: Water Plant
Pigging: 
Recycle Pumps: Production
Production Tank Level: 3.8 at 07:00 verified with temp gun
Amine Concentration: 
Roustabout Utilization: 
Berm Water Samples Taken: No
Plant Process Discussion: N/A
Operational Targets: N/A
Overrides or Safeties Bypassed: N/A
Upcoming Activities: N/A
HSE Concerns: N/A
Regulatory Requirements: N/A
Staff Discussion: N/A
Weather & Effects on Operations: Yes
Permit Extensions/Critical Tasks: N/A
Attachment: 
Encoding: HTML
========================================
<p>Weather was -1 to 10&nbsp;C</p>

<p>Checked acid gas ESD&#39;s and pumped up subsurface</p>

<p>Took water berm water samples</p>

<p>Changed water filters with LOTO</p>

<p>Worked on package for redirecting vermillion gas to the splitter line</p>

<p>Shut down prep</p>

<p>Turned down C3 fan to slow</p>

<p>Spring cleaning under snow melt</p>

<p>K-204 high oil temp came in at 16:40</p>
$@MID@$: 5168
Date: Sun, 09 Apr 2023 22:45:03 -0600
Author: Blaine Harris
Shift: Night Shift
Operators: Blaine H | Bryan N
Shift Handover Meeting: Ryan G | Travis B
Start of Shift Meeting: 
Plant Status: Steady
Equipment Outage: 
Filter Change: 
Pigging: 
Recycle Pumps: 
Production Tank Level: 3.74
Amine Concentration: 
Roustabout Utilization: 
Berm Water Samples Taken: No
Plant Process Discussion: Yes
Operational Targets: N/A
Overrides or Safeties Bypassed: N/A
Upcoming Activities: N/A
HSE Concerns: N/A
Regulatory Requirements: N/A
Staff Discussion: N/A
Weather & Effects on Operations: No
Permit Extensions/Critical Tasks: N/A
Attachment: 
Encoding: HTML
========================================
<p><strong>Weather mild +19 at the start of shift cooling down to +2</strong></p>

<p>The production tank level 3.74, confirmed with temp gun</p>

<p>There was no security issues at Braz N</p>

<p>Shut off the hot oil to the heat coil in the amine packing drip tank</p>

<p>Shut off some overhead heaters in the amine plant</p>

<p>Skimmed the charcoal filter, very little oil</p>

<p>Opened up louvers on K-202 cooler</p>

<p>Dumped F-3102, V-3050, V-3000</p>

<p>Increased the debute cooler fan speed to 70% from 40%</p>

<p>&nbsp;</p>
