$@MID@$: 5202
Date: Tue, 25 Apr 2023 04:51:38 -0600
Author: Ryan Gilgan
Shift: Night Shift
Operators: Ryan G | Kyle S
Shift Handover Meeting: Blaine H | Kevin N | Pat B | Travis B | Brad T | Chris P (Contractor)
Start of Shift Meeting: 
Plant Status: Process Upset | Lost Compressor(s) | ESD | Flaring Event
Equipment Outage: K-201 | K-202 | K-203 | K-204 | K-205 | K-206 | K-208 | K-5000 | C3-A | C3-B | H-400 | Amine | Glycol | Battery | Water Plant | Acid Gas Well | Lean Oil
Filter Change: 
Pigging: 
Recycle Pumps: Production
Production Tank Level: 3.8m
Amine Concentration: 
Roustabout Utilization: 
Berm Water Samples Taken: No
Plant Process Discussion: Yes
Operational Targets: N/A
Overrides or Safeties Bypassed: N/A
Upcoming Activities: N/A
HSE Concerns: N/A
Regulatory Requirements: N/A
Staff Discussion: Yes
Weather & Effects on Operations: No
Permit Extensions/Critical Tasks: N/A
Attachment: 
Encoding: HTML
========================================
<p>Weather:&nbsp; +10 at the start of shift cooling to freezing</p>

<p>LOTO and injecteted 3m3 of methanol down flow line</p>

<p>Used oil tank finished cleaning left around 7pm</p>

<p>Mechanics finished up for the day let around 7pm</p>

<p>Vermilion going to Zeta around 8pm.</p>

<p>Called PPL they lowered our level down to normal shut down level 2.9m.&nbsp; They said we need to contact their scheduler to get it lowered even more?</p>

<p>&nbsp;</p>

<p>&nbsp;</p>

<p>&nbsp;</p>
$@MID@$: 5203
Date: Tue, 25 Apr 2023 11:19:19 -0600
Author: Blaine Harris
Shift: Day Shift
Operators: Blaine H | Kevin N | Pat B | Travis B | Brad T | Chris P (Contractor)
Shift Handover Meeting: Ryan G | Kyle S
Start of Shift Meeting: 
Plant Status: Process Upset
Equipment Outage: 
Filter Change: 
Pigging: 
Recycle Pumps: 
Production Tank Level: 2.0
Amine Concentration: 
Roustabout Utilization: 
Berm Water Samples Taken: No
Plant Process Discussion: Yes
Operational Targets: N/A
Overrides or Safeties Bypassed: N/A
Upcoming Activities: N/A
HSE Concerns: N/A
Regulatory Requirements: N/A
Staff Discussion: N/A
Weather & Effects on Operations: No
Permit Extensions/Critical Tasks: N/A
Attachment: 
Encoding: HTML
========================================
<p>Weather cloudy in the morning +2 warning to +10 in the afternoon</p>

<p>Plant still down for outtage.</p>

<p>Morning safety brief,</p>

<p>Mechanic crew woring on C3b overhaul</p>

<p>Mechanics and Hayduk picker service installed the new cooler bundle to K-206 cooler. Continues on with head swing</p>

<p>Romoved the acid gas coriolis meter and Chris Cartwright took to town.</p>

<p><strong>Chad handed the acid gas well over to Dale Knopps to work on the acid gas down hole esd. Contact number for Dale is 1-403-502-1945</strong></p>

<p>Cream Compression worked on K-203, K204 cooler cleaning.</p>

<p>Sure Point worked on the emergency generator install.</p>

<p>Loaded oil with tank truck and filled the flare knockout to&nbsp; test the alarms and shutdown, the high level rang in at 3.96 FT and the high high rang in at 4.39 FT</p>

<p>Boot valves got changed out</p>

<p>Devin and Hayduk picker service worked on the production tank level transmitter</p>

<p>&nbsp;</p>

<p>&nbsp;</p>

<p>&nbsp;</p>
