$@MID@$: 5224
Date: Fri, 26 May 2023 17:09:50 -0600
Author: Blaine Harris
Shift: Day Shift
Operators: Blaine H | Brad T
Shift Handover Meeting: Romeo T | Pat B
Start of Shift Meeting: 
Plant Status: 
Equipment Outage: 
Filter Change: 
Pigging: 
Recycle Pumps: Overflow
Production Tank Level: 3.4
Amine Concentration: 
Roustabout Utilization: 
Berm Water Samples Taken: No
Plant Process Discussion: Yes
Operational Targets: N/A
Overrides or Safeties Bypassed: N/A
Upcoming Activities: N/A
HSE Concerns: N/A
Regulatory Requirements: N/A
Staff Discussion: N/A
Weather & Effects on Operations: No
Permit Extensions/Critical Tasks: N/A
Attachment: 
Encoding: HTML
========================================
<p>Weather sunny and warm</p>

<p>Checked plant camera&#39;s thoughout the day looking for hot spots</p>

<p>Checked on plant inlets to make sure they were still blocked in.</p>

<p>Opened up esdy7110 at 7-11 to pressure up the Ratcreek sales line</p>

<p>Pressured up the fuel gas system.</p>

<p>Purged 1000m3 of fuel gas to flare from all areas of the plant to purge the flare system.</p>

<p>Lit the flare stack</p>

<p>Reset the modes 1,2,3</p>

<p>Started the recycle b pump from production tank to treater to fill the treater to satisfy low level shutdown.</p>

<p>Started the treater</p>

<p>When the treater was up to temp we swung the recycle back into the truck offload tank</p>

<p>Q</p>
