$@MID@$: 5221
Date: Tue, 23 May 2023 08:43:11 -0600
Author: Blaine Harris
Shift: Day Shift
Operators: Blaine H
Shift Handover Meeting: Travis B
Start of Shift Meeting: 
Plant Status: Process Upset
Equipment Outage: 
Filter Change: 
Pigging: 
Recycle Pumps: 
Production Tank Level: 1
Amine Concentration: 
Roustabout Utilization: 
Berm Water Samples Taken: No
Plant Process Discussion: Yes
Operational Targets: N/A
Overrides or Safeties Bypassed: N/A
Upcoming Activities: N/A
HSE Concerns: N/A
Regulatory Requirements: N/A
Staff Discussion: N/A
Weather & Effects on Operations: No
Permit Extensions/Critical Tasks: N/A
Attachment: 
Encoding: HTML
========================================
<p>Weather rainy</p>

<p>Plant has been shut in since the evening of May 4th due to Wild Fires in the area and around the facility. Plant is still down waiting for Forestry and ADR approval.</p>

<p>Monitored cameras around the plant every half hour checking for fires.</p>

<p>Darren worked on DCS issues</p>

<p>Western Solutions out to pick up the truck and air mover</p>

<p>No issues with fires around the plant.</p>

<p>Took lpg hoses into town to get inspected</p>

<p>&nbsp;</p>
