$@MID@$: 5265
Date: Thu, 15 Jun 2023 04:41:38 -0600
Author: Ryan Gilgan
Shift: Night Shift
Operators: Ryan G | Jeff B
Shift Handover Meeting: Kevin N | Travis B
Start of Shift Meeting: 
Plant Status: Steady
Equipment Outage: 
Filter Change: 
Pigging: 
Recycle Pumps: Production
Production Tank Level: 3.4
Amine Concentration: 
Roustabout Utilization: 
Berm Water Samples Taken: No
Plant Process Discussion: Yes
Operational Targets: N/A
Overrides or Safeties Bypassed: N/A
Upcoming Activities: N/A
HSE Concerns: N/A
Regulatory Requirements: N/A
Staff Discussion: N/A
Weather & Effects on Operations: No
Permit Extensions/Critical Tasks: N/A
Attachment: 
Encoding: HTML
========================================
<p>Weather:&nbsp; 10 degrees at the start of shift, rain.&nbsp; Morning overcast, light smoke 9 degrees.</p>

<p>Put the fire fighting pump in the maitenance shop.&nbsp; Have Clayton look over it before start up.</p>

<p>Drained De Eth overhead scrubber</p>

<p>2 loads of LPG hauled out.</p>
$@MID@$: 5266
Date: Thu, 15 Jun 2023 16:33:32 -0600
Author: Kevin Nicol
Shift: Day Shift
Operators: Kevin N | Travis B
Shift Handover Meeting: Ryan G | Kyle S
Start of Shift Meeting: 
Plant Status: Steady
Equipment Outage: 
Filter Change: 
Pigging: 
Recycle Pumps: Overflow
Production Tank Level: 3.08
Amine Concentration: 
Roustabout Utilization: 
Berm Water Samples Taken: No
Plant Process Discussion: Yes
Operational Targets: N/A
Overrides or Safeties Bypassed: N/A
Upcoming Activities: N/A
HSE Concerns: N/A
Regulatory Requirements: N/A
Staff Discussion: N/A
Weather & Effects on Operations: Yes
Permit Extensions/Critical Tasks: N/A
Attachment: 
Encoding: HTML
========================================
<p>production tank 3.08, checked</p>

<p>added C#south tank at 90%, north tank at25%</p>

<p>Chris N repaired both flare KO pumps</p>

<p>NW hauled a load of LPG</p>

<p>water well workover may start this saterday, need to get Zeta levels down tommorow Rob is busy</p>

<p>Chris plat working on procedures</p>

<p>Chris N test ran the fire fighting pump</p>

<p>Travis set up the fire pump and hoses at the water tank by flare</p>

<p>Paradice hauled in a load of Westbrick oil</p>

<p>recycle pump down, restarted</p>
