$@MID@$: 5252
Date: Fri, 09 Jun 2023 00:32:22 -0600
Author: Blaine Harris
Shift: Night Shift
Operators: Blaine H | Jeff B
Shift Handover Meeting: Pat B | Brad T
Start of Shift Meeting: 
Plant Status: Steady
Equipment Outage: 
Filter Change: 
Pigging: 
Recycle Pumps: Production
Production Tank Level: 3.51
Amine Concentration: 
Roustabout Utilization: 
Berm Water Samples Taken: No
Plant Process Discussion: Yes
Operational Targets: N/A
Overrides or Safeties Bypassed: N/A
Upcoming Activities: N/A
HSE Concerns: N/A
Regulatory Requirements: N/A
Staff Discussion: N/A
Weather & Effects on Operations: No
Permit Extensions/Critical Tasks: N/A
Attachment: 
Encoding: HTML
========================================
<p>Weather at start of shift hot +30 wind blowing out of the east.</p>

<p>Took a quick drive at the start of shift to where the fire was burning yesterday west of the plant. Found no smoke or evidence of any fire were it was yesterday.</p>

<p>18:00 smokey to the north west of the plant and active fires burning west of Zeta Creek</p>

<p>Tykan delivered 2 loads of water to fill 400bbl tank by the acid gas compressor.</p>

<p>20:00 No change to the north of the plant as far as smoke, still fires buring west of Zeta but not getting any closer.</p>

<p>22:00 Smoke lessening north of Pemb North and Zeta showing less signs of fire, still smoking.</p>

<p>22:00 North West started loading NGL</p>

<p>Sped all compression back up</p>

<p>02:00 North West finished loading NGL</p>

<p>From midnight to 05:00 there was no change in the smoke or any fire sighting either at Pemb North or Zeta</p>

<p>There was no security issues at Braz North</p>

<p>V-107 gas off meter differential ringing in on high, cut back the inlet control set point to 770 from 800 and the back pressure control from 800 to 765</p>

<p>&nbsp;</p>
$@MID@$: 5253
Date: Fri, 09 Jun 2023 14:55:48 -0600
Author: Pat Brown
Shift: Day Shift
Operators: Pat B | Brad T
Shift Handover Meeting: Blaine H | Jeff B
Start of Shift Meeting: 
Plant Status: Steady
Equipment Outage: 
Filter Change: 
Pigging: 
Recycle Pumps: Overflow
Production Tank Level: 3.76
Amine Concentration: 
Roustabout Utilization: 
Berm Water Samples Taken: No
Plant Process Discussion: Yes
Operational Targets: Yes
Overrides or Safeties Bypassed: N/A
Upcoming Activities: Yes
HSE Concerns: Yes
Regulatory Requirements: Yes
Staff Discussion: Yes
Weather & Effects on Operations: Yes
Permit Extensions/Critical Tasks: N/A
Attachment: 
Encoding: HTML
========================================
<p>Weather was warm and windy , the wind coming from the south east</p>

<p>Vermilion operations stopped by to check their pipeline outside the fence</p>

<p>Contacted Northwest truck lines we have a higher level in the bullet and i asked for three trucks today</p>

<p>Rigged up the trash pump to the 400 barrel water tank</p>

<p>Wolf creek line was pigged today , pulled one blue pig from the barrel and now have 5 in the wax bin</p>

<p>Pulled the WPNE pig this morning</p>

<p>Paradise trucking hauled in a load of westbrick oil</p>

<p>Vermilion started a bigger well responsible for 170e3m3</p>

<p>First northwest truck was here at 11:15 and took until 2:45 to load</p>

<p>Slowed down compression k-206@ 800rpm , K-205@700rpm&nbsp; , K-204@692rpm&nbsp; K-203@624rpm , K202@648rpm</p>

<p>Chocked back the producers to 70% on our inlets as we got too hot and were losing compression K-202 went down once on high JW temp.</p>

<p>Cleaned screens on compression and C3 condensor.</p>

<p>Dump inlet coalescer.</p>

<p><strong>Wild fire updates </strong></p>

<p>We started to see some fires flare up around lunch time ,most are to the west of the facilitys and the wind is coming from the south east</p>

<p>there has been several pop up through the afternoon and getting closer to Zeta creek</p>
