$@MID@$: 5256
Date: Sun, 11 Jun 2023 00:53:08 -0600
Author: Blaine Harris
Shift: Night Shift
Operators: Blaine H | Jeff B
Shift Handover Meeting: Pat B | Travis B
Start of Shift Meeting: 
Plant Status: Steady
Equipment Outage: 
Filter Change: 
Pigging: 
Recycle Pumps: Production
Production Tank Level: 3.2
Amine Concentration: 
Roustabout Utilization: 
Berm Water Samples Taken: No
Plant Process Discussion: Yes
Operational Targets: N/A
Overrides or Safeties Bypassed: N/A
Upcoming Activities: N/A
HSE Concerns: N/A
Regulatory Requirements: N/A
Staff Discussion: N/A
Weather & Effects on Operations: No
Permit Extensions/Critical Tasks: N/A
Attachment: 
Encoding: HTML
========================================
<p>Weather sunny,windy from the south east.</p>

<p>18:30 Teams meeting about the surrounding fires, it was discussed that if the air quality gets to bad because of smoke that Zeta and Pembina North are to evacuate to Cynthia plant.</p>

<p>19:00 big smoke to the north of Pemb North and acitive fires south of Braz North.</p>

<p>21:00 The wind changed to out of the west and smoke started to roll in. Monitored with personal monitors for CO2. All good</p>

<p>22:00 NorthWest started loading NGL</p>

<p>Sped up all compressors and opened back up the inlets that were cut back in the heat of the day.</p>

<p>23:00 Noticed fire South of Braz North getting bigger, Nothing on cameras north of plant or west of Zeta Creek</p>

<p>24:00 Called Mark to infor him of the fire by Braz and that it was possibe Keyera&#39;s header could be effected.</p>

<p>02:00 The fire at Braz North lessoned a whole lot, it was almost unnoticeable on the camera.</p>

<p>Kept monitoring cameras for the remainder of the night, there was no change just lots of smoke.</p>
$@MID@$: 5257
Date: Sun, 11 Jun 2023 15:46:48 -0600
Author: Pat Brown
Shift: Day Shift
Operators: Pat B | Travis B
Shift Handover Meeting: Blaine H | Jeff B
Start of Shift Meeting: 
Plant Status: Steady
Equipment Outage: 
Filter Change: 
Pigging: 
Recycle Pumps: 
Production Tank Level: 2.90
Amine Concentration: 
Roustabout Utilization: 
Berm Water Samples Taken: No
Plant Process Discussion: Yes
Operational Targets: Yes
Overrides or Safeties Bypassed: N/A
Upcoming Activities: Yes
HSE Concerns: Yes
Regulatory Requirements: Yes
Staff Discussion: Yes
Weather & Effects on Operations: No
Permit Extensions/Critical Tasks: N/A
Attachment: 
Encoding: HTML
========================================
<p>Weather was warm highs of 23 with light wind</p>

<p>Northwest tank lines were here pulling a load of NGL. The second truck broke down so there won&#39;t be a truck here until 5am</p>

<p>Rob hauled Zeta creek water , he moved 63m3</p>

<p>Travis completed monthly check</p>

<p>WO (6073997) the runtime hour on K-205 is not moving</p>

<p>Postive observation entered for the northwest driver (33066)</p>

<p>Filled some erosion ditches in around the facility and spread a little gravel on the washboards at the gate</p>

<p>Clean the fuzz off the front of the compressor coolers</p>

<p><strong>Wildfire update </strong></p>

<p>Today was better than the last few for local fires ,didn&#39;t see any flare up around the plants</p>

<p>there was a fair bit of smoke in the morning but cleared off by 10am</p>
