$@MID@$: 5354
Date: Sat, 29 Jul 2023 04:41:31 -0600
Author: Kevin Nicol
Shift: Night Shift
Operators: Kevin N | Bryan N
Shift Handover Meeting: Ryan G | Travis B
Start of Shift Meeting: 
Plant Status: Steady
Equipment Outage: 
Filter Change: 
Pigging: 
Recycle Pumps: Production
Production Tank Level: 3.72, checked
Amine Concentration: 
Roustabout Utilization: 
Berm Water Samples Taken: No
Plant Process Discussion: Yes
Operational Targets: N/A
Overrides or Safeties Bypassed: N/A
Upcoming Activities: N/A
HSE Concerns: N/A
Regulatory Requirements: N/A
Staff Discussion: N/A
Weather & Effects on Operations: Yes
Permit Extensions/Critical Tasks: N/A
Attachment: 
Encoding: HTML
========================================
<p>production tank, 3.72, checked</p>

<p>added C3, south tank at 50% north at 80%</p>

<p>tightened the EG pump packing</p>

<p>drained F-3102</p>
$@MID@$: 5355
Date: Sat, 29 Jul 2023 16:57:01 -0600
Author: Ryan Gilgan
Shift: Day Shift
Operators: Ryan G | Travis B
Shift Handover Meeting: Kevin N | Bryan N
Start of Shift Meeting: 
Plant Status: Steady
Equipment Outage: 
Filter Change: 
Pigging: 
Recycle Pumps: Production
Production Tank Level: 3.52
Amine Concentration: 
Roustabout Utilization: 
Berm Water Samples Taken: No
Plant Process Discussion: Yes
Operational Targets: N/A
Overrides or Safeties Bypassed: N/A
Upcoming Activities: N/A
HSE Concerns: N/A
Regulatory Requirements: N/A
Staff Discussion: N/A
Weather & Effects on Operations: No
Permit Extensions/Critical Tasks: N/A
Attachment: 
Encoding: HTML
========================================
<p>Weather: 6 degrees in the morning warming to 22 in the afternoon</p>

<p>Worked on Amine process drawings</p>

<p>Weekend checks</p>

<p>Staining clean up around the facility</p>

<p>Slowed down K-203 due to high comp oil temp.&nbsp;</p>

<p>&nbsp;</p>

<p>&nbsp;</p>
