$@MID@$: 5319
Date: Wed, 12 Jul 2023 04:22:10 -0600
Author: Ryan Gilgan
Shift: Night Shift
Operators: Ryan G | Kyle S
Shift Handover Meeting: Kevin N | Pat B
Start of Shift Meeting: 
Plant Status: Lost Compressor(s)
Equipment Outage: C3-B
Filter Change: 
Pigging: 
Recycle Pumps: Overflow
Production Tank Level: 3.38
Amine Concentration: 
Roustabout Utilization: 
Berm Water Samples Taken: No
Plant Process Discussion: Yes
Operational Targets: N/A
Overrides or Safeties Bypassed: N/A
Upcoming Activities: N/A
HSE Concerns: N/A
Regulatory Requirements: N/A
Staff Discussion: N/A
Weather & Effects on Operations: No
Permit Extensions/Critical Tasks: N/A
Attachment: 
Encoding: HTML
========================================
<p>Weather:&nbsp; 24 at the start of shift cooling to 14 in the morning</p>

<p>Lost the C3 comp 2x on south low lube flow.&nbsp; Power was locked out for 1 hour.&nbsp; Called Clayton to come check it out.&nbsp; Adjusted and checked connections on DNFT switch.WO # 5063672.&nbsp; Started and stayed running the rest of the night</p>

<p>Fire eye in LPG faulted.&nbsp; Called out Nathan to repair.&nbsp; Reset the fire eye and was good all night.&nbsp; WO# 5063673</p>

<p>Filled out safety bypass form for fire eye for repairs to be made.</p>

<p>Put C3 2 speed fan on slow.</p>

<p>No security issues noted for Braz.</p>

<p>&nbsp;</p>
$@MID@$: 5320
Date: Wed, 12 Jul 2023 16:30:33 -0600
Author: Kevin Nicol
Shift: Day Shift
Operators: Kevin N | Brad T
Shift Handover Meeting: Ryan G | Kyle S
Start of Shift Meeting: 
Plant Status: Steady | Lost Compressor(s)
Equipment Outage: C3-B
Filter Change: 
Pigging: 14-03
Recycle Pumps: Production
Production Tank Level: 4.05, checked
Amine Concentration: 
Roustabout Utilization: 
Berm Water Samples Taken: No
Plant Process Discussion: Yes
Operational Targets: N/A
Overrides or Safeties Bypassed: N/A
Upcoming Activities: N/A
HSE Concerns: N/A
Regulatory Requirements: N/A
Staff Discussion: N/A
Weather & Effects on Operations: Yes
Permit Extensions/Critical Tasks: N/A
Attachment: 
Encoding: HTML
========================================
<p>K204 off for service, Clayton and Appex</p>

<p>Tr-Energy out to install scaffolding in process for pipe bracket repairs</p>

<p>Caproco pulled corrosion coupons</p>

<p>Nathan working on the MCC HVAC, tripped the breaker for the HVAC and that knocked down BC3</p>

<p>C3 fan to fast</p>

<p>Chad pigged wolf creek, he will pull the pig tommorow</p>

<p>Cathodic is back off for&nbsp; a few more days as Cathodic solutions works on the system</p>

<p>Pembina says our vapor pressure is to high, swung the recycle to the production tank and increased the recycle rate to try and bring down the vapor pressure, BV labs will be out Monday and take a sales oil sample</p>

<p>Paradise hauled in a load of Westbrick oil</p>

<p>called Pembina to start pumps</p>

<p>3501A instrument air comp is not keeping up intstument air pressure, Clayton and Chris N repaired a tubing leak but it is still not full pressure SR # 6075960, contacting Chamco to service</p>

<p>3501C instument air comp needs a new coupler, SR# 6075961, will be repaired tommorow when the coupler is delivered, breaker locked out</p>

<p>K203 off for service</p>

<p>SR# 6075995 submitted to repair oil leak on k203 oil pressure switch</p>

<p>SR# 6075996 submitted to repair coolet leak on K203 pressure switch</p>

<p>SR# 6075997 submitted to repair oil leak on K205 filter pot</p>

<p>&nbsp;</p>

<p>&nbsp;</p>

<p>&nbsp;</p>
