$@MID@$: 5358
Date: Mon, 31 Jul 2023 04:38:23 -0600
Author: Kevin Nicol
Shift: Night Shift
Operators: Kevin N | Bryan N
Shift Handover Meeting: Ryan G | Travis B
Start of Shift Meeting: 
Plant Status: Steady
Equipment Outage: H-400 | Water Plant
Filter Change: 
Pigging: 
Recycle Pumps: Production
Production Tank Level: 3.72, checked
Amine Concentration: 
Roustabout Utilization: 
Berm Water Samples Taken: No
Plant Process Discussion: Yes
Operational Targets: N/A
Overrides or Safeties Bypassed: N/A
Upcoming Activities: N/A
HSE Concerns: N/A
Regulatory Requirements: N/A
Staff Discussion: N/A
Weather & Effects on Operations: Yes
Permit Extensions/Critical Tasks: N/A
Attachment: 
Encoding: HTML
========================================
<p>production tank level 3,72, checked</p>

<p>power bump, lost the hot oil heater and the H2O plant</p>

<p>slowed down K201</p>

<p>blew down the treater back sightglass</p>

<p>shut off the 2 speed C3 fan</p>
$@MID@$: 5359
Date: Mon, 31 Jul 2023 16:31:58 -0600
Author: Ryan Gilgan
Shift: Day Shift
Operators: Ryan G | Travis B
Shift Handover Meeting: Kevin N | Bryan N
Start of Shift Meeting: 
Plant Status: Lost Compressor(s)
Equipment Outage: K-202
Filter Change: 
Pigging: 
Recycle Pumps: Production
Production Tank Level: 3.27
Amine Concentration: 
Roustabout Utilization: 
Berm Water Samples Taken: No
Plant Process Discussion: Yes
Operational Targets: N/A
Overrides or Safeties Bypassed: N/A
Upcoming Activities: Yes
HSE Concerns: N/A
Regulatory Requirements: N/A
Staff Discussion: Yes
Weather & Effects on Operations: No
Permit Extensions/Critical Tasks: Yes
Attachment: 
Encoding: HTML
========================================
<p>Weather: Poured rain/hail and thunder in the afternoon&nbsp; high 22.</p>

<p>Morning meeting</p>

<p>Core labs out for inlet gas samples</p>

<p>Pumped out compressor sumps</p>

<p>PPL pigged their line</p>

<p>Pulled wolf crek and donminion pig.</p>

<p>Turned on C3 single speed fan</p>

<p>Lost K-202 on low kackeet water pressure.&nbsp; Restarted and sped up to 750 rpm.</p>

<p>Cathodic solutions on site this afternoon for cathodic survey.&nbsp;&nbsp; Still here for shift change.</p>

<p>Updated operations calender</p>

<p>Could night shift please look at the valving and double check all is good with bringing in Cynthia gas to V-107 down the splitter line please.</p>

<p><span style="color:#FF0000"><strong>Upcoming activities:&nbsp; Tomorrow will be bringing in Cynthia gas into V-107.</strong></span></p>
