$@MID@$: 5365
Date: Thu, 03 Aug 2023 14:49:13 -0600
Author: Pat Brown
Shift: Day Shift
Operators: Pat B | Brad T
Shift Handover Meeting: Blaine H | Kyle S
Start of Shift Meeting: 
Plant Status: Steady
Equipment Outage: 
Filter Change: 
Pigging: 
Recycle Pumps: Production
Production Tank Level: 3.30
Amine Concentration: 
Roustabout Utilization: 
Berm Water Samples Taken: No
Plant Process Discussion: Yes
Operational Targets: Yes
Overrides or Safeties Bypassed: N/A
Upcoming Activities: Yes
HSE Concerns: Yes
Regulatory Requirements: Yes
Staff Discussion: Yes
Weather & Effects on Operations: Yes
Permit Extensions/Critical Tasks: Yes
Attachment: 
Encoding: HTML
========================================
<p>Weather was warm and calm highs of 25</p>

<p>Confirm the safety bypass is off the oil truck in line</p>

<p>Champco here working on the sulair compressor</p>

<p>lindale trucking hauling in Zeta&nbsp; water , he&#39;s also going to get the floor drains in process and the water drum in the air compressor building&nbsp;</p>

<p>Work on some CMDS</p>

<p>Completed the E manifest training with Brad today</p>

<p>&nbsp;</p>
$@MID@$: 5366
Date: Thu, 03 Aug 2023 23:44:26 -0600
Author: Blaine Harris
Shift: Night Shift
Operators: Blaine H | Jeff B
Shift Handover Meeting: Pat B | Brad T
Start of Shift Meeting: 
Plant Status: Steady
Equipment Outage: 
Filter Change: 
Pigging: 
Recycle Pumps: Production
Production Tank Level: 3.73
Amine Concentration: 
Roustabout Utilization: 
Berm Water Samples Taken: No
Plant Process Discussion: Yes
Operational Targets: N/A
Overrides or Safeties Bypassed: N/A
Upcoming Activities: N/A
HSE Concerns: N/A
Regulatory Requirements: N/A
Staff Discussion: N/A
Weather & Effects on Operations: No
Permit Extensions/Critical Tasks: N/A
Attachment: 
Encoding: HTML
========================================
<p>Weather sunny high +24</p>

<p>Lindale trucking finish empting out process floor drains and hauled in a load of Zeta water.</p>

<p>Tightened the EG pump packings</p>

<p>Dumped K-203 suction scrubber.</p>

<p>Turned the C3 2 speed fan to slow from fast.</p>
