$@MID@$: 5367
Date: Fri, 04 Aug 2023 15:41:15 -0600
Author: Pat Brown
Shift: Day Shift
Operators: Pat B | Brad T
Shift Handover Meeting: Blaine H
Start of Shift Meeting: 
Plant Status: 
Equipment Outage: 
Filter Change: 
Pigging: 
Recycle Pumps: Production
Production Tank Level: 4.09
Amine Concentration: 
Roustabout Utilization: 
Berm Water Samples Taken: No
Plant Process Discussion: Yes
Operational Targets: Yes
Overrides or Safeties Bypassed: N/A
Upcoming Activities: Yes
HSE Concerns: Yes
Regulatory Requirements: Yes
Staff Discussion: Yes
Weather & Effects on Operations: Yes
Permit Extensions/Critical Tasks: N/A
Attachment: 
Encoding: HTML
========================================
<p>Weather was warm and clear highs of 24</p>

<p>Tri Energy was here removing scaffolding in the process building ,Then they set up some for the K-203/K-204 stack job</p>

<p>Day shift truck getting serviced and some brakes and other small repairs</p>

<p>Drain the inlet coalescer, both sides.</p>

<p>K-205 ringing in with high comp temp as the ambient temp climbs</p>

<p>Called RCO to come out to grade the road.</p>

<p>Pumped some water from the Tank farm berm</p>

<p>Dumped K-203 suction scrubber</p>

<p>Added Governor oil to K-204 and K-203</p>

<p>Dumped pond 5</p>

<p>Washed the yard equipment , skid steer,gator and the tractor</p>

<p>&nbsp;</p>
