$@MID@$: 5420
Date: Wed, 30 Aug 2023 15:27:57 -0600
Author: Pat Brown
Shift: Day Shift
Operators: Pat B | Travis B
Shift Handover Meeting: Blaine H
Start of Shift Meeting: 
Plant Status: Steady
Equipment Outage: K-203
Filter Change: 
Pigging: 
Recycle Pumps: Production
Production Tank Level: 3.24
Amine Concentration: 
Roustabout Utilization: 
Berm Water Samples Taken: No
Plant Process Discussion: Yes
Operational Targets: Yes
Overrides or Safeties Bypassed: N/A
Upcoming Activities: Yes
HSE Concerns: Yes
Regulatory Requirements: Yes
Staff Discussion: Yes
Weather & Effects on Operations: Yes
Permit Extensions/Critical Tasks: N/A
Attachment: 
Encoding: HTML
========================================
<p>Weather was warm with a high of 25</p>

<p>no security issues at the braz north site</p>

<p>Advisian here checking ground water and where there was previous spills</p>

<p>Trans Canada up at 16-35 working on their sales analizer</p>

<p>Chris was working on plans to lay up V-200 and the 11-22 well flowing into it</p>

<p>Devin looked at the water tank and found some small discrepancies with the level controller on the tank</p>

<p>Lost K-203 on high oil temp at 11am . the oil temp was still 7 degrees away from shutdown</p>

<p>Baker chemical here adding some scale inhibitor to the tank ,they also took a couple of empty drums from the barrel storage</p>

<p>Recycle pump A has a grease fitting that was leaking , Travis changed the fitting and greased the pump</p>

<p>K-205 started ringing in with high oil temps just after 4 pm</p>
$@MID@$: 5421
Date: Wed, 30 Aug 2023 22:55:59 -0600
Author: Blaine Harris
Shift: Night Shift
Operators: Blaine H | Bryan N
Shift Handover Meeting: Pat B | Travis B
Start of Shift Meeting: 
Plant Status: Steady
Equipment Outage: K-203
Filter Change: 
Pigging: 
Recycle Pumps: Overflow
Production Tank Level: 3.40
Amine Concentration: 
Roustabout Utilization: 
Berm Water Samples Taken: No
Plant Process Discussion: Yes
Operational Targets: N/A
Overrides or Safeties Bypassed: N/A
Upcoming Activities: N/A
HSE Concerns: N/A
Regulatory Requirements: N/A
Staff Discussion: N/A
Weather & Effects on Operations: No
Permit Extensions/Critical Tasks: N/A
Attachment: 
Encoding: HTML
========================================
<p>Weather sunny and warm +26</p>

<p>Paradise trucking delivered 1 load of Westbrick emulsion.</p>

<p>Lost K-203 on engine glycol temp, left down for 1 hour and restarted. Ran good.</p>

<p>Changed the C3 2 speed fan to fast from slow.</p>

<p>Recyle A pump not pumping like it should. Shut down and submitted a work request to repair. WO #6078695</p>
