$@MID@$: 5368
Date: Sat, 05 Aug 2023 00:09:31 -0600
Author: Blaine Harris
Shift: Night Shift
Operators: Blaine H | Jeff B
Shift Handover Meeting: Pat B | Brad T
Start of Shift Meeting: 
Plant Status: Steady
Equipment Outage: 
Filter Change: 
Pigging: 
Recycle Pumps: Production
Production Tank Level: 3.66
Amine Concentration: 
Roustabout Utilization: 
Berm Water Samples Taken: No
Plant Process Discussion: Yes
Operational Targets: N/A
Overrides or Safeties Bypassed: N/A
Upcoming Activities: N/A
HSE Concerns: N/A
Regulatory Requirements: N/A
Staff Discussion: N/A
Weather & Effects on Operations: No
Permit Extensions/Critical Tasks: N/A
Attachment: 
Encoding: HTML
========================================
<p>Weather at start of shift sunny +24 cooling to +12</p>

<p>Production tank level at 3.66 confirmed</p>

<p>Bob Koether called to say ditch #3 pass on this sample</p>

<p>Dumped, tested and logged Ditch 3</p>

<p>Sped up K-203 compressor.</p>

<p>Worked on CMDS</p>
$@MID@$: 5369
Date: Sat, 05 Aug 2023 14:44:25 -0600
Author: Pat Brown
Shift: Day Shift
Operators: Pat B | Brad T
Shift Handover Meeting: Blaine H | Jeff B
Start of Shift Meeting: 
Plant Status: Steady
Equipment Outage: 
Filter Change: 
Pigging: 
Recycle Pumps: Production
Production Tank Level: 4.08
Amine Concentration: 
Roustabout Utilization: 
Berm Water Samples Taken: No
Plant Process Discussion: Yes
Operational Targets: Yes
Overrides or Safeties Bypassed: N/A
Upcoming Activities: Yes
HSE Concerns: Yes
Regulatory Requirements: Yes
Staff Discussion: Yes
Weather & Effects on Operations: No
Permit Extensions/Critical Tasks: N/A
Attachment: 
Encoding: HTML
========================================
<p>Weather warm and clear high&#39;s of 25</p>

<p>Chad swung the bigoray off load back into the Cynthia facility at 8 am</p>

<p>Slowed down the EG pump a little from 10m3 a day to 7.5 m3 a day &nbsp;</p>

<p>tighten the packing on the EG pump</p>

<p>Completed some weekend checks</p>

<p>Brad cut the grass on the road into the facility</p>

<p>built a a small berm across the road from the NGL building to stop the water from flowing over the road&nbsp;</p>

<p>Dump the inlet caolescer, both sides.</p>

<p>Change the Cal gas on the bump test machine.</p>

<p>Work on some CMDS</p>

<p>&nbsp;</p>
$@MID@$: 5370
Date: Sat, 05 Aug 2023 23:32:59 -0600
Author: Blaine Harris
Shift: Night Shift
Operators: Blaine H | Jeff B
Shift Handover Meeting: Pat B | Brad T
Start of Shift Meeting: 
Plant Status: Steady
Equipment Outage: 
Filter Change: 
Pigging: 
Recycle Pumps: Production
Production Tank Level: 3.62
Amine Concentration: 
Roustabout Utilization: 
Berm Water Samples Taken: No
Plant Process Discussion: Yes
Operational Targets: N/A
Overrides or Safeties Bypassed: N/A
Upcoming Activities: N/A
HSE Concerns: N/A
Regulatory Requirements: N/A
Staff Discussion: N/A
Weather & Effects on Operations: No
Permit Extensions/Critical Tasks: N/A
Attachment: 
Encoding: HTML
========================================
<p>Weather sunny +25 at start of shift cooling down to +13</p>

<p>Confirmed production tank level</p>

<p>Tightened packings on the South EG pump</p>

<p>Swept some of the process floors</p>

<p>Worked on CMDS</p>
