$@MID@$: 5399
Date: Sun, 20 Aug 2023 03:39:01 -0600
Author: Pat Brown
Shift: Night Shift
Operators: Kyle S | Pat B
Shift Handover Meeting: Blaine H | Brad T
Start of Shift Meeting: 
Plant Status: Steady
Equipment Outage: 
Filter Change: 
Pigging: 
Recycle Pumps: Overflow
Production Tank Level: 3.60
Amine Concentration: 
Roustabout Utilization: 
Berm Water Samples Taken: No
Plant Process Discussion: Yes
Operational Targets: Yes
Overrides or Safeties Bypassed: N/A
Upcoming Activities: Yes
HSE Concerns: Yes
Regulatory Requirements: Yes
Staff Discussion: Yes
Weather & Effects on Operations: No
Permit Extensions/Critical Tasks: N/A
Attachment: 
Encoding: HTML
========================================
<p>Weather was calm and cool highs of 16 and cooling off to 8 overnight</p>

<p>no security issues at the braz north site</p>

<p>Dratn the inlet coalescer</p>

<p>turn the C3 fan to off on the 2 speed fan</p>

<p>Drag the the driveway into the plant</p>

<p>recycle pump is on the overflow tank</p>

<p>&nbsp;</p>
$@MID@$: 5400
Date: Sun, 20 Aug 2023 16:22:39 -0600
Author: Blaine Harris
Shift: Day Shift
Operators: Blaine H | Brad T
Shift Handover Meeting: Kyle S | Pat B
Start of Shift Meeting: 
Plant Status: Steady
Equipment Outage: 
Filter Change: 
Pigging: 05-14
Recycle Pumps: 
Production Tank Level: 3.60
Amine Concentration: 
Roustabout Utilization: 
Berm Water Samples Taken: Yes
Plant Process Discussion: Yes
Operational Targets: N/A
Overrides or Safeties Bypassed: N/A
Upcoming Activities: N/A
HSE Concerns: N/A
Regulatory Requirements: N/A
Staff Discussion: N/A
Weather & Effects on Operations: No
Permit Extensions/Critical Tasks: N/A
Attachment: 
Encoding: HTML
Draft: BHarris
========================================
<p>Weather cool +3 in the morning warming to sunny +17</p>

<p>Paradise hauled in 1 load of Westbrick emulsion, 1 more load expected later in the day.</p>

<p>C3 fan 2 speed fan is on fast from being turned off.</p>

<p>Finished weekly checks</p>

<p>Sped some gravel arond in need areas</p>

<p>Took water samples and will drop off in town tonight.</p>

<p>Finished work packages for K-204 and K-203 upcoming work.</p>
