$@MID@$: 5424
Date: Fri, 01 Sep 2023 15:45:29 -0600
Author: Pat Brown
Shift: Day Shift
Operators: Pat B | Travis B
Shift Handover Meeting: Blaine H
Start of Shift Meeting: 
Plant Status: Steady
Equipment Outage: 
Filter Change: 
Pigging: 
Recycle Pumps: Production | Overflow
Production Tank Level: 3.43
Amine Concentration: 
Roustabout Utilization: 
Berm Water Samples Taken: No
Plant Process Discussion: Yes
Operational Targets: Yes
Overrides or Safeties Bypassed: N/A
Upcoming Activities: Yes
HSE Concerns: Yes
Regulatory Requirements: Yes
Staff Discussion: Yes
Weather & Effects on Operations: Yes
Permit Extensions/Critical Tasks: N/A
Attachment: 
Encoding: HTML
========================================
<p>Weather was clear and warm</p>

<p>no security issues at the braz north site</p>

<p>Clayton changed the belt on recycle pump B, He also replaced the recycle pump A</p>

<p>Recycle pump A is on the overflow tank doing a rate of 40m3 a day</p>

<p>Recycle pump B is on the shipping tank at a rate of 40m3 a day</p>

<p>Polard insulation was to finish up there job wtih the domestic water line and the recycle line</p>

<p>Hi-flo out to calibrate meter on the keylink pump</p>

<p>Global integerity here to look at the shipping tank to ensure its not sluffing in</p>

<p>drain the inlet coalescer both sides</p>

<p>Pumped out the flare knockout tank</p>

<p>Slowed down K-202 at 3 pm to 650 rpm</p>

<p>&nbsp;</p>

<p>&nbsp;</p>
$@MID@$: 5425
Date: Fri, 01 Sep 2023 22:31:55 -0600
Author: Blaine Harris
Shift: Night Shift
Operators: Blaine H | Kyle S
Shift Handover Meeting: Pat B | Travis B
Start of Shift Meeting: 
Plant Status: Steady
Equipment Outage: 
Filter Change: 
Pigging: 
Recycle Pumps: Production
Production Tank Level: 3.87
Amine Concentration: 
Roustabout Utilization: 
Berm Water Samples Taken: No
Plant Process Discussion: Yes
Operational Targets: N/A
Overrides or Safeties Bypassed: N/A
Upcoming Activities: N/A
HSE Concerns: N/A
Regulatory Requirements: N/A
Staff Discussion: N/A
Weather & Effects on Operations: No
Permit Extensions/Critical Tasks: N/A
Attachment: 
Encoding: HTML
========================================
<p>Weather at the start of shift sunny +26</p>

<p>Productioin tank level 3.87 confirmed</p>

<p>Paradise trucking delivered 1 load of Westbrick emulsion</p>

<p>Recycle A pump went down, tried increasing the flow and it went down again. left it down for the night.</p>

<p>K-203 down for no reason, no shutdowns flagged. Restarted.</p>
