$@MID@$: 5453
Date: Sat, 16 Sep 2023 04:06:42 -0600
Reply to: 5454
Author: Chris Platt (Contractor)
Shift: Night Shift
Operators: Romeo T | Chris P (Contractor)
Shift Handover Meeting: Pat B
Start of Shift Meeting: 
Plant Status: Steady
Equipment Outage: K-203
Filter Change: 
Pigging: 
Recycle Pumps: 
Production Tank Level: 3.6
Amine Concentration: 
Roustabout Utilization: 
Berm Water Samples Taken: No
Plant Process Discussion: Yes
Operational Targets: N/A
Overrides or Safeties Bypassed: N/A
Upcoming Activities: N/A
HSE Concerns: Yes
Regulatory Requirements: N/A
Staff Discussion: N/A
Weather & Effects on Operations: Yes
Permit Extensions/Critical Tasks: N/A
Attachment: 
Encoding: HTML
========================================
<p>Weather 20 to 4 -Clear skies</p>

<p>K203 down at shift change-Temp related</p>

<p>K-202 compressor pre/post lube pump diaphragm failure Entered SR # 6079435</p>

<p>Work on amine system</p>

<p>Lower propane accumulator level to 10 bolts</p>

<p>Slow C3 cooler 2 speed fan</p>

<p>Speed up compression</p>

<p>2-7 ESD ringing in</p>

<p>&nbsp;</p>
$@MID@$: 5454
Date: Sat, 16 Sep 2023 05:03:48 -0600
In reply to: 5453
Author: Chris Platt (Contractor)
Shift: Night Shift
Operators: Romeo T | Chris P (Contractor)
Shift Handover Meeting: Pat B
Start of Shift Meeting: 
Plant Status: Steady
Equipment Outage: K-203
Filter Change: 
Pigging: 
Recycle Pumps: 
Production Tank Level: 3.6
Amine Concentration: 
Roustabout Utilization: 
Berm Water Samples Taken: No
Plant Process Discussion: Yes
Operational Targets: N/A
Overrides or Safeties Bypassed: N/A
Upcoming Activities: N/A
HSE Concerns: Yes
Regulatory Requirements: N/A
Staff Discussion: N/A
Weather & Effects on Operations: Yes
Permit Extensions/Critical Tasks: N/A
Attachment: 
Encoding: HTML
========================================
<p>Debute PT 3343 showing wrong pressure on board op screen only-Correct pressure on junior station?</p>

<table align="center" cellspacing="1" style="border:1px solid #486090; width:98%">
	<tbody>
		<tr>
			<td style="background-color:#486090">Chris Platt (Contractor) wrote:</td>
		</tr>
		<tr>
			<td style="background-color:#FFFFB0">
			<p>Weather 20 to 4 -Clear skies</p>

			<p>K203 down at shift change-Temp related</p>

			<p>K-202 compressor pre/post lube pump diaphragm failure Entered SR # 6079435</p>

			<p>Work on amine system</p>

			<p>Lower propane accumulator level to 10 bolts</p>

			<p>Slow C3 cooler 2 speed fan</p>

			<p>Speed up compression</p>

			<p>2-7 ESD ringing in</p>

			<p>&nbsp;</p>
			</td>
		</tr>
	</tbody>
</table>

<p>&nbsp;</p>
$@MID@$: 5455
Date: Sat, 16 Sep 2023 16:26:39 -0600
Author: Blaine Harris
Shift: Day Shift
Operators: Blaine H | Brad T
Shift Handover Meeting: Romeo T | Chris P (Contractor)
Start of Shift Meeting: 
Plant Status: Steady
Equipment Outage: K-203
Filter Change: 
Pigging: 
Recycle Pumps: Production | Overflow
Production Tank Level: 3.24
Amine Concentration: 
Roustabout Utilization: 
Berm Water Samples Taken: No
Plant Process Discussion: Yes
Operational Targets: N/A
Overrides or Safeties Bypassed: N/A
Upcoming Activities: N/A
HSE Concerns: N/A
Regulatory Requirements: N/A
Staff Discussion: N/A
Weather & Effects on Operations: No
Permit Extensions/Critical Tasks: N/A
Attachment: 
Encoding: HTML
========================================
<p>Weather sunny very smoky high +24</p>

<p>Paradise Trucking delivered 1 load of Westbrick emulsion</p>

<p>Lost K-203 on underspeed when slowing it down because of high compressor oil temp.</p>

<p>Slowed down K-206 to 800 rpm from 860</p>

<p>Completed weekly checks</p>

<p>Training with Brad doing operations traing guidlines sheets</p>

<p>Swapped sulair compressors to clean the intake screens on Sulair C-3501A, C-3501A is back on</p>

<p>Pumped out the flare KO</p>

<p>Dumped the de-eth overhead suction scrubber.</p>

<p>Did some cleanup around both recycle pumps</p>

<p>&nbsp;</p>
