$@MID@$: 5495
Date: Fri, 06 Oct 2023 04:46:51 -0600
Author: Ryan Gilgan
Shift: Night Shift
Operators: Ryan G | Kyle S
Shift Handover Meeting: Kevin N | Travis B
Start of Shift Meeting: 
Plant Status: Steady
Equipment Outage: 
Filter Change: 
Pigging: 
Recycle Pumps: Production | Overflow
Production Tank Level: 3.49
Amine Concentration: 
Roustabout Utilization: 
Berm Water Samples Taken: No
Plant Process Discussion: Yes
Operational Targets: N/A
Overrides or Safeties Bypassed: N/A
Upcoming Activities: N/A
HSE Concerns: N/A
Regulatory Requirements: N/A
Staff Discussion: N/A
Weather & Effects on Operations: No
Permit Extensions/Critical Tasks: N/A
Attachment: 
Encoding: HTML
========================================
<p>Weather:&nbsp; 14 at the start of shift cooling to 0 in the morning.</p>

<p>No security issues noted for Braz</p>

<p>drained chiller de oiler</p>

<p>Emptied drip pails</p>

<p>&nbsp;</p>
$@MID@$: 5496
Date: Fri, 06 Oct 2023 16:28:27 -0600
Author: Kevin Nicol
Shift: Day Shift
Operators: Kevin N | Travis B
Shift Handover Meeting: Ryan G | Kyle S
Start of Shift Meeting: 
Plant Status: Steady | Lost Compressor(s)
Equipment Outage: K-202 | K-203
Filter Change: 
Pigging: 
Recycle Pumps: Production | Overflow
Production Tank Level: 3.45
Amine Concentration: 
Roustabout Utilization: 
Berm Water Samples Taken: No
Plant Process Discussion: Yes
Operational Targets: N/A
Overrides or Safeties Bypassed: N/A
Upcoming Activities: N/A
HSE Concerns: N/A
Regulatory Requirements: N/A
Staff Discussion: Yes
Weather & Effects on Operations: Yes
Permit Extensions/Critical Tasks: N/A
Attachment: 
Encoding: HTML
========================================
<p>drained k203 scrubber</p>

<p>Devin N checked into uelgas leak at the Dominion inlet ESD</p>

<p>C3 fan on fast</p>

<p>worked on weekly and monthly checks</p>

<p>Jay with Surepoint seviced the bulk coolers AC-3101a/b</p>

<p>slowed down K202 and K203 due to high temps, opened doors</p>

<p>lost k202 and K203 on high temps</p>

<p>Rocket will pick up the LPG hoses Tuesday mornning</p>

<p>14-3 anderson ESD closed, called Shawn</p>
