$@MID@$: 5505
Date: Wed, 11 Oct 2023 04:16:08 -0600
Author: Pat Brown
Shift: Night Shift
Operators: Kyle S | Pat B
Shift Handover Meeting: Blaine H | Travis B
Start of Shift Meeting: 
Plant Status: Steady
Equipment Outage: K-202
Filter Change: 
Pigging: 
Recycle Pumps: Production
Production Tank Level: 3.82
Amine Concentration: 
Roustabout Utilization: 
Berm Water Samples Taken: No
Plant Process Discussion: Yes
Operational Targets: Yes
Overrides or Safeties Bypassed: N/A
Upcoming Activities: Yes
HSE Concerns: Yes
Regulatory Requirements: Yes
Staff Discussion: Yes
Weather & Effects on Operations: No
Permit Extensions/Critical Tasks: N/A
Attachment: 
Encoding: HTML
========================================
<p>Weather was overcast and a little rain at the start of shift</p>

<p>No security issues with the braz north site</p>

<p>tank level was 3.82m and confirmed with a temp gun</p>

<p>Moved the herman nelson into K-206 building to get it out of the weather</p>

<p>K-202 rang in with hi jacket water temp ,when checking this out ,I found a glycol leak on the engine of the machine . Shut the machine down and made a WO 6080934. moved a pump over to empty the trough around the machine , took a small video of leak and sent it to clayton .After talking with Clayton it was decided that it could wait until day shift .</p>

<p>Drain the inlet coalescer</p>

<p>&nbsp;</p>
$@MID@$: 5506
Date: Wed, 11 Oct 2023 15:02:57 -0600
Author: Blaine Harris
Shift: Day Shift
Operators: Blaine H | Travis B
Shift Handover Meeting: Kyle S | Pat B
Start of Shift Meeting: 
Plant Status: Steady
Equipment Outage: 
Filter Change: 
Pigging: 
Recycle Pumps: Production
Production Tank Level: 3.29
Amine Concentration: 
Roustabout Utilization: 
Berm Water Samples Taken: No
Plant Process Discussion: Yes
Operational Targets: N/A
Overrides or Safeties Bypassed: N/A
Upcoming Activities: N/A
HSE Concerns: N/A
Regulatory Requirements: N/A
Staff Discussion: N/A
Weather & Effects on Operations: No
Permit Extensions/Critical Tasks: N/A
Attachment: 
Encoding: HTML
========================================
<p>Weather cloudy and rainy for most of the day, +11</p>

<p>Clayton repaired the glycol leak on the manifold on K-202 jumpover.</p>

<p>Flared lp gas for 9.5 hours, call Bob K and we summited a One Stop flaring report.</p>

<p>Called Keylink in the afternoon and was told that the line is back in service and that our bullet level is still to low for the pumps to start. Pumps should start around 60% level</p>

<p>Travis started the heater in the 3-27 water well shack</p>

<p>Rco out to clean the control room</p>

<p>Dumped the De-eth overheads scrubber</p>

<p>Chris worked on plant layup work</p>
$@MID@$: 5507
Date: Wed, 11 Oct 2023 22:44:20 -0600
Author: Pat Brown
Shift: Night Shift
Operators: Kyle S | Pat B
Shift Handover Meeting: Blaine H | Brad T
Start of Shift Meeting: 
Plant Status: Steady
Equipment Outage: 
Filter Change: 
Pigging: 
Recycle Pumps: Production
Production Tank Level: 3.68
Amine Concentration: 
Roustabout Utilization: 
Berm Water Samples Taken: No
Plant Process Discussion: Yes
Operational Targets: Yes
Overrides or Safeties Bypassed: N/A
Upcoming Activities: Yes
HSE Concerns: Yes
Regulatory Requirements: Yes
Staff Discussion: Yes
Weather & Effects on Operations: No
Permit Extensions/Critical Tasks: N/A
Attachment: 
Encoding: HTML
========================================
<p>Weather was cold and raining at the start of shift and rained most of the night</p>

<p>No security issues with the braz north site</p>

<p>tank level was 3.68m and confirmed with a temp gun</p>

<p>Drain the inlet coalescer</p>

<p>&nbsp;</p>
