$@MID@$: 5493
Date: Thu, 05 Oct 2023 04:52:13 -0600
Author: Ryan Gilgan
Shift: Night Shift
Operators: Ryan G | Jeff B
Shift Handover Meeting: Kevin N | Travis B
Start of Shift Meeting: 
Plant Status: Steady
Equipment Outage: 
Filter Change: 
Pigging: 
Recycle Pumps: Production | Overflow
Production Tank Level: 3.9
Amine Concentration: 
Roustabout Utilization: 
Berm Water Samples Taken: No
Plant Process Discussion: Yes
Operational Targets: N/A
Overrides or Safeties Bypassed: N/A
Upcoming Activities: N/A
HSE Concerns: N/A
Regulatory Requirements: N/A
Staff Discussion: N/A
Weather & Effects on Operations: No
Permit Extensions/Critical Tasks: N/A
Attachment: 
Encoding: HTML
========================================
<p>Weather: 14 at the start of shift cooling overnight to 4 degrees in the morning</p>

<p>No security issues noted for Braz</p>

<p>Drained De Eth overhead scrubber</p>

<p>Drained some oil out of C3 lube drain tank</p>

<p>Shut off C3 2 speed fan</p>
$@MID@$: 5494
Date: Thu, 05 Oct 2023 16:25:15 -0600
Author: Kevin Nicol
Shift: Day Shift
Operators: Kevin N | Travis B
Shift Handover Meeting: Ryan G | Kyle S
Start of Shift Meeting: 
Plant Status: Steady
Equipment Outage: 
Filter Change: 
Pigging: 
Recycle Pumps: Production | Overflow
Production Tank Level: 3.72, checked
Amine Concentration: 
Roustabout Utilization: 
Berm Water Samples Taken: No
Plant Process Discussion: Yes
Operational Targets: N/A
Overrides or Safeties Bypassed: N/A
Upcoming Activities: N/A
HSE Concerns: N/A
Regulatory Requirements: N/A
Staff Discussion: Yes
Weather & Effects on Operations: Yes
Permit Extensions/Critical Tasks: N/A
Attachment: 
Encoding: HTML
========================================
<p>drained amine skim tank</p>

<p>drained K203 suction srubber</p>

<p>started 3-27 heater and the furnace in the warehouse</p>

<p>Production tank 3.72, checked</p>

<p>Lindale hauled in 2 loads of Zeta H2O and emptied some containments and BC3 packing tank</p>

<p>reset V103 gas meter, coms had locked up</p>

<p>Paradise hauled in a load of Westbrick oil</p>

<p>called Rocket to pick up LPG hoses fromEriks in Edmonton</p>

<p>pumped out the flare KO</p>

<p>pumped out the packing drain tanks</p>

<p>Chris P working on the acid gas lay up</p>
