$@MID@$: 5518
Date: Tue, 17 Oct 2023 16:31:01 -0600
Author: Ryan Gilgan
Shift: Day Shift
Operators: Ryan G | Brad T
Shift Handover Meeting: Kevin N | Romeo T
Start of Shift Meeting: 
Plant Status: Lost Compressor(s)
Equipment Outage: K-202
Filter Change: 
Pigging: 
Recycle Pumps: Production | Overflow
Production Tank Level: 3.27
Amine Concentration: 
Roustabout Utilization: 
Berm Water Samples Taken: No
Plant Process Discussion: Yes
Operational Targets: N/A
Overrides or Safeties Bypassed: Yes
Upcoming Activities: N/A
HSE Concerns: N/A
Regulatory Requirements: N/A
Staff Discussion: N/A
Weather & Effects on Operations: No
Permit Extensions/Critical Tasks: Yes
Attachment: 
Encoding: HTML
========================================
<p>Weather:&nbsp; 4 degrees in the morning warming to 14 in the afternoon.</p>

<p>Morning meeting</p>

<p>Westbrick measurement out to see truck offload from westbrick emulsion</p>

<p>Paradise hauled in a load from Westbrick</p>

<p>APECs out to do head swing on K-202.</p>

<p>Fire detection bypassed for mechanical work on K-202</p>

<p>Drained Amine contacter fluid from the bottom.</p>

<p>Worked on safety meeting prep for tomorrow.</p>

<p>Drained amine skim tank.</p>

<p>Left inlets open on LP to flare as we have permission to flare.</p>

<p>Dayton on site to start preppping for shutdown.</p>
