$@MID@$: 5552
Date: Fri, 03 Nov 2023 04:50:07 -0600
Author: Ryan Gilgan
Shift: Night Shift
Operators: Ryan G | Kyle S
Shift Handover Meeting: Kevin N | Travis B
Start of Shift Meeting: 
Plant Status: Steady
Equipment Outage: 
Filter Change: 
Pigging: 
Recycle Pumps: Production | Overflow
Production Tank Level: 4.5
Amine Concentration: 
Roustabout Utilization: 
Berm Water Samples Taken: No
Plant Process Discussion: Yes
Operational Targets: N/A
Overrides or Safeties Bypassed: N/A
Upcoming Activities: N/A
HSE Concerns: N/A
Regulatory Requirements: N/A
Staff Discussion: N/A
Weather & Effects on Operations: No
Permit Extensions/Critical Tasks: N/A
Attachment: 
Encoding: HTML
========================================
<p>Weather: 9 degrees at the start of shift cooling to 0 in the morning.&nbsp; Light snow overnight</p>

<p>Production tank a little higher than normal.&nbsp; Called PPL to get us pumping, no reason for why it wasn&#39;t</p>

<p>No security issues for Braz</p>

<p>Judy&#39;s safety left around 19:00</p>

<p>Trends locked up on inlets.&nbsp; Dayshift please get Daren to look at.</p>

<p>&nbsp;</p>
$@MID@$: 5553
Date: Fri, 03 Nov 2023 16:26:49 -0600
Author: Kevin Nicol
Shift: Day Shift
Operators: Kevin N | Travis B
Shift Handover Meeting: Ryan G | Kyle S
Start of Shift Meeting: 
Plant Status: Steady
Equipment Outage: 
Filter Change: 
Pigging: 05-14 | 05-21
Recycle Pumps: Production
Production Tank Level: 3.91, checked
Amine Concentration: 
Roustabout Utilization: 
Berm Water Samples Taken: No
Plant Process Discussion: Yes
Operational Targets: N/A
Overrides or Safeties Bypassed: N/A
Upcoming Activities: N/A
HSE Concerns: N/A
Regulatory Requirements: N/A
Staff Discussion: N/A
Weather & Effects on Operations: Yes
Permit Extensions/Critical Tasks: N/A
Attachment: 
Encoding: HTML
========================================
<p>SR#6082577 submitted to reset trends/coms. Devin rest the EFM manager</p>

<p>production tank 3.91</p>

<p>recycled off the boot</p>

<p>worked on weekend checks</p>

<p>adjusted chem pumps and added oil</p>

<p>overflow tank low level, swung recycle B to production tank</p>

<p>set up Herman Nelson heater for the pipe repairs next week</p>

<p>WPNE pig sent, valves are not holding and will grease tommorow to try and pull</p>

<p>Dominion line piged, pulled clean</p>

<p>H2S on process analyzer ringing in at 3ppm, checked wolf creek 1ppm, WPNE line 3ppm, called vermilion and they said all their wells are now sweet</p>

<p>gas from Cynthia/ Bigoray field will be swung back to Cynthia tommorow morning</p>

<p>&nbsp;</p>
