$@MID@$: 5575
Date: Tue, 14 Nov 2023 16:31:22 -0700
Author: Ryan Gilgan
Shift: Day Shift
Operators: Ryan G | Brad T
Shift Handover Meeting: Kevin N | Romeo T
Start of Shift Meeting: 
Plant Status: Lost Compressor(s)
Equipment Outage: K-202
Filter Change: Cleaned Recycle Pump Basket
Pigging: 
Recycle Pumps: Production | Overflow
Production Tank Level: 3.52
Amine Concentration: 
Roustabout Utilization: 
Berm Water Samples Taken: No
Plant Process Discussion: Yes
Operational Targets: N/A
Overrides or Safeties Bypassed: N/A
Upcoming Activities: N/A
HSE Concerns: N/A
Regulatory Requirements: N/A
Staff Discussion: N/A
Weather & Effects on Operations: No
Permit Extensions/Critical Tasks: N/A
Attachment: 
Encoding: HTML
========================================
<p>Weather: -8 in the morning warming to 6 degrees in the afternoon.</p>

<p>Morning meeting</p>

<p>K-202 down for 500 hour service.&nbsp; Back up in about 5 hours.</p>

<p>Iron horse picked up water fire fighting water tank and rig mat</p>

<p>Called out LTS to suck out drums and C3 lube oil tank.</p>

<p>Core labs out for weekly samples</p>

<p>Paradise trucking hauled in 2 loads of Mancal emulsion</p>

<p>&quot;B&quot; recycle pump kept going down, clean out baskets 2x</p>

<p>C3 2 speed fan on fast</p>

<p>WO in for recycle pump &quot;B&quot; stator repair.&nbsp; WO# 5128133</p>

<p>WO in for top louvers on K202 need to be opened up more WO# 5128141</p>

<p>Mancal is sending more gas down the Vernilion line into V101, 103.&nbsp; about 20e3me and 20m3 of fluid.</p>

<p>Devin repaired heat trace tubing line by amine underground</p>

<p>Completed surveys from Levi.</p>

<p>Can&#39;t keep &quot;B&quot; recycle pump running swapped &quot;A&quot; to overflow for the night.</p>
