$@MID@$: 5616
Date: Tue, 05 Dec 2023 04:39:01 -0700
Author: Ryan Gilgan
Shift: Night Shift
Operators: Ryan G | Kyle S
Shift Handover Meeting: Blaine H | Travis B
Start of Shift Meeting: 
Plant Status: Steady
Equipment Outage: 
Filter Change: 
Pigging: 
Recycle Pumps: Production
Production Tank Level: 4.12
Amine Concentration: 
Roustabout Utilization: 
Berm Water Samples Taken: No
Plant Process Discussion: Yes
Operational Targets: N/A
Overrides or Safeties Bypassed: N/A
Upcoming Activities: N/A
HSE Concerns: N/A
Regulatory Requirements: N/A
Staff Discussion: N/A
Weather & Effects on Operations: No
Permit Extensions/Critical Tasks: N/A
Attachment: 
Encoding: HTML
========================================
<p>Wether: 5 degrees at the start of shift cooling to 1 in the morning</p>

<p>No security issues noted for Braz</p>

<p>Drained DeEth over head scrubber</p>

<p>Put both recycle pumps off production tank</p>

<p>&nbsp;</p>
$@MID@$: 5617
Date: Tue, 05 Dec 2023 15:42:37 -0700
Author: Blaine Harris
Shift: Day Shift
Operators: Blaine H | Travis B
Shift Handover Meeting: Ryan G | Kyle S
Start of Shift Meeting: 
Plant Status: Steady
Equipment Outage: 
Filter Change: 
Pigging: 
Recycle Pumps: Production | Overflow
Production Tank Level: 4.31
Amine Concentration: 
Roustabout Utilization: 
Berm Water Samples Taken: No
Plant Process Discussion: Yes
Operational Targets: N/A
Overrides or Safeties Bypassed: N/A
Upcoming Activities: N/A
HSE Concerns: N/A
Regulatory Requirements: N/A
Staff Discussion: N/A
Weather & Effects on Operations: No
Permit Extensions/Critical Tasks: N/A
Attachment: 
Encoding: HTML
========================================
<p>Weather cloudy +3 warming to +6 throughout the day.</p>

<p>Swung recycle b pump into the overflow tank.</p>

<p>Devin repaired the Sales analyzer</p>

<p>Midwest delivered Propane.</p>

<p>Worked on Chemical inventory and Sds sheets.</p>

<p>Nathan worked on greasing motors, repaired electrical conduit at the water plant and replaced the light in the batter inlet seperator building.</p>

<p>Phil did the Sulair compressor service.</p>
