$@MID@$: 5655
Date: Sun, 24 Dec 2023 16:29:02 -0700
Author: Pat Brown
Shift: Day Shift
Operators: Pat B | Brad T
Shift Handover Meeting: Blaine H
Start of Shift Meeting: 
Plant Status: Steady
Equipment Outage: 
Filter Change: 
Pigging: 
Recycle Pumps: 
Production Tank Level: 4.17
LPG Bullet Peak Level: 189
LPG Bullet Peak Pressure: 238
Berm Water Samples Taken: No
Plant Process Discussion: Yes
Operational Targets: Yes
Overrides or Safeties Bypassed: N/A
Upcoming Activities: Yes
HSE Concerns: Yes
Regulatory Requirements: Yes
Staff Discussion: Yes
Weather & Effects on Operations: No
Permit Extensions/Critical Tasks: N/A
Attachment: 
Encoding: HTML
========================================
<p>Weather was a little cooler then the past week highs of -5</p>

<p>No security issues with the braz north site</p>

<p>tank level was 4.17m and confirmed with a temp gun</p>

<p>Drain the inlet coalescer</p>

<p>Marked pigged the WPNE line</p>

<p>Switched the recycle pump B to the shipping tank</p>

<p>The C3 fan is on slow</p>

<p>Finshed monthly checks</p>

<p>Fillled K-204 Governor oil</p>

<p>&nbsp;</p>
$@MID@$: 5656
Date: Sun, 24 Dec 2023 19:56:48 -0700
Author: Blaine Harris
Shift: Night Shift
Operators: Blaine H | Jeff B
Shift Handover Meeting: Pat B | Brad T
Start of Shift Meeting: 
Plant Status: Steady
Equipment Outage: 
Filter Change: 
Pigging: 
Recycle Pumps: Production | Overflow
Production Tank Level: 3.31
LPG Bullet Peak Level: 140
LPG Bullet Peak Pressure: 243
Berm Water Samples Taken: No
Plant Process Discussion: Yes
Operational Targets: N/A
Overrides or Safeties Bypassed: N/A
Upcoming Activities: N/A
HSE Concerns: N/A
Regulatory Requirements: N/A
Staff Discussion: N/A
Weather & Effects on Operations: No
Permit Extensions/Critical Tasks: N/A
Attachment: 
Encoding: HTML
========================================
<p>Weather -8 at the start of the shift cooling down to -15</p>

<p>Paradise trucking hauled in 1 load of Westbrick emulsion</p>

<p>Swung recycle b pump into the overflow tank</p>

<p>Recycle b pump went down for no reason other then maybe low flow, restarted and increased the valve output from 30% to 35%</p>

<p>Lowered the level in the glycol flash tank a little</p>

<p>&nbsp;</p>
