$@MID@$: 5657
Date: Mon, 25 Dec 2023 14:37:47 -0700
Author: Pat Brown
Shift: Day Shift
Operators: Pat B | Brad T
Shift Handover Meeting: Blaine H
Start of Shift Meeting: 
Plant Status: Steady
Equipment Outage: 
Filter Change: 
Pigging: 
Recycle Pumps: Production
Production Tank Level: 3.14
LPG Bullet Peak Level: 188.39
LPG Bullet Peak Pressure: 248
Berm Water Samples Taken: No
Plant Process Discussion: Yes
Operational Targets: Yes
Overrides or Safeties Bypassed: N/A
Upcoming Activities: Yes
HSE Concerns: Yes
Regulatory Requirements: Yes
Staff Discussion: Yes
Weather & Effects on Operations: No
Permit Extensions/Critical Tasks: N/A
Attachment: 
Encoding: HTML
========================================
<p>Weather was clear temp around -5</p>

<p>No security issues with the braz north site today.</p>

<p>Tank level was3.14m and confirmed with a temp gun</p>

<p>Drain the inlet coalescer</p>

<p>Switch the recycle pump B from the overflow to the shipping tank</p>

<p>&nbsp;</p>
$@MID@$: 5658
Date: Mon, 25 Dec 2023 20:43:39 -0700
Author: Blaine Harris
Shift: Night Shift
Operators: Blaine H | Jeff B
Shift Handover Meeting: Pat B | Brad T
Start of Shift Meeting: 
Plant Status: Steady
Equipment Outage: 
Filter Change: 
Pigging: 
Recycle Pumps: Production
Production Tank Level: 4.13
LPG Bullet Peak Level: 153
LPG Bullet Peak Pressure: 259
Berm Water Samples Taken: No
Plant Process Discussion: Yes
Operational Targets: N/A
Overrides or Safeties Bypassed: N/A
Upcoming Activities: N/A
HSE Concerns: N/A
Regulatory Requirements: N/A
Staff Discussion: N/A
Weather & Effects on Operations: No
Permit Extensions/Critical Tasks: N/A
Attachment: 
Encoding: HTML
========================================
<p>Weather -2 at the start of shift cooling down to -6 overnight</p>

<p>Confirmed the production tank height.</p>

<p>Lowered the level set point a little in the glycol flash tank</p>

<p>Dumped F-3102</p>

<p>&nbsp;</p>
