$@MID@$: 5626
Date: Sun, 10 Dec 2023 04:26:10 -0700
Author: Pat Brown
Shift: Night Shift
Operators: Romeo T | Pat B
Shift Handover Meeting: Blaine H | Brad T
Start of Shift Meeting: 
Plant Status: Steady
Equipment Outage: 
Filter Change: 
Pigging: 
Recycle Pumps: Production
Production Tank Level: 3.82
Amine Concentration: 
Roustabout Utilization: 
Berm Water Samples Taken: No
Plant Process Discussion: Yes
Operational Targets: Yes
Overrides or Safeties Bypassed: N/A
Upcoming Activities: Yes
HSE Concerns: Yes
Regulatory Requirements: Yes
Staff Discussion: Yes
Weather & Effects on Operations: No
Permit Extensions/Critical Tasks: N/A
Attachment: 
Encoding: HTML
========================================
<p>Weather was clear and cool for the shift</p>

<p>No security issues at the braz north site</p>

<p>tank level was3.82m and confirmed with a temp gun</p>

<p>Drain the inlet coalescer</p>

<p>V104 high leveled , had to switch the inlet to manual and push the liquid out of the vessel to get it back to normal operation</p>
$@MID@$: 5627
Date: Sun, 10 Dec 2023 15:41:15 -0700
Author: Blaine Harris
Shift: Day Shift
Operators: Blaine H | Brad T
Shift Handover Meeting: Romeo T | Pat B
Start of Shift Meeting: 
Plant Status: Steady
Equipment Outage: 
Filter Change: 
Pigging: 
Recycle Pumps: Production
Production Tank Level: 3.39
Amine Concentration: 
Roustabout Utilization: 
Berm Water Samples Taken: No
Plant Process Discussion: Yes
Operational Targets: N/A
Overrides or Safeties Bypassed: N/A
Upcoming Activities: N/A
HSE Concerns: N/A
Regulatory Requirements: N/A
Staff Discussion: N/A
Weather & Effects on Operations: No
Permit Extensions/Critical Tasks: N/A
Attachment: 
Encoding: HTML
========================================
<p>Weather clear -10 in the morning turning cloudy 0 in the afternoon</p>

<p>Production tank level at 3.39. confirmed</p>

<p>Finished monthly checks</p>

<p>Bullet Pressure at 305 kpa</p>

<p>Elite line locating on site locating lines</p>

<p>Rob Thirsk hauled in Zeta produced water.</p>

<p>Turned the C3 2 speed fan to high from slow.</p>

<p>Added glycol to K-205 overhead tank</p>
