$@MID@$: 5642
Date: Mon, 18 Dec 2023 04:44:50 -0700
Author: Kevin Nicol
Shift: Night Shift
Operators: Kevin N
Shift Handover Meeting: Pat B | Travis B
Start of Shift Meeting: 
Plant Status: Steady
Equipment Outage: 
Filter Change: 
Pigging: 
Recycle Pumps: Production
Production Tank Level: 3.82
LPG Bullet Peak Level: 167
LPG Bullet Peak Pressure: 253
Berm Water Samples Taken: No
Plant Process Discussion: Yes
Operational Targets: N/A
Overrides or Safeties Bypassed: N/A
Upcoming Activities: N/A
HSE Concerns: Yes
Regulatory Requirements: N/A
Staff Discussion: N/A
Weather & Effects on Operations: Yes
Permit Extensions/Critical Tasks: N/A
Attachment: 
Encoding: HTML
========================================
<p>Production level 3.82, checked</p>

<p>volcano no CO detected normal distance fron the burner</p>

<p>drained the res gas suction scrubber</p>

<p>the domestic garbag bin is getting full</p>
$@MID@$: 5643
Date: Mon, 18 Dec 2023 14:40:57 -0700
Author: Pat Brown
Shift: Day Shift
Operators: Pat B | Travis B
Shift Handover Meeting: Kevin N
Start of Shift Meeting: 
Plant Status: Steady
Equipment Outage: 
Filter Change: 
Pigging: 
Recycle Pumps: 
Production Tank Level: 3.21
LPG Bullet Peak Level: 173.15
LPG Bullet Peak Pressure: 254
Berm Water Samples Taken: No
Plant Process Discussion: Yes
Operational Targets: Yes
Overrides or Safeties Bypassed: N/A
Upcoming Activities: Yes
HSE Concerns: Yes
Regulatory Requirements: Yes
Staff Discussion: Yes
Weather & Effects on Operations: No
Permit Extensions/Critical Tasks: N/A
Attachment: 
Encoding: HTML
========================================
<p>Weather was clear and warm again today highs of 3</p>

<p>No security issues at the braz north site</p>

<p>Tank level was 3.21m and confirmed with a temp gun</p>

<p>&nbsp;Travis masked up to checked the volcano for CO level, it was 10ppm, holding monitor 6&quot; from flange.</p>

<p>Chris Page out to fill our bulk oil tanks</p>

<p>Core labs here grabbing sales gas and boot samples</p>

<p>A Haz Id was put in for the water running across the road(Haz Id # 37283). After talking with Jarrod , we called RCO to come out with a grader to clean up the road and the ditch so the water will run down the ditch and away from the road</p>

<p>Called ACR to come out to swap out garbage bin</p>

<p>Craig ran a batch pig down the WPNE line</p>

<p>Reset the modem for the C3,after clayton asked to get this done.</p>

<p>&nbsp;</p>
$@MID@$: 5644
Date: Mon, 18 Dec 2023 19:15:18 -0700
Author: Kevin Nicol
Shift: Night Shift
Operators: Kevin N | Bryan N
Shift Handover Meeting: Pat B | Travis B
Start of Shift Meeting: 
Plant Status: Steady
Equipment Outage: 
Filter Change: 
Pigging: 
Recycle Pumps: Production
Production Tank Level: 3.68
LPG Bullet Peak Level: 196
LPG Bullet Peak Pressure: 293
Berm Water Samples Taken: No
Plant Process Discussion: Yes
Operational Targets: N/A
Overrides or Safeties Bypassed: N/A
Upcoming Activities: N/A
HSE Concerns: N/A
Regulatory Requirements: N/A
Staff Discussion: N/A
Weather & Effects on Operations: Yes
Permit Extensions/Critical Tasks: N/A
Attachment: 
Encoding: HTML
========================================
<p>Production tank 3.68, checked</p>

<p>Volcano O CO detected at a normal distance from the burner</p>

<p>Drained F-3102</p>

<p>added EG to the reboiler</p>

<p>&nbsp;</p>
