$@MID@$: 202
Date: Wed, 26 Apr 2017 14:07:12 -0600
Author: Justin Ewing
Inlet: 531.01
Sales: 466.24
LPG: 157.29
Oil: 63.14
Production Month: Apr
Production Day: 24
Production Year: 2017
Attachment: 
Encoding: HTML
========================================

$@MID@$: 203
Date: Wed, 26 Apr 2017 14:07:48 -0600
Author: Justin Ewing
Inlet: 553.79
Sales: 484.86
LPG: 161.86
Oil: 59.68
Production Month: Apr
Production Day: 25
Production Year: 2017
Attachment: 
Encoding: HTML
========================================

