$@MID@$: 240
Date: Sun, 04 Jun 2017 09:54:26 -0600
Author: Nigel Renschler
Inlet: 422.82
Sales: 368.84
LPG: 128.83
Oil: 65.93
Production Month: Jun
Production Day: 1
Production Year: 2017
Attachment: 
Encoding: HTML
========================================

$@MID@$: 241
Date: Sun, 04 Jun 2017 10:08:01 -0600
Author: Justin Ewing
Inlet: 432.30
Sales: 367.95
LPG: 139.29
Oil: 59.42
Production Month: Jun
Production Day: 2
Production Year: 2017
Attachment: 
Encoding: HTML
========================================

$@MID@$: 242
Date: Sun, 04 Jun 2017 10:10:15 -0600
Author: Justin Ewing
Inlet: 426
Sales: 375
LPG: 134
Oil: 55
Production Month: Jun
Production Day: 3
Production Year: 2017
Attachment: 
Encoding: HTML
========================================

