$@MID@$: 398
Date: Tue, 07 Nov 2017 06:40:40 -0700
Author: Ryan Gilgan
Inlet: 502
Sales: 445
LPG: 133
Oil: 175
Production Month: Nov
Production Day: 6
Production Year: 2017
Attachment: 
Encoding: HTML
Draft: RGilgan
========================================

$@MID@$: 399
Date: Tue, 07 Nov 2017 06:40:43 -0700
Author: Ryan Gilgan
Inlet: 502
Sales: 445
LPG: 133
Oil: 175
Production Month: Nov
Production Day: 5
Production Year: 2017
Attachment: 
Encoding: HTML
========================================

$@MID@$: 400
Date: Tue, 07 Nov 2017 10:29:20 -0700
Author: Nigel Renschler
Inlet: 503
Sales: 446
LPG: 137
Oil: 187
Production Month: Nov
Production Day: 6
Production Year: 2017
Attachment: 
Encoding: HTML
========================================

