$@MID@$: 104
Date: Mon, 06 May 2024 12:43:24 -0600
Author: Brad Towers
Date / Time of Bypass: May 6/24 @10:00
Safe Work Permit #: 470172
Equipment Name: H2S Analyzers 
Device Tag: Sales / Process
Estimated Bypass Removal Date / Time: May 6/24 @16:00
Date / Time of Bypass Removal: May 6/24 @ 11:45
Attachment: 
Encoding: HTML
========================================
<p>Bypass H2S analyzers for Devin to&nbsp;calibrate.</p>
$@MID@$: 105
Date: Mon, 06 May 2024 16:15:53 -0600
Author: Brad Towers
Date / Time of Bypass: May 6/24 @11:00
Safe Work Permit #: 470173
Equipment Name: LEL Detection
Device Tag: All
Estimated Bypass Removal Date / Time: May 6/24 @16:00
Date / Time of Bypass Removal: May 6/24 @ 16:00
Attachment: 
Encoding: HTML
========================================
<p>Bypass LEL detection for calibrations.&nbsp;</p>
