$@MID@$: 1687
Date: Sat, 05 Jun 2021 09:36:09 -0600
Author: Chad Quinn
Inlet: 669.32
Sales: 600.52
LPG: 144.99
Oil: 129.14
Production Month: Jun
Production Day: 2
Production Year: 2021
Attachment: 
Encoding: HTML
========================================

$@MID@$: 1688
Date: Sat, 05 Jun 2021 14:36:32 -0600
Author: Chad Quinn
Inlet: 689.54
Sales: 616.29
LPG: 163.7
Oil: 142.26
Production Month: Jun
Production Day: 3
Production Year: 2021
Attachment: 
Encoding: HTML
========================================

$@MID@$: 1689
Date: Sat, 05 Jun 2021 14:37:38 -0600
Author: Chad Quinn
Inlet: 679.62
Sales: 603.11
LPG: 162.44
Oil: 182.48
Production Month: Jun
Production Day: 4
Production Year: 2021
Attachment: 
Encoding: HTML
========================================

