$@MID@$: 2740
Date: Fri, 03 Jan 2020 05:20:49 -0700
Author: Ryan Gilgan
Shift: Night Shift
Operators: Ryan G | Romeo T
Shift Handover Meeting: Dayton M | Kyle S | Dallas L
Start of Shift Meeting: 
Plant Status: Steady
Equipment Outage: 
Filter Change: 
Pigging: 
Recycle Pumps: Overflow
Amine Concentration: 
Roustabout Utilization: 
Attachment: 
Encoding: HTML
========================================
<p>&nbsp;Added oil to Amine charge pump crank case.</p>

<p>Worked on CMDS validations with Romeo.</p>

<p>Put both recycles in Overflow tank.</p>

<p>Water clearing up on front sight glass on treater.</p>
$@MID@$: 2741
Date: Fri, 03 Jan 2020 16:55:23 -0700
Author: Dayton Mohr
Shift: Day Shift
Operators: Dayton M | Kyle S | Dallas L
Shift Handover Meeting: Ryan G | Romeo T
Start of Shift Meeting: Daren F | Tyson T | Devin N
Plant Status: Steady
Equipment Outage: 
Filter Change: Water Plant
Pigging: 
Recycle Pumps: Overflow
Amine Concentration: 34%
Roustabout Utilization: 
Attachment: 
Encoding: HTML
========================================
<p>HVO &amp; Lindale hauled in Baccileau oil</p>

<p>Tyson adjusted lube oil rates on C3B lower on 1st &amp; 2nd stage propane side, left Res gas side alone.</p>

<p>Added C3 to refridge 2.5 bolts to 7 bolts</p>

<p>Tyson shot valves on K204, valves were good</p>

<p>Amine concentration @ 34 %, left make up water @ 13</p>

<p>Pulled 14-03 pig, little hydrate materail</p>

<p>9-16 Vermillion inlet esd quick bleed was venting, Called Devin to repair, he replaced quick bleed, adjusted regulator on control valve</p>

<p>Cleaned recycle B basket, &amp; pulled &amp; cleaned meter</p>

<p>Changed water plant filters</p>

<p>GGT Rob hauling in Braz &amp; Zeta water, high leveled water plant, reset back on line.</p>

<p>Called Tervita to exchange filter bins, may arrive next week or the&nbsp;week after.</p>
