$@MID@$: 2833
Date: Mon, 17 Feb 2020 05:03:54 -0700
Author: Ryan Gilgan
Shift: Night Shift
Operators: Ryan G | Bryan N
Shift Handover Meeting: Dayton M | Dallas L
Start of Shift Meeting: 
Plant Status: Steady
Equipment Outage: 
Filter Change: 
Pigging: 
Recycle Pumps: Production | Overflow
Amine Concentration: 
Roustabout Utilization: 
Attachment: 
Encoding: HTML
========================================
<p>Shut off recycle to boot.</p>

<p>Adjust internal louvers on K-203.</p>

<p>1 load of Baccalieu emulsion hauled in by HVO.</p>

<p>recycle pump &quot;B&quot; down once, restarted all good.</p>

<p>&nbsp;</p>
$@MID@$: 2834
Date: Mon, 17 Feb 2020 17:13:26 -0700
Author: Dayton Mohr
Shift: Day Shift
Operators: Dayton M | Dallas L
Shift Handover Meeting: Tye M | Bryan N | Ryan Bl
Start of Shift Meeting: 
Plant Status: Steady
Equipment Outage: 
Filter Change: 
Pigging: 
Recycle Pumps: Production | Overflow
Amine Concentration: 
Roustabout Utilization: 
Attachment: 
Encoding: HTML
========================================
<p>Updated Fire extingher list on computer, completed weekend checks</p>

<p>Working on Procedures</p>

<p>Prep for K202 &amp; K201 services tomorrow</p>

<p>LTS-Chance hauled in load of Baccilieau oil from 1-19</p>

<p>plant steady</p>

<p>&nbsp;</p>
