$@MID@$: 2896
Date: Tue, 17 Mar 2020 05:16:54 -0600
Author: Dayton Mohr
Shift: Night Shift
Operators: Dayton M | Bryan N
Shift Handover Meeting: Kevin N | Dallas L
Start of Shift Meeting: 
Plant Status: Steady
Equipment Outage: 
Filter Change: 
Pigging: 
Recycle Pumps: Production
Amine Concentration: 
Roustabout Utilization: 
Plant Process Discussion: Yes
Operational Targets: N/A
Overrides or Safeties Bypassed: N/A
Upcoming Activities: N/A
HSE Concerns: N/A
Regulatory Requirements: N/A
Staff Discussion: N/A
Weather & Effects on Operations: No
Permit Extensions/Critical Tasks: N/A
Attachment: 
Encoding: HTML
========================================
<p>Amine Bag filter ESD show open on DCS, local it is closed WO # 35755</p>

<p>Closed louvers Air compressor to force more warm air outside, building very warm</p>

<p>Blew down chiller deoiler</p>

<p>Plant Steady</p>

<p>Cleaned &amp; Sanitized common area&#39;s in the control room 2 x</p>
$@MID@$: 2897
Date: Tue, 17 Mar 2020 17:04:28 -0600
Author: Kevin Nicol
Shift: Day Shift
Operators: Kevin N | Dallas L
Shift Handover Meeting: Dayton M | Bryan N
Start of Shift Meeting: 
Plant Status: Steady
Equipment Outage: 
Filter Change: 
Pigging: 
Recycle Pumps: Production
Amine Concentration: 
Roustabout Utilization: 
Plant Process Discussion: Yes
Operational Targets: N/A
Overrides or Safeties Bypassed: N/A
Upcoming Activities: N/A
HSE Concerns: N/A
Regulatory Requirements: N/A
Staff Discussion: N/A
Weather & Effects on Operations: No
Permit Extensions/Critical Tasks: N/A
Attachment: 
Encoding: HTML
========================================
<p>&nbsp;05:45 cleaned the control room</p>

<p>Gauged fuel tanks, approx 50% in each</p>

<p>GGT hauling H2O</p>

<p>Wade worked on 11-22 plunger</p>

<p>phone system is not working at times, reset the system but did not seam to help</p>

<p>worked on the supply list</p>

<p>worked on procedures</p>

<p>worked on CMDS</p>

<p>sent Eric info/pics of the hot oil heater</p>

<p>Keylink started pums, flow set at about 110, pumps are good</p>

<p>H2O filters diff getting high, switched pots, will change out tommorow.</p>

<p>17:00 cleaning the control room</p>
