$@MID@$: 2871
Date: Fri, 06 Mar 2020 05:28:02 -0700
Author: Blaine Harris
Shift: Night Shift
Operators: Blaine H | Jordan W
Shift Handover Meeting: Tye M | Kyle S
Start of Shift Meeting: 
Plant Status: Steady
Equipment Outage: 
Filter Change: 
Pigging: 
Recycle Pumps: Production
Amine Concentration: 
Roustabout Utilization: 
Attachment: 
Encoding: HTML
========================================
<p>&nbsp;-Adjusted the amine overhead condensor cooler louvers closed a little.</p>

<p>-Swapped the 2 speed c3 fan from fast to slow.</p>

<p>-Worked on procedures, there are 3 more in the binder to review.</p>
$@MID@$: 2873
Date: Fri, 06 Mar 2020 17:48:03 -0700
Author: Tye Mastre
Shift: Day Shift
Operators: Tye M | Kyle S
Shift Handover Meeting: Blaine H | Jordan W
Start of Shift Meeting: Kristina C | Tyson T | Kevin T
Plant Status: Steady | Lost Compressor(s)
Equipment Outage: C3-B
Filter Change: Water Plant
Pigging: 
Recycle Pumps: Production
Amine Concentration: 
Roustabout Utilization: 
Attachment: 
Encoding: HTML
========================================
<p>Replaced res gas cyl 2 res gas disch valve inboard&nbsp;on the c3 &quot;B&quot; compressor and outboard suction on cyl 2. WO#35695.</p>

<p>Nightshift please keep an eye on the res gas jack skrews on the valve caps to ensure they havent moved. Any questions call Tyson.</p>

<p>Turned the 2 speed fan from &quot;slow&quot; to off to increase amine contactor inlet temp.</p>

<p>Pinched taprs abit on the West side of the amine trim cooler.</p>

<p>Worked on procedures.</p>

<p>Kevin T took the portable cooler fan out of the hot oil heater due to the ambiant temp. Left one door open.</p>

<p>Rob with GGT hauled Zeta water and sucked out the slop oil drums in the compressor building.</p>

<p>Turned the de bute overhead fans from 10% output to 0% to increase the pressure on tower.</p>

<p>Skimmed amine charcoal filter. Clean.</p>

<p>Blew down the chiller deoiler.</p>

<p>Changed water plant filters.</p>
