$@MID@$: 2880
Date: Tue, 10 Mar 2020 05:21:34 -0600
Author: Blaine Harris
Shift: Night Shift
Operators: Blaine H | Jordan W
Shift Handover Meeting: Tye M | Kyle S
Start of Shift Meeting: 
Plant Status: Steady
Equipment Outage: 
Filter Change: 
Pigging: 
Recycle Pumps: Production
Amine Concentration: 
Roustabout Utilization: 
Plant Process Discussion: Yes
Operational Targets: N/A
Overrides or Safeties Bypassed: N/A
Upcoming Activities: N/A
HSE Concerns: N/A
Regulatory Requirements: N/A
Staff Discussion: N/A
Weather & Effects on Operations: No
Permit Extensions/Critical Tasks: N/A
Attachment: 
Encoding: HTML
========================================
<p>&nbsp;-Filled the lpg pump lubricator.</p>

<p>-Finished bring on the sour inlets</p>

<p>-Shut off the amine makeup water pump.</p>

<p>-Dumped liquids out of K208 3rd stage suction scrubber.</p>

<p>-Closed the doors on the acid gas compressor building.</p>
$@MID@$: 2881
Date: Tue, 10 Mar 2020 16:45:11 -0600
Author: Kyle Shute
Shift: Day Shift
Operators: Kevin N | Kyle S
Shift Handover Meeting: Dayton M | Jordan W
Start of Shift Meeting: Daren F | Tyson T | Devin N | Kevin T
Plant Status: Steady
Equipment Outage: 
Filter Change: 
Pigging: 
Recycle Pumps: Production
Amine Concentration: 
Roustabout Utilization: 
Plant Process Discussion: Yes
Operational Targets: N/A
Overrides or Safeties Bypassed: N/A
Upcoming Activities: N/A
HSE Concerns: N/A
Regulatory Requirements: N/A
Staff Discussion: Yes
Weather & Effects on Operations: No
Permit Extensions/Critical Tasks: N/A
Attachment: 
Encoding: HTML
========================================
<p>Topped up LPG packing lubricator.</p>

<p>Repaired Amine makeup water tank load line.</p>

<p>Nelson bros delivered RO water, started pump back up and increased rate from 15 to 20.</p>

<p>Rob hauled Braz water, also hauled out 14m3 of oil from the production tank to haul to Cynthia.</p>

<p>Signed off on some procedures.</p>

<p>Tyson T. did an oil change on K-208.</p>

<p>&nbsp;</p>
