$@MID@$: 2913
Date: Wed, 25 Mar 2020 05:13:30 -0600
Author: ryan blair
Shift: Night Shift
Operators: Ryan Bl | Jordan W
Shift Handover Meeting: Dayton M | Kyle S
Start of Shift Meeting: 
Plant Status: Steady
Equipment Outage: 
Filter Change: 
Pigging: 
Recycle Pumps: 
Amine Concentration: 46.6%
Roustabout Utilization: 
Plant Process Discussion: Yes
Operational Targets: N/A
Overrides or Safeties Bypassed: N/A
Upcoming Activities: N/A
HSE Concerns: Yes | N/A
Regulatory Requirements: N/A
Staff Discussion: N/A
Weather & Effects on Operations: No
Permit Extensions/Critical Tasks: N/A
Attachment: 
Encoding: HTML
========================================
<p>Finally stopped snowing early eveningish. Cooled off through night quite a bit</p>

<p>Turn refridge fan onto slow.</p>

<p>Shovel out some of battery and around control room.</p>

<p>Top up LPG lubricator</p>

<p>&nbsp;Take amine concentration, at 46.6%</p>

<p>Sanatize work space areas</p>

<p>&nbsp;</p>
$@MID@$: 2914
Date: Wed, 25 Mar 2020 17:05:05 -0600
Author: Kyle Shute
Shift: Day Shift
Operators: Dayton M | Kyle S
Shift Handover Meeting: Ryan Bl | Jordan W
Start of Shift Meeting: 
Plant Status: Steady
Equipment Outage: 
Filter Change: 
Pigging: PNA | 01-21
Recycle Pumps: Production
Amine Concentration: 
Roustabout Utilization: 
Plant Process Discussion: Yes
Operational Targets: N/A
Overrides or Safeties Bypassed: N/A
Upcoming Activities: N/A
HSE Concerns: Yes
Regulatory Requirements: N/A
Staff Discussion: Yes
Weather & Effects on Operations: No
Permit Extensions/Critical Tasks: N/A
Attachment: 
Encoding: HTML
========================================
<p>Updated supplies list for pem north.</p>

<p>Topped up LPG lubricator.</p>

<p>Dayton plowed snow around the plant.</p>

<p>Superior delivered C3.</p>

<p>Dumped K-208 3rd and 1st stage suction scrubbers, also dumped K-203 suction scrubber.</p>

<p>Kim with Obsidian pigged 6-22 and 1-21, both pigs pulled and both lines are swung back out of the receivers.</p>

<p>Turned the 2 speed fan off and turned on the single speed.</p>

<p>UPS for the phone lines started alarming &quot;Replace Battery&quot; notified Kevin Tonne, he said we can use the UPS for the maintenance office boot room computer for now, swapped it out.</p>

<p>Dayton worked on master action item list.</p>

<p>Mopped up and disinfected the control room.</p>

<p>Pembina operator out checking on their pumping station.</p>

<p>&nbsp;</p>
