$@MID@$: 2899
Date: Wed, 18 Mar 2020 05:14:45 -0600
Author: Dayton Mohr
Shift: Night Shift
Operators: Dayton M | Bryan N
Shift Handover Meeting: Kevin N | Dallas L
Start of Shift Meeting: 
Plant Status: Steady
Equipment Outage: 
Filter Change: 
Pigging: 
Recycle Pumps: 
Amine Concentration: 
Roustabout Utilization: 
Plant Process Discussion: Yes
Operational Targets: N/A
Overrides or Safeties Bypassed: N/A
Upcoming Activities: N/A
HSE Concerns: N/A
Regulatory Requirements: N/A
Staff Discussion: N/A
Weather & Effects on Operations: Yes
Permit Extensions/Critical Tasks: N/A
Attachment: 
Encoding: HTML
========================================
<p>Added C3 to accumilator 0 bolts to 8 bolts, storage from 85% to 65%</p>

<p>Blew down chiller de oiler</p>

<p>Pinched K202 louvers, cooler night&nbsp;with east wind at times</p>

<p>Opened louvers in the air compressor blding to warm up</p>

<p>Keylink pumps continue to ramp up &amp; ramp down, called Rimbey, put pumps on manual for awhile, didn&#39;t help, had them lower the flow rate, didn&#39;t help. Pumps are running smooth, just flow is up &amp; down.</p>

<p>Cleaned control room 2 x</p>
$@MID@$: 2900
Date: Wed, 18 Mar 2020 17:01:22 -0600
Author: Kevin Nicol
Shift: Day Shift
Operators: Kevin N | Dallas L
Shift Handover Meeting: Dayton M | Bryan N
Start of Shift Meeting: 
Plant Status: Steady
Equipment Outage: 
Filter Change: 
Pigging: 
Recycle Pumps: Production
Amine Concentration: 
Roustabout Utilization: 
Plant Process Discussion: Yes
Operational Targets: N/A
Overrides or Safeties Bypassed: N/A
Upcoming Activities: N/A
HSE Concerns: N/A
Regulatory Requirements: N/A
Staff Discussion: N/A
Weather & Effects on Operations: No
Permit Extensions/Critical Tasks: N/A
Attachment: 
Encoding: HTML
========================================
<p>&nbsp;cleaned the control room x2</p>

<p>ordered make up H2O for tommorow</p>

<p>GGT hauled H2O from Braz</p>

<p>Mike delivered supplies</p>

<p>dumped k208 scrubbers</p>

<p>Pembine check the pumps</p>

<p>changed H2O filters</p>

<p>installed a clamp on the leaking pipe at the H2O plant</p>

<p>CPA delivered bulk oil</p>

<p>set up a radio, permits and cleaning supplies inside the west door of the warehouse as per Mikes E-mail</p>
