$@MID@$: 2888
Date: Fri, 13 Mar 2020 05:21:38 -0600
Author: Dayton Mohr
Shift: Night Shift
Operators: Dayton M | Bryan N
Shift Handover Meeting: Kevin N | Dallas L
Start of Shift Meeting: 
Plant Status: Steady
Equipment Outage: 
Filter Change: 
Pigging: 
Recycle Pumps: Production
Amine Concentration: 
Roustabout Utilization: 
Plant Process Discussion: Yes
Operational Targets: N/A
Overrides or Safeties Bypassed: N/A
Upcoming Activities: N/A
HSE Concerns: N/A
Regulatory Requirements: N/A
Staff Discussion: N/A
Weather & Effects on Operations: Yes
Permit Extensions/Critical Tasks: N/A
Attachment: 
Encoding: HTML
========================================
<p>GGT Glen hauled in 9 m3 of the 11 m3&nbsp;of oil that was taken out for Cynthia smart pig run</p>

<p>Issued GGT a PO for 9 m3 of Methenal from Qaudra</p>

<p>Hot oil pump loto&nbsp;P3501A drain tubing still draining, emptied pail x 2</p>

<p>K202 pinched louvers due to amb temp dropping, help to warm up plant inlet</p>

<p>Closed doors in compressor building to keep warm</p>

<p>Plant steady No issues</p>
$@MID@$: 2889
Date: Fri, 13 Mar 2020 17:13:20 -0600
Author: Kevin Nicol
Shift: Day Shift
Operators: Kevin N | Dallas L
Shift Handover Meeting: Dayton M | Bryan N
Start of Shift Meeting: Daren F | Tyson T | Devin N
Plant Status: Steady
Equipment Outage: 
Filter Change: 
Pigging: 
Recycle Pumps: Production
Amine Concentration: 
Roustabout Utilization: 
Plant Process Discussion: Yes
Operational Targets: N/A
Overrides or Safeties Bypassed: N/A
Upcoming Activities: N/A
HSE Concerns: N/A
Regulatory Requirements: N/A
Staff Discussion: Yes
Weather & Effects on Operations: No
Permit Extensions/Critical Tasks: N/A
Attachment: 
Encoding: HTML
========================================
<p>&nbsp;Ordered drinking H2O, Home hardware delivered</p>

<p>added C3, tank levels 50% and 0%, ordered C3</p>

<p>Rob delivered 9M3 of methanol</p>

<p>pinched in louvers on k202</p>

<p>GGT hauled H2O</p>

<p>Pembina ran a pig</p>

<p>C3 fan to slow</p>

<p>Closed Main gate to limit access to plant access to esental personal, Mait personal will be working from home and will only be called out for &quot;crash&quot; maitenance. As per Mike</p>

<p>cleaned surfaces in the control room</p>
