$@MID@$: 3054
Date: Sun, 31 May 2020 05:19:35 -0600
Author: Blaine Harris
Shift: Night Shift
Operators: Blaine H | Romeo T
Shift Handover Meeting: Tye M | Kyle S
Start of Shift Meeting: 
Plant Status: Steady
Equipment Outage: 
Filter Change: 
Pigging: 
Recycle Pumps: Production
Amine Concentration: 
Roustabout Utilization: 
Berm Water Samples Taken: No
Plant Process Discussion: Yes
Operational Targets: N/A
Overrides or Safeties Bypassed: N/A
Upcoming Activities: N/A
HSE Concerns: Yes
Regulatory Requirements: N/A
Staff Discussion: N/A
Weather & Effects on Operations: No
Permit Extensions/Critical Tasks: N/A
Attachment: 
Encoding: HTML
========================================
<p>-Disinfected the control room x2</p>

<p>-Checked on the&nbsp;Bigoray offload methanol pumps several times throughout the night, all is good.</p>

<p>-Work on cmds and&nbsp;validated some competencies&nbsp;for Romeo.</p>

<p>-Kept watch on the line pressure to Bigoray thoughout the night and it was steady.</p>
$@MID@$: 3055
Date: Sun, 31 May 2020 17:29:29 -0600
Author: Tye Mastre
Shift: Day Shift
Operators: Tye M | Kyle S
Shift Handover Meeting: Blaine H | Romeo T
Start of Shift Meeting: 
Plant Status: Steady
Equipment Outage: 
Filter Change: 
Pigging: 
Recycle Pumps: Production
Amine Concentration: 
Roustabout Utilization: 
Berm Water Samples Taken: Yes
Plant Process Discussion: Yes
Operational Targets: N/A
Overrides or Safeties Bypassed: N/A
Upcoming Activities: Yes
HSE Concerns: Yes
Regulatory Requirements: Yes
Staff Discussion: Yes
Weather & Effects on Operations: No
Permit Extensions/Critical Tasks: N/A
Attachment: 
Encoding: HTML
========================================
<p>Sanitized control room AM and PM.</p>

<p>LP cold sep rang in hi level. Drained down to flare.</p>

<p>Manually dumped the inlet coalescer filter.</p>

<p>Took water samples and delivered to Element for dumping berms.</p>

<p>Tied up some loose ends for plant outage tomorrow AM. Containments, vent hoses etc.</p>

<p>Checked methanol pump rates. All good.</p>

<p>Filled up methanol storage tank.</p>

<p>Manually dumped K-203 suction scrubber.</p>

<p>Josh dropped off a chemical pump and containment for tomorrow&#39;s redirect.</p>

<p>&nbsp;</p>
