$@MID@$: 3046
Date: Wed, 27 May 2020 04:59:42 -0600
Author: Kevin Nicol
Shift: Night Shift
Operators: Kevin N | Dallas L
Shift Handover Meeting: Ryan G | Jordan W
Start of Shift Meeting: 
Plant Status: Steady
Equipment Outage: 
Filter Change: 
Pigging: 
Recycle Pumps: Production
Amine Concentration: 
Roustabout Utilization: 
Berm Water Samples Taken: No
Plant Process Discussion: Yes
Operational Targets: N/A
Overrides or Safeties Bypassed: N/A
Upcoming Activities: N/A
HSE Concerns: N/A
Regulatory Requirements: N/A
Staff Discussion: N/A
Weather & Effects on Operations: No
Permit Extensions/Critical Tasks: N/A
Attachment: 
Encoding: HTML
========================================
<p>&nbsp;took temp at start of shift</p>

<p>cleaned control X2</p>

<p>cleaned up old pads by K202</p>

<p>dumped the amine skim tanknight shift truck inspection</p>

<p>checked methanol pumps</p>
$@MID@$: 3047
Date: Wed, 27 May 2020 16:50:21 -0600
Author: Ryan Gilgan
Shift: Day Shift
Operators: Ryan G | Jordan W
Shift Handover Meeting: Kevin N | Dallas L
Start of Shift Meeting: 
Plant Status: Steady
Equipment Outage: 
Filter Change: 
Pigging: 
Recycle Pumps: Production
Amine Concentration: 
Roustabout Utilization: 
Berm Water Samples Taken: No
Plant Process Discussion: Yes
Operational Targets: N/A
Overrides or Safeties Bypassed: N/A
Upcoming Activities: N/A
HSE Concerns: N/A
Regulatory Requirements: N/A
Staff Discussion: N/A
Weather & Effects on Operations: No
Permit Extensions/Critical Tasks: N/A
Attachment: 
Encoding: HTML
========================================
<p>Sanitized control room 2x</p>

<p>Worked on line drawings and SVI for flare line isolation.<span style="color:#0000FF">&nbsp; Can the next shift please review and add if needed.</span></p>

<p>Truck inspections completed and submitted</p>

<p>Rob hauled Zeta water.</p>

<p>Baker brought out and added 1001U and scale inhibitor to the tanks</p>

<p>Kevin and Devin worked on refridge upgrades, will be back tomorrow.</p>

<p>Topped up methanol tank and skid.</p>

<p>Fixed the road by the LPG building from run off.</p>

<p>CMDS</p>

<p>&nbsp;</p>
