$@MID@$: 3079
Date: Fri, 12 Jun 2020 06:55:27 -0600
Author: Bryan Noble
Shift: Night Shift
Operators: Bryan N | Jeff B
Shift Handover Meeting: Blaine H | Kyle S
Start of Shift Meeting: 
Plant Status: Steady
Equipment Outage: 
Filter Change: 
Pigging: 
Recycle Pumps: Production
Amine Concentration: 
Roustabout Utilization: 
Berm Water Samples Taken: No
Plant Process Discussion: Yes
Operational Targets: N/A
Overrides or Safeties Bypassed: N/A
Upcoming Activities: N/A
HSE Concerns: N/A
Regulatory Requirements: N/A
Staff Discussion: N/A
Weather & Effects on Operations: No
Permit Extensions/Critical Tasks: N/A
Attachment: 
Encoding: HTML
========================================
<p>&nbsp;-Drained LP cold sep to flare.</p>

<p>-Checked methanol pumps through out the night, all good.</p>

<p>-Sanitized control room.</p>

<p>-Worked on cmds.</p>
$@MID@$: 3080
Date: Fri, 12 Jun 2020 17:12:30 -0600
Author: Blaine Harris
Shift: Day Shift
Operators: Blaine H | Kyle S
Shift Handover Meeting: Bryan N | Jeff B
Start of Shift Meeting: 
Plant Status: Steady
Equipment Outage: 
Filter Change: 
Pigging: 
Recycle Pumps: Production
Amine Concentration: 
Roustabout Utilization: 
Berm Water Samples Taken: No
Plant Process Discussion: Yes
Operational Targets: N/A
Overrides or Safeties Bypassed: N/A
Upcoming Activities: N/A
HSE Concerns: Yes
Regulatory Requirements: N/A
Staff Discussion: N/A
Weather & Effects on Operations: No
Permit Extensions/Critical Tasks: N/A
Attachment: 
Encoding: HTML
========================================
<p>&nbsp;-Keabray on site dismantling the truck offload piping and meter for the new meter install. Lockout and svi package done.</p>

<p>-Opened up the amine trim coolers all the way.</p>

<p>-Pumped out the amine packing drip tank.</p>

<p>-Changed the sales analyzer tape.</p>

<p>-Filled the day tank with methanol from the inlet header up on the hill and hauled it down to the bigoray offload methanol tank. The tank on the hill is now empty, called Ken Leask and let him know.</p>

<p>-Sucked up K-204 gutters.</p>

<p>-Called DV Rentals to get a new garbage bin delivered, Monday they will drop it off and pick up the full one.</p>

<p>-Rob hauled in Braz water and assisted Keabray with the initial breaking of pipes.</p>

<p>-Kristina on site working with Keabray on the new meter.</p>

<p>-</p>
