$@MID@$: 3083
Date: Sun, 14 Jun 2020 05:07:12 -0600
Author: ryan blair
Shift: Night Shift
Operators: Ryan Bl | Jeff B
Shift Handover Meeting: Blaine H | Kyle S
Start of Shift Meeting: Kevin T
Plant Status: Steady
Equipment Outage: H-400
Filter Change: 
Pigging: 
Recycle Pumps: 
Amine Concentration: 
Roustabout Utilization: 
Berm Water Samples Taken: No
Plant Process Discussion: Yes
Operational Targets: N/A
Overrides or Safeties Bypassed: N/A
Upcoming Activities: N/A
HSE Concerns: N/A
Regulatory Requirements: N/A
Staff Discussion: N/A
Weather & Effects on Operations: Yes
Permit Extensions/Critical Tasks: N/A
Attachment: 
Encoding: HTML
========================================
<p>Checked methanol pumps multiple times, both look good.</p>

<p>Power bump around 10 pm</p>

<p>Lost hot oil heater, had to reset east pump and start back up</p>

<p>Lost recycle pump, BOL</p>

<p>Reflux accumulator high levelled, pump was vapour locked, BOL</p>

<p>Process steady through rest of night</p>
$@MID@$: 3084
Date: Sun, 14 Jun 2020 17:18:59 -0600
Author: Blaine Harris
Shift: Day Shift
Operators: Blaine H | Kyle S
Shift Handover Meeting: Ryan Bl | Jeff B
Start of Shift Meeting: 
Plant Status: Steady
Equipment Outage: 
Filter Change: 
Pigging: 
Recycle Pumps: Production
Amine Concentration: 
Roustabout Utilization: 
Berm Water Samples Taken: No
Plant Process Discussion: Yes
Operational Targets: N/A
Overrides or Safeties Bypassed: N/A
Upcoming Activities: N/A
HSE Concerns: Yes
Regulatory Requirements: N/A
Staff Discussion: N/A
Weather & Effects on Operations: No
Permit Extensions/Critical Tasks: N/A
Attachment: 
Encoding: HTML
========================================
<p>&nbsp;-Finished weekend pm&#39;s</p>

<p>-Rob Thirsk hauled in 1 load of Zeta water and sucked out the process floor drains.</p>

<p>-Dumped K203 suction scrubber.</p>

<p>-Filled the methanol slip tank and the Bigoray offload methanol tank.</p>

<p>-Checked the Bigoray offload methalol pump rates several times.</p>

<p>-CMDS</p>

<p>&nbsp;</p>

<p>&nbsp;</p>
