$@MID@$: 3081
Date: Sat, 13 Jun 2020 05:10:07 -0600
Author: Bryan Noble
Shift: Night Shift
Operators: Bryan N | Jeff B
Shift Handover Meeting: Blaine H | Kyle S
Start of Shift Meeting: 
Plant Status: Steady
Equipment Outage: 
Filter Change: 
Pigging: 
Recycle Pumps: Production
Amine Concentration: 
Roustabout Utilization: 
Berm Water Samples Taken: No
Plant Process Discussion: Yes
Operational Targets: N/A
Overrides or Safeties Bypassed: N/A
Upcoming Activities: N/A
HSE Concerns: N/A
Regulatory Requirements: N/A
Staff Discussion: N/A
Weather & Effects on Operations: No
Permit Extensions/Critical Tasks: N/A
Attachment: 
Encoding: HTML
========================================
<p>&nbsp;-LP cold sep rang in high level, Dumped to flare.</p>

<p>-Checked methanol pumps through out the night.</p>

<p>-Completed work site inspections.</p>

<p>-Sanitized control room x2.</p>

<p>&nbsp;</p>
$@MID@$: 3082
Date: Sat, 13 Jun 2020 17:29:51 -0600
Author: Blaine Harris
Shift: Day Shift
Operators: Blaine H | Kyle S
Shift Handover Meeting: Bryan N | Jeff B
Start of Shift Meeting: 
Plant Status: Steady
Equipment Outage: 
Filter Change: 
Pigging: 
Recycle Pumps: Production
Amine Concentration: 42
Roustabout Utilization: 
Berm Water Samples Taken: No
Plant Process Discussion: Yes
Operational Targets: N/A
Overrides or Safeties Bypassed: N/A
Upcoming Activities: N/A
HSE Concerns: Yes
Regulatory Requirements: N/A
Staff Discussion: N/A
Weather & Effects on Operations: No
Permit Extensions/Critical Tasks: N/A
Attachment: 
Encoding: HTML
========================================
<p>&nbsp;-Called out Chris Nagy to check the belts on E-4800 cooler, it was starting to get noisy,&nbsp;he ended up tightening them.</p>

<p>-Amine concentration is at 42%</p>

<p>-Started the amine water makeup pump at 8%</p>

<p>-Loaded the methanol pump and tank on the trailer and is ready for field personal to pick it up.</p>

<p>-Disinfected the control room x2</p>

<p>-Checked on the Bigoray offload methanol pumps serveral times. Filled the tank from the day tank.</p>

<p>-Strarted weekend checks.</p>

<p>-</p>
