$@MID@$: 3087
Date: Tue, 16 Jun 2020 02:49:32 -0600
Author: ryan blair
Shift: Night Shift
Operators: Ryan Bl | Jeff B
Shift Handover Meeting: Blaine H | Kyle S
Start of Shift Meeting: 
Plant Status: Steady
Equipment Outage: 
Filter Change: 
Pigging: 
Recycle Pumps: Production
Amine Concentration: 
Roustabout Utilization: 
Berm Water Samples Taken: No
Plant Process Discussion: Yes
Operational Targets: N/A
Overrides or Safeties Bypassed: N/A
Upcoming Activities: N/A
HSE Concerns: N/A
Regulatory Requirements: N/A
Staff Discussion: N/A
Weather & Effects on Operations: No
Permit Extensions/Critical Tasks: N/A
Attachment: 
Encoding: HTML
========================================
<p>Check methanol pumps multiple times through night, both working good</p>

<p>Compression steady through night, no adjustments</p>
$@MID@$: 3088
Date: Tue, 16 Jun 2020 16:58:39 -0600
Author: Kyle Shute
Shift: Day Shift
Operators: Blaine H | Kyle S
Shift Handover Meeting: Ryan Bl | Jeff B
Start of Shift Meeting: 
Plant Status: Lost Compressor(s)
Equipment Outage: K-206
Filter Change: 
Pigging: Vermilion
Recycle Pumps: Production
Amine Concentration: 
Roustabout Utilization: 
Berm Water Samples Taken: No
Plant Process Discussion: Yes
Operational Targets: N/A
Overrides or Safeties Bypassed: N/A
Upcoming Activities: Yes
HSE Concerns: Yes
Regulatory Requirements: N/A
Staff Discussion: Yes
Weather & Effects on Operations: No
Permit Extensions/Critical Tasks: Yes
Attachment: 
Encoding: HTML
========================================
<p>-Keabray (Andrew) out to install new drain piping for the floor sump and filter pots in the water plant, used the skidsteer to build a pad around the new battery truck-in load line.</p>

<p>-Installed new microswitch on the north methanol pump.</p>

<p>-Core Lab (Alex) out to take monthly samples.</p>

<p>-Allan B., Kristina C., Devin N. out working on the new truck-in load line.</p>

<p>-Kevin T. working on electrical for the battery mass flow meter.</p>

<p>-Tervita dropped off 2 new filter bins and hauled away 2 full ones (one at the Battery, one at K-203).</p>

<p>-Bigoray&#39;s H2S analyzer went sour, had to shut in production for approximately 1/2 hour until they could confirm they were sweet.</p>

<p>-Monitored methanol pumps throughout the day, running around 260L/day.</p>

<p>-Worked on SVI / LOTO Package for the PSV replacements in process.</p>

<p>-Keabray still working at shift change.</p>

<p><u><strong>Upcoming Activities</strong></u></p>

<p>-PSV replacements for the Chiller, C3 Suction Scrubber, 1st Stage Discharge on K-3301B, and a new PSV install on the Refridge Subcooler sometime next week.</p>

<p>-Spartan/ GGT out tomorrow to prove the new battery mass flow meter.</p>

<p>&nbsp;</p>

<p>&nbsp;</p>
