$@MID@$: 3070
Date: Mon, 08 Jun 2020 05:08:00 -0600
Author: Dayton Mohr
Shift: Night Shift
Operators: Dayton M | Bryan N
Shift Handover Meeting: Kevin N | Jordan W
Start of Shift Meeting: 
Plant Status: Steady
Equipment Outage: 
Filter Change: 
Pigging: 
Recycle Pumps: Production
Amine Concentration: 
Roustabout Utilization: 
Berm Water Samples Taken: No
Plant Process Discussion: N/A
Operational Targets: N/A
Overrides or Safeties Bypassed: N/A
Upcoming Activities: N/A
HSE Concerns: N/A
Regulatory Requirements: N/A
Staff Discussion: N/A
Weather & Effects on Operations: No
Permit Extensions/Critical Tasks: N/A
Attachment: 
Encoding: HTML
========================================
<p>&nbsp;Checked Methanol pumps &amp; flows</p>

<p>Plant steady</p>

<p>Sanitized control room start &amp; finish of shift.</p>
$@MID@$: 3071
Date: Mon, 08 Jun 2020 17:04:04 -0600
Author: Kevin Nicol
Shift: Day Shift
Operators: Kevin N | Jordan W
Shift Handover Meeting: Dayton M | Bryan N
Start of Shift Meeting: 
Plant Status: Steady
Equipment Outage: 
Filter Change: 
Pigging: 
Recycle Pumps: Production
Amine Concentration: 
Roustabout Utilization: 
Berm Water Samples Taken: No
Plant Process Discussion: Yes
Operational Targets: N/A
Overrides or Safeties Bypassed: N/A
Upcoming Activities: N/A
HSE Concerns: N/A
Regulatory Requirements: N/A
Staff Discussion: N/A
Weather & Effects on Operations: No
Permit Extensions/Critical Tasks: N/A
Attachment: 
Encoding: HTML
========================================
<p>&nbsp;dumped the amine skim tank</p>

<p>topped up methanol</p>

<p>worked on master action item list</p>

<p>worked on CMDS</p>

<p>worked on procedures</p>

<p>K202 4th stage level contron quit working, blew down bottom leg and topped up the glycol leg</p>

<p>talked to Kristina about fixing pembina&#39;s meter roll over time</p>

<p>&nbsp;</p>
