$@MID@$: 3064
Date: Fri, 05 Jun 2020 05:20:13 -0600
Author: Dayton Mohr
Shift: Night Shift
Operators: Dayton M | Bryan N
Shift Handover Meeting: Kevin N | Jordan W
Start of Shift Meeting: 
Plant Status: Steady
Equipment Outage: 
Filter Change: 
Pigging: 
Recycle Pumps: Production
Amine Concentration: 
Roustabout Utilization: 
Berm Water Samples Taken: No
Plant Process Discussion: N/A
Operational Targets: N/A
Overrides or Safeties Bypassed: N/A
Upcoming Activities: N/A
HSE Concerns: N/A
Regulatory Requirements: N/A
Staff Discussion: N/A
Weather & Effects on Operations: No
Permit Extensions/Critical Tasks: N/A
Attachment: 
Encoding: HTML
========================================
<p>&nbsp;Monitored methanol pumps</p>

<p>6-19 Esd closed, called Kenny, he was going to get ahold of Obsidian Wade</p>

<p>Plant steady.</p>

<p>Sanitized control room start &amp; end of shift</p>
$@MID@$: 3065
Date: Fri, 05 Jun 2020 17:12:37 -0600
Author: Kevin Nicol
Shift: Day Shift
Operators: Kevin N | Jordan W
Shift Handover Meeting: Dayton M | Bryan N
Start of Shift Meeting: 
Plant Status: Steady
Equipment Outage: 
Filter Change: 
Pigging: 
Recycle Pumps: Production
Amine Concentration: 
Roustabout Utilization: 
Berm Water Samples Taken: No
Plant Process Discussion: Yes
Operational Targets: N/A
Overrides or Safeties Bypassed: N/A
Upcoming Activities: N/A
HSE Concerns: N/A
Regulatory Requirements: N/A
Staff Discussion: N/A
Weather & Effects on Operations: No
Permit Extensions/Critical Tasks: N/A
Attachment: 
Encoding: HTML
========================================
<p>&nbsp;worked on master action item list</p>

<p>unpluged the drain on the H2O KO pot in the instrument air building</p>

<p>CMDS</p>

<p>reviewed procedures</p>

<p>Pembina proved meters</p>

<p>topped up the methanol tank and checked pumps several times</p>

<p>&nbsp;</p>
