$@MID@$: 3132
Date: Wed, 08 Jul 2020 05:24:15 -0600
Author: Blaine Harris
Shift: Night Shift
Operators: Blaine H | Bryan N
Shift Handover Meeting: Tye M | Jordan W
Start of Shift Meeting: 
Plant Status: Steady
Equipment Outage: 
Filter Change: 
Pigging: 
Recycle Pumps: Production
Amine Concentration: 
Roustabout Utilization: 
Berm Water Samples Taken: No
Plant Process Discussion: Yes
Operational Targets: N/A
Overrides or Safeties Bypassed: N/A
Upcoming Activities: N/A
HSE Concerns: Yes
Regulatory Requirements: N/A
Staff Discussion: N/A
Weather & Effects on Operations: No
Permit Extensions/Critical Tasks: N/A
Attachment: 
Encoding: HTML
========================================
<p>&nbsp;-Disinfected the control room</p>

<p>-Increased the pressure on the amine reflux accumulator to 70 kpa from 50kpa to help with pump suction.</p>

<p>-Had to adjust the amine reboiler temp several times throughout the night to help maintain regen tops temp.</p>

<p>-Checked on the Bigoray off load methanol pump rates several times throughout the night.</p>

<p>-Had to stop/start the amine reflux pumps several times throughout the night to prime the pump.</p>
$@MID@$: 3133
Date: Wed, 08 Jul 2020 17:14:51 -0600
Author: Tye Mastre
Shift: Day Shift
Operators: Tye M | Jordan W
Shift Handover Meeting: Blaine H | Bryan N
Start of Shift Meeting: 
Plant Status: Steady
Equipment Outage: Water Plant
Filter Change: 
Pigging: 
Recycle Pumps: Production
Amine Concentration: 
Roustabout Utilization: 
Berm Water Samples Taken: No
Plant Process Discussion: Yes
Operational Targets: N/A
Overrides or Safeties Bypassed: N/A
Upcoming Activities: N/A
HSE Concerns: Yes
Regulatory Requirements: Yes
Staff Discussion: Yes
Weather & Effects on Operations: No
Permit Extensions/Critical Tasks: N/A
Attachment: 
Encoding: HTML
========================================
<p>Sanitized control room AM and PM.</p>

<p>Wednesday morning meeting.</p>

<p>Dumped berms 2,4 &amp; 5.</p>

<p>Bob K delivered more sample kits and coolers this afternoon.</p>

<p>Adjusted amine reboiler control valve as needed.</p>

<p>Cycled amine reflux pumps as needed to help catch suction. Had them controlling on their own for abit with the cooler ambiant temps helping out but condencer was still abit too hot.</p>

<p>Polard insulation out scoping out load line, c3 &quot;B&quot; compressor and chiller jobs.</p>

<p>Rob hauled in Braz and Zeta water and one load of oil from Braz water tank. Water plant ESD due to hi level. Reset the ESD after water tank level pumped down.</p>

<p>Recycled from boot. Back to normal now.</p>

<p>Dumped drip pails and cleaned up abit in compression.</p>

<p>Braz truck is now fixed and will be picking up tonight and returning to Tarin.</p>

<p>&nbsp;</p>
