$@MID@$: 3159
Date: Tue, 21 Jul 2020 04:47:22 -0600
Author: Ryan Gilgan
Shift: Night Shift
Operators: Ryan G | Dallas L
Shift Handover Meeting: Blaine H | Jordan W
Start of Shift Meeting: 
Plant Status: Steady
Equipment Outage: 
Filter Change: 
Pigging: 
Recycle Pumps: Production
Amine Concentration: 
Roustabout Utilization: 
Berm Water Samples Taken: No
Plant Process Discussion: Yes
Operational Targets: N/A
Overrides or Safeties Bypassed: N/A
Upcoming Activities: N/A
HSE Concerns: N/A
Regulatory Requirements: N/A
Staff Discussion: N/A
Weather & Effects on Operations: No
Permit Extensions/Critical Tasks: N/A
Attachment: 
Encoding: HTML
========================================
<p>Clean and sanitize control room 2x</p>

<p>Drained Amine skim tank to flare.</p>

<p>Checked methanol pumps, and rates throughout the night, all good.</p>
$@MID@$: 3160
Date: Tue, 21 Jul 2020 17:23:07 -0600
Author: Blaine Harris
Shift: Day Shift
Operators: Blaine H | Jordan W
Shift Handover Meeting: Ryan G | Dallas L
Start of Shift Meeting: 
Plant Status: Steady
Equipment Outage: K-206
Filter Change: 
Pigging: 
Recycle Pumps: Production
Amine Concentration: 
Roustabout Utilization: 
Berm Water Samples Taken: Yes
Plant Process Discussion: Yes
Operational Targets: N/A
Overrides or Safeties Bypassed: N/A
Upcoming Activities: N/A
HSE Concerns: Yes
Regulatory Requirements: N/A
Staff Discussion: N/A
Weather & Effects on Operations: No
Permit Extensions/Critical Tasks: N/A
Attachment: 
Encoding: HTML
========================================
<p>&nbsp;-Disinfected the control room x2</p>

<p>-North Slope out spraying weeds in the plant.</p>

<p>-Brandon and Chris Nagy worked on BC3 compressor.</p>

<p>-Aprox 09:00am Bigoray called and ask PN to stop sending gas, they were having electrical issues at their site. Shut in all the inlets. Lost K206 compressor on low suction.</p>

<p>-11:00 Bigoray called to say we could start sending gas again.</p>

<p>-Pollard out insulating in the plant.</p>

<p>-CEG Blasting out and cleaned the amine cooler, and half of the Propane condensor. They will be back out again on Monday to finish.</p>

<p>-14:50 Bigoray called to say they were having electrical issues again and ask for us to cut gas flow to them. Shut in all inlets.</p>

<p>-Checked on Bigoray offload methanol pump rates, all good. Filled the methanol tank.</p>

<p>-Took berm samples and sent to town.</p>

<p>-Air Liquide picked up empty N2 bottles and delivered 1 to braz.</p>

<p>-Kelly&#39;s Trucking delivered a discharge bottle for c3, mechanics installed to see how it fit and Kelly&#39;s delivered it back to Calgary.</p>

<p>-Devin did K-205 panal checks.</p>
