$@MID@$: 3130
Date: Tue, 07 Jul 2020 05:07:50 -0600
Author: Kevin Nicol
Shift: Night Shift
Operators: Kevin N | Bryan N
Shift Handover Meeting: Tye M | Jordan W
Start of Shift Meeting: 
Plant Status: Steady
Equipment Outage: 
Filter Change: 
Pigging: 
Recycle Pumps: Production
Amine Concentration: 
Roustabout Utilization: 
Berm Water Samples Taken: No
Plant Process Discussion: Yes
Operational Targets: N/A
Overrides or Safeties Bypassed: N/A
Upcoming Activities: N/A
HSE Concerns: N/A
Regulatory Requirements: N/A
Staff Discussion: N/A
Weather & Effects on Operations: No
Permit Extensions/Critical Tasks: N/A
Attachment: 
Encoding: HTML
========================================
<p>&nbsp;blew down the amine reflux pump a few times</p>

<p>increased the regen temp</p>

<p>AI-3003 LEL detection rang in in process, found packing leaking on the deeth level control valve LCV-3108 WO-37030 to replace packing</p>

<p>amine condenser looks like it needs to be cleaned</p>

<p>&nbsp;</p>
$@MID@$: 3131
Date: Tue, 07 Jul 2020 17:22:11 -0600
Author: Tye Mastre
Shift: Day Shift
Operators: Tye M | Jordan W
Shift Handover Meeting: Blaine H | Bryan N
Start of Shift Meeting: Tyson T | Devin N | Brandon G
Plant Status: Steady
Equipment Outage: 
Filter Change: 
Pigging: 
Recycle Pumps: Production
Amine Concentration: 
Roustabout Utilization: 
Berm Water Samples Taken: No
Plant Process Discussion: Yes
Operational Targets: N/A
Overrides or Safeties Bypassed: N/A
Upcoming Activities: N/A
HSE Concerns: Yes
Regulatory Requirements: Yes
Staff Discussion: Yes
Weather & Effects on Operations: No
Permit Extensions/Critical Tasks: N/A
Attachment: 
Encoding: HTML
========================================
<p>&nbsp;Amine reflux pump vapour locking, seems to be from not enough cooling through condencer. Turn hand switch off for a few seconds then back on and suction takes off.</p>

<p>Tyson repaired mechanical seal on the amine reflux pump P-4510.</p>

<p>Tyson did a service on the sullair compressor.</p>

<p>Big show on site taking down their scaffolding.</p>

<p>Brandon and Al working on c3 &quot;B&quot; compressor grouting and mounts.</p>

<p>Ditch samples passed. Dumped berms (2,4,5). Bob K will be delivering sample bottles tomorrow.</p>

<p>Rob hauled Braz and zeta water to water plant. Also sucked out process floor drains.</p>

<p>CoreLabs on site for monthly samples.</p>

<p>Devin working on 6-19 ESD. Showing travel but never rang in. Never found any issues at the riser</p>

<p>Pulled the 14-03 piggy.</p>

<p>Devin ordered parts for de eth dump valve.</p>

<p>&nbsp;</p>

<p>&nbsp;</p>
