$@MID@$: 3211
Date: Sat, 15 Aug 2020 04:46:25 -0600
Author: Ryan Gilgan
Shift: Night Shift
Operators: Ryan G | Bryan N
Shift Handover Meeting: Dayton M | Jordan W
Start of Shift Meeting: 
Plant Status: Steady
Equipment Outage: 
Filter Change: 
Pigging: 
Recycle Pumps: Production
Amine Concentration: 
Roustabout Utilization: 
Berm Water Samples Taken: No
Plant Process Discussion: Yes
Operational Targets: N/A
Overrides or Safeties Bypassed: N/A
Upcoming Activities: N/A
HSE Concerns: N/A
Regulatory Requirements: N/A
Staff Discussion: N/A
Weather & Effects on Operations: No
Permit Extensions/Critical Tasks: N/A
Attachment: 
Encoding: HTML
========================================
<p>Sanitized control room.</p>

<p>Brought level down to 4 bolts in sight glass on glycol flash tank.</p>

<p>Steady night.</p>
