$@MID@$: 3209
Date: Fri, 14 Aug 2020 04:47:30 -0600
Author: Ryan Gilgan
Shift: Night Shift
Operators: Ryan G | Bryan N
Shift Handover Meeting: Dayton M | Jordan W
Start of Shift Meeting: 
Plant Status: Steady
Equipment Outage: 
Filter Change: 
Pigging: 
Recycle Pumps: Production
Amine Concentration: 
Roustabout Utilization: 
Berm Water Samples Taken: No
Plant Process Discussion: Yes
Operational Targets: N/A
Overrides or Safeties Bypassed: N/A
Upcoming Activities: N/A
HSE Concerns: N/A
Regulatory Requirements: N/A
Staff Discussion: N/A
Weather & Effects on Operations: No
Permit Extensions/Critical Tasks: N/A
Attachment: 
Encoding: HTML
========================================
<p>Sanitized control room</p>

<p>Took the last bottled water from warehouse, could Dayshift order more.</p>

<p>Drained K-204 suction scrubber.</p>

<p>Rob hauled a load of Zeta and Braz water in.</p>

<p>&nbsp;</p>

<p>&nbsp;</p>
$@MID@$: 3210
Date: Fri, 14 Aug 2020 16:48:13 -0600
Author: Jordan Wilson
Shift: Day Shift
Operators: Dayton M | Jordan W
Shift Handover Meeting: Ryan G | Bryan N
Start of Shift Meeting: 
Plant Status: Steady
Equipment Outage: 
Filter Change: 
Pigging: 
Recycle Pumps: Production
Amine Concentration: 42
Roustabout Utilization: 
Berm Water Samples Taken: No
Plant Process Discussion: Yes
Operational Targets: N/A
Overrides or Safeties Bypassed: N/A
Upcoming Activities: N/A
HSE Concerns: N/A
Regulatory Requirements: N/A
Staff Discussion: N/A
Weather & Effects on Operations: No
Permit Extensions/Critical Tasks: N/A
Attachment: 
Encoding: HTML
========================================
<p>-sanitize control room at start and end of shift</p>

<p>-Measurement inc on site to prove meters.&nbsp; Proved waterplant, water well, v-200, and v-3101 meters.&nbsp; will be back on monday to finish the rest</p>

<p>-fire safe on site to inspect and service fire extinguishers.</p>

<p>-Chris Page delivering bulk oil</p>

<p>-ICPS working on cathodic survey</p>

<p>-working on weekly and monthly checks</p>

<p>-Daren working on waterplant PLC issues</p>

<p>-started blackening around flare stack with tractor and disc</p>

<p>-1-21 production swung through v-200 now</p>

<p>&nbsp;</p>

<p>&nbsp;</p>
