$@MID@$: 3270
Date: Sat, 12 Sep 2020 04:57:50 -0600
Reply to: 3271
Author: Ryan Gilgan
Shift: Night Shift
Operators: Ryan G | Dallas L
Shift Handover Meeting: Dayton M | Jordan W
Start of Shift Meeting: 
Plant Status: Steady
Equipment Outage: 
Filter Change: 
Pigging: 
Recycle Pumps: Production
Amine Concentration: 
Roustabout Utilization: 
Berm Water Samples Taken: No
Plant Process Discussion: Yes
Operational Targets: N/A
Overrides or Safeties Bypassed: N/A
Upcoming Activities: N/A
HSE Concerns: N/A
Regulatory Requirements: N/A
Staff Discussion: N/A
Weather & Effects on Operations: No
Permit Extensions/Critical Tasks: N/A
Attachment: 
Encoding: HTML
========================================
<p>Sanitize control room</p>
$@MID@$: 3271
Date: Sat, 12 Sep 2020 04:59:10 -0600
In reply to: 3270
Author: Ryan Gilgan
Shift: Night Shift
Operators: Ryan G | Dallas L
Shift Handover Meeting: Dayton M | Jordan W
Start of Shift Meeting: 
Plant Status: Steady
Equipment Outage: 
Filter Change: 
Pigging: 
Recycle Pumps: Production
Amine Concentration: 
Roustabout Utilization: 
Berm Water Samples Taken: No
Plant Process Discussion: Yes
Operational Targets: N/A
Overrides or Safeties Bypassed: N/A
Upcoming Activities: N/A
HSE Concerns: N/A
Regulatory Requirements: N/A
Staff Discussion: N/A
Weather & Effects on Operations: No
Permit Extensions/Critical Tasks: N/A
Attachment: 
Encoding: HTML
========================================
<p>Skimmed charcoal filter, clean.</p>

<p>LEL head 3007 rang in once.&nbsp;&nbsp; Negative drift.</p>

<p>Lowered rear treater water level, from 3 bolts to 1.</p>

<p>Drained Amine skim tank.</p>

<p>&nbsp;</p>

<p>&nbsp;</p>

<table align="center" cellspacing="1" style="border:1px solid #486090; width:98%">
	<tbody>
		<tr>
			<td style="background-color:#486090">Ryan Gilgan wrote:</td>
		</tr>
		<tr>
			<td style="background-color:#FFFFB0">
			<p>Sanitize control room</p>
			</td>
		</tr>
	</tbody>
</table>

<p>&nbsp;</p>
$@MID@$: 3272
Date: Sat, 12 Sep 2020 16:52:31 -0600
Author: Dayton Mohr
Shift: Day Shift
Operators: Dayton M | Jordan W
Shift Handover Meeting: Ryan G | Dallas L
Start of Shift Meeting: 
Plant Status: Steady
Equipment Outage: 
Filter Change: 
Pigging: 14-03
Recycle Pumps: Production
Amine Concentration: 
Roustabout Utilization: 
Berm Water Samples Taken: No
Plant Process Discussion: N/A
Operational Targets: N/A
Overrides or Safeties Bypassed: N/A
Upcoming Activities: N/A
HSE Concerns: N/A
Regulatory Requirements: N/A
Staff Discussion: N/A
Weather & Effects on Operations: No
Permit Extensions/Critical Tasks: N/A
Attachment: 
Encoding: HTML
========================================
<p>Field Mark pigged 14-03 Wolf Creek, pig recieved &amp; pulled.</p>

<p>GGT-Rob hauling in Zeta &amp; Braz Water</p>

<p>HVO-hauled in load of Mancal oil</p>

<p>Monthly Checks Completed, Weekend checks finish tomorrow</p>

<p>Recylce pump B in overflow tank</p>

<p>AI 3007 LEL head alarming in on negitive still, Devin &amp; Nathon notified</p>

<p>Plant steady</p>

<p>Sanitized control room start &amp; finish of shift</p>
