$@MID@$: 3304
Date: Mon, 28 Sep 2020 05:10:57 -0600
Author: Dayton Mohr
Shift: Night Shift
Operators: Dayton M | Jeff B
Shift Handover Meeting: Ryan G | Jordan W
Start of Shift Meeting: 
Plant Status: Steady
Equipment Outage: 
Filter Change: 
Pigging: 
Recycle Pumps: Production
Amine Concentration: 
Roustabout Utilization: 
Berm Water Samples Taken: No
Plant Process Discussion: N/A
Operational Targets: N/A
Overrides or Safeties Bypassed: N/A
Upcoming Activities: N/A
HSE Concerns: N/A
Regulatory Requirements: N/A
Staff Discussion: N/A
Weather & Effects on Operations: No
Permit Extensions/Critical Tasks: N/A
Attachment: 
Encoding: HTML
========================================
<p>&nbsp;Quite night, plant steady</p>

<p>Lowered debute cooler fans from 70 to 40 % to increase pressure</p>

<p>Sanitized control room start &amp; finish of shift</p>
$@MID@$: 3305
Date: Mon, 28 Sep 2020 17:01:57 -0600
Author: Ryan Gilgan
Shift: Day Shift
Operators: Ryan G | Jordan W
Shift Handover Meeting: Dayton M | Jeff B
Start of Shift Meeting: Devin N
Plant Status: Lost Compressor(s)
Equipment Outage: K-205
Filter Change: 
Pigging: 
Recycle Pumps: Production
Amine Concentration: 
Roustabout Utilization: 
Berm Water Samples Taken: No
Plant Process Discussion: Yes
Operational Targets: N/A
Overrides or Safeties Bypassed: N/A
Upcoming Activities: N/A
HSE Concerns: N/A
Regulatory Requirements: N/A
Staff Discussion: N/A
Weather & Effects on Operations: No
Permit Extensions/Critical Tasks: N/A
Attachment: 
Encoding: HTML
========================================
<p>Sanitize control room.</p>

<p>Matt with PTW was working on the Volcano heater, De LOTO unit and is ready to go.</p>

<p>Rob with GGT hauled Zeta water.</p>

<p>Al with HVO hauled in Mancal emulsion</p>

<p>Worked on some more WSI.</p>

<p>K-205 had a bad fan shaft bearing, Tyson and APEX out to repair.&nbsp; Shut down K-205 and put K-204 into sales mode.</p>

<p>skim amine charcoal filter.&nbsp; clean</p>

<p>increase amine make up pump from 15% to 20%</p>

<p>ordered RO water for tomorrow</p>

<p>slowed down K-204 due to ambient temp.&nbsp; <span style="color:#FF0000">Night Shift:&nbsp; please speed up when temp drops</span></p>

<p>slowed down K-201 due to ambient temp.&nbsp; <span style="color:#FF0000">Night Shift:&nbsp; please speed up when temp drops</span></p>

<p>K-202 4th stage scrubber dump open.&nbsp; pumped up glycol leg.&nbsp; all good now</p>

<p>K-205 still down at shift change.</p>
$@MID@$: 3306
Date: Mon, 28 Sep 2020 23:25:08 -0600
Author: Dayton Mohr
Shift: Night Shift
Operators: Dayton M | Jeff B
Shift Handover Meeting: Tye M | Jordan W
Start of Shift Meeting: Tyson T
Plant Status: Steady
Equipment Outage: 
Filter Change: 
Pigging: 
Recycle Pumps: Overflow
Amine Concentration: 
Roustabout Utilization: 
Berm Water Samples Taken: No
Plant Process Discussion: Yes
Operational Targets: Yes
Overrides or Safeties Bypassed: Yes
Upcoming Activities: N/A
HSE Concerns: N/A
Regulatory Requirements: N/A
Staff Discussion: N/A
Weather & Effects on Operations: No
Permit Extensions/Critical Tasks: N/A
Attachment: 
Encoding: HTML
========================================
<p>MCHE &amp; Loto hand over at shift change for K205, Mechanics completing fan shaft bearing replacement, permit extension. Chris P doing Targeted inspection. unlotoed compressor when mechanics finished, switched K205 back into sales, &amp; K204 back to V101 production, All BOL at 18:30 hrs.</p>

<p>Worksite inspections completed at Braz/Zeta/Pem, placed on Kellys desk</p>

<p>Speed up K201/K204 when temps allowed</p>

<p>Monitored Braz while Jeff was busy at Zeta</p>

<p>Switched Recycle B into overflow tank</p>

<p>Topped up LPG lubicator pot</p>

<p>Sanitized Control Room start &amp; finish of shift</p>
