$@MID@$: 3268
Date: Fri, 11 Sep 2020 05:04:41 -0600
Author: Ryan Gilgan
Shift: Night Shift
Operators: Ryan G | Dallas L
Shift Handover Meeting: Dayton M | Jordan W
Start of Shift Meeting: 
Plant Status: Steady
Equipment Outage: 
Filter Change: 
Pigging: 
Recycle Pumps: Production
Amine Concentration: 
Roustabout Utilization: 
Berm Water Samples Taken: No
Plant Process Discussion: Yes
Operational Targets: N/A
Overrides or Safeties Bypassed: N/A
Upcoming Activities: N/A
HSE Concerns: N/A
Regulatory Requirements: N/A
Staff Discussion: N/A
Weather & Effects on Operations: No
Permit Extensions/Critical Tasks: N/A
Attachment: 
Encoding: HTML
========================================
<p>Sanitize control room</p>

<p>HP cold sep rang in on high level.&nbsp; Pumped some methanol through, good for the night.&nbsp;&nbsp; Left methanol pump valving going to the Cold sep dump valve.</p>

<p>K -204 sped back up, and dumped suction scrubber.</p>

<p>C3 condenser 2 speed fan on slow.</p>

<p>&nbsp;</p>
$@MID@$: 3269
Date: Fri, 11 Sep 2020 17:08:30 -0600
Author: Dayton Mohr
Shift: Day Shift
Operators: Dayton M | Jordan W
Shift Handover Meeting: Ryan G | Dallas L
Start of Shift Meeting: 
Plant Status: Steady
Equipment Outage: 
Filter Change: 
Pigging: 
Recycle Pumps: Production
Amine Concentration: 
Roustabout Utilization: 
Berm Water Samples Taken: No
Plant Process Discussion: N/A
Operational Targets: N/A
Overrides or Safeties Bypassed: N/A
Upcoming Activities: N/A
HSE Concerns: N/A
Regulatory Requirements: N/A
Staff Discussion: N/A
Weather & Effects on Operations: No
Permit Extensions/Critical Tasks: N/A
Attachment: 
Encoding: HTML
========================================
<p>&nbsp;Lpg pump packing leaking, Tyson changed, pump back in service Work order # 37548</p>

<p>K203 pyro&nbsp;Tyson&nbsp;changed &amp; did walk thru compressors</p>

<p>Devin &amp; Nathon checking wiring to LEL head AI 3006, could not find any issues, ended up switching heads, AI-3007 head is in place of AI-3006, to see if it still alarms tonight.</p>

<p>Skid steer work, leveled out dirt in front of plant, removed one side of the berm on the hydrovac pit attemped to remove material, to wet &amp; deep for the skid steer.</p>

<p>Jordi went to Braz for the morning, back at lunch</p>

<p>plant steady</p>

<p>Sanitized control room start &amp; finish of shift.</p>
