$@MID@$: 3327
Date: Fri, 09 Oct 2020 04:53:07 -0600
Author: Ryan Gilgan
Shift: Night Shift
Operators: Ryan G | Dallas L
Shift Handover Meeting: Jordan W | Howard Q
Start of Shift Meeting: 
Plant Status: Steady
Equipment Outage: 
Filter Change: 
Pigging: 
Recycle Pumps: Production
Amine Concentration: 
Roustabout Utilization: 
Berm Water Samples Taken: No
Plant Process Discussion: Yes
Operational Targets: N/A
Overrides or Safeties Bypassed: N/A
Upcoming Activities: N/A
HSE Concerns: N/A
Regulatory Requirements: N/A
Staff Discussion: N/A
Weather & Effects on Operations: No
Permit Extensions/Critical Tasks: N/A
Attachment: 
Encoding: HTML
========================================
<p>Pinched louvers on K-202.</p>

<p>Drained K-204 suction scrubber</p>

<p>Slowed down De Bute fans</p>

<p>Skimmed charcoal filters, clean.</p>

<p>Sanitize control room</p>

<p>&nbsp;</p>
$@MID@$: 3328
Date: Fri, 09 Oct 2020 16:56:39 -0600
Author: Jordan Wilson
Shift: Day Shift
Operators: Jordan W | Howard Q
Shift Handover Meeting: Ryan G | Dallas L
Start of Shift Meeting: 
Plant Status: Steady
Equipment Outage: 
Filter Change: 
Pigging: 01-21 | 05-21
Recycle Pumps: Production
Amine Concentration: 
Roustabout Utilization: 
Berm Water Samples Taken: No
Plant Process Discussion: Yes
Operational Targets: N/A
Overrides or Safeties Bypassed: N/A
Upcoming Activities: N/A
HSE Concerns: N/A
Regulatory Requirements: N/A
Staff Discussion: N/A
Weather & Effects on Operations: No
Permit Extensions/Critical Tasks: N/A
Attachment: 
Encoding: HTML
========================================
<p>sanitize control room start and end of shift</p>

<p>Mark S doing some pigging.&nbsp; pigged following lines, obsidian 4&quot; 1-21 line on site,&nbsp; WPNE line, and EGGS line.&nbsp; No issues and no fluid slugs</p>

<p>home harware delivered bottled water</p>

<p>working on CMDS</p>

<p>Rob T hauling water from Zeta and Braz</p>

<p>added Meropa 220 oil to glycol pumps crank case.</p>

<p>Tyson did a walkthrough of compression</p>

<p>Skid steer battery dead, will charge battery and start tomorrow</p>

<p>&nbsp;</p>
