$@MID@$: 3371
Date: Sat, 31 Oct 2020 05:13:46 -0600
Author: Blaine Harris
Shift: Night Shift
Operators: Blaine H | Bryan N
Shift Handover Meeting: Kevin N | Tye M
Start of Shift Meeting: 
Plant Status: Steady
Equipment Outage: 
Filter Change: 
Pigging: 
Recycle Pumps: Production | Overflow
Amine Concentration: 
Roustabout Utilization: 
Berm Water Samples Taken: No
Plant Process Discussion: Yes
Operational Targets: N/A
Overrides or Safeties Bypassed: N/A
Upcoming Activities: N/A
HSE Concerns: Yes
Regulatory Requirements: N/A
Staff Discussion: N/A
Weather & Effects on Operations: No
Permit Extensions/Critical Tasks: N/A
Attachment: 
Encoding: HTML
========================================
<p>&nbsp;-Sanitized the control room.</p>

<p>-Filled the lpg lubricator oil.</p>

<p>-Swung Recycle B pump into the overflow tank. The oil density climbed up to 780.</p>

<p>-Plant Steady.</p>
$@MID@$: 3372
Date: Sat, 31 Oct 2020 17:30:28 -0600
Author: Tye Mastre
Shift: Day Shift
Operators: Ryan G | Tye M
Shift Handover Meeting: Blaine H | Bryan N
Start of Shift Meeting: 
Plant Status: Steady
Equipment Outage: 
Filter Change: 
Pigging: 14-03 | 05-14 | 05-21
Recycle Pumps: Production | Overflow
Amine Concentration: 
Roustabout Utilization: 
Berm Water Samples Taken: No
Plant Process Discussion: Yes
Operational Targets: N/A
Overrides or Safeties Bypassed: N/A
Upcoming Activities: Yes | N/A
HSE Concerns: Yes
Regulatory Requirements: N/A
Staff Discussion: Yes
Weather & Effects on Operations: No
Permit Extensions/Critical Tasks: N/A
Attachment: 
Encoding: HTML
========================================
<p>Sanitized control room AM and PM.</p>

<p>Perry pigged Bigoray to 5-21. Lots of fluid and Daylight had a hard time flowing due to this. Lots of fluid with pig.</p>

<p>Perry pigged 5-14. Pulled and clean.</p>

<p>Perry pigged 14-03.</p>

<p>Slowed down recycle pumps to hand the fluid from pigs. Sped back up.</p>

<p>Manually dumped de eth overhead suction scrubber.</p>

<p>Pulled the PNA pig so Kim can grab it and send it tomorrow. Trap has been set up to receive pig.</p>

<p>Perry will be pigging the reest of 5-21 line tomorrow.</p>

<p>Pembina stayed pumping all day even though the density was low. Showing around 768. Shut down at shift change. One pump in each tank to bring level up to 4m to see if they kick on again.</p>

<p>Cleaned up abit in process building.</p>

<p>Worked on some weekend checks.</p>

<p>Reset V-104, TR-101 and Boot flow boss meters.</p>

<p>Pumped up the wet leg on V-3101 upper barrel level transmitter and it was reading 8.5% and the bottom drum was empty.</p>

<p>Lots of line pack from pigging. Daylight was asking Perry about when line pressures will drop and may call tonight. They have been steadily dropping since 14:40 PM. Todd Stanley 780-779-1600.</p>

<p>Nightshift plase keep an eyer on 5-21 and 8-35 line pressure as per Perry.</p>
