$@MID@$: 3347
Date: Mon, 19 Oct 2020 04:51:27 -0600
Author: Tye Mastre
Shift: Night Shift
Operators: Tye M | Romeo T
Shift Handover Meeting: Blaine H | Kyle S
Start of Shift Meeting: 
Plant Status: Steady
Equipment Outage: 
Filter Change: 
Pigging: 
Recycle Pumps: Production
Amine Concentration: 
Roustabout Utilization: 
Berm Water Samples Taken: No
Plant Process Discussion: Yes
Operational Targets: N/A
Overrides or Safeties Bypassed: N/A
Upcoming Activities: N/A
HSE Concerns: Yes
Regulatory Requirements: N/A
Staff Discussion: Yes
Weather & Effects on Operations: No
Permit Extensions/Critical Tasks: N/A
Attachment: 
Encoding: HTML
========================================
<p>Cleaned and sanitized control room PM and AM.</p>

<p>Swung recycle pump &quot;B&quot; into the production tank.</p>

<p>Manaually dumped the de eth overhead suction scrubber.</p>

<p>Hourly checks on glycol injection line leaking union. All good, no drips.</p>

<p>Worked on CMDS with Romeo.</p>

<p>Set the Volcano boiler to 80 degrees.</p>

<p>Started up the spare trucks to ensure that batteries were charged as they havent been ran in awhile.</p>

<p>Monitored refridge vibration trends and support crack. No change with crack&nbsp;and no vibration alarms.</p>

<p>&nbsp;</p>
$@MID@$: 3348
Date: Mon, 19 Oct 2020 17:02:14 -0600
Author: Blaine Harris
Shift: Day Shift
Operators: Blaine H | Kyle S
Shift Handover Meeting: Tye M | Romeo T
Start of Shift Meeting: 
Plant Status: Steady
Equipment Outage: K-201 | K-205
Filter Change: 
Pigging: 14-03
Recycle Pumps: Production
Amine Concentration: 
Roustabout Utilization: 
Berm Water Samples Taken: No
Plant Process Discussion: Yes
Operational Targets: N/A
Overrides or Safeties Bypassed: N/A
Upcoming Activities: N/A
HSE Concerns: Yes
Regulatory Requirements: N/A
Staff Discussion: N/A
Weather & Effects on Operations: No
Permit Extensions/Critical Tasks: N/A
Attachment: 
Encoding: HTML
========================================
<p>-Increased the C3 hot gas bypas to 40% from 35% to help the compressor with any suction pressures swins.</p>

<p>-Salses analyzer tape ran out of tape, sales gas valve closed. Flared sales for 5 minutes. Lost K-205 compressor</p>

<p>-Changed the sales analyzer tape.</p>

<p>-Allan Barney worked on BC3 Cyl#4 support. It will be changed out on Thursday.</p>

<p>-Preped for Thurdays shutdown.</p>

<p>-Tyson and Devin drain a little oil out of K201 compressor because of it being over full from the kenco. Devin marked the oil level on the sight glass.</p>

<p>-Pumped out the packing drain tank behind the annex.</p>

<p>-Chris Page delivered bulk oil.</p>

<p>-Tyson hauled oil to K203 and K206 for Thursday services.</p>

<p>-Added glycol to K204</p>

<p>-K201 down for Tyson to replace the fan belts, on again.</p>

<p>-Devin replace the top work on the compressor oil kenco.</p>

<p>-Rob Thirsk hauled Zeta water.</p>

<p>&nbsp;</p>

<p>&nbsp;</p>
