$@MID@$: 3391
Date: Tue, 10 Nov 2020 04:44:46 -0700
Author: Ryan Gilgan
Shift: Night Shift
Operators: Ryan G | Dallas L
Shift Handover Meeting: Kevin N | Chad Q
Start of Shift Meeting: 
Plant Status: Steady
Equipment Outage: 
Filter Change: 
Pigging: 
Recycle Pumps: Production
Amine Concentration: 
Roustabout Utilization: 
Berm Water Samples Taken: No
Plant Process Discussion: Yes
Operational Targets: N/A
Overrides or Safeties Bypassed: N/A
Upcoming Activities: N/A
HSE Concerns: N/A
Regulatory Requirements: N/A
Staff Discussion: N/A
Weather & Effects on Operations: No
Permit Extensions/Critical Tasks: N/A
Attachment: 
Encoding: HTML
========================================
<p>Sanitize control room</p>

<p>Nathan came back to calibrate H2S head AIT-3102 in process.&nbsp;&nbsp; Calibrated all heads and blue light kept flashing.</p>

<p>Daren notified about H2S beacon flashing in process, found issue in programing.&nbsp;&nbsp;</p>

<p>Blew down K-203 and K-204 suction scrubbers.</p>

<p>Shoveled snow.</p>

<p>Emptied drip pails around the plant</p>
$@MID@$: 3392
Date: Tue, 10 Nov 2020 17:03:57 -0700
Author: Kevin Nicol
Shift: Day Shift
Operators: Kevin N | Chad Q
Shift Handover Meeting: Ryan G | Dallas L
Start of Shift Meeting: Daren F | Kristina C | Tyson T | Devin N
Plant Status: Steady
Equipment Outage: 
Filter Change: 
Pigging: 14-03 | 05-21
Recycle Pumps: Production
Amine Concentration: 
Roustabout Utilization: 
Berm Water Samples Taken: No
Plant Process Discussion: Yes
Operational Targets: N/A
Overrides or Safeties Bypassed: N/A
Upcoming Activities: N/A
HSE Concerns: N/A
Regulatory Requirements: N/A
Staff Discussion: N/A
Weather & Effects on Operations: Yes
Permit Extensions/Critical Tasks: N/A
Attachment: 
Encoding: HTML
========================================
<p>&nbsp;Weather Report</p>

<p>cloudy with flurries, wind NW 19kph,</p>

<p>sunrise at 7:56 - becoming lighter</p>

<p>sunset at 4:50 - getting darker</p>

<p>&nbsp;</p>

<p>Everything H2O was out to look at the RO system</p>

<p>Nathan calibrating H2S and LEL, all bypasses removed</p>

<p>Devin repaired the boot gas temp</p>

<p>Chad training</p>

<p>completed safety checklist and targeted inspection</p>

<p>control computer locked up several times, restarted</p>

<p>Mark S pigged line to 5-21, pig seamed to be hung up for a couple of hours</p>

<p>Mark pigged 14-3 still getting liquids at shift change, will pull pig tommorow</p>
