$@MID@$: 3381
Date: Thu, 05 Nov 2020 04:52:00 -0700
Author: Ryan Gilgan
Shift: Night Shift
Operators: Ryan G | Jeff B
Shift Handover Meeting: Kevin N | Romeo T
Start of Shift Meeting: 
Plant Status: Steady
Equipment Outage: 
Filter Change: 
Pigging: 
Recycle Pumps: Production
Amine Concentration: 
Roustabout Utilization: 
Berm Water Samples Taken: No
Plant Process Discussion: Yes
Operational Targets: N/A
Overrides or Safeties Bypassed: N/A
Upcoming Activities: N/A
HSE Concerns: N/A
Regulatory Requirements: N/A
Staff Discussion: N/A
Weather & Effects on Operations: No
Permit Extensions/Critical Tasks: N/A
Attachment: 
Encoding: HTML
========================================
<p>Sanitize control room</p>

<p>Drained drip pails around the facility</p>

<p>Tightened glycol pump packing</p>

<p>Slowed debute fan to keep pressure on tower.</p>

<p>Lowered Amine skim tank level.</p>

<p>&nbsp;</p>

<p>&nbsp;</p>

<p>&nbsp;</p>
$@MID@$: 3382
Date: Thu, 05 Nov 2020 17:07:52 -0700
Author: Kevin Nicol
Shift: Day Shift
Operators: Kevin N | Romeo T
Shift Handover Meeting: Ryan G | Dallas L
Start of Shift Meeting: Daren F | Tyson T | Devin N
Plant Status: Steady | Lost Compressor(s)
Equipment Outage: K-203
Filter Change: 
Pigging: 
Recycle Pumps: Production | Overflow
Amine Concentration: 
Roustabout Utilization: 
Berm Water Samples Taken: No
Plant Process Discussion: Yes
Operational Targets: N/A
Overrides or Safeties Bypassed: N/A
Upcoming Activities: N/A
HSE Concerns: N/A
Regulatory Requirements: N/A
Staff Discussion: N/A
Weather & Effects on Operations: No
Permit Extensions/Critical Tasks: N/A
Attachment: 
Encoding: HTML
========================================
<p>&nbsp;added C3</p>

<p>tightened packing on the H2o pump</p>

<p>Hi Flow and GGT proving the truck offload meter</p>

<p>Sparton out to progame off load meter to be able to load through</p>

<p>Pembina proved their meter</p>

<p>Obsidan ( Kim ) worked on 11-22 wel. still down</p>

<p>Devin repaired the boot meter</p>

<p>Baker took H2O samples</p>

<p>K203 off Tyson repaired suction valves on cyl 1</p>

<p>Topped up LPG lubricator.</p>

<p>Snugged packing for K203 2nd stage cylinder and K202 3rd stage.</p>

<p>Dumped some of the oil&nbsp;containments into the barrel.</p>

<p>Recycle boot for half an hour.</p>

<p>Disinfected control room</p>
