$@MID@$: 3449
Date: Tue, 08 Dec 2020 05:23:26 -0700
Author: Tye Mastre
Shift: Night Shift
Operators: Tye M | Romeo T
Shift Handover Meeting: Blaine H | Chad Q
Start of Shift Meeting: 
Plant Status: Steady
Equipment Outage: 
Filter Change: 
Pigging: 
Recycle Pumps: Production
Amine Concentration: 
Roustabout Utilization: 
Berm Water Samples Taken: No
Plant Process Discussion: Yes
Operational Targets: N/A
Overrides or Safeties Bypassed: N/A
Upcoming Activities: N/A
HSE Concerns: Yes
Regulatory Requirements: N/A
Staff Discussion: Yes
Weather & Effects on Operations: No
Permit Extensions/Critical Tasks: N/A
Attachment: 
Encoding: HTML
========================================
<p>Sanitized control room PM and AM.</p>

<p>Manually dumped de eth suction scrubber and K-202 1st stage scrubber.</p>

<p>Swung PNA out of trap.</p>

<p>HP cold sep level was reading faulty. Pumped up wet leg. Bottom bridle on sight glass was plugged and not showingf a level. Blew down and back to normal.</p>

<p>Raised chiller level from 9.5 to 10% to maintain the 3-5 degree tempature differential.</p>

<p>Sped up de bute cooler fan speed 10% to lower pressure.</p>

<p>Blew down chiller deoiler.</p>

<p>Printer is acting up. Started making a weird noise and saying low toner. Replaced cartrige and no change. May need a Ricoh Tech to have a look.</p>
$@MID@$: 3450
Date: Tue, 08 Dec 2020 17:19:02 -0700
Author: Blaine Harris
Shift: Day Shift
Operators: Blaine H | Chad Q
Shift Handover Meeting: Tye M | Romeo T
Start of Shift Meeting: 
Plant Status: Steady
Equipment Outage: 
Filter Change: 
Pigging: Vermilion
Recycle Pumps: Production
Amine Concentration: 
Roustabout Utilization: 
Berm Water Samples Taken: No
Plant Process Discussion: Yes
Operational Targets: N/A
Overrides or Safeties Bypassed: N/A
Upcoming Activities: N/A
HSE Concerns: Yes
Regulatory Requirements: N/A
Staff Discussion: N/A
Weather & Effects on Operations: No
Permit Extensions/Critical Tasks: N/A
Attachment: 
Encoding: HTML
========================================
<p>&nbsp;-Sanitized the control room.</p>

<p>-Added c3 to surge tank from storage. Level was at 2 bolts and now at 6 bolts.</p>

<p>-Ordered C3 for process.</p>

<p>-Skimmed the amine charcoal filter.</p>

<p>-Keabray out to look at the glycol piping and make up a repair plan.</p>

<p>-Devin removed the sensing line off K201 engine oil amot.</p>

<p>-Removed barrells without containment from process and gathering.</p>

<p>-Put K201 and K202 slop barrells in containments.</p>

<p>-Put on&nbsp;whimis labels around the plant and process.</p>

<p>-Made up some grounding cables and installed on some pails in process and compression.</p>
