$@MID@$: 3474
Date: Sun, 20 Dec 2020 05:01:56 -0700
Author: Kevin Nicol
Shift: Night Shift
Operators: Kevin N | Bryan N
Shift Handover Meeting: Ryan G | Chad Q
Start of Shift Meeting: 
Plant Status: Steady
Equipment Outage: 
Filter Change: 
Pigging: 
Recycle Pumps: Production
Amine Concentration: 
Roustabout Utilization: 
Berm Water Samples Taken: No
Plant Process Discussion: Yes
Operational Targets: N/A
Overrides or Safeties Bypassed: N/A
Upcoming Activities: N/A
HSE Concerns: N/A
Regulatory Requirements: N/A
Staff Discussion: N/A
Weather & Effects on Operations: No
Permit Extensions/Critical Tasks: N/A
Attachment: 
Encoding: HTML
========================================
<p>&nbsp;pumped out the sump at the H2O plant, center packing leaking on the pump</p>

<p>dumped drip pails in process</p>

<p>skimed charcoal filters, clean</p>

<p>cleaned the control room x2</p>

<p>&nbsp;</p>
$@MID@$: 3475
Date: Sun, 20 Dec 2020 16:24:20 -0700
Author: Ryan Gilgan
Shift: Day Shift
Operators: Ryan G | Chad Q
Shift Handover Meeting: Kevin N | Bryan N
Start of Shift Meeting: 
Plant Status: Steady
Equipment Outage: 
Filter Change: 
Pigging: 14-03
Recycle Pumps: Production
Amine Concentration: 38%
Roustabout Utilization: 
Berm Water Samples Taken: No
Plant Process Discussion: Yes
Operational Targets: N/A
Overrides or Safeties Bypassed: N/A
Upcoming Activities: N/A
HSE Concerns: N/A
Regulatory Requirements: N/A
Staff Discussion: N/A
Weather & Effects on Operations: No
Permit Extensions/Critical Tasks: N/A
Attachment: 
Encoding: HTML
========================================
<p>Sanitize control room</p>

<p>Finish weekend checks</p>

<p>Had to equalize production tank to Overflow due to not being able to make density.&nbsp;&nbsp; <span style="color:#FF0000">Night shift to monitor tank level and call PPL for a start later to see where we&#39;re at.</span></p>

<p>Wolf creek line pigged, slugged for 2.5 hours.</p>

<p>Put both recycles up to 150m3/d to try and increase density.</p>

<p>WHIMIS labeling around the facility</p>

<p>Ordered RO water for tomorrow</p>

<p>4-31 ESD was in travel, notified field to check out.</p>

<p>Cleaned up rags and garbage cans around the plant.</p>
