$@MID@$: 3438
Date: Thu, 03 Dec 2020 05:31:49 -0700
Author: Blaine Harris
Shift: Night Shift
Operators: Blaine H | Jeff B
Shift Handover Meeting: Kyle S | Jordan W
Start of Shift Meeting: 
Plant Status: Steady
Equipment Outage: 
Filter Change: 
Pigging: 
Recycle Pumps: Production
Amine Concentration: 
Roustabout Utilization: 
Berm Water Samples Taken: No
Plant Process Discussion: Yes
Operational Targets: N/A
Overrides or Safeties Bypassed: N/A
Upcoming Activities: N/A
HSE Concerns: Yes
Regulatory Requirements: N/A
Staff Discussion: N/A
Weather & Effects on Operations: No
Permit Extensions/Critical Tasks: N/A
Attachment: 
Encoding: HTML
========================================
<p>&nbsp;-Sanitized the control room PM and AM.</p>

<p>-Filled the lpg pump lubricator with oil</p>

<p>-Dumped oil from the c3 chiller de-oiler.</p>

<p>-Shut off the single speed c3 fan and turned the 2 speed fan from slow to fast.</p>

<p>-2-7 esd&nbsp;alarmed in on travel and cleared 30 minutes later.</p>

<p>-worked on ADR</p>
$@MID@$: 3439
Date: Thu, 03 Dec 2020 16:43:47 -0700
Author: Jordan Wilson
Shift: Day Shift
Operators: Jordan W | Chad Q
Shift Handover Meeting: Blaine H | Jeff B
Start of Shift Meeting: 
Plant Status: Steady
Equipment Outage: 
Filter Change: 
Pigging: 
Recycle Pumps: Production
Amine Concentration: 
Roustabout Utilization: 
Berm Water Samples Taken: No
Plant Process Discussion: Yes
Operational Targets: N/A
Overrides or Safeties Bypassed: N/A
Upcoming Activities: N/A
HSE Concerns: N/A
Regulatory Requirements: N/A
Staff Discussion: N/A
Weather & Effects on Operations: No
Permit Extensions/Critical Tasks: N/A
Attachment: 
Encoding: HTML
========================================
<p>sanitize control room start and end of shift</p>

<p>update master action item list with completed tasks</p>

<p>C3 condenser single speed fan on and 2 speed fan on slow</p>

<p>ordered garbage bin exchange for Zeta Creek and Pembina North, should be coming tomorrow</p>

<p>Work site inspections</p>

<p>proactive gas find out to scan surface casing vent for 3-27 water injector</p>

<p><span style="color:#FF0000">WO 38143&nbsp;</span>submitted for V-101, 103, 104 level transmitters in need of calibration</p>

<p>ordered drinking water for facilities+</p>

<p>pressures climbing going into E-3101 exchanger.&nbsp; blew down PT 3101 to verify pressure.&nbsp; injected some methanol into exchanger.&nbsp;&nbsp;<span style="color:#FF0000">Night shift: may have to assess and inject some more methanol if needed.</span></p>

<p>Devin installed quick bleed on K-202 4th stage scrubber dump controller</p>
