$@MID@$: 3433
Date: Tue, 01 Dec 2020 05:20:00 -0700
Author: Blaine Harris
Shift: Night Shift
Operators: Blaine H | Jeff B
Shift Handover Meeting: Tye M | Kyle S
Start of Shift Meeting: 
Plant Status: Steady
Equipment Outage: 
Filter Change: 
Pigging: 
Recycle Pumps: Production | Overflow
Amine Concentration: 
Roustabout Utilization: 
Berm Water Samples Taken: No
Plant Process Discussion: Yes
Operational Targets: N/A
Overrides or Safeties Bypassed: N/A
Upcoming Activities: N/A
HSE Concerns: Yes
Regulatory Requirements: N/A
Staff Discussion: N/A
Weather & Effects on Operations: No
Permit Extensions/Critical Tasks: N/A
Attachment: 
Encoding: HTML
========================================
<p>&nbsp;-Sanitized the control room</p>

<p>-Filled the lpg pump lubricator</p>

<p>-Cut back the debute fan speed to 45% from 55% to help the reflux dump better.</p>

<p>-Recycle b pump shut down, pulled and cleaned the suction screen. Restarted the pump and it ran good. Had to do this twice</p>

<p>-Skimmed the amine charcoal filter. Very little hydrocarbon.</p>

<p>-Worked on ADR&#39;S</p>

<p>-Swung recycle b pump out of the overflow tank and into the procuction tank.</p>

<p>-Printed off the December compressor log sheets</p>
$@MID@$: 3434
Date: Tue, 01 Dec 2020 14:13:42 -0700
Author: Jordan Wilson
Shift: Day Shift
Operators: Kyle S | Jordan W
Shift Handover Meeting: Blaine H | Jeff B
Start of Shift Meeting: 
Plant Status: Steady
Equipment Outage: 
Filter Change: 
Pigging: 05-21
Recycle Pumps: Production
Amine Concentration: 
Roustabout Utilization: 
Berm Water Samples Taken: No
Plant Process Discussion: Yes
Operational Targets: N/A
Overrides or Safeties Bypassed: N/A
Upcoming Activities: N/A
HSE Concerns: N/A
Regulatory Requirements: N/A
Staff Discussion: N/A
Weather & Effects on Operations: No
Permit Extensions/Critical Tasks: N/A
Attachment: 
Encoding: HTML
========================================
<p>sanitized control room start and end of shift</p>

<p>sales gas pressure is quite high.&nbsp; contacted TCPL and they have lost a compressor.&nbsp; Hopefully back online today.</p>

<p>closed internal louvers a bit on air compressor to try and warm up the building</p>

<p>process analyzer not showing flow.&nbsp; <span style="color:#FF0000">WO 38136 </span>submitted.&nbsp; Devin fixed it and all is good now.</p>

<p>treater flame failure this morning at about 8:30.&nbsp; reset fine and BOL.&nbsp; Devin working on the low level shut down in the afternoon, found loose wire in the junction box</p>

<p>2-7 ESD rang in.&nbsp; Talked to the field and they are aware that it rings in lots, they have a work order to get it fixed</p>

<p>Apecs on site to do service on K-202.&nbsp; Orientation for 1 worker.</p>

<p>Shut in v-200, v-104, and 1-21 line for K-202 service.&nbsp; BOL</p>

<p>C3 condenser 2 speed fan on fast</p>

<p>lost glycol level in accumulator.&nbsp; added a minor amount and then the glycol level came back, hung up in the still column</p>

<p>field did some pigging upstream of 7-7 in the morning, then sent 7-7 to 5-21 pig around noon.&nbsp; slug hit at 15:30</p>

<p>spreading some gravel around icy spots</p>
