$@MID@$: 3142
Date: Fri, 07 Jan 2022 04:03:41 -0700
Author: Jordan Wilson
Pressure: 302
Temperature: 69
Front Water Lvl: 1
Back Water Lvl: 1
Flame Condition: Blue / Orange
Shift: Night
Month: Jan
Day: 6
Year: 2022
Attachment: 
Encoding: HTML
========================================

$@MID@$: 3143
Date: Fri, 07 Jan 2022 15:30:10 -0700
Author: Pat Brown
Pressure: 277.8
Temperature: 65.4
Front Water Lvl: 3
Back Water Lvl: 3
Flame Condition: Blue / Orange
Shift: Day
Month: Jan
Day: 7
Year: 2022
Attachment: 
Encoding: HTML
========================================

