$@MID@$: 3206
Date: Mon, 07 Feb 2022 03:41:25 -0700
Author: Jordan Wilson
Pressure: 275
Temperature: 72
Front Water Lvl: 2.5
Back Water Lvl: 1
Flame Condition: Blue / Orange
Shift: Night
Month: Feb
Day: 6
Year: 2022
Attachment: 
Encoding: HTML
========================================

$@MID@$: 3207
Date: Mon, 07 Feb 2022 11:00:44 -0700
Author: Pat Brown
Pressure: 232
Temperature: 69
Front Water Lvl: 2
Back Water Lvl: 3
Flame Condition: Blue / Orange
Shift: Day
Month: Feb
Day: 7
Year: 2022
Attachment: 
Encoding: HTML
========================================

