$@MID@$: 3235
Date: Mon, 21 Feb 2022 13:00:06 -0700
Author: Pat Brown
Pressure: 255
Temperature: 64
Front Water Lvl: 2
Back Water Lvl: 2
Flame Condition: Blue / Orange
Shift: Day
Month: Feb
Day: 21
Year: 2022
Attachment: 
Encoding: HTML
========================================

$@MID@$: 3236
Date: Mon, 21 Feb 2022 21:28:18 -0700
Author: Blaine Harris
Pressure: 253
Temperature: 67
Front Water Lvl: 1.5
Back Water Lvl: 1.5
Flame Condition: Blue / Orange
Shift: Night
Month: Feb
Day: 21
Year: 2022
Attachment: 
Encoding: HTML
========================================

