$@MID@$: 3320
Date: Tue, 05 Apr 2022 14:49:34 -0600
Author: Pat Brown
Pressure: 232.4
Temperature: 67.1
Front Water Lvl: 3
Back Water Lvl: 1.5
Flame Condition: Blue / Orange
Shift: Day
Month: Apr
Day: 5
Year: 2022
Attachment: 
Encoding: HTML
========================================

$@MID@$: 3321
Date: Tue, 05 Apr 2022 19:31:48 -0600
Author: Kevin Nicol
Pressure: 252
Temperature: 65
Front Water Lvl: 2
Back Water Lvl: 2.5
Flame Condition: Blue / Orange
Shift: Night
Month: Apr
Day: 5
Year: 2022
Attachment: 
Encoding: HTML
========================================

