$@MID@$: 3331
Date: Mon, 11 Apr 2022 15:15:09 -0600
Author: Ryan Gilgan
Pressure: 255
Temperature: 70
Front Water Lvl: 2
Back Water Lvl: 3
Flame Condition: Blue / Orange
Shift: Day
Month: Apr
Day: 11
Year: 2022
Attachment: 
Encoding: HTML
========================================

$@MID@$: 3332
Date: Mon, 11 Apr 2022 20:21:09 -0600
Author: Kevin Nicol
Pressure: 230
Temperature: 70
Front Water Lvl: 2
Back Water Lvl: 3
Flame Condition: Blue / Orange
Shift: Night
Month: Apr
Day: 11
Year: 2022
Attachment: 
Encoding: HTML
========================================

