$@MID@$: 3324
Date: Thu, 07 Apr 2022 11:21:58 -0600
Author: Pat Brown
Pressure: 235
Temperature: 69.8
Front Water Lvl: 3
Back Water Lvl: 2.0
Flame Condition: Blue / Orange
Shift: Day
Month: Apr
Day: 7
Year: 2022
Attachment: 
Encoding: HTML
========================================

$@MID@$: 3325
Date: Thu, 07 Apr 2022 20:50:39 -0600
Author: Kevin Nicol
Pressure: 238
Temperature: 68
Front Water Lvl: 1.5
Back Water Lvl: 3
Flame Condition: Blue / Orange
Shift: Night
Month: Apr
Day: 7
Year: 2022
Attachment: 
Encoding: HTML
========================================

