$@MID@$: 3327
Date: Sat, 09 Apr 2022 15:52:38 -0600
Author: Ryan Gilgan
Pressure: 235
Temperature: 58
Front Water Lvl: 2
Back Water Lvl: 3
Flame Condition: Blue / Orange
Shift: Day
Month: Apr
Day: 9
Year: 2022
Attachment: 
Encoding: HTML
========================================

$@MID@$: 3328
Date: Sat, 09 Apr 2022 19:38:54 -0600
Author: Kevin Nicol
Pressure: 233
Temperature: 66
Front Water Lvl: 2
Back Water Lvl: 3
Flame Condition: Blue / Orange
Shift: Night
Month: Apr
Day: 9
Year: 2022
Attachment: 
Encoding: HTML
========================================

