$@MID@$: 3311
Date: Fri, 01 Apr 2022 04:03:25 -0600
Author: Ryan Gilgan
Pressure: 240
Temperature: 68
Front Water Lvl: 3
Back Water Lvl: 3
Flame Condition: Blue / Orange
Shift: Night
Month: Mar
Day: 31
Year: 2022
Attachment: 
Encoding: HTML
========================================

$@MID@$: 3312
Date: Fri, 01 Apr 2022 14:51:50 -0600
Author: Pat Brown
Pressure: 278
Temperature: 71
Front Water Lvl: 3
Back Water Lvl: 3
Flame Condition: Blue / Orange
Shift: Day
Month: Apr
Day: 1
Year: 2022
Attachment: 
Encoding: HTML
========================================

