$@MID@$: 3477
Date: Mon, 27 Jun 2022 03:52:18 -0600
Author: chris platt
Pressure: 245
Temperature: 71
Front Water Lvl: 1.5
Back Water Lvl: 2.5
Flame Condition: Blue / Orange
Shift: Night
Month: Jun
Day: 26
Year: 2022
Attachment: 
Encoding: HTML
========================================

$@MID@$: 3478
Date: Mon, 27 Jun 2022 13:24:43 -0600
Author: Pat Brown
Pressure: 236
Temperature: 66
Front Water Lvl: 3
Back Water Lvl: 2
Flame Condition: Blue / Orange
Shift: Day
Month: Jun
Day: 27
Year: 2022
Attachment: 
Encoding: HTML
========================================

