$@MID@$: 3479
Date: Tue, 28 Jun 2022 01:14:28 -0600
Author: chris platt
Pressure: 238
Temperature: 68
Front Water Lvl: 2
Back Water Lvl: 2
Flame Condition: Blue / Orange
Shift: Night
Month: Jun
Day: 27
Year: 2022
Attachment: 
Encoding: HTML
========================================
<p>238</p>
$@MID@$: 3480
Date: Tue, 28 Jun 2022 16:22:19 -0600
Author: Pat Brown
Pressure: 267
Temperature: 65
Front Water Lvl: 3
Back Water Lvl: 1
Flame Condition: Blue / Orange
Shift: Day
Month: Jun
Day: 28
Year: 2022
Attachment: 
Encoding: HTML
========================================

$@MID@$: 3481
Date: Tue, 28 Jun 2022 21:05:54 -0600
Author: Kevin Nicol
Pressure: 247
Temperature: 71
Front Water Lvl: 2
Back Water Lvl: 3
Flame Condition: Blue / Orange
Shift: Night
Month: Jun
Day: 28
Year: 2022
Attachment: 
Encoding: HTML
========================================

