$@MID@$: 3460
Date: Sat, 18 Jun 2022 04:35:09 -0600
Author: Ryan Gilgan
Pressure: 235
Temperature: 65
Front Water Lvl: 2
Back Water Lvl: 2
Flame Condition: Blue / Orange
Shift: Night
Month: Jun
Day: 17
Year: 2022
Attachment: 
Encoding: HTML
========================================

$@MID@$: 3461
Date: Sat, 18 Jun 2022 09:33:03 -0600
Author: Travis Beuker
Pressure: 260
Temperature: 70
Front Water Lvl: 2
Back Water Lvl: 1
Flame Condition: Blue / Orange
Shift: Day
Month: Jun
Day: 18
Year: 2022
Attachment: 
Encoding: HTML
========================================

