$@MID@$: 3469
Date: Thu, 23 Jun 2022 04:35:44 -0600
Author: Kyle Shute
Pressure: 228
Temperature: 68
Front Water Lvl: 2
Back Water Lvl: 2
Flame Condition: Blue / Orange
Shift: Night
Month: Jun
Day: 22
Year: 2022
Attachment: 
Encoding: HTML
========================================

$@MID@$: 3470
Date: Thu, 23 Jun 2022 13:03:39 -0600
Author: Pat Brown
Pressure: 239
Temperature: 71
Front Water Lvl: 1
Back Water Lvl: 2
Flame Condition: Blue / Orange
Shift: Day
Month: Jun
Day: 23
Year: 2022
Attachment: 
Encoding: HTML
========================================

