$@MID@$: 3502
Date: Mon, 11 Jul 2022 16:26:50 -0600
Author: chris platt
Pressure: 242
Temperature: 70
Front Water Lvl: 2
Back Water Lvl: 3
Flame Condition: Blue / Orange
Shift: Day
Month: Jul
Day: 11
Year: 2022
Attachment: 
Encoding: HTML
========================================

$@MID@$: 3503
Date: Mon, 11 Jul 2022 23:58:30 -0600
Author: Blaine Harris
Pressure: 249
Temperature: 68
Front Water Lvl: 2
Back Water Lvl: 3
Flame Condition: Blue / Orange
Shift: Night
Month: Jul
Day: 11
Year: 2022
Attachment: 
Encoding: HTML
========================================

