$@MID@$: 3518
Date: Wed, 20 Jul 2022 04:50:53 -0600
Author: chris platt
Pressure: 280
Temperature: 71
Front Water Lvl: 1
Back Water Lvl: 1
Flame Condition: Blue / Orange
Shift: Night
Month: Jul
Day: 19
Year: 2022
Attachment: 
Encoding: HTML
========================================
<p>280</p>
$@MID@$: 3519
Date: Wed, 20 Jul 2022 13:29:35 -0600
Author: Travis Beuker
Pressure: 251
Temperature: 70
Front Water Lvl: 1.5
Back Water Lvl: .5
Flame Condition: Blue / Orange
Shift: Day
Month: Jul
Day: 20
Year: 2022
Attachment: 
Encoding: HTML
========================================

