$@MID@$: 3489
Date: Sun, 03 Jul 2022 09:56:09 -0600
Author: Ryan Gilgan
Pressure: 270
Temperature: 70
Front Water Lvl: 1
Back Water Lvl: 3
Flame Condition: Blue / Orange
Shift: Day
Month: Jul
Day: 3
Year: 2022
Attachment: 
Encoding: HTML
========================================

$@MID@$: 3490
Date: Sun, 03 Jul 2022 21:00:07 -0600
Author: Kevin Nicol
Pressure: 235
Temperature: 66
Front Water Lvl: 1.5
Back Water Lvl: 3
Flame Condition: Blue / Orange
Shift: Night
Month: Jul
Day: 3
Year: 2022
Attachment: 
Encoding: HTML
========================================

