$@MID@$: 3493
Date: Tue, 05 Jul 2022 16:31:17 -0600
Author: chris platt
Pressure: 231
Temperature: 69
Front Water Lvl: 1
Back Water Lvl: 3
Flame Condition: Blue / Orange
Shift: Day
Month: Jul
Day: 5
Year: 2022
Attachment: 
Encoding: HTML
========================================
<p>231</p>
$@MID@$: 3494
Date: Tue, 05 Jul 2022 23:27:49 -0600
Author: Blaine Harris
Pressure: 225
Temperature: 68
Front Water Lvl: 1
Back Water Lvl: 3
Flame Condition: Blue / Orange
Shift: Night
Month: Jul
Day: 5
Year: 2022
Attachment: 
Encoding: HTML
========================================

