$@MID@$: 3588
Date: Tue, 23 Aug 2022 09:36:12 -0600
Author: Travis Beuker
Pressure: 243
Temperature: 70
Front Water Lvl: 3
Back Water Lvl: 2
Flame Condition: Blue / Orange
Shift: Day
Month: Aug
Day: 23
Year: 2022
Attachment: 
Encoding: HTML
========================================

$@MID@$: 3589
Date: Tue, 23 Aug 2022 19:53:51 -0600
Author: Kevin Nicol
Pressure: 233
Temperature: 69
Front Water Lvl: 0
Back Water Lvl: 2
Flame Condition: Blue / Orange
Shift: Night
Month: Aug
Day: 23
Year: 2022
Attachment: 
Encoding: HTML
========================================

