$@MID@$: 3545
Date: Tue, 02 Aug 2022 09:35:52 -0600
Author: Travis Beuker
Pressure: 248
Temperature: 69
Front Water Lvl: 1.5
Back Water Lvl: .5
Flame Condition: Blue / Orange
Shift: Day
Month: Aug
Day: 2
Year: 2022
Attachment: 
Encoding: HTML
========================================

$@MID@$: 3546
Date: Tue, 02 Aug 2022 16:55:30 -0600
Author: chris platt
Pressure: 230
Temperature: 70
Front Water Lvl: 1.5
Back Water Lvl: .5
Flame Condition: Blue / Orange
Shift: Day
Month: Aug
Day: 2
Year: 2022
Attachment: 
Encoding: HTML
========================================

$@MID@$: 3547
Date: Tue, 02 Aug 2022 20:17:11 -0600
Author: Kevin Nicol
Pressure: 242
Temperature: 72
Front Water Lvl: .5
Back Water Lvl: .5
Flame Condition: Blue / Orange
Shift: Night
Month: Aug
Day: 2
Year: 2022
Attachment: 
Encoding: HTML
========================================

