$@MID@$: 3590
Date: Wed, 24 Aug 2022 11:32:35 -0600
Author: Travis Beuker
Pressure: 248
Temperature: 68
Front Water Lvl: .5
Back Water Lvl: 2.5
Flame Condition: Blue / Orange
Shift: Day
Month: Aug
Day: 24
Year: 2022
Attachment: 
Encoding: HTML
========================================

$@MID@$: 3591
Date: Wed, 24 Aug 2022 19:48:40 -0600
Author: Kevin Nicol
Pressure: 224
Temperature: 71
Front Water Lvl: 1
Back Water Lvl: 3
Flame Condition: Blue / Orange
Shift: Night
Month: Aug
Day: 24
Year: 2022
Attachment: 
Encoding: HTML
========================================

