$@MID@$: 3597
Date: Sun, 28 Aug 2022 09:47:39 -0600
Author: Travis Beuker
Pressure: 340
Temperature: 69
Front Water Lvl: 1
Back Water Lvl: 2.5
Flame Condition: Blue / Orange
Shift: Day
Month: Aug
Day: 28
Year: 2022
Attachment: 
Encoding: HTML
========================================

$@MID@$: 3598
Date: Sun, 28 Aug 2022 20:19:54 -0600
Author: Kevin Nicol
Pressure: 289
Temperature: 70
Front Water Lvl: 1
Back Water Lvl: 3
Flame Condition: Blue / Orange
Shift: Night
Month: Aug
Day: 28
Year: 2022
Attachment: 
Encoding: HTML
========================================

