$@MID@$: 3566
Date: Fri, 12 Aug 2022 04:43:12 -0600
Author: Ryan Gilgan
Pressure: 260
Temperature: 70
Front Water Lvl: 2
Back Water Lvl: 2.5
Flame Condition: Blue / Orange
Shift: Night
Month: Aug
Day: 11
Year: 2022
Attachment: 
Encoding: HTML
========================================

$@MID@$: 3567
Date: Fri, 12 Aug 2022 10:52:40 -0600
Author: Travis Beuker
Pressure: 233
Temperature: 66
Front Water Lvl: 1
Back Water Lvl: 3
Flame Condition: Blue / Orange
Shift: Day
Month: Aug
Day: 12
Year: 2022
Attachment: 
Encoding: HTML
========================================
<p>Yesterday dumped back water from 6 to 3 bolts.</p>
