$@MID@$: 3622
Date: Sat, 10 Sep 2022 04:26:03 -0600
Author: Ryan Gilgan
Pressure: 250
Temperature: 70
Front Water Lvl: 1
Back Water Lvl: 2
Flame Condition: Blue / Orange
Shift: Night
Month: Sep
Day: 9
Year: 2022
Attachment: 
Encoding: HTML
========================================

$@MID@$: 3623
Date: Sat, 10 Sep 2022 09:37:10 -0600
Author: Travis Beuker
Pressure: 243
Temperature: 70
Front Water Lvl: 1
Back Water Lvl: 3
Flame Condition: Blue / Orange
Shift: Day
Month: Sep
Day: 10
Year: 2022
Attachment: 
Encoding: HTML
========================================

