$@MID@$: 3650
Date: Sun, 25 Sep 2022 09:39:59 -0600
Author: Travis Beuker
Pressure: 250
Temperature: 69
Front Water Lvl: 1.5
Back Water Lvl: 0
Flame Condition: Blue / Orange
Shift: Day
Month: Sep
Day: 25
Year: 2022
Attachment: 
Encoding: HTML
========================================
<p>Backwater level was adjusted to lower in sight glass</p>
$@MID@$: 3651
Date: Sun, 25 Sep 2022 22:16:52 -0600
Author: Blaine Harris
Pressure: 260
Temperature: 68
Front Water Lvl: 0
Back Water Lvl: 1
Flame Condition: Blue / Orange
Shift: Night
Month: Sep
Day: 25
Year: 2022
Attachment: 
Encoding: HTML
========================================

