$@MID@$: 3652
Date: Mon, 26 Sep 2022 10:24:51 -0600
Author: Travis Beuker
Pressure: 248
Temperature: 69
Front Water Lvl: .5
Back Water Lvl: 1.5
Flame Condition: Blue / Orange
Shift: Day
Month: Sep
Day: 26
Year: 2022
Attachment: 
Encoding: HTML
========================================

$@MID@$: 3653
Date: Mon, 26 Sep 2022 23:12:16 -0600
Author: Blaine Harris
Pressure: 258
Temperature: 69
Front Water Lvl: 0
Back Water Lvl: 1
Flame Condition: Blue / Orange
Shift: Night
Month: Sep
Day: 26
Year: 2022
Attachment: 
Encoding: HTML
========================================

