$@MID@$: 3717
Date: Sat, 29 Oct 2022 09:34:21 -0600
Author: Brad Towers
Pressure: 267
Temperature: 70
Front Water Lvl: 2
Back Water Lvl: 3
Flame Condition: Blue / Orange
Shift: Day
Month: Oct
Day: 29
Year: 2022
Attachment: 
Encoding: HTML
========================================

$@MID@$: 3718
Date: Sat, 29 Oct 2022 23:21:17 -0600
Author: Blaine Harris
Pressure: 250
Temperature: 66
Front Water Lvl: 1
Back Water Lvl: 2
Flame Condition: Blue / Orange
Shift: Night
Month: Oct
Day: 29
Year: 2022
Attachment: 
Encoding: HTML
========================================

