$@MID@$: 3767
Date: Wed, 23 Nov 2022 14:06:08 -0700
Author: Travis Beuker
Pressure: 248
Temperature: 70
Front Water Lvl: 2
Back Water Lvl: 2
Flame Condition: Blue / Orange
Shift: Day
Month: Nov
Day: 23
Year: 2022
Attachment: 
Encoding: HTML
========================================

$@MID@$: 3768
Date: Wed, 23 Nov 2022 23:20:26 -0700
Author: Blaine Harris
Pressure: 256
Temperature: 67
Front Water Lvl: 1
Back Water Lvl: 2
Flame Condition: Blue / Orange
Shift: Night
Month: Nov
Day: 23
Year: 2022
Attachment: 
Encoding: HTML
========================================

