$@MID@$: 3827
Date: Thu, 29 Dec 2022 04:23:00 -0700
Author: Ryan Gilgan
Pressure: 270
Temperature: 70
Front Water Lvl: 2
Back Water Lvl: 2
Flame Condition: Blue / Orange
Shift: Night
Month: Dec
Day: 28
Year: 2022
Attachment: 
Encoding: HTML
========================================

$@MID@$: 3828
Date: Thu, 29 Dec 2022 08:05:00 -0700
Author: Travis Beuker
Pressure: 264
Temperature: 70
Front Water Lvl: 2.5
Back Water Lvl: 2.5
Flame Condition: Blue / Orange
Shift: Day
Month: Dec
Day: 29
Year: 2022
Attachment: 
Encoding: HTML
========================================

