$@MID@$: 3829
Date: Fri, 30 Dec 2022 04:20:51 -0700
Author: Ryan Gilgan
Pressure: 275
Temperature: 71
Front Water Lvl: 2
Back Water Lvl: 2
Flame Condition: Blue / Orange
Shift: Night
Month: Dec
Day: 29
Year: 2022
Attachment: 
Encoding: HTML
========================================

$@MID@$: 3830
Date: Fri, 30 Dec 2022 08:17:38 -0700
Author: Travis Beuker
Pressure: 260
Temperature: 67
Front Water Lvl: 2
Back Water Lvl: 1.5
Flame Condition: Blue / Orange
Shift: Day
Month: Dec
Day: 30
Year: 2022
Attachment: 
Encoding: HTML
========================================

