$@MID@$: 3817
Date: Sat, 24 Dec 2022 01:50:35 -0700
Author: Blaine Harris
Pressure: 266
Temperature: 67
Front Water Lvl: 2
Back Water Lvl: 2
Flame Condition: Blue / Orange
Shift: Night
Month: Dec
Day: 23
Year: 2022
Attachment: 
Encoding: HTML
========================================

$@MID@$: 3818
Date: Sat, 24 Dec 2022 12:51:26 -0700
Author: Brad Towers
Pressure: 255
Temperature: 72
Front Water Lvl: 3.5
Back Water Lvl: 3
Flame Condition: Blue / Orange
Shift: Day
Month: Dec
Day: 24
Year: 2022
Attachment: 
Encoding: HTML
========================================

$@MID@$: 3819
Date: Sat, 24 Dec 2022 23:55:18 -0700
Author: Blaine Harris
Pressure: 253
Temperature: 69
Front Water Lvl: 2
Back Water Lvl: 2
Flame Condition: Blue / Orange
Shift: Night
Month: Dec
Day: 24
Year: 2022
Attachment: 
Encoding: HTML
========================================

