$@MID@$: 3802
Date: Fri, 16 Dec 2022 08:39:33 -0700
Author: Travis Beuker
Pressure: 264
Temperature: 64
Front Water Lvl: 1.5
Back Water Lvl: 2
Flame Condition: Blue / Orange
Shift: Day
Month: Dec
Day: 16
Year: 2022
Attachment: 
Encoding: HTML
========================================

$@MID@$: 3803
Date: Fri, 16 Dec 2022 19:42:47 -0700
Author: Kevin Nicol
Pressure: 271
Temperature: 72
Front Water Lvl: 1
Back Water Lvl: 2
Flame Condition: Blue / Orange
Shift: Night
Month: Dec
Day: 16
Year: 2022
Attachment: 
Encoding: HTML
========================================

