$@MID@$: 3822
Date: Mon, 26 Dec 2022 15:17:28 -0700
Author: Brad Towers
Pressure: 252
Temperature: 69
Front Water Lvl: 3.5
Back Water Lvl: 3
Flame Condition: Blue / Orange
Shift: Day
Month: Dec
Day: 26
Year: 2022
Attachment: 
Encoding: HTML
========================================

$@MID@$: 3823
Date: Mon, 26 Dec 2022 22:51:46 -0700
Author: Blaine Harris
Pressure: 266
Temperature: 67
Front Water Lvl: 3
Back Water Lvl: 2
Flame Condition: Blue / Orange
Shift: Night
Month: Dec
Day: 26
Year: 2022
Attachment: 
Encoding: HTML
========================================

