$@MID@$: 3821
Date: Thu, 26 Jan 2023 04:13:52 -0700
Author: Ryan Gilgan
Flow: 235
Inlet Temp: 200
Outlet Temp: 211
Pump Press: 740
Surge Tank Press: 320
Surge Tank Level: 4
Fuel Gas Press: 780
Stack Temp: 211
Air Temp: 19
Flame Condition: Blue / Orange
Shift: Night
Month: Jan
Day: 25
Year: 2023
Attachment: 
Encoding: HTML
========================================

$@MID@$: 3822
Date: Thu, 26 Jan 2023 06:51:53 -0700
Author: Kevin Nicol
Flow: 242
Inlet Temp: 199
Outlet Temp: 211
Pump Press: 740
Surge Tank Press: 315
Surge Tank Level: 4
Fuel Gas Press: 780
Stack Temp: 208
Air Temp: 20
Flame Condition: Blue / Orange
Shift: Day
Month: Jan
Day: 26
Year: 2023
Attachment: 
Encoding: HTML
========================================

