$@MID@$: 3782
Date: Fri, 06 Jan 2023 16:14:52 -0700
Author: Blaine Harris
Flow: 236
Inlet Temp: 198
Outlet Temp: 210
Pump Press: 740
Surge Tank Press: 320
Surge Tank Level: 4
Fuel Gas Press: 790
Stack Temp: 213
Air Temp: 20
Flame Condition: Blue / Orange
Shift: Day
Month: Jan
Day: 6
Year: 2023
Attachment: 
Encoding: HTML
========================================

$@MID@$: 3783
Date: Fri, 06 Jan 2023 23:02:46 -0700
Author: Pat Brown
Flow: 236
Inlet Temp: 198
Outlet Temp: 210
Pump Press: 740
Surge Tank Press: 325
Surge Tank Level: 4
Fuel Gas Press: 790
Stack Temp: 214
Air Temp: 20
Flame Condition: Blue / Orange
Shift: Night
Month: Jan
Day: 6
Year: 2023
Attachment: 
Encoding: HTML
========================================

