$@MID@$: 3827
Date: Sun, 29 Jan 2023 04:34:21 -0700
Author: Ryan Gilgan
Flow: 232
Inlet Temp: 197
Outlet Temp: 209
Pump Press: 740
Surge Tank Press: 335
Surge Tank Level: 4
Fuel Gas Press: 780
Stack Temp: 209
Air Temp: 20
Flame Condition: Blue / Orange
Shift: Night
Month: Jan
Day: 28
Year: 2023
Attachment: 
Encoding: HTML
========================================

$@MID@$: 3828
Date: Sun, 29 Jan 2023 08:08:42 -0700
Author: Kevin Nicol
Flow: 226
Inlet Temp: 199
Outlet Temp: 210
Pump Press: 740
Surge Tank Press: 340
Surge Tank Level: 4
Fuel Gas Press: 780
Stack Temp: 214
Air Temp: 19
Flame Condition: Blue / Orange
Shift: Day
Month: Jan
Day: 29
Year: 2023
Attachment: 
Encoding: HTML
========================================

