$@MID@$: 3833
Date: Wed, 01 Feb 2023 00:49:28 -0700
Author: Pat Brown
Flow: 237
Inlet Temp: 197
Outlet Temp: 210
Pump Press: 740
Surge Tank Press: 325
Surge Tank Level: 4
Fuel Gas Press: 790
Stack Temp: 218
Air Temp: 22
Flame Condition: Blue / Orange
Shift: Night
Month: Jan
Day: 31
Year: 2023
Attachment: 
Encoding: HTML
========================================

$@MID@$: 3834
Date: Wed, 01 Feb 2023 10:17:44 -0700
Author: Blaine Harris
Flow: 234
Inlet Temp: 197
Outlet Temp: 209
Pump Press: 740
Surge Tank Press: 330
Surge Tank Level: 4
Fuel Gas Press: 790
Stack Temp: 214
Air Temp: 20
Flame Condition: Blue / Orange
Shift: Day
Month: Feb
Day: 1
Year: 2023
Attachment: 
Encoding: HTML
========================================

$@MID@$: 3835
Date: Wed, 01 Feb 2023 21:54:19 -0700
Author: Pat Brown
Flow: 232
Inlet Temp: 197
Outlet Temp: 210
Pump Press: 740
Surge Tank Press: 325
Surge Tank Level: 4
Fuel Gas Press: 790
Stack Temp: 216
Air Temp: 21
Flame Condition: Blue / Orange
Shift: Night
Month: Feb
Day: 1
Year: 2023
Attachment: 
Encoding: HTML
========================================

