$@MID@$: 3883
Date: Tue, 28 Feb 2023 04:34:54 -0700
Author: Ryan Gilgan
Flow: 235
Inlet Temp: 197
Outlet Temp: 210
Pump Press: 740
Surge Tank Press: 330
Surge Tank Level: 4
Fuel Gas Press: 780
Stack Temp: 221
Air Temp: 20
Flame Condition: Blue / Orange
Shift: Night
Month: Feb
Day: 27
Year: 2023
Attachment: 
Encoding: HTML
========================================

$@MID@$: 3884
Date: Tue, 28 Feb 2023 08:23:45 -0700
Author: Chris Platt (Contractor)
Flow: 236
Inlet Temp: 199
Outlet Temp: 211
Pump Press: 700
Surge Tank Press: 325
Surge Tank Level: 3
Fuel Gas Press: 790
Stack Temp: 213
Air Temp: 20
Flame Condition: Blue / Orange
Shift: Day
Month: Feb
Day: 28
Year: 2023
Attachment: 
Encoding: HTML
========================================

$@MID@$: 3885
Date: Tue, 28 Feb 2023 22:47:49 -0700
Author: Pat Brown
Flow: 231
Inlet Temp: 199
Outlet Temp: 210
Pump Press: 720
Surge Tank Press: 325
Surge Tank Level: 3
Fuel Gas Press: 790
Stack Temp: 214
Air Temp: 19
Flame Condition: Blue / Orange
Shift: Night
Month: Feb
Day: 28
Year: 2023
Attachment: 
Encoding: HTML
========================================

