$@MID@$: 3856
Date: Mon, 13 Feb 2023 16:17:15 -0700
Author: Ryan Gilgan
Flow: 238
Inlet Temp: 197
Outlet Temp: 210
Pump Press: 720
Surge Tank Press: 320
Surge Tank Level: 4
Fuel Gas Press: 780
Stack Temp: 219
Air Temp: 20
Flame Condition: Blue / Orange
Shift: Day
Month: Feb
Day: 13
Year: 2023
Attachment: 
Encoding: HTML
========================================

$@MID@$: 3857
Date: Mon, 13 Feb 2023 20:48:19 -0700
Author: Kevin Nicol
Flow: 239
Inlet Temp: 197
Outlet Temp: 210
Pump Press: 740
Surge Tank Press: 320
Surge Tank Level: 4
Fuel Gas Press: 780
Stack Temp: 218
Air Temp: 19
Flame Condition: Blue / Orange
Shift: Night
Month: Feb
Day: 13
Year: 2023
Attachment: 
Encoding: HTML
========================================

