$@MID@$: 3851
Date: Fri, 10 Feb 2023 16:24:43 -0700
Author: Ryan Gilgan
Flow: 236
Inlet Temp: 197
Outlet Temp: 210
Pump Press: 730
Surge Tank Press: 325
Surge Tank Level: 4
Fuel Gas Press: 780
Stack Temp: 220
Air Temp: 22
Flame Condition: Blue / Orange
Shift: Day
Month: Feb
Day: 10
Year: 2023
Attachment: 
Encoding: HTML
========================================

$@MID@$: 3852
Date: Fri, 10 Feb 2023 19:42:45 -0700
Author: Kevin Nicol
Flow: 239
Inlet Temp: 193
Outlet Temp: 210
Pump Press: 740
Surge Tank Press: 320
Surge Tank Level: 4
Fuel Gas Press: 780
Stack Temp: 221
Air Temp: 19
Flame Condition: Blue / Orange
Shift: Night
Month: Feb
Day: 10
Year: 2023
Attachment: 
Encoding: HTML
========================================

