$@MID@$: 3891
Date: Sat, 04 Mar 2023 04:31:10 -0700
Author: Ryan Gilgan
Flow: 233
Inlet Temp: 199
Outlet Temp: 211
Pump Press: 740
Surge Tank Press: 321
Surge Tank Level: 3
Fuel Gas Press: 780
Stack Temp: 210
Air Temp: 17
Flame Condition: Blue / Orange
Shift: Night
Month: Mar
Day: 3
Year: 2023
Attachment: 
Encoding: HTML
========================================

$@MID@$: 3892
Date: Sat, 04 Mar 2023 08:37:38 -0700
Author: Chris Platt (Contractor)
Flow: 235
Inlet Temp: 198
Outlet Temp: 209
Pump Press: 700
Surge Tank Press: 320
Surge Tank Level: 3
Fuel Gas Press: 790
Stack Temp: 215
Air Temp: 20
Flame Condition: Blue / Orange
Shift: Day
Month: Mar
Day: 4
Year: 2023
Attachment: 
Encoding: HTML
========================================

$@MID@$: 3893
Date: Sat, 04 Mar 2023 23:17:50 -0700
Author: Pat Brown
Flow: 232
Inlet Temp: 197
Outlet Temp: 210
Pump Press: 710
Surge Tank Press: 320
Surge Tank Level: 3
Fuel Gas Press: 790
Stack Temp: 214
Air Temp: 19
Flame Condition: Blue / Orange
Shift: Night
Month: Mar
Day: 4
Year: 2023
Attachment: 
Encoding: HTML
========================================

