$@MID@$: 3935
Date: Sun, 26 Mar 2023 04:49:28 -0600
Author: Ryan Gilgan
Flow: 237
Inlet Temp: 198
Outlet Temp: 211
Pump Press: 740
Surge Tank Press: 315
Surge Tank Level: 3
Fuel Gas Press: 780
Stack Temp: 214
Air Temp: 20
Flame Condition: Blue / Orange
Shift: Night
Month: Mar
Day: 25
Year: 2023
Attachment: 
Encoding: HTML
========================================

$@MID@$: 3936
Date: Sun, 26 Mar 2023 08:17:49 -0600
Author: Kevin Nicol
Flow: 237
Inlet Temp: 198
Outlet Temp: 210
Pump Press: 740
Surge Tank Press: 320
Surge Tank Level: 3
Fuel Gas Press: 760
Stack Temp: 218
Air Temp: 20
Flame Condition: Blue / Orange
Shift: Day
Month: Mar
Day: 26
Year: 2023
Attachment: 
Encoding: HTML
========================================

$@MID@$: 3937
Date: Sun, 26 Mar 2023 21:58:00 -0600
Author: Pat Brown
Flow: 239
Inlet Temp: 198
Outlet Temp: 211
Pump Press: 730
Surge Tank Press: 320
Surge Tank Level: 3
Fuel Gas Press: 780
Stack Temp: 217
Air Temp: 21
Flame Condition: Blue / Orange
Shift: Night
Month: Mar
Day: 26
Year: 2023
Attachment: 
Encoding: HTML
========================================

