$@MID@$: 3943
Date: Thu, 30 Mar 2023 16:19:24 -0600
Author: Blaine Harris
Flow: 238
Inlet Temp: 197
Outlet Temp: 210
Pump Press: 720
Surge Tank Press: 310
Surge Tank Level: 3
Fuel Gas Press: 770
Stack Temp: 217
Air Temp: 21
Flame Condition: Blue / Orange
Shift: Day
Month: Mar
Day: 30
Year: 2023
Attachment: 
Encoding: HTML
========================================

$@MID@$: 3944
Date: Thu, 30 Mar 2023 22:43:21 -0600
Author: Pat Brown
Flow: 237
Inlet Temp: 165
Outlet Temp: 211
Pump Press: 720
Surge Tank Press: 325
Surge Tank Level: 3
Fuel Gas Press: 780
Stack Temp: 219
Air Temp: 21
Flame Condition: Blue / Orange
Shift: Night
Month: Mar
Day: 29
Year: 2023
Attachment: 
Encoding: HTML
========================================

