$@MID@$: 3910
Date: Mon, 13 Mar 2023 16:16:06 -0600
Author: Ryan Gilgan
Flow: 231
Inlet Temp: 198
Outlet Temp: 210
Pump Press: 740
Surge Tank Press: 315
Surge Tank Level: 3.5
Fuel Gas Press: 790
Stack Temp: 219
Air Temp: 22
Flame Condition: Blue / Orange
Shift: Night
Month: Mar
Day: 13
Year: 2023
Attachment: 
Encoding: HTML
========================================

$@MID@$: 3911
Date: Mon, 13 Mar 2023 19:50:21 -0600
Author: Kevin Nicol
Flow: 237
Inlet Temp: 199
Outlet Temp: 211
Pump Press: 740
Surge Tank Press: 315
Surge Tank Level: 3.5
Fuel Gas Press: 760
Stack Temp: 214
Air Temp: 20
Flame Condition: Blue / Orange
Shift: Night
Month: Mar
Day: 13
Year: 2023
Attachment: 
Encoding: HTML
========================================

