$@MID@$: 3898
Date: Tue, 07 Mar 2023 16:19:01 -0700
Author: Ryan Gilgan
Flow: 229
Inlet Temp: 197
Outlet Temp: 210
Pump Press: 740
Surge Tank Press: 330
Surge Tank Level: 3.5
Fuel Gas Press: 800
Stack Temp: 219
Air Temp: 19
Flame Condition: Blue / Orange
Shift: Day
Month: Mar
Day: 8
Year: 2023
Attachment: 
Encoding: HTML
========================================

$@MID@$: 3899
Date: Tue, 07 Mar 2023 19:39:58 -0700
Author: Kevin Nicol
Flow: 234
Inlet Temp: 198
Outlet Temp: 210
Pump Press: 740
Surge Tank Press: 320
Surge Tank Level: 3.5
Fuel Gas Press: 780
Stack Temp: 213
Air Temp: 20
Flame Condition: Blue / Orange
Shift: Night
Month: Mar
Day: 7
Year: 2023
Attachment: 
Encoding: HTML
========================================

