$@MID@$: 3900
Date: Wed, 08 Mar 2023 16:39:08 -0700
Author: Ryan Gilgan
Flow: 233
Inlet Temp: 198
Outlet Temp: 212
Pump Press: 740
Surge Tank Press: 320
Surge Tank Level: 3.5
Fuel Gas Press: 790
Stack Temp: 213
Air Temp: 20
Flame Condition: Blue / Orange
Shift: Day
Month: Mar
Day: 8
Year: 2023
Attachment: 
Encoding: HTML
========================================

$@MID@$: 3901
Date: Wed, 08 Mar 2023 19:34:36 -0700
Author: Kevin Nicol
Flow: 233
Inlet Temp: 196
Outlet Temp: 210
Pump Press: 740
Surge Tank Press: 315
Surge Tank Level: 4
Fuel Gas Press: 780
Stack Temp: 214
Air Temp: 21
Flame Condition: Blue / Orange
Shift: Night
Month: Mar
Day: 8
Year: 2023
Attachment: 
Encoding: HTML
========================================

