$@MID@$: 3914
Date: Wed, 15 Mar 2023 15:48:51 -0600
Author: Pat Brown
Flow: 234
Inlet Temp: 196
Outlet Temp: 211
Pump Press: 700
Surge Tank Press: 315
Surge Tank Level: 3
Fuel Gas Press: 790
Stack Temp: 216
Air Temp: 19
Flame Condition: Blue / Orange
Shift: Day
Month: Mar
Day: 15
Year: 2023
Attachment: 
Encoding: HTML
========================================

$@MID@$: 3915
Date: Wed, 15 Mar 2023 23:28:02 -0600
Author: Blaine Harris
Flow: 236
Inlet Temp: 200
Outlet Temp: 211
Pump Press: 720
Surge Tank Press: 310
Surge Tank Level: 3
Fuel Gas Press: 780
Stack Temp: 211
Air Temp: 22
Flame Condition: Blue / Orange
Shift: Night
Month: Mar
Day: 15
Year: 2023
Attachment: 
Encoding: HTML
========================================

