$@MID@$: 3955
Date: Wed, 05 Apr 2023 16:27:16 -0600
Author: Ryan Gilgan
Flow: 240
Inlet Temp: 197
Outlet Temp: 210
Pump Press: 720
Surge Tank Press: 320
Surge Tank Level: 3
Fuel Gas Press: 780
Stack Temp: 213
Air Temp: 21
Flame Condition: Blue / Orange
Shift: Day
Month: Apr
Day: 5
Year: 2023
Attachment: 
Encoding: HTML
========================================

$@MID@$: 3956
Date: Wed, 05 Apr 2023 22:51:42 -0600
Author: Pat Brown
Flow: 240
Inlet Temp: 198
Outlet Temp: 210
Pump Press: 720
Surge Tank Press: 320
Surge Tank Level: 3
Fuel Gas Press: 780
Stack Temp: 217
Air Temp: 20
Flame Condition: Blue / Orange
Shift: Night
Month: Apr
Day: 5
Year: 2023
Attachment: 
Encoding: HTML
========================================

