$@MID@$: 3976
Date: Sun, 16 Apr 2023 14:58:29 -0600
Author: Pat Brown
Flow: 236
Inlet Temp: 202
Outlet Temp: 211
Pump Press: 750
Surge Tank Press: 315
Surge Tank Level: 3
Fuel Gas Press: 790
Stack Temp: 218
Air Temp: 20
Flame Condition: Blue / Orange
Shift: Day
Month: Apr
Day: 16
Year: 2023
Attachment: 
Encoding: HTML
========================================

$@MID@$: 3977
Date: Sun, 16 Apr 2023 21:50:49 -0600
Author: Blaine Harris
Flow: 242
Inlet Temp: 198
Outlet Temp: 209
Pump Press: 720
Surge Tank Press: 310
Surge Tank Level: 3
Fuel Gas Press: 780
Stack Temp: 214
Air Temp: 20
Flame Condition: Blue / Orange
Shift: Night
Month: Apr
Day: 16
Year: 2023
Attachment: 
Encoding: HTML
========================================

