$@MID@$: 3992
Date: Fri, 28 Apr 2023 05:59:31 -0600
Author: Ryan Gilgan
Flow: 223
Inlet Temp: 206
Outlet Temp: 211
Pump Press: 740
Surge Tank Press: 310
Surge Tank Level: 3
Fuel Gas Press: 780
Stack Temp: 208
Air Temp: 20
Flame Condition: Blue / Orange
Shift: Night
Month: Apr
Day: 27
Year: 2023
Attachment: 
Encoding: HTML
========================================

$@MID@$: 3993
Date: Fri, 28 Apr 2023 16:10:17 -0600
Author: Blaine Harris
Flow: 229
Inlet Temp: 206
Outlet Temp: 211
Pump Press: 720
Surge Tank Press: 300
Surge Tank Level: 4
Fuel Gas Press: 780
Stack Temp: 196
Air Temp: 23
Flame Condition: Blue / Orange
Shift: Day
Month: Apr
Day: 28
Year: 2023
Attachment: 
Encoding: HTML
========================================

$@MID@$: 3994
Date: Fri, 28 Apr 2023 22:52:40 -0600
Author: Pat Brown
Flow: 228
Inlet Temp: 205
Outlet Temp: 210
Pump Press: 720
Surge Tank Press: 360
Surge Tank Level: 3
Fuel Gas Press: 780
Stack Temp: 195
Air Temp: 21
Flame Condition: Blue / Orange
Shift: Night
Month: Apr
Day: 28
Year: 2023
Attachment: 
Encoding: HTML
========================================

