$@MID@$: 4056
Date: Wed, 28 Jun 2023 16:57:34 -0600
Author: Ryan Gilgan
Flow: 227
Inlet Temp: 206
Outlet Temp: 211
Pump Press: 740
Surge Tank Press: 315
Surge Tank Level: 3
Fuel Gas Press: 790
Stack Temp: 201
Air Temp: 28
Flame Condition: Blue / Orange
Shift: Day
Month: Jun
Day: 28
Year: 2023
Attachment: 
Encoding: HTML
========================================

$@MID@$: 4057
Date: Wed, 28 Jun 2023 23:47:58 -0600
Author: Pat Brown
Flow: 231
Inlet Temp: 207
Outlet Temp: 212
Pump Press: 740
Surge Tank Press: 315
Surge Tank Level: 3
Fuel Gas Press: 780
Stack Temp: 218
Air Temp: 21
Flame Condition: Blue / Orange
Shift: Night
Month: Jun
Day: 28
Year: 2023
Attachment: 
Encoding: HTML
========================================

