$@MID@$: 4027
Date: Wed, 14 Jun 2023 04:36:42 -0600
Author: Ryan Gilgan
Flow: 223
Inlet Temp: 206
Outlet Temp: 211
Pump Press: 760
Surge Tank Press: 310
Surge Tank Level: 3
Fuel Gas Press: 800
Stack Temp: 210
Air Temp: 20
Flame Condition: Blue / Orange
Shift: Night
Month: Jun
Day: 13
Year: 2023
Attachment: 
Encoding: HTML
========================================

$@MID@$: 4028
Date: Wed, 14 Jun 2023 08:38:31 -0600
Author: Kevin Nicol
Flow: 222
Inlet Temp: 207
Outlet Temp: 211
Pump Press: 740
Surge Tank Press: 320
Surge Tank Level: 3
Fuel Gas Press: 800
Stack Temp: 195
Air Temp: 19
Flame Condition: Blue / Orange
Shift: Day
Month: Jun
Day: 14
Year: 2023
Attachment: 
Encoding: HTML
========================================

