$@MID@$: 4044
Date: Thu, 22 Jun 2023 16:14:01 -0600
Author: Blaine Harris
Flow: 225
Inlet Temp: 211
Outlet Temp: 213
Pump Press: 740
Surge Tank Press: 310
Surge Tank Level: 3
Fuel Gas Press: 810
Stack Temp: 193
Air Temp: 22
Flame Condition: Blue / Orange
Shift: Day
Month: Jun
Day: 22
Year: 2023
Attachment: 
Encoding: HTML
========================================

$@MID@$: 4045
Date: Thu, 22 Jun 2023 23:40:08 -0600
Author: Pat Brown
Flow: 229
Inlet Temp: 207
Outlet Temp: 210
Pump Press: 740
Surge Tank Press: 315
Surge Tank Level: 3
Fuel Gas Press: 790
Stack Temp: 196
Air Temp: 18
Flame Condition: Blue / Orange
Shift: Night
Month: Jun
Day: 22
Year: 2023
Attachment: 
Encoding: HTML
========================================

