$@MID@$: 4076
Date: Sat, 08 Jul 2023 15:41:16 -0600
Author: Pat Brown
Flow: 233
Inlet Temp: 206
Outlet Temp: 211
Pump Press: 740
Surge Tank Press: 315
Surge Tank Level: 4
Fuel Gas Press: 800
Stack Temp: 224
Air Temp: 22
Flame Condition: Blue / Orange
Shift: Day
Month: Jul
Day: 8
Year: 2023
Attachment: 
Encoding: HTML
========================================

$@MID@$: 4077
Date: Sat, 08 Jul 2023 22:54:24 -0600
Author: Blaine Harris
Flow: 232
Inlet Temp: 207
Outlet Temp: 212
Pump Press: 740
Surge Tank Press: 315
Surge Tank Level: 4
Fuel Gas Press: 800
Stack Temp: 197
Air Temp: 29
Flame Condition: Blue / Orange
Shift: Night
Month: Jul
Day: 8
Year: 2023
Attachment: 
Encoding: HTML
========================================

