$@MID@$: 4093
Date: Mon, 17 Jul 2023 04:47:48 -0600
Author: Ryan Gilgan
Flow: 231
Inlet Temp: 205
Outlet Temp: 210
Pump Press: 740
Surge Tank Press: 320
Surge Tank Level: 4
Fuel Gas Press: 800
Stack Temp: 200
Air Temp: 24
Flame Condition: Blue / Orange
Shift: Night
Month: Jul
Day: 16
Year: 2023
Attachment: 
Encoding: HTML
========================================

$@MID@$: 4094
Date: Mon, 17 Jul 2023 06:49:19 -0600
Author: Kevin Nicol
Flow: 228
Inlet Temp: 206
Outlet Temp: 210
Pump Press: 740
Surge Tank Press: 320
Surge Tank Level: 4
Fuel Gas Press: 800
Stack Temp: 200
Air Temp: 20
Flame Condition: Blue / Orange
Shift: Day
Month: Jul
Day: 17
Year: 2023
Attachment: 
Encoding: HTML
========================================

