$@MID@$: 4070
Date: Wed, 05 Jul 2023 14:58:41 -0600
Author: Pat Brown
Flow: 229
Inlet Temp: 206
Outlet Temp: 211
Pump Press: 740
Surge Tank Press: 315
Surge Tank Level: 3
Fuel Gas Press: 780
Stack Temp: 212
Air Temp: 22
Flame Condition: Blue / Orange
Shift: Day
Month: Jul
Day: 5
Year: 2023
Attachment: 
Encoding: HTML
========================================

$@MID@$: 4071
Date: Wed, 05 Jul 2023 22:15:04 -0600
Author: Blaine Harris
Flow: 231
Inlet Temp: 207
Outlet Temp: 212
Pump Press: 740
Surge Tank Press: 312
Surge Tank Level: 3
Fuel Gas Press: 790
Stack Temp: 201
Air Temp: 28
Flame Condition: Blue / Orange
Shift: Night
Month: Jul
Day: 5
Year: 2023
Attachment: 
Encoding: HTML
========================================

