$@MID@$: 4232
Date: Sun, 24 Sep 2023 16:44:27 -0600
Author: Ryan Gilgan
Flow: 225
Inlet Temp: 206
Outlet Temp: 211
Pump Press: 740
Surge Tank Press: 325
Surge Tank Level: 4.5
Fuel Gas Press: 810
Stack Temp: 197
Air Temp: 19
Flame Condition: Blue / Orange
Shift: Day
Month: Sep
Day: 24
Year: 2023
Attachment: 
Encoding: HTML
========================================

$@MID@$: 4233
Date: Sun, 24 Sep 2023 21:03:46 -0600
Author: Blaine Harris
Flow: 228
Inlet Temp: 207
Outlet Temp: 211
Pump Press: 740
Surge Tank Press: 310
Surge Tank Level: 4.5
Fuel Gas Press: 800
Stack Temp: 202
Air Temp: 20
Flame Condition: Blue / Orange
Shift: Night
Month: Sep
Day: 24
Year: 2023
Attachment: 
Encoding: HTML
========================================

