$@MID@$: 4228
Date: Fri, 22 Sep 2023 16:30:55 -0600
Author: Ryan Gilgan
Flow: 225
Inlet Temp: 207
Outlet Temp: 210
Pump Press: 740
Surge Tank Press: 325
Surge Tank Level: 3
Fuel Gas Press: 820
Stack Temp: 199
Air Temp: 19
Flame Condition: Blue / Orange
Shift: Day
Month: Sep
Day: 22
Year: 2023
Attachment: 
Encoding: HTML
========================================

$@MID@$: 4229
Date: Fri, 22 Sep 2023 23:18:52 -0600
Author: Blaine Harris
Flow: 229
Inlet Temp: 207
Outlet Temp: 211
Pump Press: 740
Surge Tank Press: 320
Surge Tank Level: 2
Fuel Gas Press: 810
Stack Temp: 197
Air Temp: 23
Flame Condition: Blue / Orange
Shift: Night
Month: Sep
Day: 22
Year: 2023
Attachment: 
Encoding: HTML
========================================

