$@MID@$: 4204
Date: Mon, 11 Sep 2023 04:36:03 -0600
Author: Ryan Gilgan
Flow: 227
Inlet Temp: 207
Outlet Temp: 210
Pump Press: 720
Surge Tank Press: 315
Surge Tank Level: 4
Fuel Gas Press: 800
Stack Temp: 200
Air Temp: 25
Flame Condition: Blue / Orange
Shift: Night
Month: Sep
Day: 10
Year: 2023
Attachment: 
Encoding: HTML
========================================

$@MID@$: 4205
Date: Mon, 11 Sep 2023 07:06:40 -0600
Author: Kevin Nicol
Flow: 227
Inlet Temp: 207
Outlet Temp: 211
Pump Press: 740
Surge Tank Press: 325
Surge Tank Level: 4
Fuel Gas Press: 810
Stack Temp: 195
Air Temp: 20
Flame Condition: Blue / Orange
Shift: Day
Month: Sep
Day: 11
Year: 2023
Attachment: 
Encoding: HTML
========================================

