$@MID@$: 4194
Date: Wed, 06 Sep 2023 04:43:17 -0600
Author: Ryan Gilgan
Flow: 224
Inlet Temp: 205
Outlet Temp: 209
Pump Press: 740
Surge Tank Press: 320
Surge Tank Level: 3
Fuel Gas Press: 810
Stack Temp: 196
Air Temp: 19
Flame Condition: Blue / Orange
Shift: Night
Month: Sep
Day: 5
Year: 2023
Attachment: 
Encoding: HTML
========================================

$@MID@$: 4195
Date: Wed, 06 Sep 2023 07:06:38 -0600
Author: Kevin Nicol
Flow: 224
Inlet Temp: 207
Outlet Temp: 211
Pump Press: 740
Surge Tank Press: 330
Surge Tank Level: 4
Fuel Gas Press: 810
Stack Temp: 198
Air Temp: 23
Flame Condition: Blue / Orange
Shift: Day
Month: Sep
Day: 6
Year: 2023
Attachment: 
Encoding: HTML
========================================

