$@MID@$: 4298
Date: Sat, 28 Oct 2023 07:31:48 -0600
Author: Kevin Nicol
Flow: 222
Inlet Temp: 206
Outlet Temp: 210
Pump Press: 740
Surge Tank Press: 320
Surge Tank Level: 4
Fuel Gas Press: 820
Stack Temp: 194
Air Temp: 23
Flame Condition: Blue / Orange
Shift: Day
Month: Oct
Day: 28
Year: 2023
Attachment: 
Encoding: HTML
========================================

$@MID@$: 4299
Date: Sat, 28 Oct 2023 20:42:15 -0600
Author: Blaine Harris
Flow: 223
Inlet Temp: 207
Outlet Temp: 211
Pump Press: 740
Surge Tank Press: 315
Surge Tank Level: 4
Fuel Gas Press: 820
Stack Temp: 187
Air Temp: 20
Flame Condition: Blue / Orange
Shift: Night
Month: Oct
Day: 28
Year: 2023
Attachment: 
Encoding: HTML
========================================

