$@MID@$: 4290
Date: Tue, 24 Oct 2023 16:21:12 -0600
Author: Ryan Gilgan
Flow: 221
Inlet Temp: 205
Outlet Temp: 209
Pump Press: 740
Surge Tank Press: 330
Surge Tank Level: 4
Fuel Gas Press: 820
Stack Temp: 196
Air Temp: 23
Flame Condition: Blue / Orange
Shift: Day
Month: Oct
Day: 24
Year: 2023
Attachment: 
Encoding: HTML
========================================

$@MID@$: 4291
Date: Tue, 24 Oct 2023 22:33:46 -0600
Author: Blaine Harris
Flow: 221
Inlet Temp: 206
Outlet Temp: 210
Pump Press: 740
Surge Tank Press: 325
Surge Tank Level: 4
Fuel Gas Press: 830
Stack Temp: 196
Air Temp: 25
Flame Condition: Blue / Orange
Shift: Night
Month: Oct
Day: 24
Year: 2023
Attachment: 
Encoding: HTML
========================================

