$@MID@$: 4313
Date: Sun, 05 Nov 2023 04:46:07 -0700
Author: Ryan Gilgan
Flow: 223
Inlet Temp: 205
Outlet Temp: 210
Pump Press: 740
Surge Tank Press: 315
Surge Tank Level: 4
Fuel Gas Press: 800
Stack Temp: 198
Air Temp: 22
Flame Condition: Blue / Orange
Shift: Night
Month: Nov
Day: 4
Year: 2023
Attachment: 
Encoding: HTML
========================================

$@MID@$: 4314
Date: Sun, 05 Nov 2023 07:13:25 -0700
Author: Kevin Nicol
Flow: 223
Inlet Temp: 207
Outlet Temp: 210
Pump Press: 740
Surge Tank Press: 315
Surge Tank Level: 4
Fuel Gas Press: 810
Stack Temp: 195
Air Temp: 19
Flame Condition: Blue / Orange
Shift: Day
Month: Nov
Day: 5
Year: 2023
Attachment: 
Encoding: HTML
========================================

