$@MID@$: 4307
Date: Thu, 02 Nov 2023 04:39:30 -0600
Author: Ryan Gilgan
Flow: 227
Inlet Temp: 204
Outlet Temp: 210
Pump Press: 740
Surge Tank Press: 320
Surge Tank Level: 4
Fuel Gas Press: 800
Stack Temp: 198
Air Temp: 21
Flame Condition: Blue / Orange
Shift: Night
Month: Nov
Day: 1
Year: 2023
Attachment: 
Encoding: HTML
========================================

$@MID@$: 4308
Date: Thu, 02 Nov 2023 06:53:54 -0600
Author: Kevin Nicol
Flow: 223
Inlet Temp: 206
Outlet Temp: 210
Pump Press: 740
Surge Tank Press: 320
Surge Tank Level: 4
Fuel Gas Press: 800
Stack Temp: 196
Air Temp: 18
Flame Condition: Blue / Orange
Shift: Day
Month: Nov
Day: 2
Year: 2023
Attachment: 
Encoding: HTML
========================================

