$@MID@$: 4378
Date: Fri, 08 Dec 2023 04:33:38 -0700
Author: Pat Brown
Flow: 221
Inlet Temp: 205
Outlet Temp: 210
Pump Press: 740
Surge Tank Press: 315
Surge Tank Level: 3
Fuel Gas Press: 810
Stack Temp: 197
Air Temp: 18
Flame Condition: Blue / Orange
Shift: Night
Month: Dec
Day: 7
Year: 2023
Attachment: 
Encoding: HTML
========================================

$@MID@$: 4379
Date: Fri, 08 Dec 2023 12:28:31 -0700
Author: Blaine Harris
Flow: 218
Inlet Temp: 207
Outlet Temp: 210
Pump Press: 740
Surge Tank Press: 320
Surge Tank Level: 3
Fuel Gas Press: 820
Stack Temp: 198
Air Temp: 24
Flame Condition: Blue / Orange
Shift: Day
Month: Dec
Day: 8
Year: 2023
Attachment: 
Encoding: HTML
========================================

