$@MID@$: 4409
Date: Sat, 23 Dec 2023 15:57:46 -0700
Author: Pat Brown
Flow: 220
Inlet Temp: 208
Outlet Temp: 211
Pump Press: 740
Surge Tank Press: 315
Surge Tank Level: 2
Fuel Gas Press: 810
Stack Temp: 194
Air Temp: 18
Flame Condition: Blue / Orange
Shift: Day
Month: Dec
Day: 23
Year: 2023
Attachment: 
Encoding: HTML
========================================

$@MID@$: 4410
Date: Sat, 23 Dec 2023 23:38:10 -0700
Author: Blaine Harris
Flow: 220
Inlet Temp: 206
Outlet Temp: 210
Pump Press: 740
Surge Tank Press: 320
Surge Tank Level: 3
Fuel Gas Press: 800
Stack Temp: 194
Air Temp: 24
Flame Condition: Blue / Orange
Shift: Night
Month: Dec
Day: 23
Year: 2023
Attachment: 
Encoding: HTML
========================================

