$@MID@$: 4368
Date: Sun, 03 Dec 2023 04:43:30 -0700
Author: Ryan Gilgan
Flow: 221
Inlet Temp: 204
Outlet Temp: 209
Pump Press: 740
Surge Tank Press: 320
Surge Tank Level: 2
Fuel Gas Press: 810
Stack Temp: 196
Air Temp: 23
Flame Condition: Blue / Orange
Shift: Night
Month: Dec
Day: 2
Year: 2023
Attachment: 
Encoding: HTML
========================================

$@MID@$: 4369
Date: Sun, 03 Dec 2023 07:21:58 -0700
Author: Kevin Nicol
Flow: 219
Inlet Temp: 205
Outlet Temp: 210
Pump Press: 740
Surge Tank Press: 325
Surge Tank Level: 2
Fuel Gas Press: 810
Stack Temp: 191
Air Temp: 24
Flame Condition: Blue / Orange
Shift: Day
Month: Dec
Day: 3
Year: 2023
Attachment: 
Encoding: HTML
========================================

