$@MID@$: 4389
Date: Wed, 13 Dec 2023 16:18:33 -0700
Author: Blaine Harris
Flow: 222
Inlet Temp: 206
Outlet Temp: 210
Pump Press: 740
Surge Tank Press: 315
Surge Tank Level: 3
Fuel Gas Press: 800
Stack Temp: 192
Air Temp: 22
Flame Condition: Blue / Orange
Shift: Day
Month: Dec
Day: 13
Year: 2023
Attachment: 
Encoding: HTML
========================================

$@MID@$: 4390
Date: Wed, 13 Dec 2023 19:21:13 -0700
Author: Kevin Nicol
Flow: 225
Inlet Temp: 206
Outlet Temp: 210
Pump Press: 740
Surge Tank Press: 310
Surge Tank Level: 3
Fuel Gas Press: 800
Stack Temp: 193
Air Temp: 19
Flame Condition: Blue / Orange
Shift: Night
Month: Dec
Day: 13
Year: 2023
Attachment: 
Encoding: HTML
========================================

