$@MID@$: 3078
Date: Sun, 02 Jan 2022 04:41:28 -0700
Author: Ryan Gilgan
Flow: 233
Inlet Temp: 196
Outlet Temp: 208
Pump Press: 720
Surge Tank Press: 315
Surge Tank Level: 5
Fuel Gas Press: 800
Stack Temp: 216
Flame Condition: Blue / Orange
Shift: Night
Month: Jan
Day: 1
Year: 2021
Attachment: 
Encoding: HTML
========================================

$@MID@$: 3079
Date: Sun, 02 Jan 2022 09:59:53 -0700
Author: Kevin Nicol
Flow: 231
Inlet Temp: 201
Outlet Temp: 208
Pump Press: 740
Surge Tank Press: 325
Surge Tank Level: 5
Fuel Gas Press: 800
Stack Temp: 209
Flame Condition: Blue / Orange
Shift: Day
Month: Jan
Day: 2
Year: 2021
Attachment: 
Encoding: HTML
========================================

