$@MID@$: 3110
Date: Mon, 17 Jan 2022 13:21:58 -0700
Author: Ryan Gilgan
Flow: 235
Inlet Temp: 199
Outlet Temp: 210
Pump Press: 705
Surge Tank Press: 310
Surge Tank Level: 4
Fuel Gas Press: 800
Stack Temp: 214
Flame Condition: Blue / Orange
Shift: Day
Month: Jan
Day: 17
Year: 2022
Attachment: 
Encoding: HTML
========================================
<p>Air preheat temp 17</p>
$@MID@$: 3111
Date: Mon, 17 Jan 2022 21:06:05 -0700
Author: Kevin Nicol
Flow: 230
Inlet Temp: 198
Outlet Temp: 210
Pump Press: 710
Surge Tank Press: 330
Surge Tank Level: 4
Fuel Gas Press: 800
Stack Temp: 210
Flame Condition: Blue / Orange
Shift: Night
Month: Jan
Day: 17
Year: 2022
Attachment: 
Encoding: HTML
========================================

