$@MID@$: 3191
Date: Sat, 26 Feb 2022 04:17:07 -0700
Author: Ryan Gilgan
Flow: 211
Inlet Temp: 198
Outlet Temp: 210
Pump Press: 660
Surge Tank Press: 315
Surge Tank Level: 3
Fuel Gas Press: 800
Stack Temp: 211
Air Temp: 20
Flame Condition: Blue / Orange
Shift: Night
Month: Feb
Day: 25
Year: 2022
Attachment: 
Encoding: HTML
========================================

$@MID@$: 3192
Date: Sat, 26 Feb 2022 07:40:11 -0700
Author: chris platt
Flow: 208
Inlet Temp: 198
Outlet Temp: 210
Pump Press: 660
Surge Tank Press: 325
Surge Tank Level: 3
Fuel Gas Press: 820
Stack Temp: 211
Air Temp: 20
Flame Condition: Blue / Orange
Shift: Day
Month: Feb
Day: 26
Year: 2022
Attachment: 
Encoding: HTML
========================================
<p>208</p>
$@MID@$: 3193
Date: Sat, 26 Feb 2022 19:53:50 -0700
Author: Ryan Gilgan
Flow: 216
Inlet Temp: 198
Outlet Temp: 212
Pump Press: 660
Surge Tank Press: 320
Surge Tank Level: 3
Fuel Gas Press: 810
Stack Temp: 212
Air Temp: 20
Flame Condition: Blue / Orange
Shift: Night
Month: Feb
Day: 26
Year: 2022
Attachment: 
Encoding: HTML
========================================

