$@MID@$: 3143
Date: Thu, 03 Feb 2022 02:40:59 -0700
Author: Jordan Wilson
Flow: 204
Inlet Temp: 197
Outlet Temp: 210
Pump Press: 660
Surge Tank Press: 330
Surge Tank Level: 4
Fuel Gas Press: 800
Stack Temp: 212
Flame Condition: Blue / Orange
Shift: Night
Month: Feb
Day: 2
Year: 2022
Attachment: 
Encoding: HTML
========================================

$@MID@$: 3144
Date: Thu, 03 Feb 2022 16:17:23 -0700
Author: Blaine Harris
Flow: 195
Inlet Temp: 202
Outlet Temp: 211
Pump Press: 680
Surge Tank Press: 330
Surge Tank Level: 4
Fuel Gas Press: 820
Stack Temp: 213
Flame Condition: Blue / Orange
Shift: Day
Month: Feb
Day: 3
Year: 2022
Attachment: 
Encoding: HTML
========================================

