$@MID@$: 3211
Date: Tue, 08 Mar 2022 01:45:21 -0700
Author: Jordan Wilson
Flow: 213
Inlet Temp: 197
Outlet Temp: 210
Pump Press: 660
Surge Tank Press: 325
Surge Tank Level: 2.5
Fuel Gas Press: 800
Stack Temp: 212
Air Temp: 19
Flame Condition: Blue / Orange
Shift: Night
Month: Mar
Day: 7
Year: 2022
Attachment: 
Encoding: HTML
========================================

$@MID@$: 3212
Date: Tue, 08 Mar 2022 15:46:38 -0700
Author: Ryan Gilgan
Flow: 209
Inlet Temp: 197
Outlet Temp: 211
Pump Press: 660
Surge Tank Press: 320
Surge Tank Level: 2.5
Fuel Gas Press: 800
Stack Temp: 215
Air Temp: 21
Flame Condition: Blue / Orange
Shift: Day
Month: Mar
Day: 8
Year: 2022
Attachment: 
Encoding: HTML
========================================

$@MID@$: 3213
Date: Tue, 08 Mar 2022 21:53:09 -0700
Author: Kevin Nicol
Flow: 211
Inlet Temp: 196
Outlet Temp: 210
Pump Press: 670
Surge Tank Press: 325
Surge Tank Level: 2.5
Fuel Gas Press: 800
Stack Temp: 213
Air Temp: 20
Flame Condition: Blue / Orange
Shift: Night
Month: Mar
Day: 8
Year: 2022
Attachment: 
Encoding: HTML
========================================

