$@MID@$: 3222
Date: Sun, 13 Mar 2022 15:50:21 -0600
Author: Ryan Gilgan
Flow: 234
Inlet Temp: 199
Outlet Temp: 211
Pump Press: 420
Surge Tank Press: 320
Surge Tank Level: 4.5
Fuel Gas Press: 800
Stack Temp: 214
Air Temp: 17
Flame Condition: Blue / Orange
Shift: Day
Month: Mar
Day: 13
Year: 2022
Attachment: 
Encoding: HTML
========================================

$@MID@$: 3223
Date: Sun, 13 Mar 2022 19:16:54 -0600
Author: Kevin Nicol
Flow: 238
Inlet Temp: 199
Outlet Temp: 210
Pump Press: 720
Surge Tank Press: 320
Surge Tank Level: 4.5
Fuel Gas Press: 800
Stack Temp: 217
Air Temp: 18
Flame Condition: Blue / Orange
Shift: Night
Month: Mar
Day: 13
Year: 2022
Attachment: 
Encoding: HTML
========================================

