$@MID@$: 3233
Date: Sat, 19 Mar 2022 00:47:17 -0600
Author: Blaine Harris
Flow: 240
Inlet Temp: 199
Outlet Temp: 209
Pump Press: 720
Surge Tank Press: 310
Surge Tank Level: 4.5
Fuel Gas Press: 790
Stack Temp: 216
Air Temp: 19
Flame Condition: Blue / Orange
Shift: Night
Month: Mar
Day: 18
Year: 2022
Attachment: 
Encoding: HTML
========================================

$@MID@$: 3234
Date: Sat, 19 Mar 2022 17:05:56 -0600
Author: Jordan Wilson
Flow: 235
Inlet Temp: 198
Outlet Temp: 211
Pump Press: 720
Surge Tank Press: 305
Surge Tank Level: 4.5
Fuel Gas Press: 790
Stack Temp: 216
Air Temp: 21
Flame Condition: Blue / Orange
Shift: Day
Month: Mar
Day: 19
Year: 2022
Attachment: 
Encoding: HTML
========================================

