$@MID@$: 3203
Date: Fri, 04 Mar 2022 04:11:20 -0700
Author: Jordan Wilson
Flow: 208
Inlet Temp: 196
Outlet Temp: 210
Pump Press: 660
Surge Tank Press: 325
Surge Tank Level: 2.5
Fuel Gas Press: 800
Stack Temp: 216
Air Temp: 22
Flame Condition: Blue / Orange
Shift: Night
Month: Mar
Day: 3
Year: 2022
Attachment: 
Encoding: HTML
========================================

$@MID@$: 3204
Date: Fri, 04 Mar 2022 15:44:36 -0700
Author: Blaine Harris
Flow: 209
Inlet Temp: 195
Outlet Temp: 210
Pump Press: 670
Surge Tank Press: 325
Surge Tank Level: 2.5
Fuel Gas Press: 800
Stack Temp: 216
Air Temp: 19
Flame Condition: Blue / Orange
Shift: Day
Month: Mar
Day: 4
Year: 2022
Attachment: 
Encoding: HTML
========================================

