$@MID@$: 3207
Date: Sun, 06 Mar 2022 02:27:24 -0700
Author: Jordan Wilson
Flow: 214
Inlet Temp: 196
Outlet Temp: 210
Pump Press: 660
Surge Tank Press: 315
Surge Tank Level: 2.5
Fuel Gas Press: 800
Stack Temp: 218
Air Temp: 18
Flame Condition: Blue / Orange
Shift: Night
Month: Mar
Day: 5
Year: 2022
Attachment: 
Encoding: HTML
========================================

$@MID@$: 3208
Date: Sun, 06 Mar 2022 14:14:00 -0700
Author: Blaine Harris
Flow: 210
Inlet Temp: 198
Outlet Temp: 210
Pump Press: 670
Surge Tank Press: 310
Surge Tank Level: 2.5
Fuel Gas Press: 800
Stack Temp: 220
Air Temp: 24
Flame Condition: Blue / Orange
Shift: Day
Month: Mar
Day: 6
Year: 2022
Attachment: 
Encoding: HTML
========================================

