$@MID@$: 3237
Date: Mon, 21 Mar 2022 15:08:44 -0600
Author: Jordan Wilson
Flow: 234
Inlet Temp: 198
Outlet Temp: 209
Pump Press: 710
Surge Tank Press: 310
Surge Tank Level: 4.5
Fuel Gas Press: 790
Stack Temp: 216
Air Temp: 21
Flame Condition: Blue / Orange
Shift: Day
Month: Mar
Day: 21
Year: 2022
Attachment: 
Encoding: HTML
========================================

$@MID@$: 3238
Date: Mon, 21 Mar 2022 23:56:38 -0600
Author: Blaine Harris
Flow: 240
Inlet Temp: 196
Outlet Temp: 211
Pump Press: 710
Surge Tank Press: 310
Surge Tank Level: 4.5
Fuel Gas Press: 790
Stack Temp: 214
Air Temp: 20
Flame Condition: Blue / Orange
Shift: Night
Month: Mar
Day: 21
Year: 2022
Attachment: 
Encoding: HTML
========================================

