$@MID@$: 3258
Date: Sat, 02 Apr 2022 03:06:43 -0600
Author: Ryan Gilgan
Flow: 236
Inlet Temp: 198
Outlet Temp: 211
Pump Press: 700
Surge Tank Press: 310
Surge Tank Level: 4.5
Fuel Gas Press: 800
Stack Temp: 211
Air Temp: 19
Flame Condition: Blue / Orange
Shift: Night
Month: Apr
Day: 1
Year: 2022
Attachment: 
Encoding: HTML
========================================

$@MID@$: 3259
Date: Sat, 02 Apr 2022 15:25:07 -0600
Author: Blaine Harris
Flow: 236
Inlet Temp: 199
Outlet Temp: 208
Pump Press: 700
Surge Tank Press: 305
Surge Tank Level: 4.5
Fuel Gas Press: 800
Stack Temp: 217
Air Temp: 19
Flame Condition: Blue / Orange
Shift: Day
Month: Apr
Day: 2
Year: 2022
Attachment: 
Encoding: HTML
========================================

$@MID@$: 3260
Date: Sat, 02 Apr 2022 20:02:17 -0600
Author: Kevin Nicol
Flow: 239
Inlet Temp: 198
Outlet Temp: 208
Pump Press: 710
Surge Tank Press: 310
Surge Tank Level: 4.5
Fuel Gas Press: 800
Stack Temp: 216
Air Temp: 20
Flame Condition: Blue / Orange
Shift: Night
Month: Apr
Day: 2
Year: 2022
Attachment: 
Encoding: HTML
========================================

