$@MID@$: 3280
Date: Wed, 13 Apr 2022 01:19:43 -0600
Author: Blaine Harris
Flow: 234
Inlet Temp: 199
Outlet Temp: 210
Pump Press: 700
Surge Tank Press: 320
Surge Tank Level: 4
Fuel Gas Press: 810
Stack Temp: 213
Air Temp: 18
Flame Condition: Blue / Orange
Shift: Night
Month: Apr
Day: 12
Year: 2022
Attachment: 
Encoding: HTML
========================================

$@MID@$: 3281
Date: Wed, 13 Apr 2022 16:08:14 -0600
Author: Jordan Wilson
Flow: 236
Inlet Temp: 199
Outlet Temp: 211
Pump Press: 720
Surge Tank Press: 320
Surge Tank Level: 4
Fuel Gas Press: 810
Stack Temp: 214
Air Temp: 21
Flame Condition: Blue / Orange
Shift: Day
Month: Apr
Day: 13
Year: 2022
Attachment: 
Encoding: HTML
========================================

$@MID@$: 3282
Date: Wed, 13 Apr 2022 23:10:08 -0600
Author: Blaine Harris
Flow: 236
Inlet Temp: 199
Outlet Temp: 210
Pump Press: 720
Surge Tank Press: 315
Surge Tank Level: 4
Fuel Gas Press: 810
Stack Temp: 214
Air Temp: 23
Flame Condition: Blue / Orange
Shift: Night
Month: Apr
Day: 13
Year: 2022
Attachment: 
Encoding: HTML
========================================

