$@MID@$: 3275
Date: Sun, 10 Apr 2022 11:40:37 -0600
Author: Ryan Gilgan
Flow: 234
Inlet Temp: 199
Outlet Temp: 210
Pump Press: 720
Surge Tank Press: 305
Surge Tank Level: 4
Fuel Gas Press: 800
Stack Temp: 108
Air Temp: 18
Flame Condition: Blue / Orange
Shift: Day
Month: Apr
Day: 10
Year: 2022
Attachment: 
Encoding: HTML
========================================

$@MID@$: 3276
Date: Sun, 10 Apr 2022 20:50:03 -0600
Author: Kevin Nicol
Flow: 239
Inlet Temp: 198
Outlet Temp: 211
Pump Press: 720
Surge Tank Press: 310
Surge Tank Level: 4
Fuel Gas Press: 810
Stack Temp: 212
Air Temp: 21
Flame Condition: Blue / Orange
Shift: Night
Month: Apr
Day: 10
Year: 2022
Attachment: 
Encoding: HTML
========================================

