$@MID@$: 3267
Date: Wed, 06 Apr 2022 16:09:34 -0600
Author: Ryan Gilgan
Flow: 236
Inlet Temp: 198
Outlet Temp: 209
Pump Press: 700
Surge Tank Press: 310
Surge Tank Level: 4.5
Fuel Gas Press: 800
Stack Temp: 217
Air Temp: 20
Flame Condition: Blue / Orange
Shift: Day
Month: Apr
Day: 6
Year: 2022
Attachment: 
Encoding: HTML
========================================

$@MID@$: 3268
Date: Wed, 06 Apr 2022 20:32:27 -0600
Author: Kevin Nicol
Flow: 241
Inlet Temp: 198
Outlet Temp: 211
Pump Press: 720
Surge Tank Press: 310
Surge Tank Level: 4.5
Fuel Gas Press: 800
Stack Temp: 216
Air Temp: 21
Flame Condition: Blue / Orange
Shift: Night
Month: Apr
Day: 6
Year: 2022
Attachment: 
Encoding: HTML
========================================

