$@MID@$: 3261
Date: Sun, 03 Apr 2022 16:27:41 -0600
Author: Blaine Harris
Flow: 237
Inlet Temp: 198
Outlet Temp: 210
Pump Press: 700
Surge Tank Press: 305
Surge Tank Level: 4.5
Fuel Gas Press: 800
Stack Temp: 217
Air Temp: 19
Flame Condition: Blue / Orange
Shift: Day
Month: Apr
Day: 3
Year: 2022
Attachment: 
Encoding: HTML
========================================

$@MID@$: 3262
Date: Sun, 03 Apr 2022 19:05:27 -0600
Author: Kevin Nicol
Flow: 241
Inlet Temp: 198
Outlet Temp: 211
Pump Press: 720
Surge Tank Press: 305
Surge Tank Level: 4.5
Fuel Gas Press: 800
Stack Temp: 218
Air Temp: 20
Flame Condition: Blue / Orange
Shift: Night
Month: Apr
Day: 3
Year: 2022
Attachment: 
Encoding: HTML
========================================

