$@MID@$: 3321
Date: Tue, 03 May 2022 11:49:53 -0600
Author: Pat Brown
Flow: 240
Inlet Temp: 198
Outlet Temp: 210
Pump Press: 720
Surge Tank Press: 300
Surge Tank Level: 4
Fuel Gas Press: 800
Stack Temp: 216
Air Temp: 19
Flame Condition: Blue / Orange
Shift: Day
Month: May
Day: 3
Year: 2022
Attachment: 
Encoding: HTML
========================================

$@MID@$: 3322
Date: Tue, 03 May 2022 19:39:18 -0600
Author: Kevin Nicol
Flow: 243
Inlet Temp: 198
Outlet Temp: 210
Pump Press: 720
Surge Tank Press: 305
Surge Tank Level: 4
Fuel Gas Press: 790
Stack Temp: 218
Air Temp: 21
Flame Condition: Blue / Orange
Shift: Night
Month: May
Day: 3
Year: 2022
Attachment: 
Encoding: HTML
========================================

