$@MID@$: 3370
Date: Sat, 28 May 2022 04:23:53 -0600
Author: Jordan Wilson
Flow: 236
Inlet Temp: 199
Outlet Temp: 209
Pump Press: 720
Surge Tank Press: 310
Surge Tank Level: 4
Fuel Gas Press: 800
Stack Temp: 214
Air Temp: 21
Flame Condition: Blue / Orange
Shift: Night
Month: May
Day: 27
Year: 2022
Attachment: 
Encoding: HTML
========================================

$@MID@$: 3371
Date: Sat, 28 May 2022 14:01:41 -0600
Author: Pat Brown
Flow: 239
Inlet Temp: 198
Outlet Temp: 211
Pump Press: 720
Surge Tank Press: 300
Surge Tank Level: 4
Fuel Gas Press: 800
Stack Temp: 212
Air Temp: 20
Flame Condition: Blue / Orange
Shift: Day
Month: May
Day: 28
Year: 2022
Attachment: 
Encoding: HTML
========================================

