$@MID@$: 3355
Date: Fri, 20 May 2022 07:45:47 -0600
Author: Kevin Nicol
Flow: 232
Inlet Temp: 200
Outlet Temp: 211
Pump Press: 720
Surge Tank Press: 310
Surge Tank Level: 4
Fuel Gas Press: 810
Stack Temp: 211
Air Temp: 18
Flame Condition: Blue / Orange
Shift: Day
Month: May
Day: 20
Year: 2022
Attachment: 
Encoding: HTML
========================================

$@MID@$: 3356
Date: Fri, 20 May 2022 23:43:57 -0600
Author: Ryan Gilgan
Flow: 238
Inlet Temp: 199
Outlet Temp: 210
Pump Press: 720
Surge Tank Press: 315
Surge Tank Level: 4
Fuel Gas Press: 800
Stack Temp: 216
Air Temp: 19
Flame Condition: Blue / Orange
Shift: Night
Month: May
Day: 20
Year: 2022
Attachment: 
Encoding: HTML
========================================

