$@MID@$: 3389
Date: Sat, 11 Jun 2022 16:02:09 -0600
Author: Pat Brown
Flow: 227
Inlet Temp: 199
Outlet Temp: 210
Pump Press: 640
Surge Tank Press: 300
Surge Tank Level: 3
Fuel Gas Press: 780
Stack Temp: 214
Air Temp: 27
Flame Condition: Blue / Orange
Shift: Day
Month: Jun
Day: 11
Year: 2022
Attachment: 
Encoding: HTML
========================================

$@MID@$: 3390
Date: Sat, 11 Jun 2022 23:11:46 -0600
Author: Blaine Harris
Flow: 231
Inlet Temp: 199
Outlet Temp: 210
Pump Press: 660
Surge Tank Press: 305
Surge Tank Level: 4
Fuel Gas Press: 780
Stack Temp: 215
Air Temp: 25
Flame Condition: Blue / Orange
Shift: Night
Month: Jun
Day: 11
Year: 2022
Attachment: 
Encoding: HTML
========================================

