$@MID@$: 3406
Date: Tue, 21 Jun 2022 00:05:40 -0600
Author: Ryan Gilgan
Flow: 224
Inlet Temp: 201
Outlet Temp: 211
Pump Press: 620
Surge Tank Press: 310
Surge Tank Level: 4
Fuel Gas Press: 660
Stack Temp: 209
Air Temp: 20
Flame Condition: Blue / Orange
Shift: Night
Month: Jun
Day: 20
Year: 2022
Attachment: 
Encoding: HTML
========================================

$@MID@$: 3407
Date: Tue, 21 Jun 2022 13:40:45 -0600
Author: Blaine Harris
Flow: 222
Inlet Temp: 207
Outlet Temp: 210
Pump Press: 660
Surge Tank Press: 308
Surge Tank Level: 4
Fuel Gas Press: 790
Stack Temp: 218
Air Temp: 23
Flame Condition: Blue / Orange
Shift: Day
Month: Jun
Day: 21
Year: 2022
Attachment: 
Encoding: HTML
========================================

