$@MID@$: 3482
Date: Sat, 30 Jul 2022 16:36:03 -0600
Author: Ryan Gilgan
Flow: 227
Inlet Temp: 198
Outlet Temp: 210
Pump Press: 640
Surge Tank Press: 300
Surge Tank Level: 4
Fuel Gas Press: 760
Stack Temp: 213
Air Temp: 28
Flame Condition: Blue / Orange
Shift: Day
Month: Jul
Day: 30
Year: 2022
Attachment: 
Encoding: HTML
========================================

$@MID@$: 3483
Date: Sat, 30 Jul 2022 21:06:40 -0600
Author: Kevin Nicol
Flow: 231
Inlet Temp: 198
Outlet Temp: 210
Pump Press: 660
Surge Tank Press: 305
Surge Tank Level: 5
Fuel Gas Press: 760
Stack Temp: 214
Air Temp: 28
Flame Condition: Blue / Orange
Shift: Night
Month: Jul
Day: 30
Year: 2022
Attachment: 
Encoding: HTML
========================================

