$@MID@$: 3428
Date: Sat, 02 Jul 2022 16:40:52 -0600
Author: Ryan Gilgan
Flow: 220
Inlet Temp: 198
Outlet Temp: 209
Pump Press: 660
Surge Tank Press: 320
Surge Tank Level: 4
Fuel Gas Press: 320
Stack Temp: 210
Air Temp: 20
Flame Condition: Blue / Orange
Shift: Day
Month: Jul
Day: 2
Year: 2022
Attachment: 
Encoding: HTML
========================================

$@MID@$: 3429
Date: Sat, 02 Jul 2022 21:53:51 -0600
Author: Kevin Nicol
Flow: 223
Inlet Temp: 197
Outlet Temp: 210
Pump Press: 660
Surge Tank Press: 315
Surge Tank Level: 4
Fuel Gas Press: 680
Stack Temp: 215
Air Temp: 20
Flame Condition: Blue / Orange
Shift: Night
Month: Jul
Day: 2
Year: 2022
Attachment: 
Encoding: HTML
========================================

