$@MID@$: 3471
Date: Mon, 25 Jul 2022 04:34:20 -0600
Author: chris platt
Flow: 226
Inlet Temp: 198
Outlet Temp: 210
Pump Press: 660
Surge Tank Press: 300
Surge Tank Level: 4
Fuel Gas Press: 700
Stack Temp: 217
Air Temp: 28
Flame Condition: Blue / Orange
Shift: Night
Month: Jul
Day: 24
Year: 2022
Attachment: 
Encoding: HTML
========================================

$@MID@$: 3472
Date: Mon, 25 Jul 2022 15:03:34 -0600
Author: Blaine Harris
Flow: 228
Inlet Temp: 198
Outlet Temp: 209
Pump Press: 660
Surge Tank Press: 310
Surge Tank Level: 4
Fuel Gas Press: 730
Stack Temp: 212
Air Temp: 21
Flame Condition: Blue / Orange
Shift: Day
Month: Jul
Day: 25
Year: 2022
Attachment: 
Encoding: HTML
========================================

