$@MID@$: 3432
Date: Mon, 04 Jul 2022 08:46:56 -0600
Author: chris platt
Flow: 226
Inlet Temp: 197
Outlet Temp: 209
Pump Press: 660
Surge Tank Press: 310
Surge Tank Level: 4
Fuel Gas Press: 700
Stack Temp: 216
Air Temp: 19
Flame Condition: Blue / Orange
Shift: Day
Month: Jul
Day: 4
Year: 2022
Attachment: 
Encoding: HTML
========================================

$@MID@$: 3433
Date: Mon, 04 Jul 2022 20:21:53 -0600
Author: Kevin Nicol
Flow: 230
Inlet Temp: 199
Outlet Temp: 210
Pump Press: 660
Surge Tank Press: 310
Surge Tank Level: 4
Fuel Gas Press: 660
Stack Temp: 217
Air Temp: 20
Flame Condition: Blue / Orange
Shift: Night
Month: Jul
Day: 4
Year: 2022
Attachment: 
Encoding: HTML
========================================

