$@MID@$: 3453
Date: Sat, 16 Jul 2022 03:52:50 -0600
Author: chris platt
Flow: 234
Inlet Temp: 199
Outlet Temp: 211
Pump Press: 660
Surge Tank Press: 310
Surge Tank Level: 4
Fuel Gas Press: 750
Stack Temp: 215
Air Temp: 22
Flame Condition: Blue / Orange
Shift: Night
Month: Jul
Day: 15
Year: 2022
Attachment: 
Encoding: HTML
========================================

$@MID@$: 3454
Date: Sat, 16 Jul 2022 08:34:45 -0600
Author: Kevin Nicol
Flow: 225
Inlet Temp: 200
Outlet Temp: 210
Pump Press: 660
Surge Tank Press: 310
Surge Tank Level: 4
Fuel Gas Press: 720
Stack Temp: 213
Air Temp: 26
Flame Condition: Blue / Orange
Shift: Day
Month: Jul
Day: 16
Year: 2022
Attachment: 
Encoding: HTML
========================================

