$@MID@$: 3532
Date: Sat, 27 Aug 2022 14:54:22 -0600
Author: Pat Brown
Flow: 224
Inlet Temp: 200
Outlet Temp: 210
Pump Press: 650
Surge Tank Press: 310
Surge Tank Level: 6
Fuel Gas Press: 780
Stack Temp: 212
Air Temp: 21
Flame Condition: Blue / Orange
Shift: Day
Month: Aug
Day: 27
Year: 2022
Attachment: 
Encoding: HTML
========================================

$@MID@$: 3533
Date: Sat, 27 Aug 2022 20:39:21 -0600
Author: Kevin Nicol
Flow: 227
Inlet Temp: 200
Outlet Temp: 210
Pump Press: 660
Surge Tank Press: 310
Surge Tank Level: 6
Fuel Gas Press: 770
Stack Temp: 213
Air Temp: 20
Flame Condition: Blue / Orange
Shift: Night
Month: Aug
Day: 27
Year: 2022
Attachment: 
Encoding: HTML
========================================

