$@MID@$: 3529
Date: Thu, 25 Aug 2022 08:03:28 -0600
Author: Romeo Tobias
Flow: 227
Inlet Temp: 199
Outlet Temp: 209
Pump Press: 680
Surge Tank Press: 320
Surge Tank Level: 6
Fuel Gas Press: 790
Stack Temp: 215
Air Temp: 20
Flame Condition: Blue / Orange
Shift: Day
Month: Aug
Day: 25
Year: 2022
Attachment: 
Encoding: HTML
========================================

$@MID@$: 3530
Date: Thu, 25 Aug 2022 19:40:02 -0600
Author: Kevin Nicol
Flow: 232
Inlet Temp: 198
Outlet Temp: 210
Pump Press: 660
Surge Tank Press: 300
Surge Tank Level: 6
Fuel Gas Press: 780
Stack Temp: 216
Air Temp: 31
Flame Condition: Blue / Orange
Shift: Night
Month: Aug
Day: 25
Year: 2022
Attachment: 
Encoding: HTML
========================================

