$@MID@$: 3516
Date: Thu, 18 Aug 2022 03:09:09 -0600
Author: chris platt
Flow: 231
Inlet Temp: 201
Outlet Temp: 210
Pump Press: 650
Surge Tank Press: 300
Surge Tank Level: 6
Fuel Gas Press: 777
Stack Temp: 211
Air Temp: 31
Flame Condition: Blue / Orange
Shift: Night
Month: Aug
Day: 18
Year: 2022
Attachment: 
Encoding: HTML
========================================

$@MID@$: 3517
Date: Thu, 18 Aug 2022 07:17:04 -0600
Author: Kevin Nicol
Flow: 224
Inlet Temp: 201
Outlet Temp: 211
Pump Press: 660
Surge Tank Press: 315
Surge Tank Level: 6
Fuel Gas Press: 780
Stack Temp: 209
Air Temp: 20
Flame Condition: Blue / Orange
Shift: Day
Month: Aug
Day: 18
Year: 2022
Attachment: 
Encoding: HTML
========================================

