$@MID@$: 3536
Date: Mon, 29 Aug 2022 16:54:57 -0600
Author: chris platt
Flow: 226
Inlet Temp: 196
Outlet Temp: 210
Pump Press: 650
Surge Tank Press: 320
Surge Tank Level: 6
Fuel Gas Press: 790
Stack Temp: 215
Air Temp: 19
Flame Condition: Blue / Orange
Shift: Day
Month: Aug
Day: 29
Year: 2022
Attachment: 
Encoding: HTML
========================================

$@MID@$: 3537
Date: Mon, 29 Aug 2022 19:41:36 -0600
Author: Kevin Nicol
Flow: 230
Inlet Temp: 199
Outlet Temp: 210
Pump Press: 660
Surge Tank Press: 300
Surge Tank Level: 6
Fuel Gas Press: 760
Stack Temp: 213
Air Temp: 30
Flame Condition: Blue / Orange
Shift: Night
Month: Aug
Day: 29
Year: 2022
Attachment: 
Encoding: HTML
========================================

