$@MID@$: 3507
Date: Sat, 13 Aug 2022 10:10:52 -0600
Author: Kevin Nicol
Flow: 227
Inlet Temp: 198
Outlet Temp: 210
Pump Press: 660
Surge Tank Press: 315
Surge Tank Level: 6
Fuel Gas Press: 760
Stack Temp: 214
Air Temp: 21
Flame Condition: Blue / Orange
Shift: Day
Month: Aug
Day: 13
Year: 2022
Attachment: 
Encoding: HTML
========================================

$@MID@$: 3508
Date: Sat, 13 Aug 2022 23:03:44 -0600
Author: Blaine Harris
Flow: 232
Inlet Temp: 198
Outlet Temp: 210
Pump Press: 660
Surge Tank Press: 310
Surge Tank Level: 6
Fuel Gas Press: 760
Stack Temp: 210
Air Temp: 27
Flame Condition: Blue / Orange
Shift: Night
Month: Aug
Day: 13
Year: 2022
Attachment: 
Encoding: HTML
========================================

