$@MID@$: 3521
Date: Sun, 21 Aug 2022 04:41:13 -0600
Author: chris platt
Flow: 231
Inlet Temp: 199
Outlet Temp: 211
Pump Press: 650
Surge Tank Press: 300
Surge Tank Level: 6
Fuel Gas Press: 750
Stack Temp: 210
Air Temp: 30
Flame Condition: Blue / Orange
Shift: Night
Month: Aug
Day: 20
Year: 2022
Attachment: 
Encoding: HTML
========================================

$@MID@$: 3522
Date: Sun, 21 Aug 2022 13:56:31 -0600
Author: Pat Brown
Flow: 228
Inlet Temp: 197
Outlet Temp: 209
Pump Press: 650
Surge Tank Press: 300
Surge Tank Level: 6
Fuel Gas Press: 790
Stack Temp: 217
Air Temp: 28
Flame Condition: Blue / Orange
Shift: Day
Month: Aug
Day: 21
Year: 2022
Attachment: 
Encoding: HTML
========================================

