$@MID@$: 3593
Date: Thu, 29 Sep 2022 15:36:10 -0600
Author: Pat Brown
Flow: 224
Inlet Temp: 198
Outlet Temp: 0
Pump Press: 650
Surge Tank Press: 305
Surge Tank Level: 3
Fuel Gas Press: 780
Stack Temp: 209
Air Temp: 21
Flame Condition: Blue / Orange
Shift: Day
Month: Sep
Day: 29
Year: 2022
Attachment: 
Encoding: HTML
========================================

$@MID@$: 3594
Date: Thu, 29 Sep 2022 23:34:44 -0600
Author: Blaine Harris
Flow: 230
Inlet Temp: 198
Outlet Temp: 209
Pump Press: 660
Surge Tank Press: 310
Surge Tank Level: 3
Fuel Gas Press: 780
Stack Temp: 212
Air Temp: 23
Flame Condition: Blue / Orange
Shift: Night
Month: Sep
Day: 29
Year: 2022
Attachment: 
Encoding: HTML
========================================

