$@MID@$: 3552
Date: Wed, 07 Sep 2022 04:38:21 -0600
Author: Ryan Gilgan
Flow: 228
Inlet Temp: 199
Outlet Temp: 210
Pump Press: 670
Surge Tank Press: 315
Surge Tank Level: 3
Fuel Gas Press: 760
Stack Temp: 215
Air Temp: 20
Flame Condition: Blue / Orange
Shift: Night
Month: Sep
Day: 6
Year: 2022
Attachment: 
Encoding: HTML
========================================

$@MID@$: 3553
Date: Wed, 07 Sep 2022 15:33:08 -0600
Author: Pat Brown
Flow: 225
Inlet Temp: 197
Outlet Temp: 300
Pump Press: 680
Surge Tank Press: 310
Surge Tank Level: 3
Fuel Gas Press: 780
Stack Temp: 215
Air Temp: 21
Flame Condition: Blue / Orange
Shift: Day
Month: Sep
Day: 7
Year: 2022
Attachment: 
Encoding: HTML
========================================

