$@MID@$: 3568
Date: Fri, 16 Sep 2022 05:02:19 -0600
Author: chris platt
Flow: 226
Inlet Temp: 199
Outlet Temp: 210
Pump Press: 650
Surge Tank Press: 310
Surge Tank Level: 3
Fuel Gas Press: 780
Stack Temp: 217
Air Temp: 24
Flame Condition: Blue / Orange
Shift: Night
Month: Sep
Day: 15
Year: 2022
Attachment: 
Encoding: HTML
========================================

$@MID@$: 3569
Date: Fri, 16 Sep 2022 16:15:54 -0600
Author: Blaine Harris
Flow: 225
Inlet Temp: 198
Outlet Temp: 210
Pump Press: 660
Surge Tank Press: 310
Surge Tank Level: 3
Fuel Gas Press: 770
Stack Temp: 216
Air Temp: 21
Flame Condition: Blue / Orange
Shift: Day
Month: Sep
Day: 16
Year: 2022
Attachment: 
Encoding: HTML
========================================

