$@MID@$: 3559
Date: Sun, 11 Sep 2022 04:20:53 -0600
Author: Ryan Gilgan
Flow: 231
Inlet Temp: 196
Outlet Temp: 210
Pump Press: 660
Surge Tank Press: 305
Surge Tank Level: 3
Fuel Gas Press: 760
Stack Temp: 217
Air Temp: 25
Flame Condition: Blue / Orange
Shift: Night
Month: Sep
Day: 10
Year: 2022
Attachment: 
Encoding: HTML
========================================

$@MID@$: 3560
Date: Sun, 11 Sep 2022 16:15:01 -0600
Author: Blaine Harris
Flow: 225
Inlet Temp: 199
Outlet Temp: 211
Pump Press: 660
Surge Tank Press: 310
Surge Tank Level: 3
Fuel Gas Press: 770
Stack Temp: 214
Air Temp: 23
Flame Condition: Blue / Orange
Shift: Day
Month: Sep
Day: 11
Year: 2022
Attachment: 
Encoding: HTML
========================================

