$@MID@$: 3543
Date: Fri, 02 Sep 2022 10:39:21 -0600
Author: Pat Brown
Flow: 225
Inlet Temp: 197
Outlet Temp: 210
Pump Press: 640
Surge Tank Press: 310
Surge Tank Level: 3
Fuel Gas Press: 780
Stack Temp: 214
Air Temp: 21
Flame Condition: Blue / Orange
Shift: Day
Month: Sep
Day: 2
Year: 2022
Attachment: 
Encoding: HTML
========================================

$@MID@$: 3544
Date: Fri, 02 Sep 2022 23:30:40 -0600
Author: Blaine Harris
Flow: 232
Inlet Temp: 199
Outlet Temp: 211
Pump Press: 660
Surge Tank Press: 300
Surge Tank Level: 3
Fuel Gas Press: 750
Stack Temp: 216
Air Temp: 28
Flame Condition: Blue / Orange
Shift: Night
Month: Sep
Day: 2
Year: 2022
Attachment: 
Encoding: HTML
========================================

