$@MID@$: 3609
Date: Sat, 08 Oct 2022 04:48:58 -0600
Author: Ryan Gilgan
Flow: 227
Inlet Temp: 199
Outlet Temp: 210
Pump Press: 660
Surge Tank Press: 315
Surge Tank Level: 3
Fuel Gas Press: 790
Stack Temp: 220
Air Temp: 22
Flame Condition: Blue / Orange
Shift: Night
Month: Oct
Day: 7
Year: 2022
Attachment: 
Encoding: HTML
========================================

$@MID@$: 3610
Date: Sat, 08 Oct 2022 07:42:56 -0600
Author: Kevin Nicol
Flow: 224
Inlet Temp: 200
Outlet Temp: 210
Pump Press: 680
Surge Tank Press: 325
Surge Tank Level: 3
Fuel Gas Press: 780
Stack Temp: 212
Air Temp: 21
Flame Condition: Blue / Orange
Shift: Day
Month: Oct
Day: 8
Year: 2022
Attachment: 
Encoding: HTML
========================================

