$@MID@$: 3611
Date: Sun, 09 Oct 2022 04:36:33 -0600
Author: Ryan Gilgan
Flow: 226
Inlet Temp: 199
Outlet Temp: 209
Pump Press: 660
Surge Tank Press: 320
Surge Tank Level: 3
Fuel Gas Press: 790
Stack Temp: 224
Air Temp: 22
Flame Condition: Blue / Orange
Shift: Night
Month: Oct
Day: 8
Year: 2022
Attachment: 
Encoding: HTML
========================================

$@MID@$: 3612
Date: Sun, 09 Oct 2022 08:15:27 -0600
Author: Kevin Nicol
Flow: 222
Inlet Temp: 198
Outlet Temp: 209
Pump Press: 670
Surge Tank Press: 325
Surge Tank Level: 3
Fuel Gas Press: 790
Stack Temp: 214
Air Temp: 19
Flame Condition: Blue / Orange
Shift: Day
Month: Oct
Day: 9
Year: 2022
Attachment: 
Encoding: HTML
========================================

