$@MID@$: 3598
Date: Sun, 02 Oct 2022 04:38:14 -0600
Author: Ryan Gilgan
Flow: 225
Inlet Temp: 200
Outlet Temp: 210
Pump Press: 660
Surge Tank Press: 310
Surge Tank Level: 3
Fuel Gas Press: 780
Stack Temp: 218
Air Temp: 25
Flame Condition: Blue / Orange
Shift: Night
Month: Oct
Day: 1
Year: 2022
Attachment: 
Encoding: HTML
========================================

$@MID@$: 3599
Date: Sun, 02 Oct 2022 13:14:47 -0600
Author: Pat Brown
Flow: 223
Inlet Temp: 199
Outlet Temp: 210
Pump Press: 660
Surge Tank Press: 310
Surge Tank Level: 3
Fuel Gas Press: 780
Stack Temp: 215
Air Temp: 21
Flame Condition: Blue / Orange
Shift: Day
Month: Oct
Day: 2
Year: 2022
Attachment: 
Encoding: HTML
========================================

