$@MID@$: 3641
Date: Mon, 24 Oct 2022 15:11:11 -0600
Author: Pat Brown
Flow: 220
Inlet Temp: 197
Outlet Temp: 210
Pump Press: 680
Surge Tank Press: 310
Surge Tank Level: 3
Fuel Gas Press: 800
Stack Temp: 210
Air Temp: 21
Flame Condition: Blue / Orange
Shift: Day
Month: Oct
Day: 24
Year: 2022
Attachment: 
Encoding: HTML
========================================

$@MID@$: 3642
Date: Mon, 24 Oct 2022 21:19:17 -0600
Author: Kevin Nicol
Flow: 223
Inlet Temp: 199
Outlet Temp: 211
Pump Press: 680
Surge Tank Press: 325
Surge Tank Level: 3
Fuel Gas Press: 800
Stack Temp: 210
Air Temp: 21
Flame Condition: Blue / Orange
Shift: Night
Month: Oct
Day: 24
Year: 2022
Attachment: 
Encoding: HTML
========================================

