$@MID@$: 3627
Date: Mon, 17 Oct 2022 11:18:56 -0600
Author: Pat Brown
Flow: 226
Inlet Temp: 200
Outlet Temp: 210
Pump Press: 660
Surge Tank Press: 310
Surge Tank Level: 3
Fuel Gas Press: 780
Stack Temp: 212
Air Temp: 21
Flame Condition: Blue / Orange
Shift: Day
Month: Oct
Day: 17
Year: 2022
Attachment: 
Encoding: HTML
========================================

$@MID@$: 3628
Date: Mon, 17 Oct 2022 20:33:24 -0600
Author: chris platt
Flow: 228
Inlet Temp: 200
Outlet Temp: 210
Pump Press: 660
Surge Tank Press: 310
Surge Tank Level: 3
Fuel Gas Press: 800
Stack Temp: 215
Air Temp: 19
Flame Condition: Blue / Orange
Shift: Night
Month: Sep
Day: 17
Year: 2022
Attachment: 
Encoding: HTML
========================================

