$@MID@$: 3669
Date: Tue, 08 Nov 2022 04:35:01 -0700
Author: Ryan Gilgan
Flow: 215
Inlet Temp: 198
Outlet Temp: 210
Pump Press: 680
Surge Tank Press: 330
Surge Tank Level: 3
Fuel Gas Press: 800
Stack Temp: 217
Air Temp: 21
Flame Condition: Blue / Orange
Shift: Night
Month: Nov
Day: 7
Year: 2022
Attachment: 
Encoding: HTML
========================================

$@MID@$: 3670
Date: Tue, 08 Nov 2022 07:28:15 -0700
Author: Kevin Nicol
Flow: 214
Inlet Temp: 198
Outlet Temp: 210
Pump Press: 680
Surge Tank Press: 335
Surge Tank Level: 3
Fuel Gas Press: 800
Stack Temp: 216
Air Temp: 20
Flame Condition: Blue / Orange
Shift: Day
Month: Nov
Day: 8
Year: 2022
Attachment: 
Encoding: HTML
========================================

