$@MID@$: 3699
Date: Wed, 23 Nov 2022 13:55:09 -0700
Author: Pat Brown
Flow: 224
Inlet Temp: 194
Outlet Temp: 209
Pump Press: 630
Surge Tank Press: 310
Surge Tank Level: 2
Fuel Gas Press: 790
Stack Temp: 221
Air Temp: 21
Flame Condition: Blue / Orange
Shift: Day
Month: Nov
Day: 23
Year: 2022
Attachment: 
Encoding: HTML
========================================

$@MID@$: 3700
Date: Wed, 23 Nov 2022 23:25:05 -0700
Author: Blaine Harris
Flow: 226
Inlet Temp: 195
Outlet Temp: 208
Pump Press: 670
Surge Tank Press: 315
Surge Tank Level: 2
Fuel Gas Press: 790
Stack Temp: 221
Air Temp: 20
Flame Condition: Blue / Orange
Shift: Night
Month: Nov
Day: 23
Year: 2022
Attachment: 
Encoding: HTML
========================================

