$@MID@$: 3687
Date: Thu, 17 Nov 2022 09:44:28 -0700
Author: Ryan Gilgan
Flow: 215
Inlet Temp: 198
Outlet Temp: 209
Pump Press: 680
Surge Tank Press: 330
Surge Tank Level: 2.5
Fuel Gas Press: 800
Stack Temp: 215
Air Temp: 20
Flame Condition: Blue / Orange
Shift: Day
Month: Nov
Day: 17
Year: 2022
Attachment: 
Encoding: HTML
========================================

$@MID@$: 3688
Date: Thu, 17 Nov 2022 21:10:27 -0700
Author: Kevin Nicol
Flow: 221
Inlet Temp: 197
Outlet Temp: 210
Pump Press: 680
Surge Tank Press: 325
Surge Tank Level: 2.5
Fuel Gas Press: 800
Stack Temp: 214
Air Temp: 22
Flame Condition: Blue / Orange
Shift: Night
Month: Nov
Day: 17
Year: 2022
Attachment: 
Encoding: HTML
========================================

