$@MID@$: 3704
Date: Sat, 26 Nov 2022 00:05:25 -0700
Author: Blaine Harris
Flow: 222
Inlet Temp: 196
Outlet Temp: 209
Pump Press: 680
Surge Tank Press: 315
Surge Tank Level: 2
Fuel Gas Press: 790
Stack Temp: 212
Air Temp: 19
Flame Condition: Blue / Orange
Shift: Night
Month: Nov
Day: 25
Year: 2022
Attachment: 
Encoding: HTML
========================================

$@MID@$: 3705
Date: Sat, 26 Nov 2022 15:37:23 -0700
Author: Pat Brown
Flow: 221
Inlet Temp: 197
Outlet Temp: 208
Pump Press: 650
Surge Tank Press: 310
Surge Tank Level: 2
Fuel Gas Press: 780
Stack Temp: 213
Air Temp: 21
Flame Condition: Blue / Orange
Shift: Day
Month: Nov
Day: 26
Year: 2022
Attachment: 
Encoding: HTML
========================================

