$@MID@$: 3667
Date: Mon, 07 Nov 2022 04:33:00 -0700
Author: Ryan Gilgan
Flow: 215
Inlet Temp: 199
Outlet Temp: 209
Pump Press: 680
Surge Tank Press: 330
Surge Tank Level: 3
Fuel Gas Press: 800
Stack Temp: 207
Air Temp: 21
Flame Condition: Blue / Orange
Shift: Night
Month: Nov
Day: 6
Year: 2022
Attachment: 
Encoding: HTML
========================================

$@MID@$: 3668
Date: Mon, 07 Nov 2022 07:14:21 -0700
Author: Kevin Nicol
Flow: 219
Inlet Temp: 198
Outlet Temp: 211
Pump Press: 680
Surge Tank Press: 330
Surge Tank Level: 3
Fuel Gas Press: 800
Stack Temp: 213
Air Temp: 19
Flame Condition: Blue / Orange
Shift: Day
Month: Nov
Day: 7
Year: 2022
Attachment: 
Encoding: HTML
========================================

