$@MID@$: 3706
Date: Sun, 27 Nov 2022 00:41:04 -0700
Author: Blaine Harris
Flow: 224
Inlet Temp: 197
Outlet Temp: 208
Pump Press: 680
Surge Tank Press: 315
Surge Tank Level: 2
Fuel Gas Press: 780
Stack Temp: 219
Air Temp: 20
Flame Condition: Blue / Orange
Shift: Night
Month: Nov
Day: 26
Year: 2022
Attachment: 
Encoding: HTML
========================================

$@MID@$: 3707
Date: Sun, 27 Nov 2022 15:18:04 -0700
Author: Pat Brown
Flow: 223
Inlet Temp: 197
Outlet Temp: 209
Pump Press: 660
Surge Tank Press: 310
Surge Tank Level: 2
Fuel Gas Press: 780
Stack Temp: 211
Air Temp: 18
Flame Condition: Blue / Orange
Shift: Day
Month: Nov
Day: 27
Year: 2022
Attachment: 
Encoding: HTML
========================================

