$@MID@$: 3763
Date: Wed, 28 Dec 2022 04:17:32 -0700
Author: Ryan Gilgan
Flow: 238
Inlet Temp: 198
Outlet Temp: 210
Pump Press: 740
Surge Tank Press: 320
Surge Tank Level: 4
Fuel Gas Press: 780
Stack Temp: 217
Air Temp: 21
Flame Condition: Blue / Orange
Shift: Night
Month: Dec
Day: 27
Year: 2022
Attachment: 
Encoding: HTML
========================================

$@MID@$: 3764
Date: Wed, 28 Dec 2022 07:32:28 -0700
Author: Kevin Nicol
Flow: 234
Inlet Temp: 198
Outlet Temp: 211
Pump Press: 740
Surge Tank Press: 325
Surge Tank Level: 4
Fuel Gas Press: 790
Stack Temp: 218
Air Temp: 20
Flame Condition: Blue / Orange
Shift: Day
Month: Dec
Day: 28
Year: 2022
Attachment: 
Encoding: HTML
========================================

