$@MID@$: 3746
Date: Sun, 18 Dec 2022 16:13:26 -0700
Author: Ryan Gilgan
Flow: 226
Inlet Temp: 199
Outlet Temp: 209
Pump Press: 720
Surge Tank Press: 330
Surge Tank Level: 4.5
Fuel Gas Press: 810
Stack Temp: 209
Air Temp: 20
Flame Condition: Blue / Orange
Shift: Day
Month: Dec
Day: 18
Year: 2022
Attachment: 
Encoding: HTML
========================================

$@MID@$: 3747
Date: Sun, 18 Dec 2022 19:09:34 -0700
Author: Kevin Nicol
Flow: 227
Inlet Temp: 198
Outlet Temp: 210
Pump Press: 720
Surge Tank Press: 340
Surge Tank Level: 4.5
Fuel Gas Press: 800
Stack Temp: 213
Air Temp: 20
Flame Condition: Blue / Orange
Shift: Night
Month: Dec
Day: 18
Year: 2022
Attachment: 
Encoding: HTML
========================================

