$@MID@$: 37
Date: Tue, 31 Oct 2017 01:16:41 -0600
Author: Ryan Gilgan
Surge Tank Temp: 19
Surge Tank Press: 190
Surge Tank Level: 12
Pump Press: 550
Outlet Temp: 30
Stack Temp: 28
Flame Condition: Blue / Orange
Shift: Night
Month: Oct
Day: 30
Year: 2017
Attachment: 
Encoding: HTML
========================================

$@MID@$: 38
Date: Tue, 31 Oct 2017 10:34:54 -0600
Author: Tye Mastre
Surge Tank Temp: 23
Surge Tank Press: 190
Surge Tank Level: 12
Pump Press: 525
Outlet Temp: 16
Stack Temp: 28
Flame Condition: Blue
Shift: Day
Month: Oct
Day: 31
Year: 2017
Attachment: 
Encoding: HTML
========================================

