$@MID@$: 35
Date: Mon, 30 Oct 2017 01:13:29 -0600
Author: Ryan Gilgan
Surge Tank Temp: 22
Surge Tank Press: 190
Surge Tank Level: 12
Pump Press: 540
Outlet Temp: 20
Stack Temp: 30
Flame Condition: Blue / Orange
Shift: Night
Month: Oct
Day: 29
Year: 2017
Attachment: 
Encoding: HTML
========================================

$@MID@$: 36
Date: Mon, 30 Oct 2017 09:44:37 -0600
Author: Nigel Renschler
Surge Tank Temp: 18
Surge Tank Press: 190
Surge Tank Level: 12
Pump Press: 520
Outlet Temp: 4
Stack Temp: 25
Flame Condition: Blue
Shift: Day
Month: Oct
Day: 30
Year: 2017
Attachment: 
Encoding: HTML
========================================

