$@MID@$: 57
Date: Fri, 10 Nov 2017 07:40:00 -0700
Author: Tye Mastre
Surge Tank Temp: 79
Surge Tank Press: 345
Surge Tank Level: 14
Pump Press: 575
Outlet Temp: 76
Stack Temp: 114
Flame Condition: Orange
Shift: Day
Month: Nov
Day: 10
Year: 2017
Attachment: 
Encoding: HTML
========================================

$@MID@$: 58
Date: Fri, 10 Nov 2017 19:40:51 -0700
Author: Kevin Nicol
Surge Tank Temp: 81
Surge Tank Press: 350
Surge Tank Level: 14
Pump Press: 580
Outlet Temp: 77
Stack Temp: 230
Flame Condition: Orange
Shift: Night
Month: Nov
Day: 10
Year: 2017
Attachment: 
Encoding: HTML
========================================

