$@MID@$: 75
Date: Mon, 20 Nov 2017 00:10:53 -0700
Author: Blaine Harris
Surge Tank Temp: 80
Surge Tank Press: 325
Surge Tank Level: 14
Pump Press: 560
Outlet Temp: 77
Stack Temp: 104
Flame Condition: Orange
Shift: Night
Month: Nov
Day: 19
Year: 2017
Attachment: 
Encoding: HTML
========================================

$@MID@$: 76
Date: Mon, 20 Nov 2017 09:39:42 -0700
Author: Justin Ewing
Surge Tank Temp: 78
Surge Tank Press: 320
Surge Tank Level: 14
Pump Press: 555
Outlet Temp: 76
Stack Temp: 120
Flame Condition: Orange
Shift: Day
Month: Nov
Day: 20
Year: 2017
Attachment: 
Encoding: HTML
========================================

$@MID@$: 77
Date: Mon, 20 Nov 2017 23:04:20 -0700
Author: Blaine Harris
Surge Tank Temp: 78
Surge Tank Press: 320
Surge Tank Level: 14
Pump Press: 555
Outlet Temp: 75
Stack Temp: 123
Flame Condition: Orange
Shift: Night
Month: Nov
Day: 20
Year: 2017
Attachment: 
Encoding: HTML
========================================

