$@MID@$: 46
Date: Sat, 04 Nov 2017 11:02:47 -0600
Author: Tye Mastre
Surge Tank Temp: 78
Surge Tank Press: 200
Surge Tank Level: 14
Pump Press: 700
Outlet Temp: 78
Stack Temp: 121
Flame Condition: Orange
Shift: Day
Month: Nov
Day: 4
Year: 2017
Attachment: 
Encoding: HTML
========================================

$@MID@$: 47
Date: Sat, 04 Nov 2017 19:29:09 -0600
Author: Gary Wright
Surge Tank Temp: 78
Surge Tank Press: 200
Surge Tank Level: 14
Pump Press: 490
Outlet Temp: 75
Stack Temp: 115
Flame Condition: Orange
Shift: Night
Month: Nov
Day: 4
Year: 2017
Attachment: 
Encoding: HTML
========================================

