$@MID@$: 61
Date: Sun, 12 Nov 2017 12:44:38 -0700
Author: Tye Mastre
Surge Tank Temp: 78
Surge Tank Press: 340
Surge Tank Level: 14
Pump Press: 545
Outlet Temp: 75
Stack Temp: 115
Flame Condition: Orange
Shift: Day
Month: Nov
Day: 12
Year: 2017
Attachment: 
Encoding: HTML
========================================

$@MID@$: 62
Date: Sun, 12 Nov 2017 20:50:01 -0700
Author: Kevin Nicol
Surge Tank Temp: 79
Surge Tank Press: 340
Surge Tank Level: 14
Pump Press: 575
Outlet Temp: 76
Stack Temp: 112
Flame Condition: Orange
Shift: Night
Month: Nov
Day: 12
Year: 2017
Attachment: 
Encoding: HTML
========================================

