$@MID@$: 109
Date: Thu, 07 Dec 2017 05:07:02 -0700
Author: Ryan Gilgan
Surge Tank Temp: 81
Surge Tank Press: 300
Surge Tank Level: 13
Pump Press: 540
Outlet Temp: 80
Stack Temp: 115
Flame Condition: Orange
Shift: Night
Month: Dec
Day: 6
Year: 2017
Attachment: 
Encoding: HTML
========================================

$@MID@$: 110
Date: Thu, 07 Dec 2017 09:03:53 -0700
Author: Nigel Renschler
Surge Tank Temp: 80
Surge Tank Press: 300
Surge Tank Level: 13
Pump Press: 535
Outlet Temp: 76
Stack Temp: 112
Flame Condition: Orange
Shift: Day
Month: Dec
Day: 7
Year: 2017
Attachment: 
Encoding: HTML
========================================

