$@MID@$: 148
Date: Thu, 28 Dec 2017 01:52:52 -0700
Author: Blaine Harris
Surge Tank Temp: 73
Surge Tank Press: 245
Surge Tank Level: 13
Pump Press: 500
Outlet Temp: 70
Stack Temp: 130
Flame Condition: Orange
Shift: Night
Month: Dec
Day: 27
Year: 2017
Attachment: 
Encoding: HTML
========================================

$@MID@$: 149
Date: Thu, 28 Dec 2017 15:34:35 -0700
Author: Justin Ewing
Surge Tank Temp: 70
Surge Tank Press: 230
Surge Tank Level: 13
Pump Press: 490
Outlet Temp: 68
Stack Temp: 128
Flame Condition: Orange
Shift: Day
Month: Dec
Day: 28
Year: 2017
Attachment: 
Encoding: HTML
========================================

