$@MID@$: 312
Date: Tue, 16 Jan 2018 02:22:16 -0700
Author: Ryan Bangle
Pressure: 247
Temperature: 55
Front Water Lvl: 4
Back Water Lvl: 2
Flame Condition: Blue / Orange
Shift: Night
Month: Jan
Day: 15
Year: 2018
Attachment: 
Encoding: HTML
========================================

$@MID@$: 313
Date: Tue, 16 Jan 2018 17:22:19 -0700
Author: Tye Mastre
Pressure: 255
Temperature: 61
Front Water Lvl: 3.5
Back Water Lvl: 3
Flame Condition: Blue / Orange
Shift: Day
Month: Jan
Day: 16
Year: 2018
Attachment: 
Encoding: HTML
========================================

