$@MID@$: 320
Date: Sat, 20 Jan 2018 05:09:49 -0700
Author: Ryan Gilgan
Pressure: 235
Temperature: 60
Front Water Lvl: 4
Back Water Lvl: 4
Flame Condition: Blue / Orange
Shift: Night
Month: Jan
Day: 19
Year: 2018
Attachment: 
Encoding: HTML
========================================

$@MID@$: 321
Date: Sat, 20 Jan 2018 09:08:44 -0700
Author: Nigel Renschler
Pressure: 257
Temperature: 65
Front Water Lvl: 3
Back Water Lvl: 2
Flame Condition: Blue / Orange
Shift: Day
Month: Jan
Day: 20
Year: 2018
Attachment: 
Encoding: HTML
========================================

