$@MID@$: 282
Date: Mon, 01 Jan 2018 00:50:22 -0700
Author: Blaine Harris
Pressure: 233
Temperature: 59
Front Water Lvl: 3
Back Water Lvl: 6
Flame Condition: Blue / Orange
Shift: Night
Month: Dec
Day: 31
Year: 2017
Attachment: 
Encoding: HTML
========================================

$@MID@$: 283
Date: Mon, 01 Jan 2018 16:32:02 -0700
Author: Justin Ewing
Pressure: 245
Temperature: 63
Front Water Lvl: 4.0
Back Water Lvl: 6.0
Flame Condition: Blue / Orange
Shift: Day
Month: Jan
Day: 1
Year: 2018
Attachment: 
Encoding: HTML
========================================
<p>Drained back water</p>
