$@MID@$: 345
Date: Thu, 01 Feb 2018 08:58:10 -0700
Author: Tye Mastre
Pressure: 254
Temperature: 63
Front Water Lvl: 2.5
Back Water Lvl: 2.5
Flame Condition: Blue / Orange
Shift: Day
Month: Feb
Day: 1
Year: 2018
Attachment: 
Encoding: HTML
========================================

$@MID@$: 346
Date: Thu, 01 Feb 2018 19:21:01 -0700
Author: Kevin Nicol
Pressure: 249
Temperature: 63
Front Water Lvl: 3
Back Water Lvl: 3
Flame Condition: Blue / Orange
Shift: Night
Month: Feb
Day: 1
Year: 2018
Attachment: 
Encoding: HTML
========================================

