$@MID@$: 373
Date: Wed, 14 Feb 2018 10:38:07 -0700
Author: Jayson Ness
Pressure: 247
Temperature: 60
Front Water Lvl: 2
Back Water Lvl: 2.5
Flame Condition: Blue / Orange
Shift: Day
Month: Feb
Day: 14
Year: 2018
Attachment: 
Encoding: HTML
========================================

$@MID@$: 374
Date: Wed, 14 Feb 2018 20:56:03 -0700
Author: Nigel Renschler
Pressure: 220
Temperature: 64
Front Water Lvl: 2
Back Water Lvl: 3
Flame Condition: Blue / Orange
Shift: Night
Month: Feb
Day: 14
Year: 2018
Attachment: 
Encoding: HTML
========================================

