$@MID@$: 347
Date: Fri, 02 Feb 2018 15:45:43 -0700
Author: Tye Mastre
Pressure: 246
Temperature: 65
Front Water Lvl: 2.5
Back Water Lvl: 3.5
Flame Condition: Blue / Orange
Shift: Day
Month: Feb
Day: 2
Year: 2018
Attachment: 
Encoding: HTML
========================================

$@MID@$: 348
Date: Fri, 02 Feb 2018 20:09:31 -0700
Author: Kevin Nicol
Pressure: 294
Temperature: 64
Front Water Lvl: 3
Back Water Lvl: 4
Flame Condition: Blue / Orange
Shift: Night
Month: Feb
Day: 2
Year: 2018
Attachment: 
Encoding: HTML
========================================

