$@MID@$: 402
Date: Thu, 01 Mar 2018 00:01:58 -0700
Author: Ryan Gilgan
Pressure: 221
Temperature: 62
Front Water Lvl: 2
Back Water Lvl: 1
Flame Condition: Blue / Orange
Shift: Night
Month: Feb
Day: 28
Year: 2018
Attachment: 
Encoding: HTML
========================================

$@MID@$: 403
Date: Thu, 01 Mar 2018 14:57:05 -0700
Author: Tye Mastre
Pressure: 225
Temperature: 61
Front Water Lvl: 1
Back Water Lvl: 1
Flame Condition: Blue / Orange
Shift: Day
Month: Mar
Day: 1
Year: 2018
Attachment: 
Encoding: HTML
========================================

