$@MID@$: 464
Date: Sun, 01 Apr 2018 10:23:02 -0600
Author: Tye Mastre
Pressure: 226
Temperature: 65
Front Water Lvl: 2.5
Back Water Lvl: 2.5
Flame Condition: Blue / Orange
Shift: Day
Month: Apr
Day: 1
Year: 2018
Attachment: 
Encoding: HTML
========================================

$@MID@$: 465
Date: Sun, 01 Apr 2018 19:58:41 -0600
Author: Nigel Renschler
Pressure: 223
Temperature: 55
Front Water Lvl: 2
Back Water Lvl: 2
Flame Condition: Orange
Shift: Night
Month: Apr
Day: 1
Year: 2018
Attachment: 
Encoding: HTML
========================================

