$@MID@$: 503
Date: Sat, 21 Apr 2018 14:39:01 -0600
Author: Justin Ewing
Pressure: 232
Temperature: 65
Front Water Lvl: 1.5
Back Water Lvl: 2.0
Flame Condition: Blue / Orange
Shift: Day
Month: Apr
Day: 21
Year: 2018
Attachment: 
Encoding: HTML
========================================

$@MID@$: 504
Date: Sat, 21 Apr 2018 23:43:46 -0600
Author: Gary Wright
Pressure: 226
Temperature: 65
Front Water Lvl: Good 2
Back Water Lvl: Good 2
Flame Condition: Blue / Orange
Shift: Night
Month: Apr
Day: 21
Year: 2018
Attachment: 
Encoding: HTML
========================================

