$@MID@$: 524
Date: Wed, 02 May 2018 00:37:24 -0600
Author: Blaine Harris
Pressure: 232
Temperature: 61
Front Water Lvl: 2
Back Water Lvl: 1
Flame Condition: Blue / Orange
Shift: Night
Month: Mar
Day: 1
Year: 2018
Attachment: 
Encoding: HTML
========================================

$@MID@$: 525
Date: Wed, 02 May 2018 12:06:27 -0600
Author: Jayson Ness
Pressure: 221
Temperature: 64
Front Water Lvl: 1
Back Water Lvl: 1.5
Flame Condition: Blue / Orange
Shift: Day
Month: May
Day: 2
Year: 2018
Attachment: 
Encoding: HTML
========================================

$@MID@$: 526
Date: Wed, 02 May 2018 23:29:01 -0600
Author: Blaine Harris
Pressure: 278
Temperature: 60
Front Water Lvl: 1
Back Water Lvl: 1
Flame Condition: Orange
Shift: Night
Month: May
Day: 2
Year: 2018
Attachment: 
Encoding: HTML
========================================

