$@MID@$: 629
Date: Thu, 21 Jun 2018 03:11:30 -0600
Author: Tye Mastre
Pressure: 253
Temperature: 62
Front Water Lvl: 2.5
Back Water Lvl: 0
Flame Condition: Blue / Orange
Shift: Night
Month: Jun
Day: 20
Year: 2018
Attachment: 
Encoding: HTML
========================================

$@MID@$: 630
Date: Thu, 21 Jun 2018 10:00:32 -0600
Author: Kyle Shute
Pressure: 261
Temperature: 43
Front Water Lvl: 0
Back Water Lvl: 0
Flame Condition: Blue / Orange
Shift: Day
Month: Jun
Day: 21
Year: 2018
Attachment: 
Encoding: HTML
========================================

