$@MID@$: 606
Date: Sun, 10 Jun 2018 14:46:32 -0600
Author: Jayson Ness
Pressure: 261
Temperature: 63
Front Water Lvl: 1.5
Back Water Lvl: 2
Flame Condition: Blue / Orange
Shift: Day
Month: Jun
Day: 10
Year: 2018
Attachment: 
Encoding: HTML
========================================

$@MID@$: 607
Date: Sun, 10 Jun 2018 20:29:39 -0600
Author: Kevin Nicol
Pressure: 258
Temperature: 64
Front Water Lvl: 1.5
Back Water Lvl: 1.5
Flame Condition: Blue / Orange
Shift: Night
Month: Jun
Day: 10
Year: 2018
Attachment: 
Encoding: HTML
========================================

