$@MID@$: 600
Date: Thu, 07 Jun 2018 06:03:45 -0600
Author: Jayson Ness
Pressure: 233
Temperature: 64
Front Water Lvl: 2
Back Water Lvl: 1
Flame Condition: Blue / Orange
Shift: Day
Month: Jun
Day: 7
Year: 2018
Attachment: 
Encoding: HTML
========================================

$@MID@$: 601
Date: Thu, 07 Jun 2018 22:25:23 -0600
Author: Kevin Nicol
Pressure: 257
Temperature: 62
Front Water Lvl: 2
Back Water Lvl: 1
Flame Condition: Blue / Orange
Shift: Night
Month: Jun
Day: 7
Year: 2018
Attachment: 
Encoding: HTML
========================================

