$@MID@$: 593
Date: Mon, 04 Jun 2018 13:37:35 -0600
Author: Kyle Shute
Pressure: 258
Temperature: 58
Front Water Lvl: 2
Back Water Lvl: 3.5
Flame Condition: Blue / Orange
Shift: Day
Month: Jun
Day: 4
Year: 2018
Attachment: 
Encoding: HTML
========================================
<p>drained back water from 3.5 bolts to 1 bolt.</p>
$@MID@$: 594
Date: Mon, 04 Jun 2018 22:03:40 -0600
Author: Gary Wright
Pressure: 238
Temperature: 64
Front Water Lvl: 3.5
Back Water Lvl: 3
Flame Condition: Blue / Orange
Shift: Night
Month: Jun
Day: 4
Year: 2018
Attachment: 
Encoding: HTML
========================================

