$@MID@$: 604
Date: Sat, 09 Jun 2018 11:08:35 -0600
Author: Jayson Ness
Pressure: 243
Temperature: 62
Front Water Lvl: 1
Back Water Lvl: 1.5
Flame Condition: Blue / Orange
Shift: Day
Month: Jun
Day: 9
Year: 2018
Attachment: 
Encoding: HTML
========================================

$@MID@$: 605
Date: Sat, 09 Jun 2018 20:01:20 -0600
Author: Kevin Nicol
Pressure: 288
Temperature: 65
Front Water Lvl: 1.5
Back Water Lvl: 2
Flame Condition: Blue / Orange
Shift: Night
Month: Jun
Day: 9
Year: 2018
Attachment: 
Encoding: HTML
========================================

