$@MID@$: 624
Date: Tue, 19 Jun 2018 00:11:46 -0600
Author: Blaine Harris
Pressure: 299
Temperature: 61
Front Water Lvl: 3
Back Water Lvl: 0
Flame Condition: Blue / Orange
Shift: Night
Month: Jun
Day: 18
Year: 2018
Attachment: 
Encoding: HTML
========================================

$@MID@$: 625
Date: Tue, 19 Jun 2018 10:06:09 -0600
Author: Kyle Shute
Pressure: 234
Temperature: 44
Front Water Lvl: 2.5
Back Water Lvl: 0
Flame Condition: Blue / Orange
Shift: Day
Month: Jun
Day: 19
Year: 2018
Attachment: 
Encoding: HTML
========================================

