$@MID@$: 650
Date: Sun, 01 Jul 2018 05:05:22 -0600
Author: Ryan Bangle
Pressure: 277
Temperature: 63
Front Water Lvl: 2
Back Water Lvl: 2
Flame Condition: Blue / Orange
Shift: Night
Month: Jun
Day: 30
Year: 2018
Attachment: 
Encoding: HTML
========================================

$@MID@$: 651
Date: Sun, 01 Jul 2018 14:17:29 -0600
Author: Justin Ewing
Pressure: 257
Temperature: 64
Front Water Lvl: 0
Back Water Lvl: 2.0
Flame Condition: Blue / Orange
Shift: Day
Month: Jul
Day: 1
Year: 2018
Attachment: 
Encoding: HTML
========================================

