$@MID@$: 694
Date: Mon, 23 Jul 2018 05:07:35 -0600
Author: Tye Mastre
Pressure: 273
Temperature: 65
Front Water Lvl: 2
Back Water Lvl: 2
Flame Condition: Blue / Orange
Shift: Night
Month: Jul
Day: 22
Year: 2018
Attachment: 
Encoding: HTML
========================================

$@MID@$: 695
Date: Mon, 23 Jul 2018 07:30:59 -0600
Author: Kyle Shute
Pressure: 266
Temperature: 63
Front Water Lvl: 3
Back Water Lvl: 2.5
Flame Condition: Blue / Orange
Shift: Day
Month: Jul
Day: 23
Year: 2018
Attachment: 
Encoding: HTML
========================================

