$@MID@$: 761
Date: Sun, 26 Aug 2018 10:58:58 -0600
Author: Kyle Shute
Pressure: 273
Temperature: 64
Front Water Lvl: 2
Back Water Lvl: 1.5
Flame Condition: Blue / Orange
Shift: Day
Month: Aug
Day: 26
Year: 2018
Attachment: 
Encoding: HTML
========================================

$@MID@$: 762
Date: Sun, 26 Aug 2018 22:03:04 -0600
Author: Gary Wright
Pressure: 266
Temperature: 65
Front Water Lvl: 2
Back Water Lvl: 2
Flame Condition: Blue / Orange
Shift: Night
Month: Aug
Day: 26
Year: 2018
Attachment: 
Encoding: HTML
========================================

