$@MID@$: 772
Date: Fri, 31 Aug 2018 12:08:06 -0600
Author: Kyle Shute
Pressure: 267
Temperature: 52
Front Water Lvl: 2.5
Back Water Lvl: 2
Flame Condition: Blue / Orange
Shift: Day
Month: Aug
Day: 31
Year: 2018
Attachment: 
Encoding: HTML
========================================

$@MID@$: 773
Date: Fri, 31 Aug 2018 19:36:21 -0600
Author: Kevin Nicol
Pressure: 281
Temperature: 60
Front Water Lvl: 2
Back Water Lvl: 1
Flame Condition: Blue / Orange
Shift: Night
Month: Aug
Day: 31
Year: 2018
Attachment: 
Encoding: HTML
========================================

