$@MID@$: 807
Date: Mon, 17 Sep 2018 05:06:15 -0600
Author: Dayton Mohr
Pressure: 232
Temperature: 61
Front Water Lvl: 1
Back Water Lvl: 2
Flame Condition: Blue / Orange
Shift: Day
Month: Sep
Day: 16
Year: 2018
Attachment: 
Encoding: HTML
========================================

$@MID@$: 808
Date: Mon, 17 Sep 2018 08:45:31 -0600
Author: Romeo Tobias
Pressure: 264
Temperature: 65
Front Water Lvl: 2
Back Water Lvl: 2
Flame Condition: Blue / Orange
Shift: Day
Month: Sep
Day: 17
Year: 2018
Attachment: 
Encoding: HTML
========================================
<p>Blew down water front sight glass.</p>

<p>Manually dumped back water sight glass</p>
