$@MID@$: 827
Date: Thu, 27 Sep 2018 05:02:26 -0600
Author: Ryan Gilgan
Pressure: 264
Temperature: 63
Front Water Lvl: 2
Back Water Lvl: 1
Flame Condition: Blue / Orange
Shift: Night
Month: Sep
Day: 26
Year: 2018
Attachment: 
Encoding: HTML
========================================

$@MID@$: 828
Date: Thu, 27 Sep 2018 11:03:42 -0600
Author: Romeo Tobias
Pressure: 243
Temperature: 62
Front Water Lvl: 1
Back Water Lvl: 2
Flame Condition: Blue / Orange
Shift: Day
Month: Sep
Day: 27
Year: 2018
Attachment: 
Encoding: HTML
========================================

