$@MID@$: 805
Date: Sun, 16 Sep 2018 05:13:22 -0600
Author: Dayton Mohr
Pressure: 265
Temperature: 56
Front Water Lvl: 2
Back Water Lvl: 2
Flame Condition: Blue / Orange
Shift: Night
Month: Sep
Day: 15
Year: 2018
Attachment: 
Encoding: HTML
========================================

$@MID@$: 806
Date: Sun, 16 Sep 2018 10:15:30 -0600
Author: Romeo Tobias
Pressure: 298
Temperature: 55
Front Water Lvl: 2
Back Water Lvl: 2
Flame Condition: Blue / Orange
Shift: Day
Month: Sep
Day: 16
Year: 2018
Attachment: 
Encoding: HTML
========================================
<p>Manually dumped back water controller.</p>
