$@MID@$: 852
Date: Mon, 08 Oct 2018 10:31:41 -0600
Author: Romeo Tobias
Pressure: 249
Temperature: 62
Front Water Lvl: 2
Back Water Lvl: 4
Flame Condition: Blue / Orange
Shift: Day
Month: Oct
Day: 8
Year: 2018
Attachment: 
Encoding: HTML
========================================
<p>Blew down front water sight glass.</p>
$@MID@$: 853
Date: Mon, 08 Oct 2018 19:30:48 -0600
Author: Gary Wright
Pressure: 248
Temperature: 65
Front Water Lvl: 0
Back Water Lvl: 3.5
Flame Condition: Blue / Orange
Shift: Night
Month: Oct
Day: 8
Year: 2018
Attachment: 
Encoding: HTML
========================================

