$@MID@$: 916
Date: Sat, 10 Nov 2018 05:04:21 -0700
Author: Ryan Gilgan
Pressure: 240
Temperature: 60
Front Water Lvl: 1
Back Water Lvl: 2
Flame Condition: Blue / Orange
Shift: Night
Month: Nov
Day: 9
Year: 2018
Attachment: 
Encoding: HTML
========================================

$@MID@$: 917
Date: Sat, 10 Nov 2018 16:23:33 -0700
Author: Tye Mastre
Pressure: 256
Temperature: 51
Front Water Lvl: 1
Back Water Lvl: 3
Flame Condition: Blue / Orange
Shift: Day
Month: Nov
Day: 10
Year: 2018
Attachment: 
Encoding: HTML
========================================

