$@MID@$: 937
Date: Tue, 20 Nov 2018 07:02:25 -0700
Author: Romeo Tobias
Pressure: 246
Temperature: 65
Front Water Lvl: Good 2 bolts
Back Water Lvl: Good 0 bolt
Flame Condition: Blue / Orange
Shift: Day
Month: Nov
Day: 20
Year: 2018
Attachment: 
Encoding: HTML
========================================

$@MID@$: 938
Date: Tue, 20 Nov 2018 23:49:35 -0700
Author: Tye Mastre
Pressure: 257
Temperature: 55
Front Water Lvl: 1
Back Water Lvl: 2
Flame Condition: Blue / Orange
Shift: Night
Month: Nov
Day: 20
Year: 2018
Attachment: 
Encoding: HTML
========================================

