$@MID@$: 900
Date: Fri, 02 Nov 2018 03:35:17 -0600
Author: Ryan Bangle
Pressure: 246
Temperature: 63
Front Water Lvl: 1
Back Water Lvl: 2
Flame Condition: Blue / Orange
Shift: Night
Month: Nov
Day: 1
Year: 2018
Attachment: 
Encoding: HTML
========================================

$@MID@$: 901
Date: Fri, 02 Nov 2018 07:53:53 -0600
Author: Romeo Tobias
Pressure: 259
Temperature: 64
Front Water Lvl: 1
Back Water Lvl: 2
Flame Condition: Blue / Orange
Shift: Day
Month: Nov
Day: 2
Year: 2018
Attachment: 
Encoding: HTML
========================================

