$@MID@$: 982
Date: Thu, 13 Dec 2018 05:06:04 -0700
Author: Ryan Bangle
Pressure: 239
Temperature: 60
Front Water Lvl: 1
Back Water Lvl: 3
Flame Condition: Blue / Orange
Shift: Night
Month: Dec
Day: 12
Year: 2018
Attachment: 
Encoding: HTML
========================================

$@MID@$: 983
Date: Thu, 13 Dec 2018 07:31:00 -0700
Author: Romeo Tobias
Pressure: 236
Temperature: 60
Front Water Lvl: 1
Back Water Lvl: 3
Flame Condition: Blue / Orange
Shift: Day
Month: Dec
Day: 13
Year: 2018
Attachment: 
Encoding: HTML
========================================

