$@MID@$: 970
Date: Fri, 07 Dec 2018 00:00:14 -0700
Author: Dayton Mohr
Pressure: 267
Temperature: 59
Front Water Lvl: 2
Back Water Lvl: 3
Flame Condition: Blue / Orange
Shift: Night
Month: Dec
Day: 6
Year: 2018
Attachment: 
Encoding: HTML
========================================

$@MID@$: 971
Date: Fri, 07 Dec 2018 10:44:09 -0700
Author: Kyle Shute
Pressure: 238
Temperature: 63
Front Water Lvl: 1
Back Water Lvl: 2
Flame Condition: Blue / Orange
Shift: Day
Month: Dec
Day: 7
Year: 2018
Attachment: 
Encoding: HTML
========================================

$@MID@$: 972
Date: Fri, 07 Dec 2018 23:48:55 -0700
Author: Dayton Mohr
Pressure: 249
Temperature: 67
Front Water Lvl: 1
Back Water Lvl: 3
Flame Condition: Blue / Orange
Shift: Night
Month: Dec
Day: 7
Year: 2018
Attachment: 
Encoding: HTML
========================================

