$@MID@$: 4277
Date: Sat, 22 Jan 2022 16:11:04 -0700
Author: Jordan Wilson
Shift: Day Shift
Operators: Jordan W | Pat B
Shift Handover Meeting: Blaine H | Jeff B
Start of Shift Meeting: 
Plant Status: Steady
Equipment Outage: 
Filter Change: 
Pigging: 14-03
Recycle Pumps: Production
Amine Concentration: 
Roustabout Utilization: 
Berm Water Samples Taken: No
Plant Process Discussion: Yes
Operational Targets: N/A
Overrides or Safeties Bypassed: N/A
Upcoming Activities: N/A
HSE Concerns: Yes
Regulatory Requirements: N/A
Staff Discussion: N/A
Weather & Effects on Operations: No
Permit Extensions/Critical Tasks: N/A
Attachment: 
Encoding: HTML
========================================
<p>Weather: 11 degrees, cloudy</p>

<p>-Mark pigged 14-3 line.&nbsp; still pulling line down at shift change</p>

<p><span style="color:#FF0000">-regen tops temp tic-4300 from 38 to 37.5%</span></p>

<p>-snug up amine pump packings some more</p>

<p>-snug up glycol pump packing</p>

<p>-nelson bros hauling 3 loads of condensate</p>

<p>-rob hauling in zeta creek water.&nbsp; emptied process sump and slop barrel</p>

<p>-work on weekend checks</p>

<p>-spread some gravel around plant</p>

<p><span style="color:#FF0000">-Plant is very slippery from warm temps today.&nbsp; Please be careful</span></p>

<p>&nbsp;</p>
$@MID@$: 4278
Date: Sat, 22 Jan 2022 23:05:46 -0700
Author: Blaine Harris
Shift: Night Shift
Operators: Blaine H | Jeff B
Shift Handover Meeting: Jordan W | Pat B
Start of Shift Meeting: 
Plant Status: Steady
Equipment Outage: 
Filter Change: 
Pigging: 
Recycle Pumps: Production
Amine Concentration: 
Roustabout Utilization: 
Berm Water Samples Taken: No
Plant Process Discussion: Yes
Operational Targets: N/A
Overrides or Safeties Bypassed: N/A
Upcoming Activities: N/A
HSE Concerns: Yes
Regulatory Requirements: N/A
Staff Discussion: N/A
Weather & Effects on Operations: No
Permit Extensions/Critical Tasks: N/A
Attachment: 
Encoding: HTML
========================================
<p>Weather cloudy +9</p>

<p>Sanitized the control room</p>

<p>Completed a slips and trips inspection, icy areas around the plant.</p>

<p>Nelson Bros finished loading thier last load of Condy to be shipped out for the day.</p>

<p>Tightened the west packing on the amine charge pump</p>

<p>Tightened the packings on the South eg pump.</p>

<p>Equalized a little condy back to the overflow tank to get the level off the low level alarm point.</p>

<p>Found the glycol dehy wilden pump not working, bled the air from the selinoid, hooked back up and got it pumping again.</p>
