$@MID@$: 4350
Date: Mon, 28 Feb 2022 04:06:16 -0700
Author: Ryan Gilgan
Shift: Night Shift
Operators: Ryan G | Romeo T
Shift Handover Meeting: Kevin N | Chris P
Start of Shift Meeting: 
Plant Status: Steady
Equipment Outage: 
Filter Change: 
Pigging: 
Recycle Pumps: Production
Amine Concentration: 
Roustabout Utilization: 
Berm Water Samples Taken: No
Plant Process Discussion: Yes
Operational Targets: N/A
Overrides or Safeties Bypassed: N/A
Upcoming Activities: N/A
HSE Concerns: N/A
Regulatory Requirements: N/A
Staff Discussion: N/A
Weather & Effects on Operations: No
Permit Extensions/Critical Tasks: N/A
Attachment: 
Encoding: HTML
========================================
<p>Weather: -1 at the start of shift cooling to -12 oin the morning</p>

<p>Added oil to LPG lubricator</p>

<p>Check the hot oil pump, no change</p>

<p>Drained res gas scrubber</p>

<p>Truck monthly check sheet submitted</p>

<p>C3 condenser fan on slow</p>

<p>No security issues noted at Braz</p>
$@MID@$: 4351
Date: Mon, 28 Feb 2022 16:32:40 -0700
Author: Kevin Nicol
Shift: Day Shift
Operators: Kevin N | Chris P
Shift Handover Meeting: Ryan G | Romeo T
Start of Shift Meeting: 
Plant Status: Steady
Equipment Outage: H-400
Filter Change: 
Pigging: 
Recycle Pumps: Production
Amine Concentration: 
Roustabout Utilization: 
Berm Water Samples Taken: No
Plant Process Discussion: Yes
Operational Targets: N/A
Overrides or Safeties Bypassed: N/A
Upcoming Activities: N/A
HSE Concerns: N/A
Regulatory Requirements: N/A
Staff Discussion: N/A
Weather & Effects on Operations: No
Permit Extensions/Critical Tasks: N/A
Attachment: 
Encoding: HTML
========================================
<p>topped up LPG lubricator</p>

<p>west hot oil pump ( p-3501a) off for seal repairs, East pump on line</p>

<p>C3 fan on fast</p>

<p>west hot oil pump back on line, lost the hot oil heater on low flow when switching pumps</p>

<p>shut off debut reflux pump P-3102 a and started p-3201b, Daren wanted to see if the pump made any difference to the bounce in the debut system</p>

<p>worked on CMDS validations</p>

<p>completed skills passport</p>

<p>&nbsp;</p>
