$@MID@$: 4304
Date: Sat, 05 Feb 2022 04:48:36 -0700
Author: Jordan Wilson
Shift: Night Shift
Operators: Kyle S | Jordan W
Shift Handover Meeting: Blaine H | Pat B
Start of Shift Meeting: 
Plant Status: Steady
Equipment Outage: 
Filter Change: 
Pigging: 
Recycle Pumps: Production
Amine Concentration: 
Roustabout Utilization: 
Berm Water Samples Taken: No
Plant Process Discussion: Yes
Operational Targets: N/A
Overrides or Safeties Bypassed: N/A
Upcoming Activities: N/A
HSE Concerns: N/A
Regulatory Requirements: N/A
Staff Discussion: N/A
Weather & Effects on Operations: No
Permit Extensions/Critical Tasks: N/A
Attachment: 
Encoding: HTML
========================================
<p>Weather: -4, clear</p>

<p>-Thought there was a security issue at Braz on camera.&nbsp; Kelly sent me email that new security company is making rounds.&nbsp; Added company&#39;s number and the two field folks making rounds to the call sheet.&nbsp; Peter mentioned that he will shine his flashlight directly at our camera a few times so we know it&#39;s him.</p>

<p>-drain chiller de-oiler</p>

<p>-skim amine charcoal filter, clean, increase flow through filter.</p>

<p>-adjust LPG pump lube drip rate due to warmer weather</p>

<p>-open some doors and windows throughout the plant</p>

<p>&nbsp;</p>
$@MID@$: 4305
Date: Sat, 05 Feb 2022 16:25:23 -0700
Author: Blaine Harris
Shift: Day Shift
Operators: Blaine H | Pat B
Shift Handover Meeting: Kyle S | Jordan W
Start of Shift Meeting: 
Plant Status: Steady
Equipment Outage: 
Filter Change: 
Pigging: 14-03
Recycle Pumps: Production
Amine Concentration: 
Roustabout Utilization: 
Berm Water Samples Taken: No
Plant Process Discussion: Yes
Operational Targets: N/A
Overrides or Safeties Bypassed: N/A
Upcoming Activities: N/A
HSE Concerns: N/A
Regulatory Requirements: N/A
Staff Discussion: N/A
Weather & Effects on Operations: No
Permit Extensions/Critical Tasks: N/A
Attachment: 
Encoding: HTML
========================================
<p>Weather cloudy +2 in the morining warming to +5</p>

<p>Worked on weekend safety checks</p>

<p>Pumped out the flare ko</p>

<p>Ordered amine makeup water yesterday and was delivered today. Pr request summited in Maximo</p>

<p>Amine concentration 36%</p>

<p>Kim B with Obsidian started 11-22 well around 11 am</p>

<p>Mark S pigged the Wolf Creek line, pig has been pulled.</p>

<p>Cut the amine water make up back to 8% from 10%</p>

<p>&nbsp;</p>

<p>&nbsp;</p>
