$@MID@$: 4302
Date: Fri, 04 Feb 2022 04:26:41 -0700
Author: Jordan Wilson
Shift: Night Shift
Operators: Kyle S | Jordan W
Shift Handover Meeting: Blaine H | Pat B
Start of Shift Meeting: 
Plant Status: Steady
Equipment Outage: 
Filter Change: 
Pigging: 
Recycle Pumps: Production
Amine Concentration: 
Roustabout Utilization: 
Berm Water Samples Taken: No
Plant Process Discussion: Yes
Operational Targets: N/A
Overrides or Safeties Bypassed: N/A
Upcoming Activities: N/A
HSE Concerns: N/A
Regulatory Requirements: N/A
Staff Discussion: N/A
Weather & Effects on Operations: No
Permit Extensions/Critical Tasks: N/A
Attachment: 
Encoding: HTML
========================================
<p>Weather: -17, snowing most of the night</p>

<p>-no security issues noted at braz</p>

<p>-adjust LPG pump lube drip rate</p>

<p>-shovel snow</p>

<p>-adjust glycol flash tank level, level was out of the bottom of sight glass</p>

<p>-plow snow with skid steer</p>

<p>-take care of some PO&#39;s and send to Jessica and Cara</p>
$@MID@$: 4303
Date: Fri, 04 Feb 2022 16:39:12 -0700
Author: Blaine Harris
Shift: Day Shift
Operators: Blaine H | Pat B
Shift Handover Meeting: Kyle S | Jordan W
Start of Shift Meeting: 
Plant Status: Steady
Equipment Outage: 
Filter Change: 
Pigging: 
Recycle Pumps: Production
Amine Concentration: 
Roustabout Utilization: 
Berm Water Samples Taken: No
Plant Process Discussion: Yes
Operational Targets: N/A
Overrides or Safeties Bypassed: Yes
Upcoming Activities: N/A
HSE Concerns: N/A
Regulatory Requirements: N/A
Staff Discussion: N/A
Weather & Effects on Operations: No
Permit Extensions/Critical Tasks: N/A
Attachment: 
Encoding: HTML
========================================
<p>Weather cloudy -14 warming throughout the day to -5</p>

<p>Morning meeting</p>

<p>Started the single speed debute fan</p>

<p>Hi-Flo out and proved the Keylink meter.</p>

<p>Opened the louvers half way on K202 cooler</p>

<p>Pumped more methanol into V207 dump line, later in the afternoon the seperator dumped cleared. Let Kim know to start 11-22 well</p>

<p>Changed the top and bottom louver set points on K203 louvers to 31 from 38 degrees and the glycol louver contron to 57 from 59 degrees to help cool the contactor inlet temp</p>

<p>Shut off the c3 2 speed fan and started the single speed fan.</p>

<p>Added nytrogen to V-200 barrier fluid.</p>

<p>&nbsp;</p>
