$@MID@$: 4333
Date: Sat, 19 Feb 2022 16:12:52 -0700
Author: Jordan Wilson
Shift: Day Shift
Operators: Jordan W | Pat B
Shift Handover Meeting: Blaine H | Jeff B
Start of Shift Meeting: 
Plant Status: Steady
Equipment Outage: 
Filter Change: 
Pigging: 
Recycle Pumps: Production | Overflow
Amine Concentration: 
Roustabout Utilization: 
Berm Water Samples Taken: No
Plant Process Discussion: Yes
Operational Targets: N/A
Overrides or Safeties Bypassed: N/A
Upcoming Activities: N/A
HSE Concerns: N/A
Regulatory Requirements: N/A
Staff Discussion: N/A
Weather & Effects on Operations: No
Permit Extensions/Critical Tasks: N/A
Attachment: 
Encoding: HTML
========================================
<p>Weather: -10 to +4, rainy and snowing all day</p>

<p><span style="color:#FF0000">-Pembina supposed to start pumping today, stopped equalizing tanks, recycling overflow back to production tank now.&nbsp; If they don&#39;t start pumping, may need to equalize some fluid back to overflow if level gets too high.</span></p>

<p>-Sped up recycle pump B from 50m3 to 110M3/day</p>

<p>-Westbrick pulling Liquids out of pipeline from new well as they were seeing some pad forming in their equipment</p>

<p>-work on weekend checks</p>

<p>-Flare meter flatlined, reset DIGI in maintenance office and pulled power on meter and still flatlined.&nbsp; Will have to be dealt with when maintenance is back&nbsp; <span style="color:#FF0000">SR#6050477</span></p>

<p>-empty some drip pails throughout the facility</p>

<p>-snug glycol pump packing</p>

<p>-hot oil drip rate the same</p>

<p>-pump up acid gas well ESD&#39;s</p>

<p><span style="color:#FF0000">-Westbrick shut new well down for a couple days as their snubbing rig showed up.&nbsp; Will call when they come back online, they will keep tank condy until fluid clears up.&nbsp;</span></p>

<p>-TIC-4300 from 40% to 39%</p>
$@MID@$: 4334
Date: Sat, 19 Feb 2022 23:21:27 -0700
Author: Blaine Harris
Shift: Night Shift
Operators: Blaine H | Jeff B
Shift Handover Meeting: Jordan W | Pat B
Start of Shift Meeting: 
Plant Status: Steady
Equipment Outage: 
Filter Change: 
Pigging: 
Recycle Pumps: Production | Overflow
Amine Concentration: 
Roustabout Utilization: 
Berm Water Samples Taken: No
Plant Process Discussion: Yes
Operational Targets: N/A
Overrides or Safeties Bypassed: N/A
Upcoming Activities: N/A
HSE Concerns: N/A
Regulatory Requirements: N/A
Staff Discussion: N/A
Weather & Effects on Operations: No
Permit Extensions/Critical Tasks: N/A
Attachment: 
Encoding: HTML
========================================
<p>Weather +3 at the start of shift cooling off to -12</p>

<p>Completed a slips and trips inspection</p>

<p>There was no visible security issues at BN</p>

<p>Increased the amine water makeup to 10% from 8%</p>

<p>Pumped out the amine packing drip tank</p>

<p>Shut off the c3 single speed fan and started the 2 speed on slow.</p>

<p>Pembina started pumping</p>

<p>Added a little glycol from the overhead tank</p>

<p>Checked the hot oil mechanical seal throughout the night, no change.</p>

<p>Filled the Keylink pump lube oil a couple of times</p>

<p>Closed the louvers a little on K202 compressor</p>

<p>Closed the louvers a little on the amine trim cooler.</p>
