$@MID@$: 4335
Date: Sun, 20 Feb 2022 16:30:45 -0700
Author: Jordan Wilson
Shift: Day Shift
Operators: Jordan W | Pat B
Shift Handover Meeting: Blaine H | Jeff B
Start of Shift Meeting: 
Plant Status: Steady
Equipment Outage: 
Filter Change: 
Pigging: 
Recycle Pumps: Production | Overflow
Amine Concentration: 39
Roustabout Utilization: 
Berm Water Samples Taken: No
Plant Process Discussion: Yes
Operational Targets: N/A
Overrides or Safeties Bypassed: N/A
Upcoming Activities: Yes
HSE Concerns: N/A
Regulatory Requirements: N/A
Staff Discussion: N/A
Weather & Effects on Operations: No
Permit Extensions/Critical Tasks: N/A
Attachment: 
Encoding: HTML
========================================
<p>Weather: -17, light snow off and on all day</p>

<p>-K-203 top and bottom louvers from 31 to 35 degrees</p>

<p>-pig wolf creek line, about 11m3 of liquids, pig is pulled, some sand with the pig</p>

<p>-AC-3102A debute fan slowed down to 0% from 10%</p>

<p>-Amine concentration 39%.&nbsp; Saw make up pump was sped up last night so will leave it there and should dilute concentration.&nbsp; PH was 10.5</p>

<p>-glycol concentrations 72.7% for rich, 77.5% for lean.&nbsp; PH 9.5</p>

<p>-drain coalescers</p>

<p>-add glycol from overheads.&nbsp; Just a little as the glycol was getting hung up in still column</p>

<p>-shovel snow</p>

<p>-weekend checks</p>

<p><span style="color:#FF0000">-Westbrick will swing the new well gas back to us at 7 or 8 tonight.&nbsp; Condensate will be tanked and not sent down pipeline.</span></p>
