$@MID@$: 4296
Date: Tue, 01 Feb 2022 04:38:19 -0700
Author: Ryan Gilgan
Shift: Night Shift
Operators: Ryan G | Romeo T
Shift Handover Meeting: Blaine H | Chris P
Start of Shift Meeting: 
Plant Status: Steady
Equipment Outage: 
Filter Change: 
Pigging: 
Recycle Pumps: Production
Amine Concentration: 
Roustabout Utilization: 
Berm Water Samples Taken: No
Plant Process Discussion: Yes
Operational Targets: N/A
Overrides or Safeties Bypassed: N/A
Upcoming Activities: N/A
HSE Concerns: N/A
Regulatory Requirements: N/A
Staff Discussion: N/A
Weather & Effects on Operations: No
Permit Extensions/Critical Tasks: N/A
Attachment: 
Encoding: HTML
========================================
<p>Weather: Hogh -14 low -18 light snow</p>

<p>Sanitize work area</p>

<p>Clean floors in control room</p>

<p>Sanitized truck for shift handover</p>

<p>Pinched louvers on amine trim cooler</p>

<p>Pinched louvers on K-202</p>

<p>Skimmed amine charcoal filterm skim of oil.</p>

<p>Np slips/trips noted</p>

<p>No security issues noted at Braz</p>

<p>shoveled snow</p>

<p>&nbsp;</p>
$@MID@$: 4297
Date: Tue, 01 Feb 2022 16:43:36 -0700
Author: Blaine Harris
Shift: Day Shift
Operators: Blaine H | Chris P
Shift Handover Meeting: Ryan G | Romeo T
Start of Shift Meeting: 
Plant Status: Steady
Equipment Outage: 
Filter Change: 
Pigging: 
Recycle Pumps: Production
Amine Concentration: 
Roustabout Utilization: 
Berm Water Samples Taken: No
Plant Process Discussion: Yes
Operational Targets: N/A
Overrides or Safeties Bypassed: Yes
Upcoming Activities: N/A
HSE Concerns: Yes
Regulatory Requirements: N/A
Staff Discussion: N/A
Weather & Effects on Operations: No
Permit Extensions/Critical Tasks: N/A
Attachment: 
Encoding: HTML
========================================
<p>Weather cold -20 and clouds</p>

<p>Morning meeting at 8 am</p>

<p>Core labs out to take monthly samples</p>

<p>Attended a WCTL meeting on WCB Claims</p>

<p>Bob Morrish out for a visit</p>

<p>HVO hauled in 1 load of Mancal 1-34 emulsion</p>

<p>Tightened packings on a couple of hot oil heat tracing valves in process that was leaking a little</p>

<p>&nbsp;</p>
