$@MID@$: 4396
Date: Wed, 23 Mar 2022 04:54:57 -0600
Author: Ryan Gilgan
Shift: Night Shift
Operators: Ryan G | Jeff B
Shift Handover Meeting: Kevin N | Pat B
Start of Shift Meeting: 
Plant Status: Steady
Equipment Outage: 
Filter Change: 
Pigging: 
Recycle Pumps: Production
Amine Concentration: 
Roustabout Utilization: 
Berm Water Samples Taken: No
Plant Process Discussion: Yes
Operational Targets: N/A
Overrides or Safeties Bypassed: N/A
Upcoming Activities: N/A
HSE Concerns: N/A
Regulatory Requirements: N/A
Staff Discussion: N/A
Weather & Effects on Operations: No
Permit Extensions/Critical Tasks: N/A
Attachment: 
Encoding: HTML
========================================
<p>Weather: 15 degrees at the start of shift cooling to 2 in the morning</p>

<p>Stopped equalizing and sped up recycle out ot the production tank to try and improve density</p>

<p>C3 condenser single speed fan off 2 speed fan on fast</p>

<p>lowered suction recycle pressure on K-206 to 650 kpa from 730kpa.</p>

<p>&nbsp;</p>
$@MID@$: 4397
Date: Wed, 23 Mar 2022 16:25:28 -0600
Author: Kevin Nicol
Shift: Day Shift
Operators: Kevin N | Pat B
Shift Handover Meeting: Ryan G | Jeff B
Start of Shift Meeting: 
Plant Status: Steady
Equipment Outage: 
Filter Change: Treater Exchanger Basket
Pigging: 14-03
Recycle Pumps: Overflow
Amine Concentration: 
Roustabout Utilization: 
Berm Water Samples Taken: No
Plant Process Discussion: Yes
Operational Targets: N/A
Overrides or Safeties Bypassed: N/A
Upcoming Activities: N/A
HSE Concerns: N/A
Regulatory Requirements: N/A
Staff Discussion: N/A
Weather & Effects on Operations: No
Permit Extensions/Critical Tasks: N/A
Attachment: 
Encoding: HTML
========================================
<p>hauled empty oil BBLs from sales</p>

<p>swung both recycle pumps to the overflow</p>

<p>submitted PR # 10021555 for RO water hauled on the 21st ticket #368958</p>

<p>Obsidian pigged from 7-22 to 6-22</p>

<p>dumped K203 suction scrubber</p>

<p>safety meeting</p>

<p>CPA delivered 8 BBLs of oil</p>

<p>moved oil bbls to K205 for service next week</p>

<p>pumped 2bbls of 260 into the overhead tanks in sales</p>

<p>cleaned the treater Y strainer 2X</p>

<p>wolf creek pigged, pulled clean</p>

<p>keylink pumps down for a bit</p>

<p>lowered amine contactor temp from 37% to 36.5%</p>

<p>opened up amine louvers</p>

<p>both C3 fans on fast</p>

<p>opened K202 louvers</p>

<p>increased debut fan from 5% to 40%</p>

<p>pembina pumped most of the shift and shut off on level, Raymond got Pembina to lower the density shutdown from 779 to 775. Plant meter was reading 768</p>

<p>phones not rinning. reset the controler</p>

<p>&nbsp;</p>
