$@MID@$: 4410
Date: Wed, 30 Mar 2022 04:01:53 -0600
Author: Ryan Gilgan
Shift: Night Shift
Operators: Ryan G | Romeo T
Shift Handover Meeting: Chris P | Pat B
Start of Shift Meeting: 
Plant Status: Steady
Equipment Outage: 
Filter Change: 
Pigging: 
Recycle Pumps: Production
Amine Concentration: 
Roustabout Utilization: 
Berm Water Samples Taken: No
Plant Process Discussion: Yes
Operational Targets: N/A
Overrides or Safeties Bypassed: N/A
Upcoming Activities: N/A
HSE Concerns: N/A
Regulatory Requirements: N/A
Staff Discussion: N/A
Weather & Effects on Operations: No
Permit Extensions/Critical Tasks: N/A
Attachment: 
Encoding: HTML
========================================
<p>Weather: +11 at the start of shift, around freezing in the morning.</p>

<p>No security issues noted at Draz</p>

<p>C3 2 speed fan turned off</p>

<p>Called PPL to give us a try pumping.&nbsp; Went down right away due to density.</p>

<p>Equalizing tank at shift change</p>
$@MID@$: 4411
Date: Wed, 30 Mar 2022 08:52:17 -0600
Author: chris platt
Shift: Day Shift
Operators: Chris P | Pat B
Shift Handover Meeting: Ryan G
Start of Shift Meeting: Daren F | Tyson T | Devin N | Nathan P | Chris C | Other
Plant Status: Steady
Equipment Outage: 
Filter Change: Treater Exchanger Basket
Pigging: 14-03 | Vermilion | 01-21
Recycle Pumps: Production | Overflow
Amine Concentration: n/a
Roustabout Utilization: n/a
Berm Water Samples Taken: Yes
Plant Process Discussion: Yes
Operational Targets: Yes
Overrides or Safeties Bypassed: N/A
Upcoming Activities: N/A
HSE Concerns: N/A
Regulatory Requirements: Yes
Staff Discussion: Yes
Weather & Effects on Operations: Yes
Permit Extensions/Critical Tasks: N/A
Attachment: 
Encoding: HTML
========================================
<p>Wolf Creek Pig-Pig pulled</p>

<p>1-21 pig-inside plant section-pig pulled</p>

<p>Vermillion&nbsp;pig 9-16-Pig still in trap</p>

<p>WPNE pig pulled</p>

<p>Baker out filling bulk tanks-Corrosion inhibitor and Scale inhibitor-PR entered</p>

<p>Recycle B overflow only</p>

<p>Recycle A production only</p>

<p>Blow down glycol flash tank LC</p>

<p>Man down drill with field ops</p>

<p>Speed up Debute cooler fan AC-3102B</p>

<p>Start C3 cooler fan AC-3104B</p>

<p>Kendra here-Work on audit prep</p>

<p>Rimbey issues until further notice-cut back NGL production to minimum</p>

<p>&nbsp; &nbsp; &nbsp;-Raise hot gas bypass SP from 43</p>

<p>&nbsp; &nbsp; &nbsp;-Raise suction controller SP from 60</p>

<p>Return NGL production to normal-Rimbey back online</p>

<p>Kelly and Randy E did WSI&#39;s</p>

<p>Driven out with supplies</p>

<p>Pond samples taken -drop off tomorrow</p>

<p>Bob K arrange for element coolers</p>

<p>Pull and clean treater basket</p>

<p>WO Scale inhibitor pump</p>

<p>Recycle production tank hard and cut back overflow recycle</p>

<p>&nbsp;</p>

<p>&nbsp;</p>

<p>&nbsp;</p>
