$@MID@$: 4404
Date: Sun, 27 Mar 2022 04:19:29 -0600
Author: Ryan Gilgan
Shift: Night Shift
Operators: Ryan G | Romeo T
Shift Handover Meeting: Kevin N | Chris P
Start of Shift Meeting: 
Plant Status: Steady
Equipment Outage: 
Filter Change: 
Pigging: 
Recycle Pumps: Production
Amine Concentration: 
Roustabout Utilization: 
Berm Water Samples Taken: No
Plant Process Discussion: Yes
Operational Targets: N/A
Overrides or Safeties Bypassed: N/A
Upcoming Activities: N/A
HSE Concerns: N/A
Regulatory Requirements: N/A
Staff Discussion: N/A
Weather & Effects on Operations: No
Permit Extensions/Critical Tasks: N/A
Attachment: 
Encoding: HTML
========================================
<p>Weather: +2 at the start of shift. -5 in the morning,</p>

<p>No security issues noted at Braz</p>

<p>C3 2 speed fan off single speed fan on</p>

<p>Slowed debute fan to 10%</p>

<p>Pumped out water plant sump</p>

<p>Blew down Glycol flash tank level controller</p>

<p>Called PPL as out tank volume was increasing in Production tank.&nbsp; Tried pumping around midnight.&nbsp; shut down after 5m3 on density issues.&nbsp; Shut us in a 778.&nbsp; Equalizing tanks and sped up recycle pumps.</p>

<p>Tanks still equalizing at shift change</p>
$@MID@$: 4405
Date: Sun, 27 Mar 2022 16:32:15 -0600
Author: Kevin Nicol
Shift: Day Shift
Operators: Kevin N | Chris P
Shift Handover Meeting: Ryan G | Romeo T
Start of Shift Meeting: 
Plant Status: Steady
Equipment Outage: 
Filter Change: 
Pigging: 14-03
Recycle Pumps: Overflow
Amine Concentration: 
Roustabout Utilization: 
Berm Water Samples Taken: No
Plant Process Discussion: Yes
Operational Targets: N/A
Overrides or Safeties Bypassed: N/A
Upcoming Activities: N/A
HSE Concerns: N/A
Regulatory Requirements: N/A
Staff Discussion: N/A
Weather & Effects on Operations: No
Permit Extensions/Critical Tasks: N/A
Attachment: 
Encoding: HTML
========================================
<p>equalized production and overflow tanks, swung boyh recycle to the overflow tank</p>

<p>Wolg creek pigged, pulled small amount of hydrate</p>

<p>2 speed C3 fan to slow</p>

<p>completed truck checklists</p>

<p>emptied garbages and used rag bins, topped up new rag bins</p>

<p>cleaned up around k204</p>

<p>still building up level in the production tank at shift change</p>

<p>&nbsp;</p>
