$@MID@$: 4422
Date: Tue, 05 Apr 2022 04:51:50 -0600
Author: Kevin Nicol
Shift: Night Shift
Operators: Kevin N | Kyle S
Shift Handover Meeting: Ryan G | Pat B
Start of Shift Meeting: 
Plant Status: Steady
Equipment Outage: 
Filter Change: 
Pigging: 
Recycle Pumps: Overflow
Amine Concentration: 
Roustabout Utilization: 
Berm Water Samples Taken: No
Plant Process Discussion: Yes
Operational Targets: N/A
Overrides or Safeties Bypassed: N/A
Upcoming Activities: N/A
HSE Concerns: N/A
Regulatory Requirements: N/A
Staff Discussion: N/A
Weather & Effects on Operations: No
Permit Extensions/Critical Tasks: N/A
Attachment: 
Encoding: HTML
========================================
<p>k204 high comp oil temp. slowed comp down a bit</p>

<p>completed service on K205, changed plug, coil and lead on cyl 11, k205 back on line</p>

<p>k204 back to v-101, lowered discharge press control back to 3000</p>

<p>equalized to the overflow, both recycles in the overflow</p>

<p>no slip/trip issues</p>

<p>no Braz security issues noted</p>

<p>opened screans on K206 and k205 due to snow/ice build up on the screans</p>

<p>&nbsp;</p>

<p>&nbsp;</p>
$@MID@$: 4423
Date: Tue, 05 Apr 2022 16:30:04 -0600
Author: Ryan Gilgan
Shift: Day Shift
Operators: Ryan G | Pat B
Shift Handover Meeting: Kevin N | Kyle S
Start of Shift Meeting: 
Plant Status: Steady | Lost Compressor(s)
Equipment Outage: K-204 | K-205
Filter Change: 
Pigging: 14-03
Recycle Pumps: Production
Amine Concentration: 
Roustabout Utilization: 
Berm Water Samples Taken: No
Plant Process Discussion: Yes
Operational Targets: N/A
Overrides or Safeties Bypassed: N/A
Upcoming Activities: N/A
HSE Concerns: N/A
Regulatory Requirements: N/A
Staff Discussion: N/A
Weather & Effects on Operations: No
Permit Extensions/Critical Tasks: N/A
Attachment: 
Encoding: HTML
========================================
<p>Weather:&nbsp; -3 in the morning warming to +7 in the afternoon.&nbsp; Windy and overcast.</p>

<p>Morning meeting</p>

<p>Opened up louvers on Acid gas compressor</p>

<p>Wolf creek line pigged and pulled, clean.</p>

<p>Shut down K-205 to repair pyro leads, found throttle body on intake in backwards.&nbsp; Clayton repaired.&nbsp; Ran K-204 in K-205 mode while the unit was down.</p>

<p>V-200 got a slug of fluid, Obsidian operator opening up a casing was the culprit.</p>

<p>Vermilion is going to pig their line tomorrow.</p>
