$@MID@$: 4467
Date: Wed, 27 Apr 2022 04:43:44 -0600
Author: Jordan Wilson
Shift: Night Shift
Operators: Romeo T | Jordan W
Shift Handover Meeting: Blaine H | Chris P
Start of Shift Meeting: 
Plant Status: Steady
Equipment Outage: 
Filter Change: 
Pigging: 
Recycle Pumps: Production
Amine Concentration: 
Roustabout Utilization: 
Berm Water Samples Taken: No
Plant Process Discussion: Yes
Operational Targets: N/A
Overrides or Safeties Bypassed: N/A
Upcoming Activities: N/A
HSE Concerns: Yes
Regulatory Requirements: N/A
Staff Discussion: N/A
Weather & Effects on Operations: No
Permit Extensions/Critical Tasks: N/A
Attachment: 
Encoding: HTML
========================================
<p>Weather: cooling to 0, snow and rain throughout the night</p>

<p>-crews still working on K-204 overhaul at shift change, extended permit for them, crews off site by 7</p>

<p>-c3 condenser 2 speed fan off, single speed on</p>

<p>-slow down de-bute fans from 20% to 0%</p>

<p>-drain de-eth scrubber, amine skim tank, and horizontal coalescer</p>

<p>-close up some doors throughout the facility</p>

<p>-adjusted K-203 louver control from 35 to 37 degrees on top and bottom louvers</p>

<p>-Please watch footing around K-204 for parts on floor from overhaul.</p>
$@MID@$: 4468
Date: Wed, 27 Apr 2022 15:41:00 -0600
Author: Blaine Harris
Shift: Day Shift
Operators: Blaine H | Chris P
Shift Handover Meeting: Romeo T | Jordan W
Start of Shift Meeting: 
Plant Status: Steady
Equipment Outage: 
Filter Change: Water Plant
Pigging: 14-03
Recycle Pumps: Production
Amine Concentration: 
Roustabout Utilization: 
Berm Water Samples Taken: Yes
Plant Process Discussion: Yes
Operational Targets: N/A
Overrides or Safeties Bypassed: N/A
Upcoming Activities: N/A
HSE Concerns: N/A
Regulatory Requirements: N/A
Staff Discussion: N/A
Weather & Effects on Operations: No
Permit Extensions/Critical Tasks: N/A
Attachment: 
Encoding: HTML
========================================
<p>Weather +1 snowing mixed with rain turning partly cloudy in the afternoon.</p>

<p>Clayton and Apecs crew working on K-204 overhaul</p>

<p>Ed with Sentinal out to do a vibration survey on K-206 compressor.</p>

<p>Safety meeting in the morning.</p>

<p>Changed the West water plant filters</p>

<p>Rob Thirsk hauled in Zeta water and emptied out the process floor drains.</p>

<p>Raymond and George out to do a target inspection(MCHE) on K-204 overhaul.</p>

<p>Took ditch samples and will drop them off on our way home.</p>

<p>Adjusted the c3 fans thoughout the days as the weather changed</p>

<p>Added a little process glycol from the overhead tank</p>

<p>Kenny pigged the Wolf Creek line. No problem handling the liquids. Pig was pulled clean, no hydrate material.</p>

<p>Completed 3 vehicle inspections, dayshift, spare, Chris P trucks</p>

<p>Received 1, 4 head and 2 single head monitors and Chris sent 3 back in exchange.</p>

<p>&nbsp;</p>

<p>&nbsp;</p>
