$@MID@$: 4493
Date: Tue, 10 May 2022 04:35:47 -0600
Author: Kevin Nicol
Shift: Night Shift
Operators: Kevin N | Bryan N
Shift Handover Meeting: Chris P | Jordan W | Travis B
Start of Shift Meeting: 
Plant Status: Steady
Equipment Outage: 
Filter Change: 
Pigging: 
Recycle Pumps: Production
Amine Concentration: 
Roustabout Utilization: 
Berm Water Samples Taken: No
Plant Process Discussion: Yes
Operational Targets: N/A
Overrides or Safeties Bypassed: N/A
Upcoming Activities: N/A
HSE Concerns: N/A
Regulatory Requirements: N/A
Staff Discussion: N/A
Weather & Effects on Operations: No
Permit Extensions/Critical Tasks: N/A
Attachment: 
Encoding: HTML
========================================
<p>pulled 14-3 pig, clean</p>

<p>cleaned the control room</p>

<p>raised K201 JW temp from 50 to 56</p>

<p>worked on CMDS</p>

<p>slip/trip inspection</p>

<p>no security issues at Braz</p>

<p>&nbsp;</p>
$@MID@$: 4494
Date: Tue, 10 May 2022 16:51:26 -0600
Author: Jordan Wilson
Shift: Day Shift
Operators: Chris P | Jordan W | Travis B
Shift Handover Meeting: Blaine H | Bryan N
Start of Shift Meeting: 
Plant Status: Steady
Equipment Outage: 
Filter Change: 
Pigging: 05-14
Recycle Pumps: Production
Amine Concentration: 
Roustabout Utilization: 
Berm Water Samples Taken: No
Plant Process Discussion: Yes
Operational Targets: N/A
Overrides or Safeties Bypassed: N/A
Upcoming Activities: Yes
HSE Concerns: N/A
Regulatory Requirements: N/A
Staff Discussion: N/A
Weather & Effects on Operations: No
Permit Extensions/Critical Tasks: N/A
Attachment: 
Encoding: HTML
========================================
<p>Weather: -2 to +8, overcast</p>

<p>-WPNE line pigged, will pull pig tomorrow</p>

<p>-Orest on site to help scope out&nbsp;potential piping changes for amine skim tank dump lines</p>

<p>-Parts were delivered to replace K-203 volume pockets on Cylinder 2 and 4</p>

<ul>
	<li>Clayton and tyson working to change valves and volume pockets on k-203</li>
	<li>A-team removed blinds from compressor</li>
	<li>De-LOTO compressor and fire up, some issues on start up&nbsp;</li>
	<li>leaking fittings on compressor oil filters, snugged up</li>
	<li>issues with compressor vibration switch, Daren and Devin helped with getting it fixed, had to change out the front plate as o-ring was worn out on the old plate</li>
	<li>compressor back online and K-201 knocked down and depressured</li>
</ul>

<p>-Review March safety meeting and sign off in CMDS</p>

<p>-Work on some CMDS</p>

<p>-Chris page scheduled to deliver bulk oil tomorrow</p>

<p>-P-3401 and P-3403 LPG pump A probably won&#39;t be fixed, Had A-team install blinds while they were out today</p>

<p>-Some issues with wonderware on board ops computer and tablet.&nbsp; Some warning window pops up when you clicked on certain boxes, Daren worked on it and should be good now.</p>

<p>-skim amine charcoal filter, a couple litres of oil on top, increased filter flow to 40m3/day</p>

<p>-C3 condenser 2 speed fan on slow, single speed fan on.</p>
