$@MID@$: 4527
Date: Fri, 27 May 2022 04:44:10 -0600
Author: Jordan Wilson
Shift: Night Shift
Operators: Kyle S | Jordan W
Shift Handover Meeting: Blaine H | Pat B
Start of Shift Meeting: 
Plant Status: Steady
Equipment Outage: 
Filter Change: 
Pigging: 
Recycle Pumps: Production
Amine Concentration: 
Roustabout Utilization: 
Berm Water Samples Taken: No
Plant Process Discussion: Yes
Operational Targets: N/A
Overrides or Safeties Bypassed: N/A
Upcoming Activities: N/A
HSE Concerns: Yes
Regulatory Requirements: N/A
Staff Discussion: N/A
Weather & Effects on Operations: No
Permit Extensions/Critical Tasks: N/A
Attachment: 
Encoding: HTML
========================================
<p>Weather: 8 degrees, clear</p>

<p>-adjusted regen tops temp from 37 to 36%</p>

<p>-production back to Cynthia at 20:20.&nbsp; closed v-107 esd, closed blue valve above splitter inlet <span style="color:#FF0000">(this will need to be opened to take splitter gas)</span>, opened 5-21 line to v-3101</p>

<p>-slow down K-206, may need to slow down more today</p>

<p>-add some glycol from overheads</p>

<p>-add barrier fluid to V-200 pump</p>

<p><span style="color:#FF0000">-black bear hanging around between pem north and zeta.&nbsp; please be careful and aware </span></p>

<p>-closed up door to process building</p>

<p>&nbsp;</p>
$@MID@$: 4528
Date: Fri, 27 May 2022 16:46:37 -0600
Author: Blaine Harris
Shift: Day Shift
Operators: Blaine H | Pat B
Shift Handover Meeting: Kyle S | Jordan W
Start of Shift Meeting: 
Plant Status: Steady
Equipment Outage: 
Filter Change: 
Pigging: 14-03
Recycle Pumps: Production
Amine Concentration: 
Roustabout Utilization: 
Berm Water Samples Taken: No
Plant Process Discussion: Yes
Operational Targets: N/A
Overrides or Safeties Bypassed: N/A
Upcoming Activities: N/A
HSE Concerns: N/A
Regulatory Requirements: N/A
Staff Discussion: N/A
Weather & Effects on Operations: No
Permit Extensions/Critical Tasks: N/A
Attachment: 
Encoding: HTML
========================================
<p>Weather +3 in the am warming to 18</p>

<p>Added c3 from storage</p>

<p>Slowed K-205 compressor to 800 rpm from 830</p>

<p>Wolf Creek pigges</p>

<p>Worked on JHID&#39;S for the shutdown on Tuesday</p>

<p>Started the 2 speed c3 fan on fast.</p>

<p>&nbsp;</p>

<p>&nbsp;</p>
