$@MID@$: 4531
Date: Sun, 29 May 2022 03:50:34 -0600
Author: Jordan Wilson
Shift: Night Shift
Operators: Kyle S | Jordan W
Shift Handover Meeting: Blaine H | Pat B
Start of Shift Meeting: 
Plant Status: Steady
Equipment Outage: 
Filter Change: 
Pigging: 
Recycle Pumps: Production
Amine Concentration: 
Roustabout Utilization: 
Berm Water Samples Taken: No
Plant Process Discussion: Yes
Operational Targets: N/A
Overrides or Safeties Bypassed: N/A
Upcoming Activities: Yes
HSE Concerns: N/A
Regulatory Requirements: N/A
Staff Discussion: N/A
Weather & Effects on Operations: No
Permit Extensions/Critical Tasks: N/A
Attachment: 
Encoding: HTML
========================================
<p>Weather: 7 and clear</p>

<p>-drain de-eth overheads scrubber and amine skim tank and horizontal coalescer</p>

<p>-watch keyera general orientation to renew it</p>

<p>-working on P&amp;ID&#39;s for acid gas coriolis change and C3 compressor isolation for service and inspection</p>

<p>-shut off C3 condenser 2 speed fan</p>

<p>-close up some doors in compression</p>

<p>-steady night</p>

<p><span style="color:#FF0000">Upcoming (as per email from chris):</span></p>

<ul>
	<li><span style="color:#FF0000">Shut in sour production</span></li>
	<li><span style="color:#FF0000">recycle hard from production tank</span></li>
	<li><span style="color:#FF0000">pig wolf creek line</span></li>
	<li><span style="color:#FF0000">monitor regen reflux pumps and shut down if not refluxing</span></li>
</ul>

<p>&nbsp;</p>
$@MID@$: 4532
Date: Sun, 29 May 2022 16:44:04 -0600
Author: Blaine Harris
Shift: Day Shift
Operators: Blaine H | Pat B
Shift Handover Meeting: Kyle S | Jordan W
Start of Shift Meeting: 
Plant Status: Steady
Equipment Outage: 
Filter Change: 
Pigging: 14-03
Recycle Pumps: Production
Amine Concentration: 
Roustabout Utilization: 
Berm Water Samples Taken: No
Plant Process Discussion: Yes
Operational Targets: N/A
Overrides or Safeties Bypassed: N/A
Upcoming Activities: N/A
HSE Concerns: N/A
Regulatory Requirements: N/A
Staff Discussion: N/A
Weather & Effects on Operations: No
Permit Extensions/Critical Tasks: N/A
Attachment: 
Encoding: HTML
========================================
<p>Weather +2 warming to 12</p>

<p>Rob Thirsk delivered 17m3 of methanol</p>

<p>Mark pigged 14-3 line</p>

<p>Vermillian pigged 9-16 line</p>

<p>Turned on the c3 2 speed fan to slow.</p>

<p>Shut in PNA and WPNA inlets at 9:00 am</p>

<p>Cut 1% of heat out of the regen tops. From 36 to 35%</p>

<p>Increased both recycle pumps from 60 to 100m3/day</p>

<p>Finished weekend checks</p>

<p>Worked on the acid gas meter removal lockout for tomorrow.</p>

<p>&nbsp;</p>
