$@MID@$: 4479
Date: Tue, 03 May 2022 04:30:21 -0600
Author: Jordan Wilson
Shift: Night Shift
Operators: Kyle S | Jordan W
Shift Handover Meeting: Ryan G | Pat B
Start of Shift Meeting: 
Plant Status: Steady
Equipment Outage: 
Filter Change: 
Pigging: 
Recycle Pumps: Production
Amine Concentration: 
Roustabout Utilization: 
Berm Water Samples Taken: No
Plant Process Discussion: Yes
Operational Targets: N/A
Overrides or Safeties Bypassed: N/A
Upcoming Activities: N/A
HSE Concerns: N/A
Regulatory Requirements: N/A
Staff Discussion: N/A
Weather & Effects on Operations: No
Permit Extensions/Critical Tasks: N/A
Attachment: 
Encoding: HTML
========================================
<p>weather: +3, cloudy</p>

<p>-recycle pump B back in production tank</p>

<p>-empty some oil drip pails</p>

<p>-skim amine charcoal filters, pretty clean</p>

<p>-drain horizontal coalescer</p>

<p>-mop control room floor</p>

<p>-WSI at Zeta for control room and K-601</p>

<p>-RO water delivery, PR submitted</p>
$@MID@$: 4480
Date: Tue, 03 May 2022 13:56:41 -0600
Author: Ryan Gilgan
Shift: Day Shift
Operators: Ryan G | Pat B
Shift Handover Meeting: Kevin N | Kyle S
Start of Shift Meeting: 
Plant Status: Steady
Equipment Outage: 
Filter Change: 
Pigging: 14-03
Recycle Pumps: Production
Amine Concentration: 
Roustabout Utilization: 
Berm Water Samples Taken: No
Plant Process Discussion: Yes
Operational Targets: N/A
Overrides or Safeties Bypassed: N/A
Upcoming Activities: N/A
HSE Concerns: N/A
Regulatory Requirements: N/A
Staff Discussion: N/A
Weather & Effects on Operations: No
Permit Extensions/Critical Tasks: N/A
Attachment: 
Encoding: HTML
========================================
<p>Weather: +3 warming to +17, overcast.</p>

<p>Morning meeting</p>

<p>RPM hauled out a load of lube oil to their yard, PR#10023548 submitted.</p>

<p>Called General steel about bin swap, they will get back to me on eta.</p>

<p>Cleaned up around K-204.</p>

<p>Wolf creek line pigged and pulled.</p>

<p>WPNE pig pulled</p>

<p>ACR went to the wrong facility this morning.&nbsp;&nbsp; Will be out before road bans tomorrow.</p>

<p>Started making a list for Polard insulators.&nbsp;&nbsp; Please add onto it if there is anything I missed</p>

<p>C3 2 speed fan on slow</p>
