$@MID@$: 4504
Date: Sun, 15 May 2022 16:45:17 -0600
Author: Jordan Wilson
Shift: Day Shift
Operators: Jordan W | Pat B
Shift Handover Meeting: Blaine H | Jeff B
Start of Shift Meeting: 
Plant Status: Steady
Equipment Outage: 
Filter Change: 
Pigging: 14-03
Recycle Pumps: Production
Amine Concentration: 42%
Roustabout Utilization: 
Berm Water Samples Taken: No
Plant Process Discussion: Yes
Operational Targets: N/A
Overrides or Safeties Bypassed: N/A
Upcoming Activities: Yes
HSE Concerns: N/A
Regulatory Requirements: N/A
Staff Discussion: N/A
Weather & Effects on Operations: No
Permit Extensions/Critical Tasks: N/A
Attachment: 
Encoding: HTML
========================================
<p>Weather: 17 degrees, mix of sun and clouds</p>

<p>-RO water ordered for tomorrow morning around 9am</p>

<p>-work on weekend checks</p>

<p>-slow down RO water to ensure we have enough incase they are a little late tomorrow, will turn up after getting water delivered</p>

<p>-wolf creek line pigged, pig pulled</p>

<p>-pump out flare knockout</p>

<p>-Kim with obsidian shut in 11-22 plunger lift, not making arrivals, will pull to flare tomorrow</p>

<p><span style="color:#0000FF">Upcoming: WPNE and obsidian 1-21 onsite pig tomorrow morning.</span></p>
$@MID@$: 4505
Date: Sun, 15 May 2022 22:48:31 -0600
Author: Blaine Harris
Shift: Night Shift
Operators: Blaine H | Jeff B
Shift Handover Meeting: Jordan W | Pat B
Start of Shift Meeting: 
Plant Status: Steady
Equipment Outage: 
Filter Change: 
Pigging: 
Recycle Pumps: Production
Amine Concentration: 
Roustabout Utilization: 
Berm Water Samples Taken: No
Plant Process Discussion: Yes
Operational Targets: N/A
Overrides or Safeties Bypassed: N/A
Upcoming Activities: N/A
HSE Concerns: N/A
Regulatory Requirements: N/A
Staff Discussion: N/A
Weather & Effects on Operations: No
Permit Extensions/Critical Tasks: N/A
Attachment: 
Encoding: HTML
========================================
<p>Weather sunny +18</p>

<p>Changed the process analyzer tape.</p>

<p>Filled the lpg lubricator</p>

<p>Pumped out the compressor underground packing tank.</p>

<p>Added a little glycol from the overhead tank</p>

<p>There was no security issues at Braz</p>

<p>Completed a slips and trips inspection.</p>

<p>Increased the amine makeup water to 13 from 10%</p>

<p>Lowered the level a little in the glycol flash tank.</p>

<p>Put the c3 2 speed fan to slow from fast.</p>
