$@MID@$: 4509
Date: Wed, 18 May 2022 04:54:06 -0600
Author: Ryan Gilgan
Shift: Night Shift
Operators: Ryan G | Jeff B
Shift Handover Meeting: Kevin N | Pat B
Start of Shift Meeting: 
Plant Status: Steady
Equipment Outage: 
Filter Change: Treater Exchanger Basket
Pigging: 
Recycle Pumps: Production
Amine Concentration: 
Roustabout Utilization: 
Berm Water Samples Taken: No
Plant Process Discussion: Yes
Operational Targets: N/A
Overrides or Safeties Bypassed: N/A
Upcoming Activities: N/A
HSE Concerns: N/A
Regulatory Requirements: N/A
Staff Discussion: N/A
Weather & Effects on Operations: No
Permit Extensions/Critical Tasks: N/A
Attachment: 
Encoding: HTML
========================================
<p>Weather: +10 at the start of shift cooling to freezing in the morning</p>

<p>Reviewed Elog from days off</p>

<p>Skimmed amine charcoal filter, clean</p>

<p>K-206 flare line valve , no change</p>

<p>Shut off C3 single speed fan and put the 2 speed fan on fast</p>

<p>Cleaned treater basket once.</p>
$@MID@$: 4510
Date: Wed, 18 May 2022 16:32:15 -0600
Author: Kevin Nicol
Shift: Day Shift
Operators: Kevin N | Pat B
Shift Handover Meeting: Ryan G | Jeff B
Start of Shift Meeting: 
Plant Status: Steady
Equipment Outage: 
Filter Change: 
Pigging: 14-03
Recycle Pumps: Production
Amine Concentration: 
Roustabout Utilization: 
Berm Water Samples Taken: No
Plant Process Discussion: Yes
Operational Targets: N/A
Overrides or Safeties Bypassed: N/A
Upcoming Activities: N/A
HSE Concerns: N/A
Regulatory Requirements: N/A
Staff Discussion: N/A
Weather & Effects on Operations: No
Permit Extensions/Critical Tasks: N/A
Attachment: 
Encoding: HTML
========================================
<p>drained k203 scrubber</p>

<p>topped up LPG lubricators</p>

<p>Safety meeting</p>

<p>Shutdown planing meeting for the 31st</p>

<p>emptied drip pail, rag bin and garbages</p>

<p>cleaned up in sales and the battery</p>

<p>Nathan working on the h2s detection for the flare KO</p>

<p>pigged wolf creek, pulled some slush</p>

<p>C3 fan on slow and started single speed fan</p>

<p>Advision taking ground water samples</p>

<p>checked k206 flare line valve, no change</p>

<p>checked k206 vibration and noise, seems normal</p>

<p>moved the heater from the BBL warhouse to k206 building and some of the ducting to the covid shed</p>

<p>&nbsp;</p>
