$@MID@$: 4529
Date: Sat, 28 May 2022 04:24:51 -0600
Author: Jordan Wilson
Shift: Night Shift
Operators: Kyle S | Jordan W
Shift Handover Meeting: Blaine H | Pat B
Start of Shift Meeting: 
Plant Status: Steady
Equipment Outage: 
Filter Change: 
Pigging: 
Recycle Pumps: Production
Amine Concentration: 
Roustabout Utilization: 
Berm Water Samples Taken: No
Plant Process Discussion: Yes
Operational Targets: N/A
Overrides or Safeties Bypassed: N/A
Upcoming Activities: N/A
HSE Concerns: N/A
Regulatory Requirements: N/A
Staff Discussion: N/A
Weather & Effects on Operations: No
Permit Extensions/Critical Tasks: N/A
Attachment: 
Encoding: HTML
========================================
<p>Weather: 5 and clear, showers in early evening</p>

<p>-pull wolf creek pigs</p>

<p>-pump out water plant floor sump</p>

<p>-top up LPG pump lube oil</p>

<p>-Drain K-203 suction scrubber</p>

<p>-splitter line valve to v-107 opened back up.&nbsp; ESD 208 is still closed</p>

<p>-slowed down K-206 a bit</p>

<p>-close some doors throughout the plant</p>

<p>-do some work on ERP planning</p>

<p>-C3 condenser 2 speed fan off</p>
$@MID@$: 4530
Date: Sat, 28 May 2022 16:57:13 -0600
Author: Blaine Harris
Shift: Day Shift
Operators: Blaine H | Pat B
Shift Handover Meeting: Kyle S | Jordan W
Start of Shift Meeting: 
Plant Status: Steady
Equipment Outage: 
Filter Change: 
Pigging: 
Recycle Pumps: Production
Amine Concentration: 
Roustabout Utilization: 
Berm Water Samples Taken: No
Plant Process Discussion: Yes
Operational Targets: N/A
Overrides or Safeties Bypassed: N/A
Upcoming Activities: N/A
HSE Concerns: N/A
Regulatory Requirements: N/A
Staff Discussion: N/A
Weather & Effects on Operations: No
Permit Extensions/Critical Tasks: N/A
Attachment: 
Encoding: HTML
========================================
<p>Weather +2 in the morning warming to 17</p>

<p>Started the 2 speed c3 fan on fast</p>

<p>Started weekend checks</p>

<p>Worked on Debute lockout package for Tuesday</p>

<p>Removed all the rags and soaker pads away from the exhaust fans in all of compression.</p>

<p>&nbsp;</p>
