$@MID@$: 4535
Date: Tue, 31 May 2022 04:09:28 -0600
Author: Jordan Wilson
Shift: Night Shift
Operators: Kyle S | Jordan W
Shift Handover Meeting: Ryan G | Bryan N | Chris P | Pat B
Start of Shift Meeting: 
Plant Status: Steady | Flaring Event
Equipment Outage: 
Filter Change: 
Pigging: 
Recycle Pumps: Production
Amine Concentration: 
Roustabout Utilization: 
Berm Water Samples Taken: No
Plant Process Discussion: Yes
Operational Targets: N/A
Overrides or Safeties Bypassed: Yes
Upcoming Activities: Yes
HSE Concerns: N/A
Regulatory Requirements: N/A
Staff Discussion: N/A
Weather & Effects on Operations: No
Permit Extensions/Critical Tasks: N/A
Attachment: 
Encoding: HTML
========================================
<p>Weather: +1, clear</p>

<p>-Shut down K-3301B at midnight, purge res gas cylinders and LOTO</p>

<p>-Shut down C3 fans</p>

<p>-Shut down amine bulk cooler fans</p>

<p>-Vessel level setpoints before i started draining liquids</p>

<ul>
	<li><span style="color:#FF0000">T-3102 LIC-3111 was at 60%</span></li>
	<li><span style="color:#FF0000">V-3106 LIC-3106B was at 35%</span></li>
	<li><span style="color:#FF0000">T-3101 LIC 3108 was at 50%</span></li>
	<li><span style="color:#FF0000">v-3105 LIC-3110 was at 45%</span></li>
</ul>

<p><span style="color:#FF0000">-Sales pipeline dewpoint&nbsp;bypassed</span></p>

<p>-drained the following vessels to minimize liquid flashing</p>

<ul>
	<li>HP cold separator</li>
	<li>LP cold separator</li>
	<li>de-ethanizer</li>
	<li>de-eth reflux accumulator</li>
	<li>De-bute</li>
	<li>de-bute reflux accumulater</li>
	<li>de-bute reboiler</li>
	<li>de-ethanizer reboiler</li>
	<li>water flash tank</li>
</ul>

<p><span style="color:#FF0000">-Call Wazy with westbrick to inform him of estimated time of shutdown so he can shut the big well down to avoid hydrates.&nbsp; about 1 - 1.5 hours before shutdown</span></p>

<p>&nbsp;</p>
