$@MID@$: 4541
Date: Fri, 03 Jun 2022 04:41:28 -0600
Author: Kevin Nicol
Shift: Night Shift
Operators: Kevin N | Bryan N
Shift Handover Meeting: Ryan G | Travis B
Start of Shift Meeting: 
Plant Status: Steady
Equipment Outage: 
Filter Change: 
Pigging: 
Recycle Pumps: Production
Amine Concentration: 
Roustabout Utilization: 
Berm Water Samples Taken: No
Plant Process Discussion: Yes
Operational Targets: N/A
Overrides or Safeties Bypassed: N/A
Upcoming Activities: N/A
HSE Concerns: N/A
Regulatory Requirements: N/A
Staff Discussion: N/A
Weather & Effects on Operations: No
Permit Extensions/Critical Tasks: N/A
Attachment: 
Encoding: HTML
========================================
<p>dumped the amine skim tank</p>

<p>shut off 2 speed C3 fan</p>

<p>cleaned up from shutdown</p>

<p>cleaned up around the garbage bin</p>

<p>worked on CMDS</p>
$@MID@$: 4542
Date: Fri, 03 Jun 2022 16:35:11 -0600
Author: Ryan Gilgan
Shift: Day Shift
Operators: Ryan G | Travis B
Shift Handover Meeting: Kevin N | Bryan N
Start of Shift Meeting: 
Plant Status: Steady
Equipment Outage: 
Filter Change: 
Pigging: 
Recycle Pumps: Production
Amine Concentration: 
Roustabout Utilization: 
Berm Water Samples Taken: No
Plant Process Discussion: Yes
Operational Targets: N/A
Overrides or Safeties Bypassed: N/A
Upcoming Activities: N/A
HSE Concerns: N/A
Regulatory Requirements: N/A
Staff Discussion: N/A
Weather & Effects on Operations: No
Permit Extensions/Critical Tasks: N/A
Attachment: 
Encoding: HTML
========================================
<p>Weather: +3 to +23 light wind.</p>

<p>Morning meeting,</p>

<p>Updated producer phone list.</p>

<p>Started weekend checks</p>

<p>Changed sales analyzer tape</p>

<p>Sped up debute fan</p>

<p>Put C3 2 speed fan on fast.</p>

<p>Bullet high level rang in, called Chis C to come check it out.&nbsp;</p>

<p>Vermilion pigged into V-101 slugeed for 15 minutes and was good.</p>

<p>Ordered RO water, will be here on Sunday.</p>

<p>Slowed down K-204 due to high comp oil temps</p>

<p>K-201 ringing in on high comp oil temp all afternoon.</p>
