$@MID@$: 4639
Date: Sun, 24 Jul 2022 04:21:04 -0600
Author: chris platt
Shift: Night Shift
Operators: Kyle S | Chris P
Shift Handover Meeting: Blaine H | Pat B
Start of Shift Meeting: 
Plant Status: Steady
Equipment Outage: 
Filter Change: 
Pigging: 
Recycle Pumps: Production
Amine Concentration: 
Roustabout Utilization: 
Berm Water Samples Taken: No
Plant Process Discussion: Yes
Operational Targets: N/A
Overrides or Safeties Bypassed: N/A
Upcoming Activities: N/A
HSE Concerns: Yes
Regulatory Requirements: Yes
Staff Discussion: Yes
Weather & Effects on Operations: Yes
Permit Extensions/Critical Tasks: N/A
Attachment: 
Encoding: HTML
========================================
<p>Weather +26 to 12, light breeze</p>

<p>Speed up K201 and K204</p>

<p>Trace lines for engineering</p>

<p>Add glycol to wet leg on K202 4th stage scrubber Level indication</p>

<p>&nbsp;</p>

<p>&nbsp;</p>
$@MID@$: 4640
Date: Sun, 24 Jul 2022 16:42:42 -0600
Author: Blaine Harris
Shift: Day Shift
Operators: Blaine H | Pat B
Shift Handover Meeting: Kyle S | Chris P
Start of Shift Meeting: 
Plant Status: Steady
Equipment Outage: 
Filter Change: 
Pigging: 01-21
Recycle Pumps: Production
Amine Concentration: 
Roustabout Utilization: 
Berm Water Samples Taken: No
Plant Process Discussion: Yes
Operational Targets: N/A
Overrides or Safeties Bypassed: N/A
Upcoming Activities: N/A
HSE Concerns: N/A
Regulatory Requirements: N/A
Staff Discussion: N/A
Weather & Effects on Operations: No
Permit Extensions/Critical Tasks: N/A
Attachment: 
Encoding: HTML
========================================
<p>Weather partly sunny high +23</p>

<p>C3 2 Speed fan is on fast from slow</p>

<p>Finished the weekend checks</p>

<p>Mark pigged 1-21 line inside the plant. Pig pulled clean</p>

<p>Pat did some blackening around the flare stack area.</p>

<p>K-205 down on high jacket water temp, restarted and slowed down</p>

<p>Slowed down K-204 and K-201 in the heat of the day.</p>
