$@MID@$: 4635
Date: Fri, 22 Jul 2022 03:57:08 -0600
Author: chris platt
Shift: Night Shift
Operators: Kyle S | Chris P
Shift Handover Meeting: Blaine H | Pat B
Start of Shift Meeting: 
Plant Status: Steady
Equipment Outage: 
Filter Change: Cleaned Recycle Pump Basket
Pigging: 
Recycle Pumps: Production
Amine Concentration: 
Roustabout Utilization: 
Berm Water Samples Taken: No
Plant Process Discussion: Yes
Operational Targets: N/A
Overrides or Safeties Bypassed: N/A
Upcoming Activities: N/A
HSE Concerns: N/A
Regulatory Requirements: N/A
Staff Discussion: Yes
Weather & Effects on Operations: Yes
Permit Extensions/Critical Tasks: N/A
Attachment: 
Encoding: HTML
========================================
<p>Weather +28 to 12</p>

<p>Speed up K201, K204, K202</p>

<p>Recycle B down on low flow x2</p>

<p>&nbsp; &nbsp; &nbsp;-Clean basket strainer</p>

<p>&nbsp; &nbsp; &nbsp;-Pull meter-material stuck in turbine</p>

<p>&nbsp;</p>
$@MID@$: 4636
Date: Fri, 22 Jul 2022 16:51:19 -0600
Author: Blaine Harris
Shift: Day Shift
Operators: Blaine H | Pat B
Shift Handover Meeting: Kyle S | Chris P
Start of Shift Meeting: 
Plant Status: Steady
Equipment Outage: 
Filter Change: 
Pigging: 14-03
Recycle Pumps: Production
Amine Concentration: 
Roustabout Utilization: 
Berm Water Samples Taken: No
Plant Process Discussion: Yes
Operational Targets: N/A
Overrides or Safeties Bypassed: N/A
Upcoming Activities: N/A
HSE Concerns: N/A
Regulatory Requirements: N/A
Staff Discussion: N/A
Weather & Effects on Operations: No
Permit Extensions/Critical Tasks: N/A
Attachment: 
Encoding: HTML
========================================
<p>Weather sunny +20</p>

<p>C3 2 Speed fan in on fast from slow</p>

<p>Cleaned the Sulair intake screens</p>

<p>Mowed grass down by the water plant</p>

<p>Dump oil from the chiller deoiler</p>

<p>Recycle B pump went down, pulled the meter and screen but both were clean. Ran good for the rest of the shift.</p>

<p>Mark Pigged Wolf Creek line.</p>
