$@MID@$: 4622
Date: Sat, 16 Jul 2022 03:29:23 -0600
Author: chris platt
Shift: Night Shift
Operators: Ryan G | Chris P
Shift Handover Meeting: Kevin N | Travis B
Start of Shift Meeting: 
Plant Status: Steady
Equipment Outage: 
Filter Change: 
Pigging: 
Recycle Pumps: Production
Amine Concentration: 
Roustabout Utilization: 
Berm Water Samples Taken: No
Plant Process Discussion: Yes
Operational Targets: Yes
Overrides or Safeties Bypassed: N/A
Upcoming Activities: N/A
HSE Concerns: Yes
Regulatory Requirements: Yes
Staff Discussion: Yes
Weather & Effects on Operations: Yes
Permit Extensions/Critical Tasks: N/A
Attachment: 
Encoding: HTML
========================================
<p>Weather- Electrical Storm, 30 to 12 celsuis</p>

<p>Slow C3 cooler&nbsp;</p>

<p>Slow stabilizer cooler</p>

<p>Speed up K204</p>

<p>&nbsp;</p>

<p>&nbsp;</p>

<p>&nbsp;</p>
$@MID@$: 4623
Date: Sat, 16 Jul 2022 16:43:08 -0600
Author: Kevin Nicol
Shift: Day Shift
Operators: Kevin N | Travis B
Shift Handover Meeting: Ryan G | Chris P
Start of Shift Meeting: 
Plant Status: Steady
Equipment Outage: 
Filter Change: 
Pigging: 14-03
Recycle Pumps: Production
Amine Concentration: 
Roustabout Utilization: 
Berm Water Samples Taken: No
Plant Process Discussion: Yes
Operational Targets: N/A
Overrides or Safeties Bypassed: N/A
Upcoming Activities: N/A
HSE Concerns: N/A
Regulatory Requirements: N/A
Staff Discussion: N/A
Weather & Effects on Operations: Yes
Permit Extensions/Critical Tasks: N/A
Attachment: 
Encoding: HTML
========================================
<p>pigged 14-3, pulled clean</p>

<p>dumped amine skim tank</p>

<p>C3 fan to fast</p>

<p>high comp oil temp on K204, slowed down</p>

<p>worked on carseal list</p>

<p>recycle B down, restarted</p>

<p>TDG trainning</p>
