$@MID@$: 4605
Date: Tue, 05 Jul 2022 04:49:47 -0600
Author: Kevin Nicol
Shift: Night Shift
Operators: Kevin N | Bryan N
Shift Handover Meeting: Chris P | Pat B
Start of Shift Meeting: 
Plant Status: Steady
Equipment Outage: 
Filter Change: 
Pigging: 
Recycle Pumps: Production
Amine Concentration: 
Roustabout Utilization: 
Berm Water Samples Taken: No
Plant Process Discussion: Yes
Operational Targets: N/A
Overrides or Safeties Bypassed: N/A
Upcoming Activities: N/A
HSE Concerns: N/A
Regulatory Requirements: N/A
Staff Discussion: N/A
Weather & Effects on Operations: No
Permit Extensions/Critical Tasks: N/A
Attachment: 
Encoding: HTML
========================================
<p>dunped the amine skim tank</p>

<p>emptied drip pails at compression</p>

<p>worked on the carseal list</p>

<p>no security issues noted at Braz</p>

<p>&nbsp;</p>
$@MID@$: 4606
Date: Tue, 05 Jul 2022 08:18:23 -0600
Author: chris platt
Shift: Day Shift
Operators: Chris P | Pat B
Shift Handover Meeting: Kevin N
Start of Shift Meeting: Tyson T | Devin N | Nathan P | Chris N | Clayton S | Mark S | Other
Plant Status: 
Equipment Outage: 
Filter Change: 
Pigging: 
Recycle Pumps: Production
Amine Concentration: 
Roustabout Utilization: 
Berm Water Samples Taken: No
Plant Process Discussion: Yes
Operational Targets: Yes
Overrides or Safeties Bypassed: N/A
Upcoming Activities: Yes
HSE Concerns: Yes
Regulatory Requirements: Yes
Staff Discussion: Yes
Weather & Effects on Operations: Yes
Permit Extensions/Critical Tasks: N/A
Attachment: 
Encoding: HTML
========================================
<p>Weather- +10 to&nbsp; &nbsp; &nbsp; Rainy</p>

<p>Upcoming work</p>

<p>Tomorrow</p>

<p>&nbsp; &nbsp; &nbsp;-Water well packer test</p>

<p>&nbsp; &nbsp; &nbsp;-Pig WPNE</p>

<p>July 18</p>

<p>&nbsp; &nbsp; &nbsp;-Crane inspections</p>

<p>Duverna here for critical drawing updates</p>

<p>GGT here emptying barrels, containments, and floor drains</p>

<p>5 why investigation on flare stack</p>

<p>Karen, Orest, Raymond and Chris Nagy here</p>

<p>&nbsp;</p>

<p>&nbsp;</p>

<p>&nbsp;</p>
$@MID@$: 4607
Date: Tue, 05 Jul 2022 23:30:28 -0600
Author: Blaine Harris
Shift: Night Shift
Operators: Blaine H | Bryan N
Shift Handover Meeting: Chris P | Pat B
Start of Shift Meeting: 
Plant Status: Steady
Equipment Outage: 
Filter Change: 
Pigging: 
Recycle Pumps: 
Amine Concentration: 
Roustabout Utilization: 
Berm Water Samples Taken: No
Plant Process Discussion: Yes
Operational Targets: N/A
Overrides or Safeties Bypassed: N/A
Upcoming Activities: N/A
HSE Concerns: N/A
Regulatory Requirements: N/A
Staff Discussion: N/A
Weather & Effects on Operations: No
Permit Extensions/Critical Tasks: N/A
Attachment: 
Encoding: HTML
========================================
<p>Weather overcast +15</p>

<p>Dumped berm water and recorded in book</p>

<p>Dumped the amine skim tank</p>

<p>Dumped the de-eth overhead suction scrubber.</p>

<p>Rob hauled in 2 loads of Zeta water.</p>

<p>There was no security issues at Braz North</p>

<p>Lowered the level a little in the glycol flash tank.</p>

<p>Worked on the chemical invenatory list.</p>
