$@MID@$: 4645
Date: Wed, 27 Jul 2022 04:38:14 -0600
Author: Kevin Nicol
Shift: Night Shift
Operators: Kevin N | Kyle S
Shift Handover Meeting: Ryan G | Pat B
Start of Shift Meeting: 
Plant Status: Steady
Equipment Outage: 
Filter Change: 
Pigging: 
Recycle Pumps: Production
Amine Concentration: 
Roustabout Utilization: 
Berm Water Samples Taken: No
Plant Process Discussion: Yes
Operational Targets: N/A
Overrides or Safeties Bypassed: N/A
Upcoming Activities: N/A
HSE Concerns: N/A
Regulatory Requirements: N/A
Staff Discussion: N/A
Weather & Effects on Operations: No
Permit Extensions/Critical Tasks: N/A
Attachment: 
Encoding: HTML
========================================
<p>drained K203 suction scrubber</p>

<p>sped up K204</p>

<p>2 speed C3 fan to slow</p>

<p>no security issues at Braz</p>
$@MID@$: 4646
Date: Wed, 27 Jul 2022 16:31:26 -0600
Author: Ryan Gilgan
Shift: Day Shift
Operators: Ryan G | Pat B
Shift Handover Meeting: Kevin N | Kyle S
Start of Shift Meeting: 
Plant Status: Steady
Equipment Outage: 
Filter Change: 
Pigging: 
Recycle Pumps: Production
Amine Concentration: 
Roustabout Utilization: 
Berm Water Samples Taken: No
Plant Process Discussion: Yes
Operational Targets: N/A
Overrides or Safeties Bypassed: N/A
Upcoming Activities: N/A
HSE Concerns: N/A
Regulatory Requirements: N/A
Staff Discussion: N/A
Weather & Effects on Operations: Yes
Permit Extensions/Critical Tasks: N/A
Attachment: 
Encoding: HTML
========================================
<p>Weather: +13 in the morning warming to +28 in the afternoon.&nbsp; Clear</p>

<p>Morning meeting</p>

<p>MOC meeting</p>

<p>Slowed down K-204 and K-201 due to high comp oil temps.</p>

<p>Put C2 2 speed fan on fast</p>

<p>Carl with driven dropped off goods</p>

<p>Rob hauled Zeta water.&nbsp; Still hauling at shift change</p>

<p>Mowed the water well</p>

<p>Mark S was out to do a packer isolation test on the acid gas well.&nbsp; Could not get the pressure to settle so he eill be back tomorrow to try again.</p>
