$@MID@$: 4616
Date: Wed, 13 Jul 2022 00:00:01 -0600
Author: Blaine Harris
Shift: Night Shift
Operators: Blaine H | Jeff B
Shift Handover Meeting: Chris P | Pat B
Start of Shift Meeting: 
Plant Status: Steady
Equipment Outage: K-201 | K-204
Filter Change: 
Pigging: 
Recycle Pumps: Production
Amine Concentration: 
Roustabout Utilization: 
Berm Water Samples Taken: No
Plant Process Discussion: Yes
Operational Targets: N/A
Overrides or Safeties Bypassed: N/A
Upcoming Activities: N/A
HSE Concerns: N/A
Regulatory Requirements: N/A
Staff Discussion: N/A
Weather & Effects on Operations: No
Permit Extensions/Critical Tasks: N/A
Attachment: 
Encoding: HTML
========================================
<p>Weather hot and sunny +34</p>

<p>K201 down on high jacket water temp, restarted and slowed down to 630 rpm</p>

<p>K204 down on high compressor oil temp, restarted and slowed down to 630 rpm</p>

<p>Cut the amine regen tops temp set point 1% to 35 from 36</p>

<p>Acid gas flare opening slightly, increased the set point on PIC 5850 to 6600 from 6500 kpa</p>

<p>Sped up K201 and K204 when ambient cooled off.</p>

<p>Changed the c3 2 speed fan from fast to slow</p>

<p>There was no security issues at BN</p>

<p>K205 compressor down, not sure the reason restarted.</p>
$@MID@$: 4617
Date: Wed, 13 Jul 2022 16:26:04 -0600
Author: Kevin Nicol
Shift: Day Shift
Operators: Kevin N | Pat B
Shift Handover Meeting: Ryan G | Jeff B
Start of Shift Meeting: 
Plant Status: Steady | Lost Compressor(s)
Equipment Outage: K-205
Filter Change: 
Pigging: 14-03
Recycle Pumps: Production
Amine Concentration: 
Roustabout Utilization: 
Berm Water Samples Taken: No
Plant Process Discussion: Yes
Operational Targets: N/A
Overrides or Safeties Bypassed: N/A
Upcoming Activities: N/A
HSE Concerns: N/A
Regulatory Requirements: N/A
Staff Discussion: N/A
Weather & Effects on Operations: No
Permit Extensions/Critical Tasks: N/A
Attachment: 
Encoding: HTML
========================================
<p>K205 down ?, restarted</p>

<p>Caproco pulled cupons at 5-21 at at the 5-21 inlet header</p>

<p>Bob Dale out to scope out the BBL warehouse</p>

<p>Riley with Surepoint working on lights, installing the AC unit and other elect projects</p>

<p>Pigged 14-3 pulled clean</p>

<p>Westbrick comp at 14-3 down for a couple of days</p>

<p>Baker delivered Chem PR # 10027086 submitted</p>

<p>Brogan took the 4 BA bottles from the BA trailed to be filled, bottles should be back next Wednessday</p>

<p>&nbsp;</p>
