$@MID@$: 4763
Date: Sat, 24 Sep 2022 00:54:50 -0600
Author: Blaine Harris
Shift: Night Shift
Operators: Blaine H | Bryan N
Shift Handover Meeting: Ryan G | Travis B
Start of Shift Meeting: 
Plant Status: Steady
Equipment Outage: 
Filter Change: 
Pigging: 
Recycle Pumps: Production
Amine Concentration: 
Roustabout Utilization: 
Berm Water Samples Taken: No
Plant Process Discussion: Yes
Operational Targets: N/A
Overrides or Safeties Bypassed: N/A
Upcoming Activities: N/A
HSE Concerns: N/A
Regulatory Requirements: N/A
Staff Discussion: N/A
Weather & Effects on Operations: No
Permit Extensions/Critical Tasks: N/A
Attachment: 
Encoding: HTML
========================================
<p>Weather cloudy +14 cooling to +5</p>

<p>Tightened packings on the south EG pump.</p>

<p>Dumped the de-eth overheads scrubber.</p>

<p>Dump oil from the chiller de-oiler.</p>

<p>&nbsp;</p>
$@MID@$: 4764
Date: Sat, 24 Sep 2022 16:43:12 -0600
Author: Ryan Gilgan
Shift: Day Shift
Operators: Ryan G | Travis B
Shift Handover Meeting: Blaine H | Bryan N
Start of Shift Meeting: 
Plant Status: Steady
Equipment Outage: 
Filter Change: 
Pigging: 
Recycle Pumps: Production
Amine Concentration: 
Roustabout Utilization: 
Berm Water Samples Taken: No
Plant Process Discussion: Yes
Operational Targets: N/A
Overrides or Safeties Bypassed: N/A
Upcoming Activities: N/A
HSE Concerns: N/A
Regulatory Requirements: N/A
Staff Discussion: N/A
Weather & Effects on Operations: No
Permit Extensions/Critical Tasks: N/A
Attachment: 
Encoding: HTML
========================================
<p>Weather: +2 in the morning warming to +20.</p>

<p>Weekend/monthly checks</p>

<p>Back flushed Amine exchanger.</p>

<p>Drained De Eth overhead scrubber.</p>

<p>Ran the drag through the yard</p>

<p>Turned on C3 single speed fan to slow.</p>

<p>&nbsp;</p>
