$@MID@$: 4736
Date: Sun, 11 Sep 2022 04:21:47 -0600
Author: Ryan Gilgan
Shift: Night Shift
Operators: Ryan G | Romeo T
Shift Handover Meeting: Blaine H | Travis B
Start of Shift Meeting: 
Plant Status: Steady
Equipment Outage: 
Filter Change: 
Pigging: 
Recycle Pumps: Production
Amine Concentration: 
Roustabout Utilization: 
Berm Water Samples Taken: No
Plant Process Discussion: Yes
Operational Targets: N/A
Overrides or Safeties Bypassed: N/A
Upcoming Activities: N/A
HSE Concerns: N/A
Regulatory Requirements: N/A
Staff Discussion: N/A
Weather & Effects on Operations: No
Permit Extensions/Critical Tasks: N/A
Attachment: 
Encoding: HTML
========================================
<p>Weather: +26 at the start of shift cooling to +8 in the morning</p>

<p>No security issues notice at Braz</p>

<p>Shut off C3 2 speed fan</p>

<p>Sped up K-201 to 850 rpm</p>

<p>Octa finished up and will be back Monday to clean up.</p>

<p>Drained res gas scrubber.</p>

<p>&nbsp;</p>
$@MID@$: 4737
Date: Sun, 11 Sep 2022 16:16:07 -0600
Author: Blaine Harris
Shift: Day Shift
Operators: Blaine H | Travis B
Shift Handover Meeting: Ryan G | Romeo T
Start of Shift Meeting: 
Plant Status: Steady
Equipment Outage: 
Filter Change: 
Pigging: 
Recycle Pumps: Production
Amine Concentration: 
Roustabout Utilization: 
Berm Water Samples Taken: No
Plant Process Discussion: Yes
Operational Targets: N/A
Overrides or Safeties Bypassed: N/A
Upcoming Activities: N/A
HSE Concerns: N/A
Regulatory Requirements: N/A
Staff Discussion: N/A
Weather & Effects on Operations: No
Permit Extensions/Critical Tasks: N/A
Attachment: 
Encoding: HTML
========================================
<p>Weather clear and +26</p>

<p>Started the 2 speed c3 fan on fast</p>

<p>Rob Thirsk hauled in Zeta and Cynthia water. He also emptied out the lube oil tank for the chiller de-oiler.</p>

<p>West Brick called to say they were starting up their well and that 100 e3m3 extra gas was coming this way.</p>

<p>Had to slow down K-204 and K-201 a little because of hot compressor and engine oil temps</p>

<p>Finished the weekend checks</p>

<p>Increased the debute fan speed to 70% from 50</p>

<p>Tightened the packings on the south eg pump.</p>
