$@MID@$: 4761
Date: Fri, 23 Sep 2022 03:39:53 -0600
Author: chris platt
Shift: Night Shift
Operators: Bryan N | Chris P
Shift Handover Meeting: Ryan G | Travis B
Start of Shift Meeting: 
Plant Status: Steady
Equipment Outage: 
Filter Change: 
Pigging: 
Recycle Pumps: Production
Amine Concentration: 
Roustabout Utilization: 
Berm Water Samples Taken: No
Plant Process Discussion: Yes
Operational Targets: N/A
Overrides or Safeties Bypassed: N/A
Upcoming Activities: N/A
HSE Concerns: Yes
Regulatory Requirements: N/A
Staff Discussion: N/A
Weather & Effects on Operations: Yes
Permit Extensions/Critical Tasks: N/A
Attachment: 
Encoding: HTML
========================================
<p>Weather +23 to 4, clear</p>

<p>Shut C3 2 speed fan off</p>

<p>Work on blinds/blind list for Amine skim tank line</p>

<p>Scope out tasks for October 3,4, and 5th</p>

<p>Clean up misted oil on ground/stairs&nbsp;at V-200 west door Event # 28241</p>

<p>Order replacement screen for new amine reboiler y-strainer to match old one&nbsp;</p>

<p>Order various supplies from driven-Oily waste bins, rags, clips for ground cables, metal buckets</p>
$@MID@$: 4762
Date: Fri, 23 Sep 2022 16:29:38 -0600
Author: Ryan Gilgan
Shift: Day Shift
Operators: Ryan G | Travis B
Shift Handover Meeting: Blaine H | Bryan N
Start of Shift Meeting: 
Plant Status: Steady
Equipment Outage: 
Filter Change: 
Pigging: 
Recycle Pumps: Production
Amine Concentration: 
Roustabout Utilization: 
Berm Water Samples Taken: No
Plant Process Discussion: Yes
Operational Targets: N/A
Overrides or Safeties Bypassed: N/A
Upcoming Activities: N/A
HSE Concerns: N/A
Regulatory Requirements: N/A
Staff Discussion: N/A
Weather & Effects on Operations: No
Permit Extensions/Critical Tasks: N/A
Attachment: 
Encoding: HTML
========================================
<p>Weather: +2 in the morning warming to +18 in the afternoon.&nbsp; Overcast</p>

<p>Morning meeting</p>

<p>Started weekend/monthly check.</p>

<p>Started LOTO package for Amine exchanger swap out.</p>

<p>Back flushed amine exchanger.</p>

<p>&nbsp;</p>
