$@MID@$: 4774
Date: Thu, 29 Sep 2022 15:18:53 -0600
Author: Pat Brown
Shift: Day Shift
Operators: Chris P | Pat B
Shift Handover Meeting: Blaine H | Jeff B
Start of Shift Meeting: 
Plant Status: Steady
Equipment Outage: 
Filter Change: 
Pigging: 14-03
Recycle Pumps: Production
Amine Concentration: 42
Roustabout Utilization: 
Berm Water Samples Taken: No
Plant Process Discussion: Yes
Operational Targets: Yes
Overrides or Safeties Bypassed: N/A
Upcoming Activities: Yes
HSE Concerns: Yes
Regulatory Requirements: N/A
Staff Discussion: Yes
Weather & Effects on Operations: No
Permit Extensions/Critical Tasks: N/A
Attachment: 
Encoding: HTML
========================================
<p>Fusion out to calibrate meters in the plant.</p>

<p>Polard out to fix some leaking roofs and gutters.</p>

<p>Had packing rebuilt on the NGL pump.</p>

<p>Wolf Creek pigged today.</p>

<p>Order RO water and had tank filled.increased the make up water from 17 to 25 on the pump .</p>

<p>the amine consentration was at 42%</p>

<p>Small leak and odour in the process building .3003 meter had a nut leaking.</p>

<p>We packed up went into building , we tightened the nut and the leak was contained.</p>

<p>Clayton installed the glycol transfer pump in the compression.</p>

<p>Turned the C3 fan on slow</p>
