$@MID@$: 4831
Date: Fri, 28 Oct 2022 00:47:26 -0600
Author: Blaine Harris
Shift: Night Shift
Operators: Blaine H | Bryan N
Shift Handover Meeting: Pat B | Brad T
Start of Shift Meeting: 
Plant Status: Steady
Equipment Outage: 
Filter Change: 
Pigging: 
Recycle Pumps: Overflow
Amine Concentration: 
Roustabout Utilization: 
Berm Water Samples Taken: No
Plant Process Discussion: Yes
Operational Targets: N/A
Overrides or Safeties Bypassed: N/A
Upcoming Activities: N/A
HSE Concerns: N/A
Regulatory Requirements: N/A
Staff Discussion: N/A
Weather & Effects on Operations: No
Permit Extensions/Critical Tasks: N/A
Attachment: 
Encoding: HTML
========================================
<p>Weather windy +12 turning to light rain for most of the night +2</p>

<p>Tightened the packings on the North EG pump</p>

<p>The Production tank was 3.8 meters in height at 18:00. Confirmed with temp gun</p>

<p>Dumped the de-eth overheads suction scrubber.</p>
$@MID@$: 4832
Date: Fri, 28 Oct 2022 16:04:27 -0600
Author: Pat Brown
Shift: Day Shift
Operators: Pat B | Brad T
Shift Handover Meeting: Blaine H | Bryan N
Start of Shift Meeting: 
Plant Status: Steady
Equipment Outage: 
Filter Change: 
Pigging: 
Recycle Pumps: 
Amine Concentration: 38%
Roustabout Utilization: 
Berm Water Samples Taken: No
Plant Process Discussion: Yes
Operational Targets: Yes
Overrides or Safeties Bypassed: N/A
Upcoming Activities: N/A
HSE Concerns: Yes
Regulatory Requirements: Yes
Staff Discussion: Yes
Weather & Effects on Operations: No
Permit Extensions/Critical Tasks: N/A
Attachment: 
Encoding: HTML
========================================
<p>Weather was calm -3 to 10</p>

<p>Hi shipping tank alarm At 7am&nbsp; opened shipping tank overflow equillized tanks</p>

<p>At 12pm we isolated the tanks and started to recycle from the overflow tank when pembina started to pump</p>

<p>the tanks at 8am was at shipping 4,05m</p>

<p>the tanks at 4 pm was 3.47m</p>

<p>recycle pump is still on the overflow tank</p>

<p>Elite out to line locate&nbsp; the north end of compression so mark can replace the grounding rod</p>

<p>elite also looked for the expasion loop on the acid gas line its to the south west of the acid gas compressor</p>

<p>BV labs out to sample our sales oil and our water</p>

<p>Brad and myself moved some barrels to the c-can</p>
