$@MID@$: 4856
Date: Wed, 09 Nov 2022 03:22:12 -0700
Author: Pat Brown
Shift: Night Shift
Operators: Romeo T | Pat B
Shift Handover Meeting: Kevin N | Travis B
Start of Shift Meeting: 
Plant Status: Steady
Equipment Outage: 
Filter Change: 
Pigging: 
Recycle Pumps: 
Amine Concentration: 
Roustabout Utilization: 
Berm Water Samples Taken: No
Plant Process Discussion: Yes
Operational Targets: Yes
Overrides or Safeties Bypassed: N/A
Upcoming Activities: Yes
HSE Concerns: Yes
Regulatory Requirements: Yes
Staff Discussion: Yes
Weather & Effects on Operations: Yes
Permit Extensions/Critical Tasks: N/A
Attachment: 
Encoding: HTML
========================================
<p>Weather cold -28 to -22</p>

<p>Pembina pipeline has us down at the start of shift, Called them and was told we were down on level</p>

<p>On our DCS it was 4.20 m and they had a level of 3.50 he kicked the pump in for us</p>

<p>A/G comp had a low temp on 3rd stage closed the louver&#39;s</p>

<p>Flare alarm came the inlet coalescer liquid dump was stuck open , backed the tension spring off so it stopped dumping</p>

<p>created a W/O(6062585) for Devin to have a look at the controller</p>

<p>Chain up the skid steer and attached the plow</p>

<p>plow the parking lot and the maintance parking</p>

<p>12-19 riser ESD closed at 3am texted chad asked if it was his and its not.&nbsp; pretty sure its vermilion</p>

<p>Change the louvers(TIC5800) Set point from 28 to 31 its on the&nbsp; 4th stage on the Acid gas</p>

<p>&nbsp;</p>

<p>&nbsp;</p>
$@MID@$: 4857
Date: Wed, 09 Nov 2022 16:24:39 -0700
Author: Kevin Nicol
Shift: Day Shift
Operators: Kevin N
Shift Handover Meeting: Romeo T | Pat B
Start of Shift Meeting: 
Plant Status: Steady
Equipment Outage: 
Filter Change: 
Pigging: 05-21
Recycle Pumps: Production
Amine Concentration: 
Roustabout Utilization: 
Berm Water Samples Taken: No
Plant Process Discussion: Yes
Operational Targets: N/A
Overrides or Safeties Bypassed: N/A
Upcoming Activities: N/A
HSE Concerns: N/A
Regulatory Requirements: N/A
Staff Discussion: N/A
Weather & Effects on Operations: Yes
Permit Extensions/Critical Tasks: N/A
Attachment: 
Encoding: HTML
========================================
<p>added oil to k204 gov.</p>

<p>Darkai out to service valves at the inlet headers, may be back friday</p>

<p>0700 prod tank at 5.0, checked with temp gun</p>

<p>07:45 called Pembina to start pumps</p>

<p>Chad batched the Dominion line, pulled pig and Baker tooka sample</p>

<p>pulled WPNE pig, clean</p>

<p>A team out to repair H2O line, H2O back on but some of the taps seam to be plugged off with black sediment</p>

<p>worked on 14-22 lease entry procedure</p>

<p>shoveled snow</p>

<p>Nathan and Daren worked on H2S detection</p>

<p>put the recycle back to the production tank</p>

<p>&nbsp;</p>
