$@MID@$: 4897
Date: Tue, 29 Nov 2022 00:07:12 -0700
Author: Blaine Harris
Shift: Night Shift
Operators: Blaine H | Jeff B
Shift Handover Meeting: Pat B | Brad T
Start of Shift Meeting: 
Plant Status: Steady
Equipment Outage: 
Filter Change: 
Pigging: 
Recycle Pumps: Production
Amine Concentration: 
Roustabout Utilization: 
Berm Water Samples Taken: No
Plant Process Discussion: Yes
Operational Targets: N/A
Overrides or Safeties Bypassed: N/A
Upcoming Activities: N/A
HSE Concerns: N/A
Regulatory Requirements: N/A
Staff Discussion: N/A
Weather & Effects on Operations: No
Permit Extensions/Critical Tasks: N/A
Attachment: 
Encoding: HTML
========================================
<p>Weather cloudy snow -15</p>

<p>At 19:00 production tank level at 4.105, confirmed with temp gun</p>

<p>Called Pembina control to start their pump. Pumped 14m3 and pump went down on density again.</p>

<p>Equalized the producion and overflow tank.</p>

<p>Added a little glycol from the overhead tank</p>
$@MID@$: 4898
Date: Tue, 29 Nov 2022 16:41:26 -0700
Author: Pat Brown
Shift: Day Shift
Operators: Pat B | Brad T
Shift Handover Meeting: Ryan G | Jeff B
Start of Shift Meeting: 
Plant Status: Steady
Equipment Outage: 
Filter Change: 
Pigging: 14-03
Recycle Pumps: 
Amine Concentration: 
Roustabout Utilization: 
Berm Water Samples Taken: No
Plant Process Discussion: Yes
Operational Targets: Yes
Overrides or Safeties Bypassed: N/A
Upcoming Activities: Yes
HSE Concerns: Yes
Regulatory Requirements: Yes
Staff Discussion: Yes
Weather & Effects on Operations: No
Permit Extensions/Critical Tasks: N/A
Attachment: 
Encoding: HTML
========================================
<p>Weather cold and cloudy -15</p>

<p>Tank levels at 7am 2.47 on the PLC and by the temp gun 2.58</p>

<p>Vemilion trucked out two loads</p>

<p>Westbrick trucked out two loads</p>

<p>Bobdale out to tear down the barrel dock</p>

<p>Pulled obsidions 11-11 well to get plunger to surface</p>

<p>Mark pigged the wolf lake line</p>

<p>Westbrick brought on a well out at the end of the wolf creek brings on a extra 100e3m3</p>

<p>Found a small leak in the annex building by V207</p>

<p>entered a event on maximo 29574</p>

<p>Brad moved some barrels of oil for the up coming service</p>
