$@MID@$: 4864
Date: Sun, 13 Nov 2022 04:41:33 -0700
Author: Kevin Nicol
Shift: Night Shift
Operators: Kevin N | Romeo T
Shift Handover Meeting: Ryan G | Brad T
Start of Shift Meeting: 
Plant Status: Steady
Equipment Outage: 
Filter Change: 
Pigging: 
Recycle Pumps: Production
Amine Concentration: 
Roustabout Utilization: 
Berm Water Samples Taken: No
Plant Process Discussion: Yes
Operational Targets: N/A
Overrides or Safeties Bypassed: N/A
Upcoming Activities: N/A
HSE Concerns: N/A
Regulatory Requirements: N/A
Staff Discussion: N/A
Weather & Effects on Operations: Yes
Permit Extensions/Critical Tasks: N/A
Attachment: 
Encoding: HTML
========================================
<p>drained the amine skim tank</p>

<p>C3 fan to slow</p>

<p>glycol leaak on k204, found tubing loose, tightened up and stopped the leak</p>

<p>added glycol to k204, spilled some glycol out the vent, cleaned up with pads and shoveled contaminated soil</p>
$@MID@$: 4865
Date: Sun, 13 Nov 2022 16:23:49 -0700
Author: Ryan Gilgan
Shift: Day Shift
Operators: Ryan G | Brad T
Shift Handover Meeting: Kevin N | Romeo T
Start of Shift Meeting: 
Plant Status: Steady
Equipment Outage: 
Filter Change: 
Pigging: 
Recycle Pumps: Production
Amine Concentration: 
Roustabout Utilization: 
Berm Water Samples Taken: No
Plant Process Discussion: Yes
Operational Targets: N/A
Overrides or Safeties Bypassed: N/A
Upcoming Activities: N/A
HSE Concerns: N/A
Regulatory Requirements: N/A
Staff Discussion: N/A
Weather & Effects on Operations: No
Permit Extensions/Critical Tasks: N/A
Attachment: 
Encoding: HTML
========================================
<p>Weather: -8 in the morning warming to +2 in the afternoon.</p>

<p>Shut off 2 speed c3 fan, turned on single speed fan.</p>

<p>Finished weekend/ Monthly checks.</p>

<p>Increased Amine circulation rate from 30% to 34% to get the reaction to happen lower in the tower.</p>
