$@MID@$: 4899
Date: Wed, 30 Nov 2022 04:16:09 -0700
Author: Ryan Gilgan
Shift: Night Shift
Operators: Ryan G | Jeff B
Shift Handover Meeting: Pat B | Brad T
Start of Shift Meeting: 
Plant Status: Steady
Equipment Outage: 
Filter Change: 
Pigging: 
Recycle Pumps: Overflow
Amine Concentration: 
Roustabout Utilization: 
Berm Water Samples Taken: No
Plant Process Discussion: Yes
Operational Targets: N/A
Overrides or Safeties Bypassed: N/A
Upcoming Activities: N/A
HSE Concerns: N/A
Regulatory Requirements: N/A
Staff Discussion: N/A
Weather & Effects on Operations: No
Permit Extensions/Critical Tasks: N/A
Attachment: 
Encoding: HTML
========================================
<p>Weather:&nbsp; _15 at the start of shift cooling to -20 in the morning, light snow.</p>

<p>No security issues noticed at Braz North.</p>

<p>Adjusted cooler temp on acid gas compressor from 30 degrees to 35 degrees.</p>

<p>Closed louvers on acid gas compressor</p>

<p>Increased jacket water temp on K-203 from 56 to 65 to keep a more constant temp.&nbsp; (louvers were hunting)</p>

<p>Increased amine flow rate from 44% to 48%.</p>

<p>Dropped the tarps on amine trim cooler.</p>

<p>Slowed down K-204 and K205.&nbsp; comps were starting to recycle.</p>

<p>Shoveled snow.</p>

<p>Called PPL around 11pm to try and pump us down.&nbsp; Shut down on density after 5m3.</p>

<p>Started equalizing tanks at 4:30 this morning. Level was 4.8m in shipping tank</p>

<p>&nbsp;</p>
$@MID@$: 4900
Date: Wed, 30 Nov 2022 16:25:45 -0700
Author: Pat Brown
Shift: Day Shift
Operators: Pat B | Brad T
Shift Handover Meeting: Ryan G | Jeff B
Start of Shift Meeting: 
Plant Status: Steady
Equipment Outage: 
Filter Change: 
Pigging: 
Recycle Pumps: Production
Amine Concentration: 
Roustabout Utilization: 
Berm Water Samples Taken: No
Plant Process Discussion: Yes
Operational Targets: Yes
Overrides or Safeties Bypassed: N/A
Upcoming Activities: Yes
HSE Concerns: Yes
Regulatory Requirements: Yes
Staff Discussion: Yes
Weather & Effects on Operations: Yes
Permit Extensions/Critical Tasks: N/A
Attachment: 
Encoding: HTML
========================================
<p>Weather was cold and snowy -18</p>

<p>Tank level on the PLC 2.39 and the temp gun 2.40</p>

<p>Still cutting light with pembina tried to pump before 7am</p>

<p>recycle pump is on the overflow tank</p>

<p>Moved barrels of oil down to K-206 and K-204 for up coming services</p>

<p>ACR dropped off bins for removal of barrel dock</p>

<p>Safety meeting today</p>

<p>Plowed some snow in the battery and the plant</p>

<p>shovel the sbnow off the walk ways</p>

<p>Disconnect the gas union at the barrel warehouse to confirm zero energy</p>

<p>Nathan disconnect the wire from the fuse box to also confirm zero energy.W.O. number 6063759</p>

<p>Brad printed new log sheets for december&#39;s compression</p>

<p>Asked Pembina to try pumping at 4:30 still pumping at 5 pm&nbsp;</p>

<p>Nathan calibrate the H2S head in the treater building W.O. 6063762</p>
