$@MID@$: 4929
Date: Thu, 15 Dec 2022 04:10:49 -0700
Author: Pat Brown
Shift: Night Shift
Operators: Romeo T | Pat B
Shift Handover Meeting: Ryan G | Travis B
Start of Shift Meeting: 
Plant Status: Steady
Equipment Outage: 
Filter Change: 
Pigging: 
Recycle Pumps: 
Amine Concentration: 39
Roustabout Utilization: 
Berm Water Samples Taken: No
Plant Process Discussion: Yes
Operational Targets: Yes
Overrides or Safeties Bypassed: N/A
Upcoming Activities: N/A
HSE Concerns: Yes
Regulatory Requirements: Yes
Staff Discussion: Yes
Weather & Effects on Operations: No
Permit Extensions/Critical Tasks: N/A
Attachment: 
Encoding: HTML
========================================
<p>Weather was warm -5 clear</p>

<p>tank level was 3.17 and was cofirmed with the temp gun</p>

<p>check amine strength its at 39%</p>

<p>skim the amine carcoal filter pot got about 2l of oil off</p>

<p>Drain the amine flash tank</p>

<p>&nbsp;</p>
$@MID@$: 4930
Date: Thu, 15 Dec 2022 16:04:45 -0700
Author: Travis Beuker
Shift: Day Shift
Operators: Ryan G | Travis B
Shift Handover Meeting: Bryan N | Pat B
Start of Shift Meeting: Daren F | Devin N
Plant Status: Steady
Equipment Outage: 
Filter Change: Amine Bag
Pigging: 14-03
Recycle Pumps: Production
Amine Concentration: 
Roustabout Utilization: 
Berm Water Samples Taken: No
Plant Process Discussion: N/A
Operational Targets: N/A
Overrides or Safeties Bypassed: N/A
Upcoming Activities: N/A
HSE Concerns: N/A
Regulatory Requirements: N/A
Staff Discussion: N/A
Weather & Effects on Operations: No
Permit Extensions/Critical Tasks: N/A
Attachment: 
Encoding: HTML
========================================
<p>Weather: -4 to -6 C</p>

<p>Production tank level at 07:00 on DCS was 3.15 and 3.25 on temp gun</p>

<p>Amine bag filter</p>

<p>Pigged Wolf Creek 14-3</p>

<p>H2S CSOP roll out discussion from 9-12 followed by questions for George from Operations and Maintenance</p>

<p>Morning meetings</p>

<p>Emissions sampeling passed for the hot oil heather and devita will be out tomorrow to remove scaffold</p>

<p>Glycol was ordered for next week Monday or Tuesday</p>
$@MID@$: 4931
Date: Thu, 15 Dec 2022 23:10:59 -0700
Author: Pat Brown
Shift: Night Shift
Operators: Bryan N | Pat B
Shift Handover Meeting: Ryan G | Brad T
Start of Shift Meeting: 
Plant Status: Steady
Equipment Outage: 
Filter Change: 
Pigging: 
Recycle Pumps: Production
Amine Concentration: 
Roustabout Utilization: 
Berm Water Samples Taken: No
Plant Process Discussion: Yes
Operational Targets: N/A
Overrides or Safeties Bypassed: N/A
Upcoming Activities: N/A
HSE Concerns: Yes
Regulatory Requirements: Yes
Staff Discussion: Yes
Weather & Effects on Operations: No
Permit Extensions/Critical Tasks: N/A
Attachment: 
Encoding: HTML
========================================
<p>Weather was clear and cold -10</p>

<p>tank levels at 7pm 3.0 and confirmed with a temp gun</p>

<p>Skim charcoal filter,drained a bit of oil off the top.</p>

<p>Drain the amine Skim tank</p>

<p>K-201 alarmed in with cylinder 3 high , opened the compressor to flare for a min&nbsp;</p>

<p>&nbsp;</p>
