$@MID@$: 4911
Date: Tue, 06 Dec 2022 04:39:37 -0700
Author: Ryan Gilgan
Shift: Night Shift
Operators: Ryan G | Kyle S
Shift Handover Meeting: Romeo T | Travis B
Start of Shift Meeting: 
Plant Status: Steady
Equipment Outage: 
Filter Change: 
Pigging: 
Recycle Pumps: Overflow
Amine Concentration: 
Roustabout Utilization: 
Berm Water Samples Taken: No
Plant Process Discussion: Yes
Operational Targets: N/A
Overrides or Safeties Bypassed: N/A
Upcoming Activities: N/A
HSE Concerns: N/A
Regulatory Requirements: N/A
Staff Discussion: N/A
Weather & Effects on Operations: No
Permit Extensions/Critical Tasks: N/A
Attachment: 
Encoding: HTML
========================================
<p>Weather: -18 at the start odf shift cooling to -28 in the morining</p>

<p>No security issues noted at braz</p>

<p>Checked on De Bute reboiler through out the night.&nbsp; No leaks</p>

<p>Drained De eth overhead scrubber.</p>

<p>&nbsp;</p>

<p>&nbsp;</p>
$@MID@$: 4912
Date: Tue, 06 Dec 2022 16:32:22 -0700
Author: Travis Beuker
Shift: Day Shift
Operators: Romeo T | Travis B
Shift Handover Meeting: Kyle S | Pat B
Start of Shift Meeting: Devin N | Nathan P | Clayton S
Plant Status: 
Equipment Outage: 
Filter Change: 
Pigging: 01-21
Recycle Pumps: Overflow
Amine Concentration: 
Roustabout Utilization: 
Berm Water Samples Taken: No
Plant Process Discussion: N/A
Operational Targets: N/A
Overrides or Safeties Bypassed: N/A
Upcoming Activities: N/A
HSE Concerns: N/A
Regulatory Requirements: N/A
Staff Discussion: N/A
Weather & Effects on Operations: No
Permit Extensions/Critical Tasks: N/A
Attachment: 
Encoding: HTML
========================================
<p>Weather was cold&nbsp;-29 to -33 with mild wind</p>

<p>Tank levels on the PLC at 07:00 was 3.88&nbsp;and with the temp gun 3.7</p>

<p>Bob Dale finished demolitioned old oil barrel warehouse, Flagged and tagged it with a 5 ft perimeter for excavation</p>

<p>Orientated 4 new workers for gravel truck and bins for demolition. Generated waste manifests for every load</p>

<p>Pembina pumped from 11:15 till 3:40 and pembina called and said it went down on low density</p>

<p>Recycling pump is at 150 m3/day from 50M3/day.</p>

<p>Gasket was not leaking on the debutanizer reboiler on the tube and shell gasket</p>

<p>Pigged Wolde Creek and we pulled it. Linned up to receive pig.</p>

<p>Emailed I-net for unit number 14122RN-008, Case #- 202220221206-3691472</p>

<p>Nathan checked LPG heater</p>

<p>Devin and Nathan callibrated LEL detection</p>

<p>Restart window viewer to get PIC-207 reading values</p>

<p>Chirs from Keylink&nbsp;checked Keylink pipeline</p>

<p>ACR hauled out 1 bin</p>

<p>Followed up with Safety First and Keltech on quotes for breathing air equipment and radio repairs/replacement</p>

<p>2-07 ESD rang in closed and is travel. Notified Chad</p>

<p>Swapped out gas cylinder and one is packaged ready for drop off</p>

<p>&nbsp;</p>

<p>&nbsp;</p>

<p>&nbsp;</p>

<p>&nbsp;</p>

<p>&nbsp;</p>

<p>&nbsp;</p>

<p>&nbsp;</p>
