$@MID@$: 4926
Date: Tue, 13 Dec 2022 16:51:52 -0700
Author: Brad Towers
Shift: Day Shift
Operators: Ryan G | Brad T
Shift Handover Meeting: Romeo T | Pat B
Start of Shift Meeting: 
Plant Status: Lost Compressor(s)
Equipment Outage: K-205
Filter Change: 
Pigging: 
Recycle Pumps: Production
Amine Concentration: 
Roustabout Utilization: 
Berm Water Samples Taken: 
Plant Process Discussion: Yes
Operational Targets: N/A
Overrides or Safeties Bypassed: N/A
Upcoming Activities: N/A
HSE Concerns: N/A
Regulatory Requirements: N/A
Staff Discussion: Yes
Weather & Effects on Operations: No
Permit Extensions/Critical Tasks: N/A
Attachment: 
Encoding: HTML
========================================
<p>Weather warmed up to -5 celcius.</p>

<p>DCS issues in the morning, Daren worked on problems.&nbsp;</p>

<p>Shipping tank at 3.1m, verified with temp gun at 9:00am.</p>

<p>Keltech out working on cummunications to Cynthia.</p>

<p>Davita out and drilled hole in hot oil stack for NOX test on thursday.</p>

<p>Jordan with Baker Hughes out and delivered chemicals.&nbsp;</p>

<p>Nelson Bros out and delivered RO water.&nbsp;</p>

<p>Went sour due to trying to testing a way to put load on the hot oil heater.&nbsp; &nbsp;Didn&#39;t work.&nbsp;&nbsp;and had to pull back on K-205.&nbsp;</p>

<p>Alarm rang in for H2S in acid gas well building at 10PPM around 3:45pm. Grease fitting was leaking and Ryan put some grease into fitting under mask and Brad backed up. Maximo event entered. Night shift to monitor issue throughout the night.&nbsp;</p>

<p>Closed intrument air compressor louvers.&nbsp;&nbsp;</p>
