$@MID@$: 1399
Date: Sun, 17 Jan 2021 12:38:17 -0700
Author: Chad Quinn
Surge Tank Temp: 61
Surge Tank Press: 265
Surge Tank Level: 4
Pump Press: 510
Outlet Temp: 80
Stack Temp: 119
Flame Condition: Orange
Shift: Day
Month: Jan
Day: 16
Year: 2021
Attachment: 
Encoding: HTML
========================================

$@MID@$: 1400
Date: Sun, 17 Jan 2021 20:53:09 -0700
Author: Kevin Nicol
Surge Tank Temp: 62
Surge Tank Press: 260
Surge Tank Level: 4
Pump Press: 510
Outlet Temp: 80
Stack Temp: 116
Flame Condition: Blue / Orange
Shift: Night
Month: Jan
Day: 17
Year: 2021
Attachment: 
Encoding: HTML
========================================

