$@MID@$: 1367
Date: Fri, 01 Jan 2021 03:57:33 -0700
Author: Kyle Shute
Surge Tank Temp: 63
Surge Tank Press: 262
Surge Tank Level: 4
Pump Press: 520
Outlet Temp: 80
Stack Temp: 115
Flame Condition: Blue / Orange
Shift: Night
Month: Dec
Day: 31
Year: 2020
Attachment: 
Encoding: HTML
========================================

$@MID@$: 1368
Date: Fri, 01 Jan 2021 14:48:12 -0700
Author: Chad Quinn
Surge Tank Temp: 62
Surge Tank Press: 265
Surge Tank Level: 4
Pump Press: 510
Outlet Temp: 80
Stack Temp: 118
Flame Condition: Orange
Shift: Day
Month: Jan
Day: 1
Year: 2021
Attachment: 
Encoding: HTML
========================================

