$@MID@$: 1378
Date: Thu, 07 Jan 2021 04:53:49 -0700
Author: Tye Mastre
Surge Tank Temp: 63
Surge Tank Press: 260
Surge Tank Level: 4
Pump Press: 510
Outlet Temp: 80
Stack Temp: 116
Flame Condition: Orange
Shift: Night
Month: Jan
Day: 6
Year: 2021
Attachment: 
Encoding: HTML
========================================

$@MID@$: 1379
Date: Thu, 07 Jan 2021 15:01:23 -0700
Author: Kyle Shute
Surge Tank Temp: 62
Surge Tank Press: 263
Surge Tank Level: 4
Pump Press: 520
Outlet Temp: 80
Stack Temp: 120
Flame Condition: Orange
Shift: Day
Month: Jan
Day: 7
Year: 2021
Attachment: 
Encoding: HTML
========================================

