$@MID@$: 1376
Date: Wed, 06 Jan 2021 04:46:11 -0700
Author: Tye Mastre
Surge Tank Temp: 64
Surge Tank Press: 260
Surge Tank Level: 4
Pump Press: 505
Outlet Temp: 80
Stack Temp: 115
Flame Condition: Blue / Orange
Shift: Night
Month: Jan
Day: 5
Year: 2021
Attachment: 
Encoding: HTML
========================================

$@MID@$: 1377
Date: Wed, 06 Jan 2021 11:18:56 -0700
Author: Chad Quinn
Surge Tank Temp: 62
Surge Tank Press: 265
Surge Tank Level: 4
Pump Press: 510
Outlet Temp: 80
Stack Temp: 117
Flame Condition: Orange
Shift: Day
Month: Jan
Day: 6
Year: 2021
Attachment: 
Encoding: HTML
========================================

