$@MID@$: 1410
Date: Sat, 23 Jan 2021 01:18:26 -0700
Author: Jordan Wilson
Surge Tank Temp: 62
Surge Tank Press: 268
Surge Tank Level: 4
Pump Press: 515
Outlet Temp: 80
Stack Temp: 121
Flame Condition: Orange
Shift: Night
Month: Jan
Day: 22
Year: 2021
Attachment: 
Encoding: HTML
========================================

$@MID@$: 1411
Date: Sat, 23 Jan 2021 14:00:52 -0700
Author: Kyle Shute
Surge Tank Temp: 61
Surge Tank Press: 265
Surge Tank Level: 4
Pump Press: 525
Outlet Temp: 80
Stack Temp: 121
Flame Condition: Orange
Shift: Day
Month: Jan
Day: 23
Year: 2021
Attachment: 
Encoding: HTML
========================================

