$@MID@$: 1431
Date: Thu, 04 Feb 2021 04:40:14 -0700
Author: Tye Mastre
Surge Tank Temp: 61
Surge Tank Press: 263
Surge Tank Level: 4
Pump Press: 515
Outlet Temp: 80
Stack Temp: 126
Flame Condition: Orange
Shift: Night
Month: Feb
Day: 3
Year: 2021
Attachment: 
Encoding: HTML
========================================

$@MID@$: 1432
Date: Thu, 04 Feb 2021 17:06:21 -0700
Author: Kyle Shute
Surge Tank Temp: 61
Surge Tank Press: 261
Surge Tank Level: 4
Pump Press: 510
Outlet Temp: 79
Stack Temp: 122
Flame Condition: Orange
Shift: Day
Month: Feb
Day: 4
Year: 2021
Attachment: 
Encoding: HTML
========================================

