$@MID@$: 1449
Date: Sat, 13 Feb 2021 16:22:26 -0700
Author: Ryan Gilgan
Surge Tank Temp: 58
Surge Tank Press: 261
Surge Tank Level: 4
Pump Press: 515
Outlet Temp: 80
Stack Temp: 138
Flame Condition: Orange
Shift: Day
Month: Feb
Day: 13
Year: 2021
Attachment: 
Encoding: HTML
========================================

$@MID@$: 1450
Date: Sat, 13 Feb 2021 20:18:40 -0700
Author: Kevin Nicol
Surge Tank Temp: 60
Surge Tank Press: 270
Surge Tank Level: 4
Pump Press: 515
Outlet Temp: 80
Stack Temp: 133
Flame Condition: Orange
Shift: Night
Month: Feb
Day: 13
Year: 2021
Attachment: 
Encoding: HTML
========================================

