$@MID@$: 1435
Date: Sat, 06 Feb 2021 01:38:38 -0700
Author: Tye Mastre
Surge Tank Temp: 58
Surge Tank Press: 267
Surge Tank Level: 4
Pump Press: 520
Outlet Temp: 80
Stack Temp: 127
Flame Condition: Orange
Shift: Night
Month: Feb
Day: 5
Year: 2021
Attachment: 
Encoding: HTML
========================================

$@MID@$: 1436
Date: Sat, 06 Feb 2021 14:45:20 -0700
Author: Jordan Wilson
Surge Tank Temp: 59
Surge Tank Press: 269
Surge Tank Level: 4
Pump Press: 520
Outlet Temp: 80
Stack Temp: 132
Flame Condition: Orange
Shift: Day
Month: Feb
Day: 6
Year: 2021
Attachment: 
Encoding: HTML
========================================

