$@MID@$: 1509
Date: Thu, 18 Mar 2021 02:08:41 -0600
Author: Jordan Wilson
Surge Tank Temp: 65
Surge Tank Press: 256
Surge Tank Level: 4
Pump Press: 505
Outlet Temp: 80
Stack Temp: 111
Flame Condition: Blue / Orange
Shift: Night
Month: Mar
Day: 17
Year: 2021
Attachment: 
Encoding: HTML
========================================

$@MID@$: 1510
Date: Thu, 18 Mar 2021 08:06:09 -0600
Author: Tye Mastre
Surge Tank Temp: 64
Surge Tank Press: 259
Surge Tank Level: 4
Pump Press: 510
Outlet Temp: 80
Stack Temp: 113
Flame Condition: Blue / Orange
Shift: Day
Month: Mar
Day: 18
Year: 2021
Attachment: 
Encoding: HTML
========================================

