$@MID@$: 1526
Date: Mon, 29 Mar 2021 04:00:21 -0600
Author: Ryan Gilgan
Surge Tank Temp: 60
Surge Tank Press: 259
Surge Tank Level: 4
Pump Press: 510
Outlet Temp: 80
Stack Temp: 114
Flame Condition: Orange
Shift: Night
Month: Mar
Day: 28
Year: 2021
Attachment: 
Encoding: HTML
========================================

$@MID@$: 1527
Date: Mon, 29 Mar 2021 10:44:59 -0600
Author: Kent Fuson
Surge Tank Temp: 57
Surge Tank Press: 261
Surge Tank Level: 4
Pump Press: 515
Outlet Temp: 80
Stack Temp: 126
Flame Condition: Blue / Orange
Shift: Day
Month: Mar
Day: 29
Year: 2021
Attachment: 
Encoding: HTML
========================================

