$@MID@$: 1502
Date: Sun, 14 Mar 2021 16:50:14 -0600
Author: Ryan Gilgan
Surge Tank Temp: 64
Surge Tank Press: 264
Surge Tank Level: 4
Pump Press: 505
Outlet Temp: 80
Stack Temp: 110
Flame Condition: Orange
Shift: Day
Month: Mar
Day: 14
Year: 2021
Attachment: 
Encoding: HTML
========================================

$@MID@$: 1503
Date: Sun, 14 Mar 2021 22:50:26 -0600
Author: Kevin Nicol
Surge Tank Temp: 65
Surge Tank Press: 255
Surge Tank Level: 4
Pump Press: 500
Outlet Temp: 80
Stack Temp: 110
Flame Condition: Blue / Orange
Shift: Night
Month: Mar
Day: 14
Year: 2021
Attachment: 
Encoding: HTML
========================================

