$@MID@$: 1477
Date: Mon, 01 Mar 2021 05:00:08 -0700
Author: Ryan Gilgan
Surge Tank Temp: 63
Surge Tank Press: 256
Surge Tank Level: 4
Pump Press: 520
Outlet Temp: 80
Stack Temp: 120
Flame Condition: Orange
Shift: Night
Month: Feb
Day: 28
Year: 2021
Attachment: 
Encoding: HTML
========================================

$@MID@$: 1478
Date: Mon, 01 Mar 2021 10:30:33 -0700
Author: Chad Quinn
Surge Tank Temp: 61
Surge Tank Press: 260
Surge Tank Level: 4
Pump Press: 510
Outlet Temp: 80
Stack Temp: 119
Flame Condition: Orange
Shift: Day
Month: Mar
Day: 1
Year: 2021
Attachment: 
Encoding: HTML
========================================

