$@MID@$: 1574
Date: Fri, 23 Apr 2021 04:53:20 -0600
Author: Ryan Gilgan
Surge Tank Temp: 62
Surge Tank Press: 259
Surge Tank Level: 4
Pump Press: 510
Outlet Temp: 80
Stack Temp: 118
Flame Condition: Orange
Shift: Night
Month: Apr
Day: 22
Year: 2021
Attachment: 
Encoding: HTML
========================================

$@MID@$: 1575
Date: Fri, 23 Apr 2021 20:19:18 -0600
Author: Ryan Gilgan
Surge Tank Temp: 63
Surge Tank Press: 257
Surge Tank Level: 4
Pump Press: 510
Outlet Temp: 80
Stack Temp: 113
Flame Condition: Orange
Shift: Night
Month: Apr
Day: 23
Year: 2021
Attachment: 
Encoding: HTML
========================================

