$@MID@$: 1554
Date: Mon, 12 Apr 2021 12:01:15 -0600
Author: Kent Fuson
Surge Tank Temp: 64
Surge Tank Press: 259
Surge Tank Level: 4
Pump Press: 510
Outlet Temp: 80
Stack Temp: 116
Flame Condition: Blue / Orange
Shift: Day
Month: Apr
Day: 12
Year: 2021
Attachment: 
Encoding: HTML
========================================

$@MID@$: 1555
Date: Mon, 12 Apr 2021 20:03:23 -0600
Author: Kevin Nicol
Surge Tank Temp: 64
Surge Tank Press: 255
Surge Tank Level: 4
Pump Press: 505
Outlet Temp: 80
Stack Temp: 112
Flame Condition: Blue / Orange
Shift: Night
Month: Apr
Day: 12
Year: 2021
Attachment: 
Encoding: HTML
========================================

