$@MID@$: 1602
Date: Sat, 08 May 2021 16:41:25 -0600
Author: Kyle Shute
Surge Tank Temp: 48
Surge Tank Press: 260
Surge Tank Level: 3.5
Pump Press: 530
Outlet Temp: 70
Stack Temp: 104
Flame Condition: Blue / Orange
Shift: Day
Month: May
Day: 8
Year: 2021
Attachment: 
Encoding: HTML
========================================

$@MID@$: 1603
Date: Sat, 08 May 2021 21:12:47 -0600
Author: Kevin Nicol
Surge Tank Temp: 51
Surge Tank Press: 260
Surge Tank Level: 4
Pump Press: 510
Outlet Temp: 70
Stack Temp: 99
Flame Condition: Blue / Orange
Shift: Night
Month: May
Day: 8
Year: 2021
Attachment: 
Encoding: HTML
========================================

