$@MID@$: 1608
Date: Tue, 11 May 2021 11:33:34 -0600
Author: Kyle Shute
Surge Tank Temp: 52
Surge Tank Press: 258
Surge Tank Level: 3.5
Pump Press: 520
Outlet Temp: 70
Stack Temp: 97
Flame Condition: Blue / Orange
Shift: Day
Month: May
Day: 11
Year: 2021
Attachment: 
Encoding: HTML
========================================

$@MID@$: 1609
Date: Tue, 11 May 2021 23:02:24 -0600
Author: Blaine Harris
Surge Tank Temp: 54
Surge Tank Press: 250
Surge Tank Level: 4
Pump Press: 505
Outlet Temp: 70
Stack Temp: 96
Flame Condition: Orange
Shift: Night
Month: May
Day: 11
Year: 2021
Attachment: 
Encoding: HTML
========================================

