$@MID@$: 1598
Date: Thu, 06 May 2021 15:32:36 -0600
Author: Kyle Shute
Surge Tank Temp: 54
Surge Tank Press: 258
Surge Tank Level: 3.5
Pump Press: 510
Outlet Temp: 70
Stack Temp: 95
Flame Condition: Blue / Orange
Shift: Day
Month: May
Day: 6
Year: 2021
Attachment: 
Encoding: HTML
========================================

$@MID@$: 1599
Date: Thu, 06 May 2021 19:15:20 -0600
Author: Kevin Nicol
Surge Tank Temp: 55
Surge Tank Press: 245
Surge Tank Level: 4
Pump Press: 500
Outlet Temp: 70
Stack Temp: 94
Flame Condition: Blue / Orange
Shift: Night
Month: May
Day: 6
Year: 2021
Attachment: 
Encoding: HTML
========================================

