$@MID@$: 1630
Date: Sun, 23 May 2021 01:13:46 -0600
Author: Ryan Gilgan
Surge Tank Temp: 53
Surge Tank Press: 256
Surge Tank Level: 3.5
Outlet Temp: 70
Stack Temp: 97
Pump Press: 510
Flame Condition: Orange
Shift: Night
Month: May
Day: 22
Year: 2021
Attachment: 
Encoding: HTML
========================================

$@MID@$: 1631
Date: Sun, 23 May 2021 16:41:32 -0600
Author: Chad Quinn
Surge Tank Temp: 53
Surge Tank Press: 260
Surge Tank Level: 3.5
Outlet Temp: 70
Stack Temp: 107
Pump Press: 510
Flame Condition: Blue / Orange
Shift: Day
Month: May
Day: 22
Year: 2021
Attachment: 
Encoding: HTML
========================================

$@MID@$: 1632
Date: Sun, 23 May 2021 16:42:57 -0600
Author: Chad Quinn
Surge Tank Temp: 53
Surge Tank Press: 265
Surge Tank Level: 3.5
Outlet Temp: 70
Stack Temp: 114
Pump Press: 510
Flame Condition: Blue / Orange
Shift: Day
Month: May
Day: 23
Year: 2021
Attachment: 
Encoding: HTML
========================================

