$@MID@$: 1596
Date: Wed, 05 May 2021 11:45:17 -0600
Author: Kyle Shute
Surge Tank Temp: 53
Surge Tank Press: 259
Surge Tank Level: 3.5
Pump Press: 520
Outlet Temp: 70
Stack Temp: 97
Flame Condition: Blue / Orange
Shift: Day
Month: May
Day: 5
Year: 2021
Attachment: 
Encoding: HTML
========================================

$@MID@$: 1597
Date: Wed, 05 May 2021 19:54:25 -0600
Author: Kevin Nicol
Surge Tank Temp: 58
Surge Tank Press: 245
Surge Tank Level: 4
Pump Press: 505
Outlet Temp: 70
Stack Temp: 94
Flame Condition: Blue / Orange
Shift: Night
Month: May
Day: 5
Year: 2021
Attachment: 
Encoding: HTML
========================================

