$@MID@$: 1633
Date: Mon, 24 May 2021 04:35:38 -0600
Author: Ryan Gilgan
Surge Tank Temp: 56
Surge Tank Press: 256
Surge Tank Level: 3.5
Outlet Temp: 70
Stack Temp: 92
Pump Press: 510
Flame Condition: Orange
Shift: Night
Month: May
Day: 23
Year: 2021
Attachment: 
Encoding: HTML
========================================

$@MID@$: 1634
Date: Mon, 24 May 2021 16:39:16 -0600
Author: Chad Quinn
Surge Tank Temp: 53
Surge Tank Press: 256
Surge Tank Level: 3.5
Outlet Temp: 70
Stack Temp: 96
Pump Press: 510
Flame Condition: Blue / Orange
Shift: Day
Month: May
Day: 24
Year: 2021
Attachment: 
Encoding: HTML
========================================

$@MID@$: 1635
Date: Mon, 24 May 2021 16:40:28 -0600
Author: Chad Quinn
Surge Tank Temp: 53
Surge Tank Press: 256
Surge Tank Level: 3.5
Outlet Temp: 70
Stack Temp: 96
Pump Press: 510
Flame Condition: Blue / Orange
Shift: Day
Month: May
Day: 24
Year: 2021
Attachment: 
Encoding: HTML
========================================

