$@MID@$: 1683
Date: Fri, 15 Oct 2021 04:45:54 -0600
Author: Tye Mastre
Surge Tank Temp: 52
Surge Tank Press: 250
Surge Tank Level: 4
Outlet Temp: 70
Stack Temp: 95
Pump Press: 495
Flame Condition: Blue / Orange
Shift: Night
Month: Oct
Day: 14
Year: 2021
Attachment: 
Encoding: HTML
========================================

$@MID@$: 1684
Date: Fri, 15 Oct 2021 16:39:34 -0600
Author: Blaine Harris
Surge Tank Temp: 52
Surge Tank Press: 251
Surge Tank Level: 4
Outlet Temp: 70
Stack Temp: 96
Pump Press: 500
Flame Condition: Blue / Orange
Shift: Day
Month: Oct
Day: 15
Year: 2021
Attachment: 
Encoding: HTML
========================================

