$@MID@$: 1704
Date: Tue, 26 Oct 2021 10:05:37 -0600
Author: Leo Nedelec
Surge Tank Temp: 52
Surge Tank Press: 255
Surge Tank Level: 3.5
Outlet Temp: 70
Stack Temp: 97
Pump Press: 505
Flame Condition: Blue / Orange
Shift: Day
Month: Oct
Day: 25
Year: 2021
Attachment: 
Encoding: HTML
========================================

$@MID@$: 1705
Date: Tue, 26 Oct 2021 23:29:18 -0600
Author: Blaine Harris
Surge Tank Temp: 53
Surge Tank Press: 255
Surge Tank Level: 3.5
Outlet Temp: 70
Stack Temp: 94
Pump Press: 500
Flame Condition: Blue / Orange
Shift: Night
Month: Oct
Day: 26
Year: 2021
Attachment: 
Encoding: HTML
========================================

