$@MID@$: 1677
Date: Tue, 12 Oct 2021 01:39:10 -0600
Author: Ryan Gilgan
Surge Tank Temp: 51
Surge Tank Press: 251
Surge Tank Level: 4
Outlet Temp: 70
Stack Temp: 93
Pump Press: 500
Flame Condition: Orange
Shift: Night
Month: Oct
Day: 11
Year: 2021
Attachment: 
Encoding: HTML
========================================

$@MID@$: 1678
Date: Tue, 12 Oct 2021 16:51:49 -0600
Author: Chad Quinn
Surge Tank Temp: 52
Surge Tank Press: 255
Surge Tank Level: 4
Outlet Temp: 70
Stack Temp: 97
Pump Press: 500
Flame Condition: Blue / Orange
Shift: Day
Month: Oct
Day: 12
Year: 2021
Attachment: 
Encoding: HTML
========================================

