$@MID@$: 1772
Date: Mon, 29 Nov 2021 09:40:01 -0700
Author: Jordan Wilson
Surge Tank Temp: 62
Surge Tank Press: 251
Surge Tank Level: 4
Outlet Temp: 80
Stack Temp: 118
Pump Press: 500
Flame Condition: Blue / Orange
Shift: Day
Month: Nov
Day: 29
Year: 2021
Attachment: 
Encoding: HTML
========================================

$@MID@$: 1773
Date: Mon, 29 Nov 2021 22:25:51 -0700
Author: Blaine Harris
Surge Tank Temp: 62
Surge Tank Press: 250
Surge Tank Level: 4
Outlet Temp: 80
Stack Temp: 111
Pump Press: 495
Flame Condition: Blue / Orange
Shift: Night
Month: Nov
Day: 29
Year: 2021
Attachment: 
Encoding: HTML
========================================

