$@MID@$: 1825
Date: Sun, 26 Dec 2021 10:32:30 -0700
Author: Pat Brown
Surge Tank Temp: 58
Surge Tank Press: 256
Surge Tank Level: 4
Outlet Temp: 80
Stack Temp: 137
Pump Press: 500
Flame Condition: Blue / Orange
Shift: Day
Month: Dec
Day: 26
Year: 2021
Attachment: 
Encoding: HTML
========================================

$@MID@$: 1826
Date: Sun, 26 Dec 2021 23:40:55 -0700
Author: Blaine Harris
Surge Tank Temp: 57
Surge Tank Press: 270
Surge Tank Level: 4
Outlet Temp: 80
Stack Temp: 136
Pump Press: 490
Flame Condition: Orange
Shift: Night
Month: Dec
Day: 26
Year: 2021
Attachment: 
Encoding: HTML
========================================

