$@MID@$: 4536
Date: Mon, 22 Jan 2024 16:53:08 -0700
Author: Brad Towers
Pressure: 234
Temperature: 71
Front Water Lvl: 1
Back Water Lvl: 0
Flame Condition: Blue / Orange
Shift: Day
Month: Jan
Day: 22
Year: 2024
Attachment: 
Encoding: HTML
========================================

$@MID@$: 4537
Date: Mon, 22 Jan 2024 22:11:21 -0700
Author: Blaine Harris
Pressure: 234
Temperature: 67
Front Water Lvl: 1
Back Water Lvl: 0
Flame Condition: Blue / Orange
Shift: Night
Month: Jan
Day: 22
Year: 2024
Attachment: 
Encoding: HTML
========================================

