$@MID@$: 4528
Date: Thu, 18 Jan 2024 13:15:50 -0700
Author: Brad Towers
Pressure: 238
Temperature: 69
Front Water Lvl: 0.5
Back Water Lvl: 0
Flame Condition: Blue / Orange
Shift: Day
Month: Jan
Day: 18
Year: 2024
Attachment: 
Encoding: HTML
========================================

$@MID@$: 4529
Date: Thu, 18 Jan 2024 21:47:23 -0700
Author: Blaine Harris
Pressure: 252
Temperature: 67
Front Water Lvl: 1
Back Water Lvl: 0
Flame Condition: Blue / Orange
Shift: Night
Month: Jan
Day: 18
Year: 2024
Attachment: 
Encoding: HTML
========================================

