$@MID@$: 4640
Date: Thu, 14 Mar 2024 10:13:11 -0600
Author: Brad Towers
Pressure: 243
Temperature: 70
Front Water Lvl: 2
Back Water Lvl: 0
Flame Condition: Blue / Orange
Shift: Day
Month: Mar
Day: 14
Year: 2024
Attachment: 
Encoding: HTML
========================================

$@MID@$: 4641
Date: Thu, 14 Mar 2024 22:07:22 -0600
Author: Blaine Harris
Pressure: 240
Temperature: 68
Front Water Lvl: 2
Back Water Lvl: 0
Flame Condition: Blue / Orange
Shift: Night
Month: Mar
Day: 14
Year: 2024
Attachment: 
Encoding: HTML
========================================

