$@MID@$: 4686
Date: Sat, 06 Apr 2024 09:44:00 -0600
Author: Ryan Gilgan
Pressure: 248
Temperature: 70
Front Water Lvl: 1.5
Back Water Lvl: 0
Flame Condition: Blue / Orange
Shift: Day
Month: Apr
Day: 6
Year: 2024
Attachment: 
Encoding: HTML
========================================

$@MID@$: 4687
Date: Sat, 06 Apr 2024 19:40:03 -0600
Author: Kevin Nicol
Pressure: 245
Temperature: 71
Front Water Lvl: 1.5
Back Water Lvl: 0
Flame Condition: Blue / Orange
Shift: Night
Month: Apr
Day: 6
Year: 2024
Attachment: 
Encoding: HTML
========================================

