$@MID@$: 4722
Date: Wed, 24 Apr 2024 13:31:20 -0600
Author: Blaine Harris
Pressure: 240
Temperature: 67
Front Water Lvl: 1.5
Back Water Lvl: 0
Flame Condition: Blue / Orange
Shift: Day
Month: Apr
Day: 24
Year: 2024
Attachment: 
Encoding: HTML
========================================

$@MID@$: 4723
Date: Wed, 24 Apr 2024 23:33:51 -0600
Author: Pat Brown
Pressure: 252
Temperature: 70
Front Water Lvl: 0
Back Water Lvl: 1
Flame Condition: Blue / Orange
Shift: Night
Month: Apr
Day: 24
Year: 2024
Attachment: 
Encoding: HTML
========================================

