$@MID@$: 4696
Date: Thu, 11 Apr 2024 14:27:25 -0600
Author: Pat Brown
Pressure: 254
Temperature: 71
Front Water Lvl: 0
Back Water Lvl: 3
Flame Condition: Blue / Orange
Shift: Day
Month: Apr
Day: 11
Year: 2024
Attachment: 
Encoding: HTML
========================================

$@MID@$: 4697
Date: Thu, 11 Apr 2024 20:21:28 -0600
Author: Blaine Harris
Pressure: 249
Temperature: 67
Front Water Lvl: 2.5
Back Water Lvl: 0
Flame Condition: Blue / Orange
Shift: Night
Month: Apr
Day: 11
Year: 2024
Attachment: 
Encoding: HTML
========================================

