$@MID@$: 4796
Date: Fri, 31 May 2024 17:42:29 -0600
Author: Ryan Gilgan
Pressure: 256
Temperature: 71
Front Water Lvl: 2
Back Water Lvl: 1
Flame Condition: Blue / Orange
Shift: Day
Month: May
Day: 31
Year: 2024
Attachment: 
Encoding: HTML
========================================

$@MID@$: 4797
Date: Fri, 31 May 2024 21:10:01 -0600
Author: Kevin Nicol
Pressure: 260
Temperature: 71
Front Water Lvl: 2
Back Water Lvl: 1
Flame Condition: Blue / Orange
Shift: Night
Month: May
Day: 31
Year: 2024
Attachment: 
Encoding: HTML
========================================

