$@MID@$: 4745
Date: Mon, 06 May 2024 10:51:35 -0600
Author: Ryan Gilgan
Pressure: 269
Temperature: 71
Front Water Lvl: 1
Back Water Lvl: 0
Flame Condition: Blue / Orange
Shift: Day
Month: May
Day: 6
Year: 2024
Attachment: 
Encoding: HTML
========================================

$@MID@$: 4746
Date: Mon, 06 May 2024 19:16:53 -0600
Author: Kevin Nicol
Pressure: 244
Temperature: 70
Front Water Lvl: 1
Back Water Lvl: 0
Flame Condition: Blue / Orange
Shift: Night
Month: May
Day: 6
Year: 2024
Attachment: 
Encoding: HTML
========================================

