$@MID@$: 4754
Date: Sat, 11 May 2024 00:12:55 -0600
Author: Blaine Harris
Pressure: 231
Temperature: 68
Front Water Lvl: 2
Back Water Lvl: 0
Flame Condition: Blue / Orange
Shift: Night
Month: May
Day: 10
Year: 2024
Attachment: 
Encoding: HTML
========================================

$@MID@$: 4755
Date: Sat, 11 May 2024 16:29:21 -0600
Author: Pat Brown
Pressure: 248
Temperature: 70
Front Water Lvl: 0
Back Water Lvl: 1
Flame Condition: Blue / Orange
Shift: Day
Month: May
Day: 11
Year: 2024
Attachment: 
Encoding: HTML
========================================

