$@MID@$: 4838
Date: Sat, 22 Jun 2024 16:53:24 -0600
Author: Blaine Harris
Pressure: 263
Temperature: 67
Front Water Lvl: 1
Back Water Lvl: 2
Flame Condition: Blue / Orange
Shift: Day
Month: Jun
Day: 22
Year: 2024
Attachment: 
Encoding: HTML
========================================

$@MID@$: 4839
Date: Sat, 22 Jun 2024 22:09:13 -0600
Author: Pat Brown
Pressure: 234
Temperature: 68
Front Water Lvl: 1
Back Water Lvl: 1.5
Flame Condition: Blue / Orange
Shift: Night
Month: Jun
Day: 22
Year: 2024
Attachment: 
Encoding: HTML
========================================

