$@MID@$: 4840
Date: Sun, 23 Jun 2024 16:06:49 -0600
Author: Blaine Harris
Pressure: 249
Temperature: 67
Front Water Lvl: 1
Back Water Lvl: 2
Flame Condition: Blue / Orange
Shift: Day
Month: Jun
Day: 23
Year: 2024
Attachment: 
Encoding: HTML
========================================

$@MID@$: 4841
Date: Sun, 23 Jun 2024 22:37:27 -0600
Author: Pat Brown
Pressure: 238
Temperature: 66
Front Water Lvl: 1
Back Water Lvl: 1.5
Flame Condition: Blue / Orange
Shift: Night
Month: Jun
Day: 23
Year: 2024
Attachment: 
Encoding: HTML
========================================

