$@MID@$: 283
Date: Fri, 05 Jan 2018 05:12:15 -0700
Author: Dayton Mohr
Flow: 239
Inlet Temp: 200
Outlet Temp: 218
Pump Press: 660
Surge Tank Press: 350
Surge Tank Level: 2
Fuel Gas Press: 920
Stack Temp: 241
Flame Condition: Blue
Shift: Night
Month: Jan
Day: 4
Year: 2018
Attachment: 
Encoding: HTML
========================================

$@MID@$: 284
Date: Fri, 05 Jan 2018 07:31:57 -0700
Author: Kevin Nicol
Flow: 238
Inlet Temp: 199
Outlet Temp: 218
Pump Press: 660
Surge Tank Press: 350
Surge Tank Level: 2
Fuel Gas Press: 940
Stack Temp: 242
Flame Condition: Blue
Shift: Day
Month: Jan
Day: 5
Year: 2018
Attachment: 
Encoding: HTML
========================================

