$@MID@$: 295
Date: Thu, 11 Jan 2018 01:06:35 -0700
Author: Dayton Mohr
Flow: 239
Inlet Temp: 198
Outlet Temp: 218
Pump Press: 680
Surge Tank Press: 350
Surge Tank Level: 2
Fuel Gas Press: 940
Stack Temp: 244
Flame Condition: Blue
Shift: Night
Month: Jan
Day: 10
Year: 2018
Attachment: 
Encoding: HTML
========================================

$@MID@$: 296
Date: Thu, 11 Jan 2018 16:05:27 -0700
Author: Blaine Harris
Flow: 242
Inlet Temp: 198
Outlet Temp: 217
Pump Press: 680
Surge Tank Press: 350
Surge Tank Level: 2
Fuel Gas Press: 940
Stack Temp: 244
Flame Condition: Blue
Shift: Day
Month: Jan
Day: 11
Year: 2018
Attachment: 
Encoding: HTML
========================================

$@MID@$: 297
Date: Thu, 11 Jan 2018 21:44:58 -0700
Author: Ryan Bangle
Flow: 239
Inlet Temp: 198
Outlet Temp: 217
Pump Press: 680
Surge Tank Press: 350
Surge Tank Level: 2
Fuel Gas Press: 930
Stack Temp: 244
Flame Condition: Blue
Shift: Night
Month: Jan
Day: 11
Year: 2018
Attachment: 
Encoding: HTML
========================================

