$@MID@$: 334
Date: Tue, 30 Jan 2018 17:07:47 -0700
Author: Justin Ewing
Flow: 207
Inlet Temp: 203
Outlet Temp: 222
Pump Press: 660
Surge Tank Press: 350
Surge Tank Level: 2
Fuel Gas Press: 920
Stack Temp: 245
Flame Condition: Blue
Shift: Day
Month: Jan
Day: 30
Year: 2018
Attachment: 
Encoding: HTML
========================================

$@MID@$: 335
Date: Tue, 30 Jan 2018 22:23:47 -0700
Author: Kevin Nicol
Flow: 238
Inlet Temp: 205
Outlet Temp: 222
Pump Press: 660
Surge Tank Press: 350
Surge Tank Level: 2
Fuel Gas Press: 940
Stack Temp: 245
Flame Condition: Blue
Shift: Night
Month: Jan
Day: 30
Year: 2018
Attachment: 
Encoding: HTML
========================================

