$@MID@$: 378
Date: Thu, 22 Feb 2018 05:11:44 -0700
Author: Ryan Bangle
Flow: 239
Inlet Temp: 198
Outlet Temp: 217
Pump Press: 660
Surge Tank Press: 350
Surge Tank Level: 2
Fuel Gas Press: 930
Stack Temp: 244
Flame Condition: Blue
Shift: Night
Month: Feb
Day: 21
Year: 2018
Attachment: 
Encoding: HTML
========================================

$@MID@$: 379
Date: Thu, 22 Feb 2018 16:54:11 -0700
Author: Justin Ewing
Flow: 241
Inlet Temp: 198
Outlet Temp: 218
Pump Press: 660
Surge Tank Press: 350
Surge Tank Level: 2
Fuel Gas Press: 910
Stack Temp: 244
Flame Condition: Blue
Shift: Day
Month: Feb
Day: 22
Year: 2018
Attachment: 
Encoding: HTML
========================================

