$@MID@$: 452
Date: Sat, 31 Mar 2018 09:07:19 -0600
Author: Kevin Nicol
Flow: 238
Inlet Temp: 197
Outlet Temp: 218
Pump Press: 680
Surge Tank Press: 350
Surge Tank Level: 2
Fuel Gas Press: 920
Stack Temp: 246
Flame Condition: Blue
Shift: Day
Month: Mar
Day: 31
Year: 2018
Attachment: 
Encoding: HTML
========================================

$@MID@$: 453
Date: Sat, 31 Mar 2018 19:43:32 -0600
Author: Nigel Renschler
Flow: 238
Inlet Temp: 198
Outlet Temp: 219
Pump Press: 660
Surge Tank Press: 350
Surge Tank Level: 2
Fuel Gas Press: 920
Stack Temp: 245
Flame Condition: Blue
Shift: Night
Month: Mar
Day: 31
Year: 2018
Attachment: 
Encoding: HTML
========================================

