$@MID@$: 483
Date: Mon, 16 Apr 2018 02:08:31 -0600
Author: Tye Mastre
Flow: 239
Inlet Temp: 198
Outlet Temp: 219
Pump Press: 660
Surge Tank Press: 350
Surge Tank Level: 2
Fuel Gas Press: 920
Stack Temp: 244
Flame Condition: Blue
Shift: Night
Month: Apr
Day: 15
Year: 2018
Attachment: 
Encoding: HTML
========================================

$@MID@$: 484
Date: Mon, 16 Apr 2018 07:14:38 -0600
Author: Nigel Renschler
Flow: 237
Inlet Temp: 198
Outlet Temp: 218
Pump Press: 660
Surge Tank Press: 350
Surge Tank Level: 2
Fuel Gas Press: 920
Stack Temp: 243
Flame Condition: Blue
Shift: Day
Month: Apr
Day: 16
Year: 2018
Attachment: 
Encoding: HTML
========================================

$@MID@$: 485
Date: Mon, 16 Apr 2018 21:18:17 -0600
Author: Tye Mastre
Flow: 239
Inlet Temp: 198
Outlet Temp: 218
Pump Press: 660
Surge Tank Press: 350
Surge Tank Level: 2
Fuel Gas Press: 920
Stack Temp: 243
Flame Condition: Blue
Shift: Night
Month: Apr
Day: 16
Year: 2018
Attachment: 
Encoding: HTML
========================================

