$@MID@$: 477
Date: Fri, 13 Apr 2018 02:16:46 -0600
Author: Tye Mastre
Flow: 239
Inlet Temp: 198
Outlet Temp: 218
Pump Press: 660
Surge Tank Press: 350
Surge Tank Level: 2
Fuel Gas Press: 920
Stack Temp: 243
Flame Condition: Blue
Shift: Night
Month: Apr
Day: 12
Year: 2018
Attachment: 
Encoding: HTML
========================================

$@MID@$: 478
Date: Fri, 13 Apr 2018 07:49:58 -0600
Author: Nigel Renschler
Flow: 239
Inlet Temp: 199
Outlet Temp: 219
Pump Press: 660
Surge Tank Press: 350
Surge Tank Level: 2
Fuel Gas Press: 920
Stack Temp: 243
Flame Condition: Blue
Shift: Day
Month: Apr
Day: 13
Year: 2018
Attachment: 
Encoding: HTML
========================================

