$@MID@$: 465
Date: Sat, 07 Apr 2018 01:17:21 -0600
Author: Ryan Bangle
Flow: 236
Inlet Temp: 197
Outlet Temp: 217
Pump Press: 660
Surge Tank Press: 350
Surge Tank Level: 2
Fuel Gas Press: 920
Stack Temp: 243
Flame Condition: Blue
Shift: Night
Month: Apr
Day: 6
Year: 2018
Attachment: 
Encoding: HTML
========================================

$@MID@$: 466
Date: Sat, 07 Apr 2018 16:56:00 -0600
Author: Blaine Harris
Flow: 235
Inlet Temp: 198
Outlet Temp: 218
Pump Press: 680
Surge Tank Press: 350
Surge Tank Level: 2
Fuel Gas Press: 920
Stack Temp: 242
Flame Condition: Blue
Shift: Day
Month: Apr
Day: 7
Year: 2018
Attachment: 
Encoding: HTML
========================================

