$@MID@$: 474
Date: Wed, 11 Apr 2018 08:56:11 -0600
Author: Nigel Renschler
Flow: 240
Inlet Temp: 198
Outlet Temp: 218
Pump Press: 670
Surge Tank Press: 350
Surge Tank Level: 2
Fuel Gas Press: 920
Stack Temp: 243
Flame Condition: Blue
Shift: Day
Month: Apr
Day: 11
Year: 2018
Attachment: 
Encoding: HTML
========================================

$@MID@$: 475
Date: Wed, 11 Apr 2018 22:27:07 -0600
Author: Tye Mastre
Flow: 237
Inlet Temp: 198
Outlet Temp: 219
Pump Press: 660
Surge Tank Press: 350
Surge Tank Level: 2
Fuel Gas Press: 910
Stack Temp: 243
Flame Condition: Blue
Shift: Night
Month: Apr
Day: 11
Year: 2018
Attachment: 
Encoding: HTML
========================================

