$@MID@$: 520
Date: Fri, 04 May 2018 08:53:53 -0600
Author: Gary Wright
Flow: 238
Inlet Temp: 197
Outlet Temp: 218
Pump Press: 660
Surge Tank Press: 350
Surge Tank Level: 2
Fuel Gas Press: 910
Stack Temp: 248
Flame Condition: Blue
Shift: Day
Month: May
Day: 4
Year: 2018
Attachment: 
Encoding: HTML
========================================

$@MID@$: 521
Date: Fri, 04 May 2018 23:26:38 -0600
Author: Blaine Harris
Flow: 239
Inlet Temp: 197
Outlet Temp: 218
Pump Press: 660
Surge Tank Press: 350
Surge Tank Level: 2
Fuel Gas Press: 910
Stack Temp: 248
Flame Condition: Blue
Shift: Night
Month: May
Day: 4
Year: 2018
Attachment: 
Encoding: HTML
========================================

