$@MID@$: 536
Date: Sat, 12 May 2018 10:15:13 -0600
Author: Kevin Nicol
Flow: 239
Inlet Temp: 197
Outlet Temp: 218
Pump Press: 660
Surge Tank Press: 350
Surge Tank Level: 2
Fuel Gas Press: 920
Stack Temp: 249
Flame Condition: Blue
Shift: Day
Month: May
Day: 12
Year: 2018
Attachment: 
Encoding: HTML
========================================

$@MID@$: 537
Date: Sat, 12 May 2018 20:41:50 -0600
Author: Nigel Renschler
Flow: 237
Inlet Temp: 198
Outlet Temp: 219
Pump Press: 660
Surge Tank Press: 350
Surge Tank Level: 2
Fuel Gas Press: 920
Stack Temp: 234
Flame Condition: Blue / Orange
Shift: Night
Month: May
Day: 12
Year: 2018
Attachment: 
Encoding: HTML
========================================

