$@MID@$: 589
Date: Fri, 08 Jun 2018 16:55:40 -0600
Author: Ryan Gilgan
Flow: 233
Inlet Temp: 198
Outlet Temp: 218
Pump Press: 670
Surge Tank Press: 345
Surge Tank Level: 2
Fuel Gas Press: 940
Stack Temp: 241
Flame Condition: Blue
Shift: Day
Month: Jun
Day: 8
Year: 2018
Attachment: 
Encoding: HTML
========================================

$@MID@$: 590
Date: Fri, 08 Jun 2018 19:51:55 -0600
Author: Kevin Nicol
Flow: 227
Inlet Temp: 204
Outlet Temp: 217
Pump Press: 660
Surge Tank Press: 345
Surge Tank Level: 2
Fuel Gas Press: 940
Stack Temp: 228
Flame Condition: Blue
Shift: Night
Month: Jun
Day: 8
Year: 2018
Attachment: 
Encoding: HTML
========================================

