$@MID@$: 624
Date: Wed, 27 Jun 2018 05:07:23 -0600
Author: Ryan Bangle
Flow: 229
Inlet Temp: 200
Outlet Temp: 218
Pump Press: 660
Surge Tank Press: 340
Surge Tank Level: 7
Fuel Gas Press: 940
Stack Temp: 238
Flame Condition: Blue
Shift: Night
Month: Jun
Day: 26
Year: 2018
Attachment: 
Encoding: HTML
========================================

$@MID@$: 625
Date: Wed, 27 Jun 2018 15:49:43 -0600
Author: Blaine Harris
Flow: 234
Inlet Temp: 198
Outlet Temp: 218
Pump Press: 660
Surge Tank Press: 340
Surge Tank Level: 7
Fuel Gas Press: 940
Stack Temp: 243
Flame Condition: Blue
Shift: Day
Month: Jun
Day: 27
Year: 2018
Attachment: 
Encoding: HTML
========================================

