$@MID@$: 645
Date: Sat, 07 Jul 2018 01:54:22 -0600
Author: Ryan Gilgan
Flow: 230
Inlet Temp: 201
Outlet Temp: 218
Pump Press: 670
Surge Tank Press: 340
Surge Tank Level: 7
Fuel Gas Press: 960
Stack Temp: 235
Flame Condition: Blue
Shift: Night
Month: Jul
Day: 6
Year: 2018
Attachment: 
Encoding: HTML
========================================

$@MID@$: 646
Date: Sat, 07 Jul 2018 10:43:03 -0600
Author: Kyle Shute
Flow: 233
Inlet Temp: 199
Outlet Temp: 218
Pump Press: 660
Surge Tank Press: 340
Surge Tank Level: 7
Fuel Gas Press: 950
Stack Temp: 243
Flame Condition: Blue
Shift: Day
Month: Jul
Day: 7
Year: 2018
Attachment: 
Encoding: HTML
========================================

