$@MID@$: 681
Date: Wed, 25 Jul 2018 05:17:20 -0600
Author: Tye Mastre
Flow: 239
Inlet Temp: 199
Outlet Temp: 218
Pump Press: 660
Surge Tank Press: 350
Surge Tank Level: 6
Fuel Gas Press: 940
Stack Temp: 241
Flame Condition: Blue
Shift: Night
Month: Jul
Day: 24
Year: 2018
Attachment: 
Encoding: HTML
========================================

$@MID@$: 682
Date: Wed, 25 Jul 2018 07:17:45 -0600
Author: Gary Wright
Flow: 240
Inlet Temp: 199
Outlet Temp: 217
Pump Press: 670
Surge Tank Press: 350
Surge Tank Level: 5
Fuel Gas Press: 950
Stack Temp: 242
Flame Condition: Blue
Shift: Day
Month: Jul
Day: 25
Year: 2018
Attachment: 
Encoding: HTML
========================================

