$@MID@$: 675
Date: Sun, 22 Jul 2018 05:02:14 -0600
Author: Tye Mastre
Flow: 239
Inlet Temp: 199
Outlet Temp: 218
Pump Press: 660
Surge Tank Press: 340
Surge Tank Level: 6
Fuel Gas Press: 945
Stack Temp: 241
Flame Condition: Blue
Shift: Night
Month: Jul
Day: 21
Year: 2018
Attachment: 
Encoding: HTML
========================================

$@MID@$: 676
Date: Sun, 22 Jul 2018 10:23:12 -0600
Author: Kyle Shute
Flow: 237
Inlet Temp: 199
Outlet Temp: 218
Pump Press: 660
Surge Tank Press: 340
Surge Tank Level: 6
Fuel Gas Press: 940
Stack Temp: 240
Flame Condition: Blue
Shift: Day
Month: Jul
Day: 22
Year: 2018
Attachment: 
Encoding: HTML
========================================

