$@MID@$: 709
Date: Wed, 08 Aug 2018 01:08:22 -0600
Author: Ryan Bangle
Flow: 239
Inlet Temp: 198
Outlet Temp: 218
Pump Press: 700
Surge Tank Press: 350
Surge Tank Level: 3
Fuel Gas Press: 950
Stack Temp: 238
Flame Condition: Blue
Shift: Night
Month: Aug
Day: 7
Year: 2018
Attachment: 
Encoding: HTML
========================================

$@MID@$: 710
Date: Wed, 08 Aug 2018 14:51:51 -0600
Author: Blaine Harris
Flow: 237
Inlet Temp: 199
Outlet Temp: 216
Pump Press: 700
Surge Tank Press: 345
Surge Tank Level: 4
Fuel Gas Press: 950
Stack Temp: 241
Flame Condition: Blue
Shift: Day
Month: Aug
Day: 8
Year: 2018
Attachment: 
Encoding: HTML
========================================

