$@MID@$: 715
Date: Sat, 11 Aug 2018 05:10:32 -0600
Author: Ryan Bangle
Flow: 239
Inlet Temp: 206
Outlet Temp: 218
Pump Press: 690
Surge Tank Press: 345
Surge Tank Level: 4
Fuel Gas Press: 960
Stack Temp: 218
Flame Condition: Blue
Shift: Night
Month: Aug
Day: 10
Year: 2018
Attachment: 
Encoding: HTML
========================================

$@MID@$: 716
Date: Sat, 11 Aug 2018 10:35:29 -0600
Author: Kyle Shute
Flow: 239
Inlet Temp: 203
Outlet Temp: 218
Pump Press: 700
Surge Tank Press: 340
Surge Tank Level: 4
Fuel Gas Press: 970
Stack Temp: 223
Flame Condition: Blue
Shift: Day
Month: Aug
Day: 11
Year: 2018
Attachment: 
Encoding: HTML
========================================

