$@MID@$: 786
Date: Sun, 16 Sep 2018 05:12:49 -0600
Author: Dayton Mohr
Flow: 239
Inlet Temp: 198
Outlet Temp: 218
Pump Press: 660
Surge Tank Press: 350
Surge Tank Level: 3
Fuel Gas Press: 940
Stack Temp: 243
Flame Condition: Blue
Shift: Night
Month: Sep
Day: 15
Year: 2018
Attachment: 
Encoding: HTML
========================================

$@MID@$: 787
Date: Sun, 16 Sep 2018 17:10:56 -0600
Author: Ryan Bangle
Flow: 241
Inlet Temp: 187
Outlet Temp: 218
Pump Press: 670
Surge Tank Press: 350
Surge Tank Level: 3
Fuel Gas Press: 950
Stack Temp: 246
Flame Condition: Blue
Shift: Day
Month: Sep
Day: 16
Year: 2018
Attachment: 
Encoding: HTML
========================================

