$@MID@$: 766
Date: Thu, 06 Sep 2018 00:31:11 -0600
Author: Blaine Harris
Flow: 239
Inlet Temp: 199
Outlet Temp: 217
Pump Press: 710
Surge Tank Press: 340
Surge Tank Level: 3
Fuel Gas Press: 960
Stack Temp: 242
Flame Condition: Blue
Shift: Night
Month: Sep
Day: 5
Year: 2018
Attachment: 
Encoding: HTML
========================================

$@MID@$: 767
Date: Thu, 06 Sep 2018 07:25:40 -0600
Author: Gary Wright
Flow: 238
Inlet Temp: 199
Outlet Temp: 220
Pump Press: 700
Surge Tank Press: 340
Surge Tank Level: 3
Fuel Gas Press: 960
Stack Temp: 242
Flame Condition: Blue
Shift: Day
Month: Sep
Day: 6
Year: 2018
Attachment: 
Encoding: HTML
========================================

