$@MID@$: 836
Date: Thu, 11 Oct 2018 10:04:11 -0600
Author: Kyle Shute
Flow: 240
Inlet Temp: 205
Outlet Temp: 223
Pump Press: 710
Surge Tank Press: 350
Surge Tank Level: 3
Fuel Gas Press: 940
Stack Temp: 245
Flame Condition: Blue
Shift: Day
Month: Oct
Day: 11
Year: 2018
Attachment: 
Encoding: HTML
========================================

$@MID@$: 837
Date: Thu, 11 Oct 2018 21:49:23 -0600
Author: Kevin Nicol
Flow: 239
Inlet Temp: 204
Outlet Temp: 223
Pump Press: 720
Surge Tank Press: 350
Surge Tank Level: 3
Fuel Gas Press: 940
Stack Temp: 246
Flame Condition: Blue
Shift: Night
Month: Oct
Day: 11
Year: 2018
Attachment: 
Encoding: HTML
========================================

