$@MID@$: 823
Date: Fri, 05 Oct 2018 00:03:29 -0600
Author: Gary Wright
Flow: 238
Inlet Temp: 202
Outlet Temp: 222
Pump Press: 720
Surge Tank Press: 350
Surge Tank Level: 3
Fuel Gas Press: 960
Stack Temp: 247
Flame Condition: Blue
Shift: Night
Month: Oct
Day: 4
Year: 2018
Attachment: 
Encoding: HTML
========================================

$@MID@$: 824
Date: Fri, 05 Oct 2018 17:03:43 -0600
Author: Ryan Bangle
Flow: 238
Inlet Temp: 203
Outlet Temp: 223
Pump Press: 700
Surge Tank Press: 350
Surge Tank Level: 3
Fuel Gas Press: 950
Stack Temp: 247
Flame Condition: Blue
Shift: Day
Month: Oct
Day: 5
Year: 2018
Attachment: 
Encoding: HTML
========================================

$@MID@$: 825
Date: Fri, 05 Oct 2018 23:12:11 -0600
Author: Gary Wright
Flow: 241
Inlet Temp: 204
Outlet Temp: 224
Pump Press: 720
Surge Tank Press: 350
Surge Tank Level: 3
Fuel Gas Press: 940
Stack Temp: 246
Flame Condition: Blue
Shift: Night
Month: Oct
Day: 5
Year: 2018
Attachment: 
Encoding: HTML
========================================

