$@MID@$: 838
Date: Fri, 12 Oct 2018 16:55:53 -0600
Author: Tye Mastre
Flow: 240
Inlet Temp: 204
Outlet Temp: 223
Pump Press: 710
Surge Tank Press: 352
Surge Tank Level: 3
Fuel Gas Press: 930
Stack Temp: 244
Flame Condition: Blue
Shift: Day
Month: Oct
Day: 12
Year: 2018
Attachment: 
Encoding: HTML
========================================

$@MID@$: 839
Date: Fri, 12 Oct 2018 20:38:58 -0600
Author: Kevin Nicol
Flow: 240
Inlet Temp: 204
Outlet Temp: 223
Pump Press: 710
Surge Tank Press: 350
Surge Tank Level: 3
Fuel Gas Press: 940
Stack Temp: 241
Flame Condition: Blue
Shift: Night
Month: Oct
Day: 12
Year: 2018
Attachment: 
Encoding: HTML
========================================

