$@MID@$: 875
Date: Thu, 01 Nov 2018 01:03:58 -0600
Author: Ryan Bangle
Flow: 240
Inlet Temp: 202
Outlet Temp: 221
Pump Press: 710
Surge Tank Press: 350
Surge Tank Level: 3
Fuel Gas Press: 940
Stack Temp: 246
Flame Condition: Blue
Shift: Night
Month: Oct
Day: 31
Year: 2018
Attachment: 
Encoding: HTML
========================================

$@MID@$: 876
Date: Thu, 01 Nov 2018 14:52:03 -0600
Author: Romeo Tobias
Flow: 242
Inlet Temp: 205
Outlet Temp: 222
Pump Press: 720
Surge Tank Press: 350
Surge Tank Level: 4
Fuel Gas Press: 930
Stack Temp: 246
Flame Condition: Blue
Shift: Day
Month: Nov
Day: 1
Year: 2018
Attachment: 
Encoding: HTML
========================================

