$@MID@$: 897
Date: Mon, 12 Nov 2018 01:19:10 -0700
Author: Ryan Gilgan
Flow: 237
Inlet Temp: 203
Outlet Temp: 223
Pump Press: 720
Surge Tank Press: 345
Surge Tank Level: 3
Fuel Gas Press: 960
Stack Temp: 246
Flame Condition: Blue
Shift: Night
Month: Nov
Day: 11
Year: 2018
Attachment: 
Encoding: HTML
========================================

$@MID@$: 898
Date: Mon, 12 Nov 2018 15:18:27 -0700
Author: Dayton Mohr
Flow: 240
Inlet Temp: 204
Outlet Temp: 223
Pump Press: 720
Surge Tank Press: 350
Surge Tank Level: 3
Fuel Gas Press: 940
Stack Temp: 248
Flame Condition: Blue
Shift: Day
Month: Nov
Day: 12
Year: 2018
Attachment: 
Encoding: HTML
========================================

