$@MID@$: 887
Date: Wed, 07 Nov 2018 05:04:52 -0700
Author: Ryan Gilgan
Flow: 239
Inlet Temp: 204
Outlet Temp: 222
Pump Press: 700
Surge Tank Press: 350
Surge Tank Level: 4
Fuel Gas Press: 950
Stack Temp: 246
Flame Condition: Blue
Shift: Night
Month: Nov
Day: 6
Year: 2018
Attachment: 
Encoding: HTML
========================================

$@MID@$: 888
Date: Wed, 07 Nov 2018 09:51:30 -0700
Author: Kyle Shute
Flow: 242
Inlet Temp: 203
Outlet Temp: 223
Pump Press: 720
Surge Tank Press: 350
Surge Tank Level: 3
Fuel Gas Press: 940
Stack Temp: 248
Flame Condition: Blue
Shift: Day
Month: Nov
Day: 7
Year: 2018
Attachment: 
Encoding: HTML
========================================

