$@MID@$: 908
Date: Sat, 17 Nov 2018 13:44:19 -0700
Author: Romeo Tobias
Flow: 238
Inlet Temp: 202
Outlet Temp: 223
Pump Press: 730
Surge Tank Press: 350
Surge Tank Level: 4
Fuel Gas Press: 930
Stack Temp: 248
Flame Condition: Blue
Shift: Day
Month: Nov
Day: 17
Year: 2018
Attachment: 
Encoding: HTML
========================================

$@MID@$: 909
Date: Sat, 17 Nov 2018 23:36:55 -0700
Author: Gary Wright
Flow: 242
Inlet Temp: 202
Outlet Temp: 223
Pump Press: 720
Surge Tank Press: 350
Surge Tank Level: 3
Fuel Gas Press: 940
Stack Temp: 251
Flame Condition: Blue
Shift: Night
Month: Nov
Day: 17
Year: 2018
Attachment: 
Encoding: HTML
========================================

