$@MID@$: 925
Date: Mon, 26 Nov 2018 05:05:26 -0700
Author: Tye Mastre
Flow: 238
Inlet Temp: 203
Outlet Temp: 222
Pump Press: 720
Surge Tank Press: 350
Surge Tank Level: 4
Fuel Gas Press: 940
Stack Temp: 251
Flame Condition: Blue
Shift: Night
Month: Nov
Day: 25
Year: 2018
Attachment: 
Encoding: HTML
========================================

$@MID@$: 926
Date: Mon, 26 Nov 2018 09:16:08 -0700
Author: Kyle Shute
Flow: 239
Inlet Temp: 201
Outlet Temp: 224
Pump Press: 720
Surge Tank Press: 350
Surge Tank Level: 4
Fuel Gas Press: 940
Stack Temp: 250
Flame Condition: Blue
Shift: Day
Month: Nov
Day: 26
Year: 2018
Attachment: 
Encoding: HTML
========================================

$@MID@$: 927
Date: Mon, 26 Nov 2018 23:14:16 -0700
Author: Tye Mastre
Flow: 241
Inlet Temp: 203
Outlet Temp: 223
Pump Press: 720
Surge Tank Press: 350
Surge Tank Level: 4
Fuel Gas Press: 935
Stack Temp: 248
Flame Condition: Blue
Shift: Night
Month: Nov
Day: 26
Year: 2018
Attachment: 
Encoding: HTML
========================================

