$@MID@$: 963
Date: Sun, 16 Dec 2018 00:58:04 -0700
Author: Ryan Bangle
Flow: 238
Inlet Temp: 200
Outlet Temp: 223
Pump Press: 720
Surge Tank Press: 350
Surge Tank Level: 3
Fuel Gas Press: 830
Stack Temp: 251
Flame Condition: Blue
Shift: Night
Month: Dec
Day: 15
Year: 2018
Attachment: 
Encoding: HTML
========================================

$@MID@$: 964
Date: Sun, 16 Dec 2018 14:01:04 -0700
Author: Blaine Harris
Flow: 241
Inlet Temp: 203
Outlet Temp: 223
Pump Press: 720
Surge Tank Press: 350
Surge Tank Level: 3
Fuel Gas Press: 830
Stack Temp: 251
Flame Condition: Blue
Shift: Day
Month: Dec
Day: 16
Year: 2018
Attachment: 
Encoding: HTML
========================================

