$@MID@$: 936
Date: Mon, 03 Dec 2018 01:17:31 -0700
Author: Blaine Harris
Flow: 239
Inlet Temp: 203
Outlet Temp: 223
Pump Press: 720
Surge Tank Press: 350
Surge Tank Level: 2
Fuel Gas Press: 820
Stack Temp: 250
Flame Condition: Blue
Shift: Night
Month: Dec
Day: 3
Year: 2018
Attachment: 
Encoding: HTML
========================================

$@MID@$: 937
Date: Mon, 03 Dec 2018 06:34:41 -0700
Author: Gary Wright
Flow: 239
Inlet Temp: 200
Outlet Temp: 223
Pump Press: 720
Surge Tank Press: 350
Surge Tank Level: 3
Fuel Gas Press: 800
Stack Temp: 250
Flame Condition: Blue
Shift: Day
Month: Dec
Day: 2
Year: 2018
Attachment: 
Encoding: HTML
========================================

$@MID@$: 938
Date: Mon, 03 Dec 2018 07:47:35 -0700
Author: Gary Wright
Flow: 241
Inlet Temp: 203
Outlet Temp: 224
Pump Press: 720
Surge Tank Press: 350
Surge Tank Level: 3
Fuel Gas Press: 830
Stack Temp: 248
Flame Condition: Blue
Shift: Day
Month: Dec
Day: 3
Year: 2018
Attachment: 
Encoding: HTML
========================================

$@MID@$: 939
Date: Mon, 03 Dec 2018 23:34:26 -0700
Author: Blaine Harris
Flow: 238
Inlet Temp: 203
Outlet Temp: 222
Pump Press: 720
Surge Tank Press: 350
Surge Tank Level: 3
Fuel Gas Press: 830
Stack Temp: 250
Flame Condition: Blue
Shift: Night
Month: Dec
Day: 3
Year: 2018
Attachment: 
Encoding: HTML
========================================

