$@MID@$: 961
Date: Sat, 15 Dec 2018 05:12:16 -0700
Author: Ryan Bangle
Flow: 240
Inlet Temp: 201
Outlet Temp: 222
Pump Press: 720
Surge Tank Press: 350
Surge Tank Level: 3
Fuel Gas Press: 830
Stack Temp: 252
Flame Condition: Blue
Shift: Night
Month: Dec
Day: 14
Year: 2018
Attachment: 
Encoding: HTML
========================================

$@MID@$: 962
Date: Sat, 15 Dec 2018 15:07:02 -0700
Author: Blaine Harris
Flow: 239
Inlet Temp: 201
Outlet Temp: 223
Pump Press: 720
Surge Tank Press: 350
Surge Tank Level: 3
Fuel Gas Press: 840
Stack Temp: 246
Flame Condition: Blue
Shift: Day
Month: Dec
Day: 15
Year: 2018
Attachment: 
Encoding: HTML
========================================

