$@MID@$: 957
Date: Thu, 13 Dec 2018 05:08:49 -0700
Author: Ryan Bangle
Flow: 240
Inlet Temp: 201
Outlet Temp: 223
Pump Press: 710
Surge Tank Press: 350
Surge Tank Level: 3
Fuel Gas Press: 820
Stack Temp: 252
Flame Condition: Blue
Shift: Night
Month: Dec
Day: 12
Year: 2018
Attachment: 
Encoding: HTML
========================================

$@MID@$: 958
Date: Thu, 13 Dec 2018 11:27:32 -0700
Author: Blaine Harris
Flow: 238
Inlet Temp: 201
Outlet Temp: 223
Pump Press: 720
Surge Tank Press: 350
Surge Tank Level: 3
Fuel Gas Press: 810
Stack Temp: 252
Flame Condition: Blue
Shift: Day
Month: Dec
Day: 13
Year: 2018
Attachment: 
Encoding: HTML
========================================

