$@MID@$: 205
Date: Thu, 25 Jan 2018 09:35:03 -0700
Author: Tye Mastre
Surge Tank Temp: 80
Surge Tank Press: 262
Surge Tank Level: 13
Pump Press: 525
Outlet Temp: 77
Stack Temp: 125
Flame Condition: Orange
Shift: Day
Month: Jan
Day: 25
Year: 2018
Attachment: 
Encoding: HTML
========================================

$@MID@$: 206
Date: Thu, 25 Jan 2018 20:41:21 -0700
Author: Gary Wright
Surge Tank Temp: 79
Surge Tank Press: 270
Surge Tank Level: 13
Pump Press: 525
Outlet Temp: 77
Stack Temp: 120
Flame Condition: Orange
Shift: Night
Month: Jan
Day: 25
Year: 2018
Attachment: 
Encoding: HTML
========================================

