$@MID@$: 198
Date: Mon, 22 Jan 2018 05:16:16 -0700
Author: Ryan Gilgan
Surge Tank Temp: 81
Surge Tank Press: 260
Surge Tank Level: 13
Pump Press: 525
Outlet Temp: 75
Stack Temp: 125
Flame Condition: Orange
Shift: Day
Month: Jan
Day: 21
Year: 2018
Attachment: 
Encoding: HTML
========================================

$@MID@$: 199
Date: Mon, 22 Jan 2018 09:05:34 -0700
Author: Nigel Renschler
Surge Tank Temp: 81
Surge Tank Press: 269
Surge Tank Level: 13
Pump Press: 520
Outlet Temp: 77
Stack Temp: 121
Flame Condition: Orange
Shift: Day
Month: Jan
Day: 22
Year: 2018
Attachment: 
Encoding: HTML
========================================

