$@MID@$: 251
Date: Sat, 17 Feb 2018 16:11:56 -0700
Author: Tye Mastre
Surge Tank Temp: 80
Surge Tank Press: 260
Surge Tank Level: 13
Pump Press: 520
Outlet Temp: 75
Stack Temp: 131
Flame Condition: Orange
Shift: Day
Month: Feb
Day: 17
Year: 2018
Attachment: 
Encoding: HTML
========================================

$@MID@$: 252
Date: Sat, 17 Feb 2018 20:25:21 -0700
Author: Nigel Renschler
Surge Tank Temp: 78
Surge Tank Press: 254
Surge Tank Level: 13
Pump Press: 515
Outlet Temp: 76
Stack Temp: 130
Flame Condition: Orange
Shift: Night
Month: Feb
Day: 17
Year: 2018
Attachment: 
Encoding: HTML
========================================

