$@MID@$: 316
Date: Thu, 22 Mar 2018 07:09:15 -0600
Author: Jayson Ness
Surge Tank Temp: 80
Surge Tank Press: 257
Surge Tank Level: 13
Pump Press: 510
Outlet Temp: 78
Stack Temp: 120
Flame Condition: Orange
Shift: Day
Month: Mar
Day: 22
Year: 2018
Attachment: 
Encoding: HTML
========================================

$@MID@$: 317
Date: Thu, 22 Mar 2018 23:59:11 -0600
Author: Blaine Harris
Surge Tank Temp: 80
Surge Tank Press: 265
Surge Tank Level: 13
Pump Press: 515
Outlet Temp: 77
Stack Temp: 118
Flame Condition: Orange
Shift: Night
Month: Mar
Day: 22
Year: 2018
Attachment: 
Encoding: HTML
========================================

