$@MID@$: 289
Date: Thu, 08 Mar 2018 09:56:51 -0700
Author: Jayson Ness
Surge Tank Temp: 80
Surge Tank Press: 255
Surge Tank Level: 13
Pump Press: 500
Outlet Temp: 75
Stack Temp: 130
Flame Condition: Orange
Shift: Day
Month: Mar
Day: 8
Year: 2018
Attachment: 
Encoding: HTML
========================================

$@MID@$: 290
Date: Thu, 08 Mar 2018 21:12:12 -0700
Author: Gary Wright
Surge Tank Temp: 80
Surge Tank Press: 260
Surge Tank Level: 13
Pump Press: 515
Outlet Temp: 77
Stack Temp: 122
Flame Condition: Orange
Shift: Night
Month: Mar
Day: 8
Year: 2018
Attachment: 
Encoding: HTML
========================================

