$@MID@$: 287
Date: Wed, 07 Mar 2018 12:01:52 -0700
Author: Jayson Ness
Surge Tank Temp: 79
Surge Tank Press: 258
Surge Tank Level: 13
Pump Press: 505
Outlet Temp: 76
Stack Temp: 125
Flame Condition: Orange
Shift: Day
Month: Mar
Day: 7
Year: 2018
Attachment: 
Encoding: HTML
========================================

$@MID@$: 288
Date: Wed, 07 Mar 2018 19:59:27 -0700
Author: Gary Wright
Surge Tank Temp: 81
Surge Tank Press: 265
Surge Tank Level: 13
Pump Press: 520
Outlet Temp: 78
Stack Temp: 120
Flame Condition: Orange
Shift: Night
Month: Mar
Day: 7
Year: 2018
Attachment: 
Encoding: HTML
========================================

