$@MID@$: 306
Date: Sat, 17 Mar 2018 17:10:59 -0600
Author: Ryan Gilgan
Surge Tank Temp: 80
Surge Tank Press: 265
Surge Tank Level: 2
Pump Press: 520
Outlet Temp: 77
Stack Temp: 125
Flame Condition: Orange
Shift: Day
Month: Mar
Day: 17
Year: 2018
Attachment: 
Encoding: HTML
========================================

$@MID@$: 307
Date: Sat, 17 Mar 2018 19:55:07 -0600
Author: Kevin Nicol
Surge Tank Temp: 80
Surge Tank Press: 260
Surge Tank Level: 13
Pump Press: 515
Outlet Temp: 78
Stack Temp: 118
Flame Condition: Orange
Shift: Night
Month: Mar
Day: 17
Year: 2018
Attachment: 
Encoding: HTML
========================================

