$@MID@$: 313
Date: Wed, 21 Mar 2018 01:23:13 -0600
Author: Blaine Harris
Surge Tank Temp: 81
Surge Tank Press: 260
Surge Tank Level: 14
Pump Press: 510
Outlet Temp: 78
Stack Temp: 116
Flame Condition: Orange
Shift: Night
Month: Mar
Day: 20
Year: 2018
Attachment: 
Encoding: HTML
========================================

$@MID@$: 314
Date: Wed, 21 Mar 2018 10:39:31 -0600
Author: Jayson Ness
Surge Tank Temp: 80
Surge Tank Press: 263
Surge Tank Level: 13
Pump Press: 510
Outlet Temp: 77
Stack Temp: 110
Flame Condition: Orange
Shift: Day
Month: Mar
Day: 21
Year: 2018
Attachment: 
Encoding: HTML
========================================

$@MID@$: 315
Date: Wed, 21 Mar 2018 22:15:17 -0600
Author: Blaine Harris
Surge Tank Temp: 80
Surge Tank Press: 260
Surge Tank Level: 13
Pump Press: 515
Outlet Temp: 77
Stack Temp: 122
Flame Condition: Orange
Shift: Night
Month: Mar
Day: 21
Year: 2018
Attachment: 
Encoding: HTML
========================================

