$@MID@$: 358
Date: Fri, 13 Apr 2018 02:16:13 -0600
Author: Tye Mastre
Surge Tank Temp: 81
Surge Tank Press: 250
Surge Tank Level: 13
Pump Press: 500
Outlet Temp: 78
Stack Temp: 130
Flame Condition: Orange
Shift: Night
Month: Apr
Day: 12
Year: 2018
Attachment: 
Encoding: HTML
========================================

$@MID@$: 359
Date: Fri, 13 Apr 2018 09:26:32 -0600
Author: Jayson Ness
Surge Tank Temp: 81
Surge Tank Press: 259
Surge Tank Level: 13
Pump Press: 500
Outlet Temp: 79
Stack Temp: 120
Flame Condition: Orange
Shift: Day
Month: Apr
Day: 13
Year: 2018
Attachment: 
Encoding: HTML
========================================

