$@MID@$: 352
Date: Tue, 10 Apr 2018 01:01:17 -0600
Author: Ryan Bangle
Surge Tank Temp: 82
Surge Tank Press: 260
Surge Tank Level: 13
Pump Press: 510
Outlet Temp: 78
Stack Temp: 112
Flame Condition: Orange
Shift: Night
Month: Apr
Day: 9
Year: 2018
Attachment: 
Encoding: HTML
========================================

$@MID@$: 353
Date: Tue, 10 Apr 2018 11:02:08 -0600
Author: Justin Ewing
Surge Tank Temp: 82
Surge Tank Press: 260
Surge Tank Level: 13
Pump Press: 520
Outlet Temp: 80
Stack Temp: 116
Flame Condition: Orange
Shift: Day
Month: Apr
Day: 10
Year: 2018
Attachment: 
Encoding: HTML
========================================

$@MID@$: 354
Date: Tue, 10 Apr 2018 21:59:57 -0600
Author: Tye Mastre
Surge Tank Temp: 82
Surge Tank Press: 260
Surge Tank Level: 13
Pump Press: 520
Outlet Temp: 78
Stack Temp: 120
Flame Condition: Orange
Shift: Night
Month: Apr
Day: 10
Year: 2018
Attachment: 
Encoding: HTML
========================================

