$@MID@$: 360
Date: Sat, 14 Apr 2018 04:02:23 -0600
Author: Tye Mastre
Surge Tank Temp: 82
Surge Tank Press: 260
Surge Tank Level: 13
Pump Press: 500
Outlet Temp: 78
Stack Temp: 118
Flame Condition: Orange
Shift: Night
Month: Apr
Day: 13
Year: 2018
Attachment: 
Encoding: HTML
========================================

$@MID@$: 361
Date: Sat, 14 Apr 2018 11:18:50 -0600
Author: Jayson Ness
Surge Tank Temp: 81
Surge Tank Press: 261
Surge Tank Level: 13
Pump Press: 500
Outlet Temp: 78
Stack Temp: 115
Flame Condition: Orange
Shift: Day
Month: Apr
Day: 14
Year: 2018
Attachment: 
Encoding: HTML
========================================

$@MID@$: 362
Date: Sat, 14 Apr 2018 23:29:12 -0600
Author: Tye Mastre
Surge Tank Temp: 82
Surge Tank Press: 260
Surge Tank Level: 13
Pump Press: 500
Outlet Temp: 78
Stack Temp: 115
Flame Condition: Orange
Shift: Night
Month: Apr
Day: 14
Year: 2018
Attachment: 
Encoding: HTML
========================================

