$@MID@$: 416
Date: Fri, 11 May 2018 10:24:29 -0600
Author: Tye Mastre
Surge Tank Temp: 81
Surge Tank Press: 260
Surge Tank Level: 13
Pump Press: 520
Outlet Temp: 78
Stack Temp: 127
Flame Condition: Orange
Shift: Day
Month: May
Day: 11
Year: 2018
Attachment: 
Encoding: HTML
========================================

$@MID@$: 417
Date: Fri, 11 May 2018 19:46:16 -0600
Author: Nigel Renschler
Surge Tank Temp: 83
Surge Tank Press: 278
Surge Tank Level: 13
Pump Press: 510
Outlet Temp: 77
Stack Temp: 110
Flame Condition: Orange
Shift: Night
Month: May
Day: 11
Year: 2018
Attachment: 
Encoding: HTML
========================================

