$@MID@$: 418
Date: Sat, 12 May 2018 10:17:28 -0600
Author: Kevin Nicol
Surge Tank Temp: 82
Surge Tank Press: 255
Surge Tank Level: 13
Pump Press: 520
Outlet Temp: 77
Stack Temp: 115
Flame Condition: Orange
Shift: Day
Month: May
Day: 12
Year: 2018
Attachment: 
Encoding: HTML
========================================

$@MID@$: 419
Date: Sat, 12 May 2018 20:42:26 -0600
Author: Nigel Renschler
Surge Tank Temp: 73
Surge Tank Press: 202
Surge Tank Level: 13
Pump Press: 430
Outlet Temp: 60
Stack Temp: 67
Flame Condition: Blue / Orange
Shift: Night
Month: May
Day: 12
Year: 2018
Attachment: 
Encoding: HTML
========================================

