$@MID@$: 461
Date: Mon, 22 Oct 2018 08:03:11 -0600
Author: Kyle Shute
Surge Tank Temp: 79
Surge Tank Press: 248
Surge Tank Level: 13
Pump Press: 500
Outlet Temp: 76
Stack Temp: 120
Flame Condition: Orange
Shift: Day
Month: Oct
Day: 22
Year: 2018
Attachment: 
Encoding: HTML
========================================

$@MID@$: 462
Date: Mon, 22 Oct 2018 23:06:05 -0600
Author: Blaine Harris
Surge Tank Temp: 80
Surge Tank Press: 262
Surge Tank Level: 13
Pump Press: 505
Outlet Temp: 78
Stack Temp: 113
Flame Condition: Orange
Shift: Night
Month: Oct
Day: 22
Year: 2018
Attachment: 
Encoding: HTML
========================================

