$@MID@$: 442
Date: Fri, 12 Oct 2018 16:55:04 -0600
Author: Tye Mastre
Surge Tank Temp: 80
Surge Tank Press: 254
Surge Tank Level: 13
Pump Press: 500
Outlet Temp: 78
Stack Temp: 114
Flame Condition: Orange
Shift: Day
Month: Oct
Day: 12
Year: 2018
Attachment: 
Encoding: HTML
========================================

$@MID@$: 443
Date: Fri, 12 Oct 2018 20:39:47 -0600
Author: Kevin Nicol
Surge Tank Temp: 78
Surge Tank Press: 260
Surge Tank Level: 13
Pump Press: 500
Outlet Temp: 75
Stack Temp: 114
Flame Condition: Orange
Shift: Night
Month: Oct
Day: 13
Year: 2018
Attachment: 
Encoding: HTML
========================================

