$@MID@$: 430
Date: Sat, 06 Oct 2018 10:18:54 -0600
Author: Romeo Tobias
Surge Tank Temp: 80
Surge Tank Press: 262
Surge Tank Level: 14
Pump Press: 520
Outlet Temp: 77
Stack Temp: 112
Flame Condition: Orange
Shift: Day
Month: Oct
Day: 6
Year: 2018
Attachment: 
Encoding: HTML
========================================

$@MID@$: 431
Date: Sat, 06 Oct 2018 23:36:28 -0600
Author: Gary Wright
Surge Tank Temp: 81
Surge Tank Press: 265
Surge Tank Level: 14
Pump Press: 275
Outlet Temp: 78
Stack Temp: 112
Flame Condition: Orange
Shift: Night
Month: Oct
Day: 6
Year: 2018
Attachment: 
Encoding: HTML
========================================

