$@MID@$: 465
Date: Wed, 24 Oct 2018 07:35:00 -0600
Author: Kyle Shute
Surge Tank Temp: 80
Surge Tank Press: 256
Surge Tank Level: 13
Pump Press: 505
Outlet Temp: 78
Stack Temp: 116
Flame Condition: Orange
Shift: Day
Month: Oct
Day: 24
Year: 2018
Attachment: 
Encoding: HTML
========================================

$@MID@$: 466
Date: Wed, 24 Oct 2018 23:45:03 -0600
Author: Dayton Mohr
Surge Tank Temp: 81
Surge Tank Press: 255
Surge Tank Level: 13
Pump Press: 510
Outlet Temp: 78
Stack Temp: 105
Flame Condition: Orange
Shift: Night
Month: Oct
Day: 24
Year: 2018
Attachment: 
Encoding: HTML
========================================

