$@MID@$: 482
Date: Fri, 02 Nov 2018 03:36:53 -0600
Author: Ryan Bangle
Surge Tank Temp: 80
Surge Tank Press: 265
Surge Tank Level: 13
Pump Press: 515
Outlet Temp: 78
Stack Temp: 120
Flame Condition: Orange
Shift: Night
Month: Nov
Day: 1
Year: 2018
Attachment: 
Encoding: HTML
========================================

$@MID@$: 483
Date: Fri, 02 Nov 2018 07:53:15 -0600
Author: Romeo Tobias
Surge Tank Temp: 80
Surge Tank Press: 259
Surge Tank Level: 13
Pump Press: 515
Outlet Temp: 78
Stack Temp: 118
Flame Condition: Orange
Shift: Day
Month: Nov
Day: 2
Year: 2018
Attachment: 
Encoding: HTML
========================================

