$@MID@$: 484
Date: Sat, 03 Nov 2018 05:08:26 -0600
Author: Ryan Bangle
Surge Tank Temp: 80
Surge Tank Press: 265
Surge Tank Level: 13
Pump Press: 515
Outlet Temp: 78
Stack Temp: 118
Flame Condition: Orange
Shift: Night
Month: Nov
Day: 2
Year: 2018
Attachment: 
Encoding: HTML
========================================

$@MID@$: 485
Date: Sat, 03 Nov 2018 10:49:24 -0600
Author: Romeo Tobias
Surge Tank Temp: 80
Surge Tank Press: 260
Surge Tank Level: 13
Pump Press: 510
Outlet Temp: 78
Stack Temp: 120
Flame Condition: Orange
Shift: Day
Month: Nov
Day: 3
Year: 2018
Attachment: 
Encoding: HTML
========================================

