$@MID@$: 550
Date: Thu, 06 Dec 2018 02:16:21 -0700
Author: Dayton Mohr
Surge Tank Temp: 79
Surge Tank Press: 255
Surge Tank Level: 13
Pump Press: 510
Outlet Temp: 76
Stack Temp: 125
Flame Condition: Orange
Shift: Night
Month: Dec
Day: 5
Year: 2018
Attachment: 
Encoding: HTML
========================================

$@MID@$: 551
Date: Thu, 06 Dec 2018 11:00:56 -0700
Author: Tye Mastre
Surge Tank Temp: 79
Surge Tank Press: 247
Surge Tank Level: 13
Pump Press: 515
Outlet Temp: 75
Stack Temp: 128
Flame Condition: Orange
Shift: Day
Month: Dec
Day: 6
Year: 2018
Attachment: 
Encoding: HTML
========================================

