$@MID@$: 578
Date: Thu, 20 Dec 2018 05:04:14 -0700
Author: Ryan Gilgan
Surge Tank Temp: 80
Surge Tank Press: 250
Surge Tank Level: 13
Pump Press: 515
Outlet Temp: 80
Stack Temp: 125
Flame Condition: Orange
Shift: Night
Month: Oct
Day: 19
Year: 2018
Attachment: 
Encoding: HTML
========================================

$@MID@$: 579
Date: Thu, 20 Dec 2018 16:48:31 -0700
Author: Tye Mastre
Surge Tank Temp: 81
Surge Tank Press: 254
Surge Tank Level: 13
Pump Press: 515
Outlet Temp: 77
Stack Temp: 132
Flame Condition: Orange
Shift: Day
Month: Dec
Day: 20
Year: 2018
Attachment: 
Encoding: HTML
========================================

