$@MID@$: 30
Date: Thu, 25 Jul 2019 08:21:45 -0600
Author: Kyle Shute
Date / Time of Bypass: July 25, 2019 @ 08:18HRS
Bypass Form #: 
Equipment Name: H2S Detection, LEL Detection
Device Tag: "Old Plant" & Compression/ Annex H2S/LEL Detection
Estimated Bypass Renewal: 12:00HRS
Attachment: 
Encoding: HTML
========================================
<p>&nbsp;Bypassed H2S/LEL detection for Tyson to put lapping compound on distance pieces of compressors K-203, K-206, and K-208.</p>
$@MID@$: 31
Date: Thu, 25 Jul 2019 09:35:45 -0600
Author: Bryan Noble
Date / Time of Bypass: July 25, 09:15 
Bypass Form #: 
Equipment Name: Sales H2S analyzer
Device Tag: H2S-4100 BP
Estimated Bypass Renewal: 10:00
Attachment: 
Encoding: HTML
========================================
<p>&nbsp;Bypassed analyzer shutdown to trouble shoot random spikes.</p>
