$@MID@$: 2741
Date: Sat, 20 Jan 2024 09:47:27 -0700
Author: Brad Towers
Surge Tank Temp: 54
Surge Tank Press: 248
Surge Tank Level: 3.5
Outlet Temp: 75
Stack Temp: 117
Pump Press: 418
Flame Condition: Blue / Orange
Shift: Day
Month: Jan
Day: 20
Year: 2024
Attachment: 
Encoding: HTML
========================================

$@MID@$: 2742
Date: Sat, 20 Jan 2024 19:45:43 -0700
Author: Blaine Harris
Surge Tank Temp: 55
Surge Tank Press: 245
Surge Tank Level: 4
Outlet Temp: 75
Stack Temp: 112
Pump Press: 415
Flame Condition: Blue / Orange
Shift: Night
Month: Jan
Day: 20
Year: 2024
Attachment: 
Encoding: HTML
========================================

