$@MID@$: 2706
Date: Wed, 03 Jan 2024 04:04:24 -0700
Author: Pat Brown
Surge Tank Temp: 56
Surge Tank Press: 245
Surge Tank Level: 3
Outlet Temp: 75
Stack Temp: 105
Pump Press: 415
Flame Condition: Blue / Orange
Shift: Night
Month: Jan
Day: 2
Year: 2024
Attachment: 
Encoding: HTML
========================================

$@MID@$: 2707
Date: Wed, 03 Jan 2024 09:29:27 -0700
Author: Travis Beuker
Surge Tank Temp: 58
Surge Tank Press: 248
Surge Tank Level: 3
Outlet Temp: 75
Stack Temp: 110
Pump Press: 408
Flame Condition: Blue / Orange
Shift: Day
Month: Jan
Day: 3
Year: 2024
Attachment: 
Encoding: HTML
========================================

