$@MID@$: 2748
Date: Wed, 24 Jan 2024 05:27:12 -0700
Author: Ryan Gilgan
Surge Tank Temp: 56
Surge Tank Press: 245
Surge Tank Level: 4
Outlet Temp: 75
Stack Temp: 109
Pump Press: 415
Flame Condition: Orange
Shift: Night
Month: Jan
Day: 23
Year: 2024
Attachment: 
Encoding: HTML
========================================

$@MID@$: 2749
Date: Wed, 24 Jan 2024 09:14:45 -0700
Author: Kevin Nicol
Surge Tank Temp: 55
Surge Tank Press: 250
Surge Tank Level: 3.5
Outlet Temp: 75
Stack Temp: 110
Pump Press: 415
Flame Condition: Blue / Orange
Shift: Day
Month: Jan
Day: 24
Year: 2024
Attachment: 
Encoding: HTML
========================================

