$@MID@$: 2716
Date: Mon, 08 Jan 2024 03:43:26 -0700
Author: Pat Brown
Surge Tank Temp: 55
Surge Tank Press: 257
Surge Tank Level: 2
Outlet Temp: 75
Stack Temp: 110
Pump Press: 415
Flame Condition: Blue / Orange
Shift: Night
Month: Jan
Day: 7
Year: 2024
Attachment: 
Encoding: HTML
========================================

$@MID@$: 2717
Date: Mon, 08 Jan 2024 10:09:35 -0700
Author: Brad Towers
Surge Tank Temp: 53
Surge Tank Press: 257
Surge Tank Level: 2
Outlet Temp: 75
Stack Temp: 118
Pump Press: 424
Flame Condition: Blue / Orange
Shift: Day
Month: Jan
Day: 8
Year: 2024
Attachment: 
Encoding: HTML
========================================

