$@MID@$: 2728
Date: Sun, 14 Jan 2024 00:44:38 -0700
Author: Pat Brown
Surge Tank Temp: 38
Surge Tank Press: 325
Surge Tank Level: 1
Outlet Temp: 75
Stack Temp: 110
Pump Press: 415
Flame Condition: Blue / Orange
Shift: Night
Month: Jan
Day: 13
Year: 2024
Attachment: 
Encoding: HTML
========================================

$@MID@$: 2729
Date: Sun, 14 Jan 2024 13:48:02 -0700
Author: Travis Beuker
Surge Tank Temp: 50
Surge Tank Press: 281
Surge Tank Level: 1
Outlet Temp: 75
Stack Temp: 126
Pump Press: 450
Flame Condition: Blue / Orange
Shift: Day
Month: Jan
Day: 14
Year: 2024
Attachment: 
Encoding: HTML
========================================
<p>Topped up glycol in surge tank</p>
$@MID@$: 2730
Date: Sun, 14 Jan 2024 21:22:50 -0700
Author: Kevin Nicol
Surge Tank Temp: 50
Surge Tank Press: 270
Surge Tank Level: 3
Outlet Temp: 75
Stack Temp: 126
Pump Press: 440
Flame Condition: Blue / Orange
Shift: Night
Month: Jan
Day: 14
Year: 2024
Attachment: 
Encoding: HTML
========================================

