$@MID@$: 2758
Date: Mon, 29 Jan 2024 05:35:07 -0700
Author: Ryan Gilgan
Surge Tank Temp: 57
Surge Tank Press: 247
Surge Tank Level: 4
Outlet Temp: 75
Stack Temp: 107
Pump Press: 410
Flame Condition: Blue / Orange
Shift: Night
Month: Jan
Day: 28
Year: 2024
Attachment: 
Encoding: HTML
========================================

$@MID@$: 2759
Date: Mon, 29 Jan 2024 10:55:13 -0700
Author: Brad Towers
Surge Tank Temp: 57
Surge Tank Press: 243
Surge Tank Level: 4
Outlet Temp: 75
Stack Temp: 109
Pump Press: 412
Flame Condition: Blue / Orange
Shift: Day
Month: Jan
Day: 29
Year: 2024
Attachment: 
Encoding: HTML
========================================

