$@MID@$: 2763
Date: Wed, 31 Jan 2024 10:04:19 -0700
Author: Brad Towers
Surge Tank Temp: 57
Surge Tank Press: 245
Surge Tank Level: 4
Outlet Temp: 75
Stack Temp: 107
Pump Press: 412
Flame Condition: Blue / Orange
Shift: Day
Month: Jan
Day: 31
Year: 2024
Attachment: 
Encoding: HTML
========================================

$@MID@$: 2764
Date: Wed, 31 Jan 2024 21:49:53 -0700
Author: Pat Brown
Surge Tank Temp: 56
Surge Tank Press: 253
Surge Tank Level: 4
Outlet Temp: 75
Stack Temp: 103
Pump Press: 410
Flame Condition: Blue / Orange
Shift: Night
Month: Jan
Day: 31
Year: 2024
Attachment: 
Encoding: HTML
========================================

