$@MID@$: 2818
Date: Wed, 28 Feb 2024 04:48:14 -0700
Author: Pat Brown
Surge Tank Temp: 64
Surge Tank Press: 255
Surge Tank Level: 7.5
Outlet Temp: 75
Stack Temp: 107
Pump Press: 405
Flame Condition: Blue / Orange
Shift: Night
Month: Feb
Day: 27
Year: 2024
Attachment: 
Encoding: HTML
========================================

$@MID@$: 2819
Date: Wed, 28 Feb 2024 09:19:50 -0700
Author: Brad Towers
Surge Tank Temp: 64
Surge Tank Press: 252
Surge Tank Level: 7.5
Outlet Temp: 75
Stack Temp: 119
Pump Press: 415
Flame Condition: Blue / Orange
Shift: Day
Month: Feb
Day: 28
Year: 2024
Attachment: 
Encoding: HTML
========================================

