$@MID@$: 2768
Date: Sat, 03 Feb 2024 03:57:26 -0700
Author: Pat Brown
Surge Tank Temp: 57
Surge Tank Press: 246
Surge Tank Level: 4
Outlet Temp: 75
Stack Temp: 107
Pump Press: 410
Flame Condition: Blue / Orange
Shift: Night
Month: Feb
Day: 2
Year: 2024
Attachment: 
Encoding: HTML
========================================

$@MID@$: 2769
Date: Sat, 03 Feb 2024 11:36:58 -0700
Author: Blaine Harris
Surge Tank Temp: 56
Surge Tank Press: 245
Surge Tank Level: 4
Outlet Temp: 75
Stack Temp: 105
Pump Press: 410
Flame Condition: Blue / Orange
Shift: Day
Month: Feb
Day: 3
Year: 2024
Attachment: 
Encoding: HTML
========================================

