$@MID@$: 2839
Date: Sat, 09 Mar 2024 13:11:41 -0700
Author: Ryan Gilgan
Surge Tank Temp: 66
Surge Tank Press: 248
Surge Tank Level: 7.5
Outlet Temp: 75
Stack Temp: 103
Pump Press: 400
Flame Condition: Blue / Orange
Shift: Day
Month: Mar
Day: 9
Year: 2024
Attachment: 
Encoding: HTML
========================================

$@MID@$: 2840
Date: Sat, 09 Mar 2024 18:56:32 -0700
Author: Kevin Nicol
Surge Tank Temp: 65
Surge Tank Press: 235
Surge Tank Level: 7.5
Outlet Temp: 75
Stack Temp: 103
Pump Press: 390
Flame Condition: Blue / Orange
Shift: Night
Month: Mar
Day: 9
Year: 2024
Attachment: 
Encoding: HTML
========================================

