$@MID@$: 2830
Date: Tue, 05 Mar 2024 04:47:46 -0700
Author: Pat Brown
Surge Tank Temp: 63
Surge Tank Press: 251
Surge Tank Level: 7.5
Outlet Temp: 75
Stack Temp: 117
Pump Press: 412
Flame Condition: Blue / Orange
Shift: Night
Month: Mar
Day: 4
Year: 2024
Attachment: 
Encoding: HTML
========================================

$@MID@$: 2831
Date: Tue, 05 Mar 2024 09:54:39 -0700
Author: Brad Towers
Surge Tank Temp: 64
Surge Tank Press: 250
Surge Tank Level: 7.5
Outlet Temp: 75
Stack Temp: 117
Pump Press: 410
Flame Condition: Blue / Orange
Shift: Day
Month: Mar
Day: 5
Year: 2024
Attachment: 
Encoding: HTML
========================================

$@MID@$: 2832
Date: Tue, 05 Mar 2024 20:46:15 -0700
Author: Kevin Nicol
Surge Tank Temp: 56
Surge Tank Press: 250
Surge Tank Level: 7.5
Outlet Temp: 75
Stack Temp: 118
Pump Press: 410
Flame Condition: Blue / Orange
Shift: Night
Month: Mar
Day: 5
Year: 2024
Attachment: 
Encoding: HTML
========================================

