$@MID@$: 2826
Date: Sun, 03 Mar 2024 00:06:56 -0700
Author: Pat Brown
Surge Tank Temp: 63
Surge Tank Press: 248
Surge Tank Level: 7.5
Outlet Temp: 74
Stack Temp: 118
Pump Press: 415
Flame Condition: Blue / Orange
Shift: Night
Month: Mar
Day: 2
Year: 2024
Attachment: 
Encoding: HTML
========================================

$@MID@$: 2827
Date: Sun, 03 Mar 2024 09:14:35 -0700
Author: Ryan Gilgan
Surge Tank Temp: 63
Surge Tank Press: 250
Surge Tank Level: 7.5
Outlet Temp: 75
Stack Temp: 121
Pump Press: 415
Flame Condition: Blue / Orange
Shift: Day
Month: Mar
Day: 3
Year: 2024
Attachment: 
Encoding: HTML
========================================

