$@MID@$: 2870
Date: Mon, 25 Mar 2024 05:27:33 -0600
Author: Ryan Gilgan
Surge Tank Temp: 66
Surge Tank Press: 248
Surge Tank Level: 8
Outlet Temp: 75
Stack Temp: 103
Pump Press: 390
Flame Condition: Blue / Orange
Shift: Night
Month: Mar
Day: 24
Year: 2024
Attachment: 
Encoding: HTML
========================================

$@MID@$: 2871
Date: Mon, 25 Mar 2024 10:06:22 -0600
Author: Kevin Nicol
Surge Tank Temp: 65
Surge Tank Press: 250
Surge Tank Level: 7.5
Outlet Temp: 75
Stack Temp: 108
Pump Press: 395
Flame Condition: Blue / Orange
Shift: Day
Month: Mar
Day: 25
Year: 2024
Attachment: 
Encoding: HTML
========================================

