$@MID@$: 2872
Date: Tue, 26 Mar 2024 05:31:35 -0600
Author: Ryan Gilgan
Surge Tank Temp: 66
Surge Tank Press: 246
Surge Tank Level: 8
Outlet Temp: 75
Stack Temp: 104
Pump Press: 385
Flame Condition: Blue / Orange
Shift: Night
Month: Mar
Day: 25
Year: 2024
Attachment: 
Encoding: HTML
========================================

$@MID@$: 2873
Date: Tue, 26 Mar 2024 11:00:02 -0600
Author: Brad Towers
Surge Tank Temp: 66
Surge Tank Press: 247
Surge Tank Level: 7.5
Outlet Temp: 75
Stack Temp: 107
Pump Press: 390
Flame Condition: Blue / Orange
Shift: Day
Month: Mar
Day: 26
Year: 2024
Attachment: 
Encoding: HTML
========================================

