$@MID@$: 2895
Date: Sat, 06 Apr 2024 09:44:26 -0600
Author: Ryan Gilgan
Surge Tank Temp: 66
Surge Tank Press: 249
Surge Tank Level: 8
Outlet Temp: 75
Stack Temp: 103
Pump Press: 375
Flame Condition: Blue / Orange
Shift: Day
Month: Apr
Day: 6
Year: 2024
Attachment: 
Encoding: HTML
========================================

$@MID@$: 2896
Date: Sat, 06 Apr 2024 19:39:08 -0600
Author: Kevin Nicol
Surge Tank Temp: 66
Surge Tank Press: 235
Surge Tank Level: 8
Outlet Temp: 75
Stack Temp: 98
Pump Press: 375
Flame Condition: Blue / Orange
Shift: Night
Month: Apr
Day: 6
Year: 2024
Attachment: 
Encoding: HTML
========================================

