$@MID@$: 2931
Date: Wed, 24 Apr 2024 13:32:15 -0600
Author: Blaine Harris
Surge Tank Temp: 65
Surge Tank Press: 245
Surge Tank Level: 9
Outlet Temp: 75
Stack Temp: 96
Pump Press: 315
Flame Condition: Blue / Orange
Shift: Day
Month: Apr
Day: 24
Year: 2024
Attachment: 
Encoding: HTML
========================================

$@MID@$: 2932
Date: Wed, 24 Apr 2024 23:34:23 -0600
Author: Pat Brown
Surge Tank Temp: 66
Surge Tank Press: 248
Surge Tank Level: 8.5
Outlet Temp: 785
Stack Temp: 97
Pump Press: 340
Flame Condition: Blue / Orange
Shift: Night
Month: Apr
Day: 24
Year: 2024
Attachment: 
Encoding: HTML
========================================

