$@MID@$: 2945
Date: Wed, 01 May 2024 10:56:37 -0600
Author: Ryan Gilgan
Surge Tank Temp: 64
Surge Tank Press: 250
Surge Tank Level: 9
Outlet Temp: 75
Stack Temp: 99
Pump Press: 315
Flame Condition: Blue / Orange
Shift: Day
Month: May
Day: 1
Year: 2024
Attachment: 
Encoding: HTML
========================================

$@MID@$: 2946
Date: Wed, 01 May 2024 19:06:08 -0600
Author: Kevin Nicol
Surge Tank Temp: 65
Surge Tank Press: 245
Surge Tank Level: 9
Outlet Temp: 75
Stack Temp: 99
Pump Press: 315
Flame Condition: Blue / Orange
Shift: Night
Month: May
Day: 1
Year: 2024
Attachment: 
Encoding: HTML
========================================

