$@MID@$: 2954
Date: Mon, 06 May 2024 10:52:03 -0600
Author: Ryan Gilgan
Surge Tank Temp: 65
Surge Tank Press: 250
Surge Tank Level: 9.5
Outlet Temp: 75
Stack Temp: 95
Pump Press: 305
Flame Condition: Blue / Orange
Shift: Day
Month: May
Day: 6
Year: 2024
Attachment: 
Encoding: HTML
========================================

$@MID@$: 2955
Date: Mon, 06 May 2024 19:16:09 -0600
Author: Kevin Nicol
Surge Tank Temp: 63
Surge Tank Press: 240
Surge Tank Level: 9.5
Outlet Temp: 75
Stack Temp: 95
Pump Press: 305
Flame Condition: Blue / Orange
Shift: Night
Month: May
Day: 6
Year: 2024
Attachment: 
Encoding: HTML
========================================

