$@MID@$: 2639
Date: Tue, 06 Feb 2024 09:42:08 -0700
Author: Brad Towers
Inlet: 419.51
Sales: 385.28
LPG: 97.53
Oil: 79.51
Production Month: Feb
Production Day: 1
Production Year: 2024
Attachment: 
Encoding: HTML
========================================

$@MID@$: 2640
Date: Tue, 06 Feb 2024 10:13:29 -0700
Author: Brad Towers
Inlet: 419.51
Sales: 385.28
LPG: 97.53
Oil: 79.51
Production Month: Feb
Production Day: 2
Production Year: 2024
Attachment: 
Encoding: HTML
========================================
<p>*Issues with the EFM manager as per Murray.</p>
$@MID@$: 2641
Date: Tue, 06 Feb 2024 10:14:38 -0700
Author: Brad Towers
Inlet: 413.68
Sales: 373.53
LPG: 86.05
Oil: 77.47
Production Month: Feb
Production Day: 3
Production Year: 2024
Attachment: 
Encoding: HTML
========================================

$@MID@$: 2642
Date: Tue, 06 Feb 2024 10:15:11 -0700
Author: Brad Towers
Inlet: 407.31
Sales: 373.67
LPG: 90.50
Oil: 73.38
Production Month: Feb
Production Day: 4
Production Year: 2024
Attachment: 
Encoding: HTML
========================================

$@MID@$: 2643
Date: Tue, 06 Feb 2024 10:16:01 -0700
Author: Brad Towers
Inlet: 413.09
Sales: 378.50
LPG: 94.41
Oil: 84.48
Production Month: Feb
Production Day: 5
Production Year: 2024
Attachment: 
Encoding: HTML
========================================

