$@MID@$: 2681
Date: Sat, 16 Mar 2024 15:54:48 -0600
Author: Pat Brown
Inlet: 400.09
Sales: 361.67
LPG: 91.79
Oil: 67.62
Production Month: Mar
Production Day: 15
Production Year: 2024
Attachment: 
Encoding: HTML
========================================

$@MID@$: 2682
Date: Sat, 16 Mar 2024 15:58:10 -0600
Author: Pat Brown
Inlet: 409.32
Sales: 370.03
LPG: 91.78
Oil: 83.42
Production Month: Mar
Production Day: 15
Production Year: 2024
Attachment: 
Encoding: HTML
========================================

