$@MID@$: 3856
Date: Mon, 16 Jan 2023 16:19:37 -0700
Author: Ryan Gilgan
Pressure: 260
Temperature: 71
Front Water Lvl: 2.5
Back Water Lvl: 1
Flame Condition: Blue / Orange
Shift: Day
Month: Jan
Day: 16
Year: 2023
Attachment: 
Encoding: HTML
========================================

$@MID@$: 3857
Date: Mon, 16 Jan 2023 20:17:01 -0700
Author: Kevin Nicol
Pressure: 261
Temperature: 66
Front Water Lvl: 1
Back Water Lvl: 2
Flame Condition: Blue / Orange
Shift: Night
Month: Jan
Day: 16
Year: 2023
Attachment: 
Encoding: HTML
========================================

