$@MID@$: 3854
Date: Sun, 15 Jan 2023 16:35:44 -0700
Author: Ryan Gilgan
Pressure: 262
Temperature: 70
Front Water Lvl: 2
Back Water Lvl: 1
Flame Condition: Blue / Orange
Shift: Day
Month: Jan
Day: 15
Year: 2023
Attachment: 
Encoding: HTML
========================================

$@MID@$: 3855
Date: Sun, 15 Jan 2023 19:47:52 -0700
Author: Kevin Nicol
Pressure: 251
Temperature: 71
Front Water Lvl: 1
Back Water Lvl: 2
Flame Condition: Blue / Orange
Shift: Night
Month: Jan
Day: 15
Year: 2023
Attachment: 
Encoding: HTML
========================================

