$@MID@$: 3897
Date: Mon, 06 Feb 2023 09:37:41 -0700
Author: Brad Towers
Pressure: 260
Temperature: 70
Front Water Lvl: 1
Back Water Lvl: 0
Flame Condition: Orange
Shift: Day
Month: Feb
Day: 6
Year: 2023
Attachment: 
Encoding: HTML
========================================

$@MID@$: 3898
Date: Mon, 06 Feb 2023 22:35:32 -0700
Author: Pat Brown
Pressure: 275
Temperature: 72
Front Water Lvl: 1
Back Water Lvl: 1.5
Flame Condition: Blue / Orange
Shift: Night
Month: Feb
Day: 6
Year: 2023
Attachment: 
Encoding: HTML
========================================

