$@MID@$: 3899
Date: Tue, 07 Feb 2023 10:56:57 -0700
Author: Brad Towers
Pressure: 251
Temperature: 72
Front Water Lvl: 1
Back Water Lvl: 0
Flame Condition: Orange
Shift: Day
Month: Feb
Day: 7
Year: 2023
Attachment: 
Encoding: HTML
========================================

$@MID@$: 3900
Date: Tue, 07 Feb 2023 19:38:10 -0700
Author: Kevin Nicol
Pressure: 251
Temperature: 65
Front Water Lvl: 1
Back Water Lvl: 2
Flame Condition: Blue / Orange
Shift: Night
Month: Feb
Day: 7
Year: 2023
Attachment: 
Encoding: HTML
========================================

