$@MID@$: 3947
Date: Sat, 04 Mar 2023 04:30:10 -0700
Author: Ryan Gilgan
Pressure: 268
Temperature: 70
Front Water Lvl: 1
Back Water Lvl: 0
Flame Condition: Blue / Orange
Shift: Night
Month: Mar
Day: 3
Year: 2023
Attachment: 
Encoding: HTML
========================================

$@MID@$: 3948
Date: Sat, 04 Mar 2023 09:14:10 -0700
Author: Brad Towers
Pressure: 257
Temperature: 70
Front Water Lvl: 1
Back Water Lvl: 0
Flame Condition: Blue / Orange
Shift: Day
Month: Mar
Day: 4
Year: 2023
Attachment: 
Encoding: HTML
========================================

$@MID@$: 3949
Date: Sat, 04 Mar 2023 23:15:46 -0700
Author: Pat Brown
Pressure: 254
Temperature: 69
Front Water Lvl: 1
Back Water Lvl: 1.5
Flame Condition: Blue / Orange
Shift: Night
Month: Mar
Day: 4
Year: 2023
Attachment: 
Encoding: HTML
========================================

