$@MID@$: 3976
Date: Sat, 18 Mar 2023 10:49:01 -0600
Author: Brad Towers
Pressure: 256
Temperature: 72
Front Water Lvl: 1.5
Back Water Lvl: 0
Flame Condition: Orange
Shift: Day
Month: Mar
Day: 18
Year: 2023
Attachment: 
Encoding: HTML
========================================

$@MID@$: 3977
Date: Sat, 18 Mar 2023 21:11:51 -0600
Author: Blaine Harris
Pressure: 255
Temperature: 69
Front Water Lvl: 2
Back Water Lvl: 1
Flame Condition: Blue / Orange
Shift: Night
Month: Mar
Day: 18
Year: 2023
Attachment: 
Encoding: HTML
========================================

