$@MID@$: 3956
Date: Wed, 08 Mar 2023 10:04:41 -0700
Author: Brad Towers
Pressure: 254
Temperature: 68
Front Water Lvl: 1
Back Water Lvl: 0
Flame Condition: Blue / Orange
Shift: Day
Month: Mar
Day: 8
Year: 2023
Attachment: 
Encoding: HTML
========================================

$@MID@$: 3957
Date: Wed, 08 Mar 2023 19:36:42 -0700
Author: Kevin Nicol
Pressure: 258
Temperature: 72
Front Water Lvl: 1
Back Water Lvl: 0
Flame Condition: Blue / Orange
Shift: Night
Month: Mar
Day: 8
Year: 2023
Attachment: 
Encoding: HTML
========================================

