$@MID@$: 4013
Date: Thu, 06 Apr 2023 12:04:47 -0600
Author: Travis Beuker
Pressure: 257
Temperature: 70
Front Water Lvl: 1
Back Water Lvl: 1.5
Flame Condition: Blue / Orange
Shift: Day
Month: Apr
Day: 6
Year: 2023
Attachment: 
Encoding: HTML
========================================

$@MID@$: 4014
Date: Thu, 06 Apr 2023 23:34:50 -0600
Author: Pat Brown
Pressure: 264
Temperature: 69
Front Water Lvl: 1.5
Back Water Lvl: 1
Flame Condition: Blue / Orange
Shift: Night
Month: Apr
Day: 6
Year: 2023
Attachment: 
Encoding: HTML
========================================

