$@MID@$: 4029
Date: Fri, 14 Apr 2023 11:28:20 -0600
Author: Brad Towers
Pressure: 252
Temperature: 71
Front Water Lvl: 1
Back Water Lvl: 2
Flame Condition: Blue / Orange
Shift: Day
Month: Apr
Day: 14
Year: 2023
Attachment: 
Encoding: HTML
========================================

$@MID@$: 4030
Date: Fri, 14 Apr 2023 22:57:31 -0600
Author: Blaine Harris
Pressure: 267
Temperature: 68
Front Water Lvl: 1.5
Back Water Lvl: 2
Flame Condition: Blue / Orange
Shift: Night
Month: Apr
Day: 14
Year: 2023
Attachment: 
Encoding: HTML
========================================

