$@MID@$: 4062
Date: Tue, 02 May 2023 14:22:04 -0600
Author: Brad Towers
Pressure: 251
Temperature: 70
Front Water Lvl: 1
Back Water Lvl: 4
Flame Condition: Orange
Shift: Day
Month: May
Day: 2
Year: 2023
Attachment: 
Encoding: HTML
========================================

$@MID@$: 4063
Date: Tue, 02 May 2023 20:02:37 -0600
Author: Kevin Nicol
Pressure: 257
Temperature: 71
Front Water Lvl: 1
Back Water Lvl: 5
Flame Condition: Blue / Orange
Shift: Night
Month: May
Day: 2
Year: 2023
Attachment: 
Encoding: HTML
========================================

