$@MID@$: 4107
Date: Sun, 18 Jun 2023 04:38:02 -0600
Author: Ryan Gilgan
Pressure: 254
Temperature: 70
Front Water Lvl: 1
Back Water Lvl: 2
Flame Condition: Blue / Orange
Shift: Night
Month: Jun
Day: 17
Year: 2023
Attachment: 
Encoding: HTML
========================================

$@MID@$: 4108
Date: Sun, 18 Jun 2023 14:39:54 -0600
Author: Travis Beuker
Pressure: 257
Temperature: 72
Front Water Lvl: 1
Back Water Lvl: 0
Flame Condition: Blue / Orange
Shift: Day
Month: Jun
Day: 18
Year: 2023
Attachment: 
Encoding: HTML
========================================
<p>Blew down both sight glasses</p>
$@MID@$: 4109
Date: Sun, 18 Jun 2023 23:28:35 -0600
Author: Ryan Gilgan
Pressure: 272
Temperature: 71
Front Water Lvl: 1
Back Water Lvl: 1
Flame Condition: Blue / Orange
Shift: Night
Month: Jun
Day: 18
Year: 2023
Attachment: 
Encoding: HTML
========================================

