$@MID@$: 4128
Date: Wed, 28 Jun 2023 09:39:29 -0600
Author: Brad Towers
Pressure: 259
Temperature: 64
Front Water Lvl: 1
Back Water Lvl: 2
Flame Condition: Blue / Orange
Shift: Day
Month: Jun
Day: 28
Year: 2023
Attachment: 
Encoding: HTML
========================================

$@MID@$: 4129
Date: Wed, 28 Jun 2023 23:47:13 -0600
Author: Pat Brown
Pressure: 265
Temperature: 65
Front Water Lvl: 1
Back Water Lvl: 1.5
Flame Condition: Blue / Orange
Shift: Night
Month: Jun
Day: 28
Year: 2023
Attachment: 
Encoding: HTML
========================================

