$@MID@$: 4146
Date: Fri, 07 Jul 2023 10:15:55 -0600
Author: Brad Towers
Pressure: 264
Temperature: 70
Front Water Lvl: 0
Back Water Lvl: 2
Flame Condition: Orange
Shift: Day
Month: Jul
Day: 7
Year: 2023
Attachment: 
Encoding: HTML
========================================

$@MID@$: 4147
Date: Fri, 07 Jul 2023 23:41:32 -0600
Author: Blaine Harris
Pressure: 259
Temperature: 67
Front Water Lvl: 0
Back Water Lvl: 2.5
Flame Condition: Blue / Orange
Shift: Night
Month: Jul
Day: 7
Year: 2023
Attachment: 
Encoding: HTML
========================================

