$@MID@$: 4179
Date: Tue, 25 Jul 2023 01:27:46 -0600
Author: Pat Brown
Pressure: 267
Temperature: 71
Front Water Lvl: 1
Back Water Lvl: 2
Flame Condition: Blue / Orange
Shift: Night
Month: Jul
Day: 24
Year: 2023
Attachment: 
Encoding: HTML
========================================

$@MID@$: 4180
Date: Tue, 25 Jul 2023 12:54:51 -0600
Author: Travis Beuker
Pressure: 260
Temperature: 70
Front Water Lvl: 1
Back Water Lvl: 2
Flame Condition: Blue / Orange
Shift: Day
Month: Jul
Day: 25
Year: 2023
Attachment: 
Encoding: HTML
========================================

$@MID@$: 4181
Date: Tue, 25 Jul 2023 19:32:46 -0600
Author: Kevin Nicol
Pressure: 250
Temperature: 70
Front Water Lvl: 0
Back Water Lvl: 2
Flame Condition: Blue / Orange
Shift: Night
Month: Jul
Day: 25
Year: 2023
Attachment: 
Encoding: HTML
========================================

