$@MID@$: 4225
Date: Thu, 17 Aug 2023 04:31:46 -0600
Author: Pat Brown
Pressure: 258
Temperature: 68
Front Water Lvl: 1
Back Water Lvl: 1.5
Flame Condition: Blue / Orange
Shift: Night
Month: Aug
Day: 16
Year: 2023
Attachment: 
Encoding: HTML
========================================

$@MID@$: 4226
Date: Thu, 17 Aug 2023 12:10:53 -0600
Author: Brad Towers
Pressure: 246
Temperature: 72
Front Water Lvl: 1
Back Water Lvl: 1
Flame Condition: Blue / Orange
Shift: Day
Month: Aug
Day: 17
Year: 2023
Attachment: 
Encoding: HTML
========================================

