$@MID@$: 4196
Date: Wed, 02 Aug 2023 09:44:46 -0600
Author: Travis Beuker
Pressure: 280
Temperature: 70
Front Water Lvl: 1
Back Water Lvl: 3
Flame Condition: Blue / Orange
Shift: Day
Month: Aug
Day: 2
Year: 2023
Attachment: 
Encoding: HTML
========================================

$@MID@$: 4197
Date: Wed, 02 Aug 2023 22:25:33 -0600
Author: Blaine Harris
Pressure: 259
Temperature: 69
Front Water Lvl: 1
Back Water Lvl: 3.5
Flame Condition: Blue / Orange
Shift: Night
Month: Aug
Day: 2
Year: 2023
Attachment: 
Encoding: HTML
========================================

