$@MID@$: 4193
Date: Tue, 01 Aug 2023 05:25:08 -0600
Author: Travis Beuker
Pressure: 275
Temperature: 70
Front Water Lvl: 1
Back Water Lvl: 2
Flame Condition: Blue / Orange
Shift: Day
Month: Jul
Day: 27
Year: 2023
Attachment: 
Encoding: HTML
========================================

$@MID@$: 4194
Date: Tue, 01 Aug 2023 14:55:10 -0600
Author: Travis Beuker
Pressure: 262
Temperature: 71
Front Water Lvl: 1
Back Water Lvl: 3
Flame Condition: Blue / Orange
Shift: Day
Month: Aug
Day: 1
Year: 2023
Attachment: 
Encoding: HTML
========================================

$@MID@$: 4195
Date: Tue, 01 Aug 2023 22:54:29 -0600
Author: Blaine Harris
Pressure: 258
Temperature: 69
Front Water Lvl: 1
Back Water Lvl: 3
Flame Condition: Blue / Orange
Shift: Night
Month: Aug
Day: 1
Year: 2023
Attachment: 
Encoding: HTML
========================================

