$@MID@$: 4332
Date: Wed, 11 Oct 2023 04:15:25 -0600
Author: Pat Brown
Pressure: 248
Temperature: 72
Front Water Lvl: 1
Back Water Lvl: 2
Flame Condition: Blue / Orange
Shift: Night
Month: Oct
Day: 11
Year: 2023
Attachment: 
Encoding: HTML
========================================

$@MID@$: 4333
Date: Wed, 11 Oct 2023 10:57:20 -0600
Author: Travis Beuker
Pressure: 282
Temperature: 72
Front Water Lvl: 1
Back Water Lvl: 2
Flame Condition: Blue / Orange
Shift: Day
Month: Oct
Day: 11
Year: 2023
Attachment: 
Encoding: HTML
========================================

$@MID@$: 4334
Date: Wed, 11 Oct 2023 22:41:34 -0600
Author: Pat Brown
Pressure: 238
Temperature: 71
Front Water Lvl: 1
Back Water Lvl: 2
Flame Condition: Blue / Orange
Shift: Night
Month: Oct
Day: 11
Year: 2023
Attachment: 
Encoding: HTML
========================================

