$@MID@$: 4329
Date: Tue, 10 Oct 2023 04:43:10 -0600
Author: Ryan Gilgan
Pressure: 255
Temperature: 71
Front Water Lvl: 1
Back Water Lvl: 2
Flame Condition: Blue / Orange
Shift: Night
Month: Oct
Day: 9
Year: 2023
Attachment: 
Encoding: HTML
========================================

$@MID@$: 4330
Date: Tue, 10 Oct 2023 13:09:47 -0600
Author: Travis Beuker
Pressure: 249
Temperature: 72
Front Water Lvl: 1
Back Water Lvl: 2
Flame Condition: Blue / Orange
Shift: Day
Month: Oct
Day: 10
Year: 2023
Attachment: 
Encoding: HTML
========================================

$@MID@$: 4331
Date: Tue, 10 Oct 2023 13:17:38 -0600
Author: Travis Beuker
Pressure: 245
Temperature: 72
Front Water Lvl: 1
Back Water Lvl: 2
Flame Condition: Blue / Orange
Shift: Day
Month: Oct
Day: 8
Year: 2023
Attachment: 
Encoding: HTML
========================================
<p>Missed 8th</p>
