$@MID@$: 4343
Date: Mon, 16 Oct 2023 11:07:43 -0600
Author: Brad Towers
Pressure: 259
Temperature: 72
Front Water Lvl: 1
Back Water Lvl: 2
Flame Condition: Blue / Orange
Shift: Day
Month: Oct
Day: 16
Year: 2023
Attachment: 
Encoding: HTML
========================================

$@MID@$: 4344
Date: Mon, 16 Oct 2023 22:43:53 -0600
Author: Pat Brown
Pressure: 253
Temperature: 71
Front Water Lvl: 1
Back Water Lvl: 1.5
Flame Condition: Blue / Orange
Shift: Night
Month: Oct
Day: 16
Year: 2023
Attachment: 
Encoding: HTML
========================================

