$@MID@$: 4338
Date: Sat, 14 Oct 2023 04:31:58 -0600
Author: Pat Brown
Pressure: 236
Temperature: 68
Front Water Lvl: 1
Back Water Lvl: 1.5
Flame Condition: Blue / Orange
Shift: Night
Month: Oct
Day: 13
Year: 2023
Attachment: 
Encoding: HTML
========================================

$@MID@$: 4339
Date: Sat, 14 Oct 2023 10:43:51 -0600
Author: Brad Towers
Pressure: 266
Temperature: 72
Front Water Lvl: 1
Back Water Lvl: 1.5
Flame Condition: Blue / Orange
Shift: Day
Month: Oct
Day: 14
Year: 2023
Attachment: 
Encoding: HTML
========================================

$@MID@$: 4340
Date: Sat, 14 Oct 2023 19:14:55 -0600
Author: Pat Brown
Pressure: 227
Temperature: 71
Front Water Lvl: 1
Back Water Lvl: 1.5
Flame Condition: Blue / Orange
Shift: Night
Month: Oct
Day: 14
Year: 2023
Attachment: 
Encoding: HTML
========================================

