$@MID@$: 4414
Date: Wed, 22 Nov 2023 09:27:17 -0700
Author: Travis Beuker
Pressure: 242
Temperature: 71
Front Water Lvl: 1.5
Back Water Lvl: 2
Flame Condition: Blue / Orange
Shift: Day
Month: Nov
Day: 22
Year: 2023
Attachment: 
Encoding: HTML
========================================
<p>Blew down sight glass</p>
$@MID@$: 4415
Date: Wed, 22 Nov 2023 22:02:14 -0700
Author: Blaine Harris
Pressure: 247
Temperature: 68
Front Water Lvl: 1
Back Water Lvl: 2
Flame Condition: Blue / Orange
Shift: Night
Month: Nov
Day: 22
Year: 2023
Attachment: 
Encoding: HTML
========================================

