$@MID@$: 4405
Date: Fri, 17 Nov 2023 08:50:26 -0700
Author: Travis Beuker
Pressure: 230
Temperature: 71
Front Water Lvl: 1
Back Water Lvl: 2
Flame Condition: Blue / Orange
Shift: Day
Month: Nov
Day: 17
Year: 2023
Attachment: 
Encoding: HTML
========================================

$@MID@$: 4406
Date: Fri, 17 Nov 2023 19:38:10 -0700
Author: Kevin Nicol
Pressure: 234
Temperature: 69
Front Water Lvl: 1
Back Water Lvl: 2
Flame Condition: Blue / Orange
Shift: Night
Month: Nov
Day: 17
Year: 2023
Attachment: 
Encoding: HTML
========================================

