$@MID@$: 4379
Date: Sat, 04 Nov 2023 04:30:57 -0600
Author: Ryan Gilgan
Pressure: 240
Temperature: 69
Front Water Lvl: 1
Back Water Lvl: 3
Flame Condition: Blue / Orange
Shift: Night
Month: Nov
Day: 3
Year: 2023
Attachment: 
Encoding: HTML
========================================

$@MID@$: 4380
Date: Sat, 04 Nov 2023 10:42:59 -0600
Author: Travis Beuker
Pressure: 240
Temperature: 72
Front Water Lvl: 1.5
Back Water Lvl: 1
Flame Condition: Blue / Orange
Shift: Day
Month: Nov
Day: 4
Year: 2023
Attachment: 
Encoding: HTML
========================================

