$@MID@$: 4474
Date: Fri, 22 Dec 2023 12:19:18 -0700
Author: Brad Towers
Pressure: 233
Temperature: 70
Front Water Lvl: 1
Back Water Lvl: 1
Flame Condition: Blue / Orange
Shift: Day
Month: Dec
Day: 22
Year: 2023
Attachment: 
Encoding: HTML
========================================

$@MID@$: 4475
Date: Fri, 22 Dec 2023 22:05:41 -0700
Author: Blaine Harris
Pressure: 230
Temperature: 67
Front Water Lvl: 2
Back Water Lvl: 1.5
Flame Condition: Blue / Orange
Shift: Night
Month: Dec
Day: 22
Year: 2023
Attachment: 
Encoding: HTML
========================================

