$@MID@$: 4478
Date: Sun, 24 Dec 2023 10:00:03 -0700
Author: Brad Towers
Pressure: 246
Temperature: 65
Front Water Lvl: 1.5
Back Water Lvl: 1.5
Flame Condition: Blue / Orange
Shift: Day
Month: Dec
Day: 24
Year: 2023
Attachment: 
Encoding: HTML
========================================

$@MID@$: 4479
Date: Sun, 24 Dec 2023 19:49:51 -0700
Author: Blaine Harris
Pressure: 243
Temperature: 66
Front Water Lvl: 1.5
Back Water Lvl: 1
Flame Condition: Blue / Orange
Shift: Night
Month: Dec
Day: 24
Year: 2023
Attachment: 
Encoding: HTML
========================================

