$@MID@$: 4449
Date: Sun, 10 Dec 2023 04:22:44 -0700
Author: Pat Brown
Pressure: 258
Temperature: 71
Front Water Lvl: 1
Back Water Lvl: 1
Flame Condition: Blue / Orange
Shift: Night
Month: Dec
Day: 9
Year: 2023
Attachment: 
Encoding: HTML
========================================

$@MID@$: 4450
Date: Sun, 10 Dec 2023 11:30:31 -0700
Author: Brad Towers
Pressure: 233
Temperature: 70
Front Water Lvl: 1
Back Water Lvl: 2
Flame Condition: Blue / Orange
Shift: Day
Month: Dec
Day: 10
Year: 2023
Attachment: 
Encoding: HTML
========================================

