$@MID@$: 4453
Date: Tue, 12 Dec 2023 03:58:52 -0700
Author: Pat Brown
Pressure: 245
Temperature: 71
Front Water Lvl: 1
Back Water Lvl: 1
Flame Condition: Blue / Orange
Shift: Night
Month: Dec
Day: 11
Year: 2023
Attachment: 
Encoding: HTML
========================================

$@MID@$: 4454
Date: Tue, 12 Dec 2023 10:32:05 -0700
Author: Brad Towers
Pressure: 235
Temperature: 72
Front Water Lvl: 1
Back Water Lvl: 3
Flame Condition: Orange
Shift: Day
Month: Dec
Day: 12
Year: 2023
Attachment: 
Encoding: HTML
========================================

$@MID@$: 4455
Date: Tue, 12 Dec 2023 19:40:51 -0700
Author: Kevin Nicol
Pressure: 255
Temperature: 69
Front Water Lvl: 1
Back Water Lvl: 3.5
Flame Condition: Blue / Orange
Shift: Night
Month: Dec
Day: 12
Year: 2023
Attachment: 
Encoding: HTML
========================================

